<?xml version="1.0" encoding="utf-8"?>
<!--This file represents the results of running a test suite-->
<test-results name="Unity Tests" total="2830" errors="3" failures="21" not-run="17" inconclusive="0" ignored="17" skipped="0" invalid="0" date="2014-05-22" time="16:19:20">
  <environment nunit-version="2.6.2-Unity" clr-version="2.0.50727.1433" os-version="Unix 13.2.0.0" platform="Unix" cwd="/Users/davidgutierrezpalma/Desarrollo/Personal/Proyectos/Unity3D/ai4unity/src" machine-name="DaviD.local" user="davidgutierrezpalma" user-domain="DaviD.local" />
  <culture-info current-culture="es-ES" current-uiculture="es-ES" />
  <test-suite name="Unit Tests" type="Assembly" executed="True" result="Failure" success="False" time="370.908">
    <results>
      <test-case name="Accord.Tests.MachineLearning.AdaBoostTest.ConstructorTest" executed="True" result="Success" success="True" time="0.051">
      </test-case>
      <test-case name="Accord.Tests.MachineLearning.AdaBoostTest.ConstructorTest2" executed="True" result="Success" success="True" time="0.078">
      </test-case>
      <test-case name="Accord.Tests.MachineLearning.BagOfWordsTest.ComputeTest" executed="True" result="Success" success="True" time="0.010">
      </test-case>
      <test-case name="Accord.Tests.MachineLearning.BagOfWordsTest.GetFeatureVectorTest" executed="True" result="Success" success="True" time="0.001">
      </test-case>
      <test-case name="Accord.Tests.MachineLearning.BagOfWordsTest.GetFeatureVectorTest2" executed="True" result="Success" success="True" time="0.001">
      </test-case>
      <test-case name="Accord.Tests.MachineLearning.BinarySplitTest.BinarySplitConstructorTest" executed="True" result="Success" success="True" time="0.035">
      </test-case>
      <test-case name="Accord.Tests.MachineLearning.BinarySplitTest.BinarySplitConstructorTest3" executed="True" result="Success" success="True" time="0.001">
      </test-case>
      <test-case name="Accord.Tests.MachineLearning.BootstrapTest.BootstrapConstructorTest" executed="True" result="Success" success="True" time="0.002">
      </test-case>
      <test-case name="Accord.Tests.MachineLearning.BootstrapTest.BootstrapConstructorTest2" executed="True" result="Success" success="True" time="0.023">
      </test-case>
      <test-case name="Accord.Tests.MachineLearning.BootstrapTest.BootstrapConstructorTest3" executed="True" result="Failure" success="False" time="0.083">
        <failure>
          <message>
<![CDATA[  Expected: 0.021428571428571429d
  But was:  0.0d
]]>
          </message>
          <stack-trace>
<![CDATA[at Accord.Tests.MachineLearning.BootstrapTest.BootstrapConstructorTest3 () [0x002b4] in /Users/davidgutierrezpalma/Desarrollo/Personal/Proyectos/Unity3D/ai4unity/src/Assets/Accord.NET/Editor/Tests/Accord.Tests.MachineLearning/BootstrapTest.cs:201
]]>
          </stack-trace>
        </failure>
      </test-case>
      <test-case name="Accord.Tests.MachineLearning.CrossvalidationTest.CrossvalidationConstructorTest" executed="True" result="Success" success="True" time="0.024">
      </test-case>
      <test-case name="Accord.Tests.MachineLearning.CrossvalidationTest.FittingTest" executed="True" result="Success" success="True" time="0.026">
      </test-case>
      <test-case name="Accord.Tests.MachineLearning.CrossvalidationTest.SplittingsTest" executed="True" result="Success" success="True" time="0.002">
      </test-case>
      <test-case name="Accord.Tests.MachineLearning.DynamicalTimeWarpingTest.DynamicalTimeWarpingConstructorTest" executed="True" result="Success" success="True" time="0.010">
      </test-case>
      <test-case name="Accord.Tests.MachineLearning.DynamicalTimeWarpingTest.DynamicalTimeWarpingConstructorTest2" executed="True" result="Success" success="True" time="0.003">
      </test-case>
      <test-case name="Accord.Tests.MachineLearning.DynamicalTimeWarpingTest.DynamicalTimeWarpingConstructorTest3" executed="True" result="Success" success="True" time="0.003">
      </test-case>
      <test-case name="Accord.Tests.MachineLearning.GaussianMixtureModelTest.GaussianMixtureModelConstructorTest" executed="True" result="Error" success="False" time="0.044">
        <failure>
          <message>
<![CDATA[Accord.NonPositiveDefiniteMatrixException : Covariance matrix is not positive definite. Try specifying a regularization constant in the fitting options (there is an example in the Multivariate Normal Distribution documentation).]]>
          </message>
          <stack-trace>
<![CDATA[at Accord.Statistics.Distributions.Multivariate.MultivariateNormalDistribution.Fit (System.Double[][] observations, System.Double[] weights, Accord.Statistics.Distributions.Fitting.NormalOptions options) [0x0008c] in /Users/davidgutierrezpalma/Desarrollo/Personal/Proyectos/Unity3D/ai4unity/src/Assets/Accord.NET/Runtime/Accord.Statistics/Distributions/Multivariate/Continuous/MultivariateNormalDistribution.cs:534
at Accord.Statistics.Distributions.Multivariate.MultivariateNormalDistribution.Fit (System.Double[][] observations, System.Double[] weights, IFittingOptions options) [0x00023] in /Users/davidgutierrezpalma/Desarrollo/Personal/Proyectos/Unity3D/ai4unity/src/Assets/Accord.NET/Runtime/Accord.Statistics/Distributions/Multivariate/Continuous/MultivariateNormalDistribution.cs:467
at Accord.Statistics.Distributions.Fitting.ExpectationMaximization`1+<compute>c__AnonStorey48[System.Double[]].<>m__53 (Int32 k) [0x000f1] in /Users/davidgutierrezpalma/Desarrollo/Personal/Proyectos/Unity3D/ai4unity/src/Assets/Accord.NET/Runtime/Accord.Statistics/Distributions/Fitting/ExpectationMaximization.cs:210
at System.Threading.Tasks.Parallel.For (Int32 start, Int32 stop, System.Threading.Tasks.ForLoopBody loopBody) [0x00007] in /Users/davidgutierrezpalma/Desarrollo/Personal/Proyectos/Unity3D/ai4unity/src/Assets/Accord.NET/Runtime/Accord.Core/Compatibility/Parallel.cs:51
at Accord.Statistics.Distributions.Fitting.ExpectationMaximization`1[System.Double[]].compute (System.Double[][] observations, System.Double[] weights) [0x00148] in /Users/davidgutierrezpalma/Desarrollo/Personal/Proyectos/Unity3D/ai4unity/src/Assets/Accord.NET/Runtime/Accord.Statistics/Distributions/Fitting/ExpectationMaximization.cs:180
at Accord.Statistics.Distributions.Fitting.ExpectationMaximization`1[System.Double[]].Compute (System.Double[][] observations, System.Double[] weights) [0x00000] in /Users/davidgutierrezpalma/Desarrollo/Personal/Proyectos/Unity3D/ai4unity/src/Assets/Accord.NET/Runtime/Accord.Statistics/Distributions/Fitting/ExpectationMaximization.cs:122
at Accord.Statistics.Distributions.Multivariate.MultivariateMixture`1[Accord.Statistics.Distributions.Multivariate.MultivariateNormalDistribution].Fit (System.Double[][] observations, System.Double[] weights, Accord.Statistics.Distributions.Fitting.MixtureOptions options) [0x000fa] in /Users/davidgutierrezpalma/Desarrollo/Personal/Proyectos/Unity3D/ai4unity/src/Assets/Accord.NET/Runtime/Accord.Statistics/Distributions/Multivariate/MultivariateMixture.cs:339
at Accord.MachineLearning.GaussianMixtureModel.Compute (System.Double[][] data, Accord.MachineLearning.GaussianMixtureModelOptions options) [0x00069] in /Users/davidgutierrezpalma/Desarrollo/Personal/Proyectos/Unity3D/ai4unity/src/Assets/Accord.NET/Runtime/Accord.MachineLearning/Clustering/GaussianMixtureModel.cs:372
at Accord.MachineLearning.GaussianMixtureModel.Compute (System.Double[][] data, Double threshold) [0x0000f] in /Users/davidgutierrezpalma/Desarrollo/Personal/Proyectos/Unity3D/ai4unity/src/Assets/Accord.NET/Runtime/Accord.MachineLearning/Clustering/GaussianMixtureModel.cs:321
at Accord.Tests.MachineLearning.GaussianMixtureModelTest.GaussianMixtureModelConstructorTest () [0x0014c] in /Users/davidgutierrezpalma/Desarrollo/Personal/Proyectos/Unity3D/ai4unity/src/Assets/Accord.NET/Editor/Tests/Accord.Tests.MachineLearning/Clustering/GaussianMixtureModelTest.cs:82
]]>
          </stack-trace>
        </failure>
      </test-case>
      <test-case name="Accord.Tests.MachineLearning.GaussianMixtureModelTest.GaussianMixtureModelTest2" executed="True" result="Success" success="True" time="0.007">
      </test-case>
      <test-case name="Accord.Tests.MachineLearning.GaussianMixtureModelTest.GaussianMixtureModelTest3" executed="True" result="Success" success="True" time="0.407">
      </test-case>
      <test-case name="Accord.Tests.MachineLearning.GaussianMixtureModelTest.GaussianMixtureModelTest4" executed="True" result="Success" success="True" time="0.005">
      </test-case>
      <test-case name="Accord.Tests.MachineLearning.GaussianMixtureModelTest.GaussianMixtureModelTest7" executed="True" result="Success" success="True" time="0.003">
      </test-case>
      <test-case name="Accord.Tests.MachineLearning.GaussianMixtureModelTest.HighDimensionalTest" executed="True" result="Success" success="True" time="2.902">
      </test-case>
      <test-case name="Accord.Tests.MachineLearning.GaussianMixtureModelTest.HighSampleTest" executed="False" result="Ignored">
        <reason>
          <message>
          </message>
        </reason>
      </test-case>
      <test-case name="Accord.Tests.MachineLearning.GridsearchTest.GridsearchConstructorTest" executed="True" result="Success" success="True" time="0.090">
      </test-case>
      <test-case name="Accord.Tests.MachineLearning.GridsearchTest.GridsearchConstructorTest2" executed="True" result="Success" success="True" time="0.345">
      </test-case>
      <test-case name="Accord.Tests.MachineLearning.KMeansTest.KMeansConstructorTest" executed="True" result="Success" success="True" time="0.002">
      </test-case>
      <test-case name="Accord.Tests.MachineLearning.KMeansTest.KMeansConstructorTest2" executed="True" result="Success" success="True" time="0.251">
      </test-case>
      <test-case name="Accord.Tests.MachineLearning.KMeansTest.KMeansConstructorTest3" executed="True" result="Success" success="True" time="0.001">
      </test-case>
      <test-case name="Accord.Tests.MachineLearning.KModesTest.KModesConstructorTest" executed="True" result="Failure" success="False" time="0.037">
        <failure>
          <message>
<![CDATA[  Expected: 1
  But was:  0
]]>
          </message>
          <stack-trace>
<![CDATA[at Accord.Tests.MachineLearning.KModesTest.KModesConstructorTest () [0x000d4] in /Users/davidgutierrezpalma/Desarrollo/Personal/Proyectos/Unity3D/ai4unity/src/Assets/Accord.NET/Editor/Tests/Accord.Tests.MachineLearning/Clustering/KModesTest.cs:92
]]>
          </stack-trace>
        </failure>
      </test-case>
      <test-case name="Accord.Tests.MachineLearning.KNearestNeighborTest.KNearestNeighborConstructorTest" executed="True" result="Success" success="True" time="0.062">
      </test-case>
      <test-case name="Accord.Tests.MachineLearning.KNearestNeighborTest.KNearestNeighborConstructorTest2" executed="True" result="Success" success="True" time="0.002">
      </test-case>
      <test-case name="Accord.Tests.MachineLearning.KNearestNeighborTest.KNearestNeighborConstructorTest3" executed="True" result="Success" success="True" time="0.010">
      </test-case>
      <test-case name="Accord.Tests.MachineLearning.KNearestNeighborTest.KNearestNeighborGenericConstructorTest" executed="True" result="Success" success="True" time="0.010">
      </test-case>
      <test-case name="Accord.Tests.MachineLearning.KNearestNeighborTest.KNearestNeighborGenericConstructorTest2" executed="True" result="Success" success="True" time="0.002">
      </test-case>
      <test-case name="Accord.Tests.MachineLearning.LeastSquaresLearningTest.LargeLearningTest1" executed="False" result="Ignored">
        <reason>
          <message>
          </message>
        </reason>
      </test-case>
      <test-case name="Accord.Tests.MachineLearning.LeastSquaresLearningTest.LearnTest" executed="True" result="Success" success="True" time="0.007">
      </test-case>
      <test-case name="Accord.Tests.MachineLearning.LeastSquaresLearningTest.LearnTest2" executed="True" result="Success" success="True" time="0.837">
      </test-case>
      <test-case name="Accord.Tests.MachineLearning.LeastSquaresLearningTest.LeastSquaresConstructorTest" executed="True" result="Success" success="True" time="0.001">
      </test-case>
      <test-case name="Accord.Tests.MachineLearning.MeanShiftTest.MeanShiftConstructorTest" executed="True" result="Success" success="True" time="0.065">
      </test-case>
      <test-case name="Accord.Tests.MachineLearning.MeanShiftTest.MeanShiftConstructorTest2" executed="True" result="Success" success="True" time="0.002">
      </test-case>
      <test-case name="Accord.Tests.MachineLearning.MulticlassSupportVectorLearningTest.RunTest" executed="True" result="Success" success="True" time="0.035">
      </test-case>
      <test-case name="Accord.Tests.MachineLearning.MulticlassSupportVectorLearningTest.RunTest2" executed="True" result="Success" success="True" time="0.015">
      </test-case>
      <test-case name="Accord.Tests.MachineLearning.MulticlassSupportVectorLearningTest.RunTest3" executed="True" result="Success" success="True" time="0.007">
      </test-case>
      <test-case name="Accord.Tests.MachineLearning.MulticlassSupportVectorMachineTest.ComputeTest1" executed="True" result="Success" success="True" time="0.007">
      </test-case>
      <test-case name="Accord.Tests.MachineLearning.MulticlassSupportVectorMachineTest.ComputeTest2" executed="True" result="Success" success="True" time="0.004">
      </test-case>
      <test-case name="Accord.Tests.MachineLearning.MulticlassSupportVectorMachineTest.MulticlassSupportVectorMachineConstructorTest" executed="True" result="Success" success="True" time="0.001">
      </test-case>
      <test-case name="Accord.Tests.MachineLearning.MulticlassSupportVectorMachineTest.MulticlassSupportVectorMachineConstructorTest2" executed="True" result="Success" success="True" time="0.004">
      </test-case>
      <test-case name="Accord.Tests.MachineLearning.MultilabelSupportVectorLearningTest.ComputeTest1" executed="True" result="Success" success="True" time="0.030">
      </test-case>
      <test-case name="Accord.Tests.MachineLearning.MultilabelSupportVectorLearningTest.RunTest" executed="True" result="Success" success="True" time="0.021">
      </test-case>
      <test-case name="Accord.Tests.MachineLearning.NaiveBayesGenericTest.ComputeTest" executed="True" result="Success" success="True" time="0.093">
      </test-case>
      <test-case name="Accord.Tests.MachineLearning.NaiveBayesGenericTest.ComputeTest2" executed="True" result="Success" success="True" time="0.011">
      </test-case>
      <test-case name="Accord.Tests.MachineLearning.NaiveBayesGenericTest.DistributionsTest" executed="True" result="Success" success="True" time="0.001">
      </test-case>
      <test-case name="Accord.Tests.MachineLearning.NaiveBayesGenericTest.NaiveBayesConstructorTest" executed="True" result="Success" success="True" time="0.002">
      </test-case>
      <test-case name="Accord.Tests.MachineLearning.NaiveBayesGenericTest.NaiveBayesConstructorTest4" executed="True" result="Success" success="True" time="0.004">
      </test-case>
      <test-case name="Accord.Tests.MachineLearning.NaiveBayesTest.ComputeTest" executed="True" result="Success" success="True" time="0.008">
      </test-case>
      <test-case name="Accord.Tests.MachineLearning.NaiveBayesTest.ComputeTest2" executed="True" result="Success" success="True" time="0.005">
      </test-case>
      <test-case name="Accord.Tests.MachineLearning.NaiveBayesTest.DistributionsTest" executed="True" result="Success" success="True" time="0.001">
      </test-case>
      <test-case name="Accord.Tests.MachineLearning.NaiveBayesTest.NaiveBayesConstructorTest" executed="True" result="Success" success="True" time="0.000">
      </test-case>
      <test-case name="Accord.Tests.MachineLearning.NaiveBayesTest.NaiveBayesConstructorTest2" executed="True" result="Success" success="True" time="0.000">
      </test-case>
      <test-case name="Accord.Tests.MachineLearning.NaiveBayesTest.NaiveBayesConstructorTest3" executed="True" result="Success" success="True" time="0.001">
      </test-case>
      <test-case name="Accord.Tests.MachineLearning.NaiveBayesTest.NaiveBayesConstructorTest4" executed="True" result="Success" success="True" time="0.001">
      </test-case>
      <test-case name="Accord.Tests.MachineLearning.ProbabilisticOutputLearningTest.RunTest1" executed="True" result="Success" success="True" time="0.006">
      </test-case>
      <test-case name="Accord.Tests.MachineLearning.ProbabilisticOutputLearningTest.RunTest2" executed="True" result="Success" success="True" time="0.003">
      </test-case>
      <test-case name="Accord.Tests.MachineLearning.ProbabilisticOutputLearningTest.RunTest3" executed="True" result="Success" success="True" time="0.001">
      </test-case>
      <test-case name="Accord.Tests.MachineLearning.RansacLineTest.RansacLineConstructorTest" executed="True" result="Success" success="True" time="0.040">
      </test-case>
      <test-case name="Accord.Tests.MachineLearning.RansacPlaneTest.RansacPlaneConstructorTest" executed="True" result="Success" success="True" time="0.018">
      </test-case>
      <test-case name="Accord.Tests.MachineLearning.RansacPlaneTest.RansacPlaneConstructorTest2" executed="True" result="Success" success="True" time="0.001">
      </test-case>
      <test-case name="Accord.Tests.MachineLearning.SequentialMinimalOptimizationTest.CompactTest" executed="True" result="Success" success="True" time="0.002">
      </test-case>
      <test-case name="Accord.Tests.MachineLearning.SequentialMinimalOptimizationTest.ComputeTest5" executed="True" result="Success" success="True" time="0.035">
      </test-case>
      <test-case name="Accord.Tests.MachineLearning.SequentialMinimalOptimizationTest.LargeLearningTest1" executed="False" result="Ignored">
        <reason>
          <message>
          </message>
        </reason>
      </test-case>
      <test-case name="Accord.Tests.MachineLearning.SequentialMinimalOptimizationTest.LearnTest" executed="True" result="Success" success="True" time="0.002">
      </test-case>
      <test-case name="Accord.Tests.MachineLearning.SequentialMinimalOptimizationTest.LearnTest2" executed="True" result="Success" success="True" time="0.004">
      </test-case>
      <test-case name="Accord.Tests.MachineLearning.SequentialMinimalOptimizationTest.LearnTest3" executed="True" result="Success" success="True" time="0.001">
      </test-case>
      <test-case name="Accord.Tests.MachineLearning.SequentialMinimalOptimizationTest.LearnTest4" executed="True" result="Success" success="True" time="0.002">
      </test-case>
      <test-case name="Accord.Tests.MachineLearning.SequentialMinimalOptimizationTest.LearnTest5" executed="True" result="Success" success="True" time="0.002">
      </test-case>
      <test-case name="Accord.Tests.MachineLearning.SequentialMinimalOptimizationTest.SequentialMinimalOptimizationConstructorTest" executed="True" result="Success" success="True" time="0.001">
      </test-case>
      <test-case name="Accord.Tests.MachineLearning.SplitSetTest.SplitSetConstructorTest1" executed="True" result="Success" success="True" time="0.019">
      </test-case>
      <test-case name="Accord.Tests.MachineLearning.SupportVectorMachineTest.ComputeTest" executed="True" result="Success" success="True" time="0.002">
      </test-case>
      <test-case name="Accord.Tests.MachineLearning.SupportVectorMachineTest.ComputeTest2" executed="True" result="Success" success="True" time="0.002">
      </test-case>
      <test-case name="Accord.Tests.MachineLearning.SupportVectorMachineTest.ComputeTest3" executed="True" result="Success" success="True" time="0.002">
      </test-case>
      <test-case name="Accord.Tests.MachineLearning.SupportVectorMachineTest.ComputeTest4" executed="True" result="Failure" success="False" time="0.015">
        <failure>
          <message>
<![CDATA[  Expected: True
  But was:  False
]]>
          </message>
          <stack-trace>
<![CDATA[at Accord.Tests.MachineLearning.SupportVectorMachineTest.ComputeTest4 () [0x000df] in /Users/davidgutierrezpalma/Desarrollo/Personal/Proyectos/Unity3D/ai4unity/src/Assets/Accord.NET/Editor/Tests/Accord.Tests.MachineLearning/VectorMachines/SupportVectorMachineTest.cs:210
]]>
          </stack-trace>
        </failure>
      </test-case>
      <test-case name="Accord.Tests.MachineLearning.SupportVectorMachineTest.ComputeTest5" executed="True" result="Success" success="True" time="0.012">
      </test-case>
      <test-case name="Accord.Tests.MachineLearning.SupportVectorMachineTest.ComputeTest6" executed="True" result="Error" success="False" time="0.062">
        <failure>
          <message>
<![CDATA[Accord.ConvergenceException : Convergence could not be attained. Please reduce the cost of misclassification errors by reducing the complexity parameter C or try a different kernel function.]]>
          </message>
          <stack-trace>
<![CDATA[at Accord.MachineLearning.VectorMachines.Learning.SequentialMinimalOptimization.Run (Boolean computeError, CancellationToken token) [0x006a8] in /Users/davidgutierrezpalma/Desarrollo/Personal/Proyectos/Unity3D/ai4unity/src/Assets/Accord.NET/Runtime/Accord.MachineLearning/VectorMachines/Learning/SequentialMinimalOptimization.cs:795
at Accord.MachineLearning.VectorMachines.Learning.SequentialMinimalOptimization.Run (Boolean computeError) [0x00000] in /Users/davidgutierrezpalma/Desarrollo/Personal/Proyectos/Unity3D/ai4unity/src/Assets/Accord.NET/Runtime/Accord.MachineLearning/VectorMachines/Learning/SequentialMinimalOptimization.cs:521
at Accord.MachineLearning.VectorMachines.Learning.SequentialMinimalOptimization.Run () [0x00000] in /Users/davidgutierrezpalma/Desarrollo/Personal/Proyectos/Unity3D/ai4unity/src/Assets/Accord.NET/Runtime/Accord.MachineLearning/VectorMachines/Learning/SequentialMinimalOptimization.cs:815
at Accord.Tests.MachineLearning.SupportVectorMachineTest.ComputeTest6 () [0x00086] in /Users/davidgutierrezpalma/Desarrollo/Personal/Proyectos/Unity3D/ai4unity/src/Assets/Accord.NET/Editor/Tests/Accord.Tests.MachineLearning/VectorMachines/SupportVectorMachineTest.cs:289
]]>
          </stack-trace>
        </failure>
      </test-case>
      <test-case name="Accord.Tests.MachineLearning.SupportVectorReductionTest.ComputeTest" executed="True" result="Success" success="True" time="0.007">
      </test-case>
      <test-case name="Accord.Tests.Math.AbsoluteConvergenceTest.AbsoluteConvergenceConstructorTest" executed="True" result="Success" success="True" time="0.002">
      </test-case>
      <test-case name="Accord.Tests.Math.AugmentedLagrangianSolverTest.AugmentedLagrangianSolverConstructorTest1" executed="True" result="Failure" success="False" time="0.054">
        <failure>
          <message>
<![CDATA[  Expected: 1.0d +/- 1.0000000000000001E-05d
  But was:  NaN
]]>
          </message>
          <stack-trace>
<![CDATA[at Accord.Tests.Math.AugmentedLagrangianSolverTest.AugmentedLagrangianSolverConstructorTest1 () [0x0015d] in /Users/davidgutierrezpalma/Desarrollo/Personal/Proyectos/Unity3D/ai4unity/src/Assets/Accord.NET/Editor/Tests/Accord.Tests.Math/Optimization/AugmentedLagrangianSolverTest.cs:100
]]>
          </stack-trace>
        </failure>
      </test-case>
      <test-case name="Accord.Tests.Math.AugmentedLagrangianSolverTest.AugmentedLagrangianSolverConstructorTest2" executed="True" result="Success" success="True" time="0.003">
      </test-case>
      <test-case name="Accord.Tests.Math.AugmentedLagrangianSolverTest.ConstructorTest2" executed="True" result="Success" success="True" time="0.015">
      </test-case>
      <test-case name="Accord.Tests.Math.AugmentedLagrangianSolverTest.ConstructorTest3" executed="True" result="Success" success="True" time="0.020">
      </test-case>
      <test-case name="Accord.Tests.Math.BesselTest.BesselJ0Test" executed="True" result="Success" success="True" time="0.001">
      </test-case>
      <test-case name="Accord.Tests.Math.BesselTest.BesselJTest" executed="True" result="Success" success="True" time="0.002">
      </test-case>
      <test-case name="Accord.Tests.Math.BesselTest.BesselY0Test" executed="True" result="Success" success="True" time="0.001">
      </test-case>
      <test-case name="Accord.Tests.Math.BesselTest.BesselYTest" executed="True" result="Success" success="True" time="0.001">
      </test-case>
      <test-case name="Accord.Tests.Math.BetaTest.BetaTest2" executed="True" result="Success" success="True" time="0.002">
      </test-case>
      <test-case name="Accord.Tests.Math.BetaTest.FunctionTest" executed="True" result="Success" success="True" time="0.000">
      </test-case>
      <test-case name="Accord.Tests.Math.BetaTest.IbetaTest" executed="True" result="Success" success="True" time="0.003">
      </test-case>
      <test-case name="Accord.Tests.Math.BetaTest.Incbcf" executed="True" result="Success" success="True" time="0.000">
      </test-case>
      <test-case name="Accord.Tests.Math.BetaTest.Incbd" executed="True" result="Success" success="True" time="0.001">
      </test-case>
      <test-case name="Accord.Tests.Math.BetaTest.IncompleteInverse" executed="True" result="Success" success="True" time="0.003">
      </test-case>
      <test-case name="Accord.Tests.Math.BetaTest.IncompleteTest" executed="True" result="Success" success="True" time="0.000">
      </test-case>
      <test-case name="Accord.Tests.Math.BetaTest.LogTest" executed="True" result="Success" success="True" time="0.000">
      </test-case>
      <test-case name="Accord.Tests.Math.BetaTest.Multinomial" executed="True" result="Success" success="True" time="0.001">
      </test-case>
      <test-case name="Accord.Tests.Math.BetaTest.PowerSeries" executed="True" result="Success" success="True" time="0.000">
      </test-case>
      <test-case name="Accord.Tests.Math.BinarySearchTest.ConstructorTest" executed="True" result="Success" success="True" time="0.002">
      </test-case>
      <test-case name="Accord.Tests.Math.BinarySearchTest.ConstructorTest1" executed="True" result="Success" success="True" time="0.001">
      </test-case>
      <test-case name="Accord.Tests.Math.BinarySearchTest.ConstructorTest2" executed="True" result="Success" success="True" time="0.003">
      </test-case>
      <test-case name="Accord.Tests.Math.BinarySearchTest.ConstructorTest4" executed="True" result="Success" success="True" time="0.001">
      </test-case>
      <test-case name="Accord.Tests.Math.BoundedBroydenFletcherGoldfarbShannoTest.ConstructorTest1" executed="True" result="Success" success="True" time="0.039">
      </test-case>
      <test-case name="Accord.Tests.Math.BoundedBroydenFletcherGoldfarbShannoTest.ConstructorTest2" executed="True" result="Success" success="True" time="0.002">
      </test-case>
      <test-case name="Accord.Tests.Math.BoundedBroydenFletcherGoldfarbShannoTest.lbfgsTest" executed="True" result="Success" success="True" time="0.004">
      </test-case>
      <test-case name="Accord.Tests.Math.BoundedBroydenFletcherGoldfarbShannoTest.lbfgsTest2" executed="True" result="Success" success="True" time="0.002">
      </test-case>
      <test-case name="Accord.Tests.Math.BoundedBroydenFletcherGoldfarbShannoTest.lbfgsTest3" executed="True" result="Success" success="True" time="7.600">
      </test-case>
      <test-case name="Accord.Tests.Math.BoundedBroydenFletcherGoldfarbShannoTest.MutableGradientSizeTest" executed="True" result="Success" success="True" time="0.002">
      </test-case>
      <test-case name="Accord.Tests.Math.BoundedBroydenFletcherGoldfarbShannoTest.NoFunctionTest" executed="True" result="Success" success="True" time="0.000">
      </test-case>
      <test-case name="Accord.Tests.Math.BoundedBroydenFletcherGoldfarbShannoTest.NoGradientTest" executed="True" result="Success" success="True" time="0.000">
      </test-case>
      <test-case name="Accord.Tests.Math.BoundedBroydenFletcherGoldfarbShannoTest.WrongGradientSizeTest" executed="True" result="Success" success="True" time="0.001">
      </test-case>
      <test-case name="Accord.Tests.Math.BrentSearchTest.ConstructorTest" executed="True" result="Success" success="True" time="0.006">
      </test-case>
      <test-case name="Accord.Tests.Math.BrentSearchTest.FindRootTest" executed="True" result="Success" success="True" time="0.001">
      </test-case>
      <test-case name="Accord.Tests.Math.BrentSearchTest.MaximizeTest" executed="True" result="Success" success="True" time="0.001">
      </test-case>
      <test-case name="Accord.Tests.Math.BrentSearchTest.MinimizeTest" executed="True" result="Success" success="True" time="0.001">
      </test-case>
      <test-case name="Accord.Tests.Math.BroydenFletcherGoldfarbShannoTest.ConstructorTest1" executed="True" result="Success" success="True" time="0.006">
      </test-case>
      <test-case name="Accord.Tests.Math.BroydenFletcherGoldfarbShannoTest.ConstructorTest2" executed="True" result="Success" success="True" time="0.002">
      </test-case>
      <test-case name="Accord.Tests.Math.BroydenFletcherGoldfarbShannoTest.lbfgsTest" executed="True" result="Success" success="True" time="0.002">
      </test-case>
      <test-case name="Accord.Tests.Math.BroydenFletcherGoldfarbShannoTest.lbfgsTest2" executed="True" result="Success" success="True" time="0.002">
      </test-case>
      <test-case name="Accord.Tests.Math.BroydenFletcherGoldfarbShannoTest.lbfgsTest3" executed="True" result="Success" success="True" time="0.933">
      </test-case>
      <test-case name="Accord.Tests.Math.BroydenFletcherGoldfarbShannoTest.MutableGradientSizeTest" executed="True" result="Success" success="True" time="0.001">
      </test-case>
      <test-case name="Accord.Tests.Math.BroydenFletcherGoldfarbShannoTest.NoFunctionTest" executed="True" result="Success" success="True" time="0.000">
      </test-case>
      <test-case name="Accord.Tests.Math.BroydenFletcherGoldfarbShannoTest.NoGradientTest" executed="True" result="Success" success="True" time="0.000">
      </test-case>
      <test-case name="Accord.Tests.Math.BroydenFletcherGoldfarbShannoTest.WrongGradientSizeTest" executed="True" result="Success" success="True" time="0.001">
      </test-case>
      <test-case name="Accord.Tests.Math.CholeskyDecompositionTest.CholeskyDecompositionConstructorTest" executed="True" result="Success" success="True" time="0.006">
      </test-case>
      <test-case name="Accord.Tests.Math.CholeskyDecompositionTest.CholeskyDecompositionConstructorTest2" executed="True" result="Success" success="True" time="0.003">
      </test-case>
      <test-case name="Accord.Tests.Math.CholeskyDecompositionTest.CholeskyDecompositionConstructorTest3" executed="True" result="Success" success="True" time="0.001">
      </test-case>
      <test-case name="Accord.Tests.Math.CholeskyDecompositionTest.CholeskyDecompositionConstructorTest4" executed="True" result="Success" success="True" time="0.001">
      </test-case>
      <test-case name="Accord.Tests.Math.CholeskyDecompositionTest.DeterminantTest" executed="True" result="Success" success="True" time="0.001">
      </test-case>
      <test-case name="Accord.Tests.Math.CholeskyDecompositionTest.InverseTest" executed="True" result="Success" success="True" time="0.006">
      </test-case>
      <test-case name="Accord.Tests.Math.CholeskyDecompositionTest.LogDeterminantTest" executed="True" result="Success" success="True" time="0.006">
      </test-case>
      <test-case name="Accord.Tests.Math.CholeskyDecompositionTest.LogDeterminantTest2" executed="True" result="Success" success="True" time="0.001">
      </test-case>
      <test-case name="Accord.Tests.Math.CholeskyDecompositionTest.SolveTest" executed="True" result="Success" success="True" time="0.006">
      </test-case>
      <test-case name="Accord.Tests.Math.CholeskyDecompositionTest.SolveTest2" executed="True" result="Success" success="True" time="0.001">
      </test-case>
      <test-case name="Accord.Tests.Math.CholeskyDecompositionTest.SolveTest3" executed="True" result="Success" success="True" time="0.001">
      </test-case>
      <test-case name="Accord.Tests.Math.CholeskyDecompositionTest.SolveTest4" executed="True" result="Success" success="True" time="0.001">
      </test-case>
      <test-case name="Accord.Tests.Math.CobylaTest.ConstructorTest1" executed="True" result="Success" success="True" time="0.028">
      </test-case>
      <test-case name="Accord.Tests.Math.CobylaTest.ConstructorTest10" executed="True" result="Success" success="True" time="0.039">
      </test-case>
      <test-case name="Accord.Tests.Math.CobylaTest.ConstructorTest2" executed="True" result="Success" success="True" time="0.002">
      </test-case>
      <test-case name="Accord.Tests.Math.CobylaTest.ConstructorTest2_1" executed="True" result="Success" success="True" time="0.002">
      </test-case>
      <test-case name="Accord.Tests.Math.CobylaTest.ConstructorTest2_2" executed="True" result="Success" success="True" time="0.075">
      </test-case>
      <test-case name="Accord.Tests.Math.CobylaTest.ConstructorTest3" executed="True" result="Success" success="True" time="0.003">
      </test-case>
      <test-case name="Accord.Tests.Math.CobylaTest.ConstructorTest4" executed="True" result="Success" success="True" time="0.003">
      </test-case>
      <test-case name="Accord.Tests.Math.CobylaTest.ConstructorTest5" executed="True" result="Success" success="True" time="0.035">
      </test-case>
      <test-case name="Accord.Tests.Math.CobylaTest.ConstructorTest6" executed="True" result="Success" success="True" time="0.004">
      </test-case>
      <test-case name="Accord.Tests.Math.CobylaTest.ConstructorTest6_0" executed="True" result="Success" success="True" time="0.006">
      </test-case>
      <test-case name="Accord.Tests.Math.CobylaTest.ConstructorTest6_1" executed="True" result="Success" success="True" time="0.011">
      </test-case>
      <test-case name="Accord.Tests.Math.CobylaTest.ConstructorTest6_2" executed="True" result="Success" success="True" time="0.004">
      </test-case>
      <test-case name="Accord.Tests.Math.CobylaTest.ConstructorTest6_3" executed="True" result="Success" success="True" time="0.001">
      </test-case>
      <test-case name="Accord.Tests.Math.CobylaTest.ConstructorTest7" executed="True" result="Success" success="True" time="0.007">
      </test-case>
      <test-case name="Accord.Tests.Math.CobylaTest.ConstructorTest8" executed="True" result="Success" success="True" time="0.005">
      </test-case>
      <test-case name="Accord.Tests.Math.CobylaTest.ConstructorTest9" executed="True" result="Success" success="True" time="0.024">
      </test-case>
      <test-case name="Accord.Tests.Math.CombinatoricsTest.CombinationsTest" executed="True" result="Success" success="True" time="0.008">
      </test-case>
      <test-case name="Accord.Tests.Math.CombinatoricsTest.PermutationsTest" executed="True" result="Success" success="True" time="0.007">
      </test-case>
      <test-case name="Accord.Tests.Math.CombinatoricsTest.SequencesTest" executed="True" result="Success" success="True" time="0.004">
      </test-case>
      <test-case name="Accord.Tests.Math.CombinatoricsTest.SequencesTest2" executed="True" result="Success" success="True" time="0.001">
      </test-case>
      <test-case name="Accord.Tests.Math.CombinatoricsTest.TruthTableTest" executed="True" result="Success" success="True" time="0.003">
      </test-case>
      <test-case name="Accord.Tests.Math.CombinatoricsTest.TruthTableTest2" executed="True" result="Success" success="True" time="0.001">
      </test-case>
      <test-case name="Accord.Tests.Math.ComplexMatrixTest.AbsTest" executed="True" result="Success" success="True" time="0.002">
      </test-case>
      <test-case name="Accord.Tests.Math.ComplexMatrixTest.ImTest" executed="True" result="Success" success="True" time="0.001">
      </test-case>
      <test-case name="Accord.Tests.Math.ComplexMatrixTest.MagnitudeTest" executed="True" result="Success" success="True" time="0.001">
      </test-case>
      <test-case name="Accord.Tests.Math.ComplexMatrixTest.MultiplyTest" executed="True" result="Success" success="True" time="0.003">
      </test-case>
      <test-case name="Accord.Tests.Math.ComplexMatrixTest.PhaseTest" executed="True" result="Success" success="True" time="0.001">
      </test-case>
      <test-case name="Accord.Tests.Math.ComplexMatrixTest.ReTest" executed="True" result="Success" success="True" time="0.001">
      </test-case>
      <test-case name="Accord.Tests.Math.ComplexMatrixTest.SumTest" executed="True" result="Success" success="True" time="0.001">
      </test-case>
      <test-case name="Accord.Tests.Math.ComplexMatrixTest.ToArrayTest" executed="True" result="Success" success="True" time="0.002">
      </test-case>
      <test-case name="Accord.Tests.Math.ConjugateGradientTest.MinimizeTest" executed="True" result="Success" success="True" time="0.002">
      </test-case>
      <test-case name="Accord.Tests.Math.ConjugateGradientTest.MinimizeTest2" executed="True" result="Success" success="True" time="0.001">
      </test-case>
      <test-case name="Accord.Tests.Math.ConjugateGradientTest.MinimizeTest3" executed="True" result="Success" success="True" time="0.001">
      </test-case>
      <test-case name="Accord.Tests.Math.CosineTransformTest.ForwardTest" executed="True" result="Success" success="True" time="0.002">
      </test-case>
      <test-case name="Accord.Tests.Math.CosineTransformTest.InverseTest" executed="True" result="Success" success="True" time="0.002">
      </test-case>
      <test-case name="Accord.Tests.Math.CustomComparerTest.CustomComparerConstructorTest" executed="True" result="Success" success="True" time="0.004">
      </test-case>
      <test-case name="Accord.Tests.Math.DistanceTest.BhattacharyyaTest" executed="True" result="Success" success="True" time="0.003">
      </test-case>
      <test-case name="Accord.Tests.Math.DistanceTest.BhattacharyyaTest1" executed="True" result="Success" success="True" time="0.001">
      </test-case>
      <test-case name="Accord.Tests.Math.DistanceTest.BhattacharyyaTest2" executed="True" result="Success" success="True" time="0.001">
      </test-case>
      <test-case name="Accord.Tests.Math.DistanceTest.BhattacharyyaTest3" executed="True" result="Success" success="True" time="0.001">
      </test-case>
      <test-case name="Accord.Tests.Math.DistanceTest.BhattacharyyaTest4" executed="True" result="Success" success="True" time="0.000">
      </test-case>
      <test-case name="Accord.Tests.Math.DistanceTest.EuclideanTest" executed="True" result="Success" success="True" time="0.001">
      </test-case>
      <test-case name="Accord.Tests.Math.DistanceTest.EuclideanTest1" executed="True" result="Success" success="True" time="0.001">
      </test-case>
      <test-case name="Accord.Tests.Math.DistanceTest.MahalanobisTest" executed="True" result="Success" success="True" time="0.004">
      </test-case>
      <test-case name="Accord.Tests.Math.DistanceTest.MahalanobisTest2" executed="True" result="Success" success="True" time="0.001">
      </test-case>
      <test-case name="Accord.Tests.Math.DistanceTest.MahalanobisTest3" executed="True" result="Success" success="True" time="0.004">
      </test-case>
      <test-case name="Accord.Tests.Math.DistanceTest.MahalanobisTest4" executed="True" result="Success" success="True" time="0.001">
      </test-case>
      <test-case name="Accord.Tests.Math.DistanceTest.MahalanobisTest5" executed="True" result="Success" success="True" time="0.002">
      </test-case>
      <test-case name="Accord.Tests.Math.DistanceTest.MahalanobisTest6" executed="True" result="Success" success="True" time="0.001">
      </test-case>
      <test-case name="Accord.Tests.Math.DistanceTest.ManhattanTest" executed="True" result="Success" success="True" time="0.001">
      </test-case>
      <test-case name="Accord.Tests.Math.DistanceTest.ModularTest" executed="True" result="Success" success="True" time="0.001">
      </test-case>
      <test-case name="Accord.Tests.Math.EigenvalueDecompositionTest.EigenvalueDecompositionConstructorTest" executed="True" result="Success" success="True" time="0.009">
      </test-case>
      <test-case name="Accord.Tests.Math.EigenvalueDecompositionTest.EigenvalueDecompositionConstructorTest2" executed="True" result="Success" success="True" time="0.028">
      </test-case>
      <test-case name="Accord.Tests.Math.ElementComparerTest.ElementComparerConstructorTest" executed="True" result="Success" success="True" time="0.002">
      </test-case>
      <test-case name="Accord.Tests.Math.FiniteDifferencesTest.ComputeTest" executed="True" result="Success" success="True" time="0.003">
      </test-case>
      <test-case name="Accord.Tests.Math.FiniteDifferencesTest.ComputeTest2" executed="True" result="Success" success="True" time="0.001">
      </test-case>
      <test-case name="Accord.Tests.Math.GaborTest.KernelTest1" executed="True" result="Success" success="True" time="0.004">
      </test-case>
      <test-case name="Accord.Tests.Math.GaborTest.KernelTest2" executed="True" result="Success" success="True" time="0.001">
      </test-case>
      <test-case name="Accord.Tests.Math.GammaTest.DigammaTest" executed="True" result="Success" success="True" time="0.001">
      </test-case>
      <test-case name="Accord.Tests.Math.GammaTest.DigammaTest2" executed="True" result="Success" success="True" time="0.000">
      </test-case>
      <test-case name="Accord.Tests.Math.GammaTest.FunctionTest(1.0d,1.0d)" executed="True" result="Success" success="True" time="0.001">
      </test-case>
      <test-case name="Accord.Tests.Math.GammaTest.FunctionTest(1.2d,0.918168742399761d)" executed="True" result="Success" success="True" time="0.000">
      </test-case>
      <test-case name="Accord.Tests.Math.GammaTest.FunctionTest(1.3d,0.897470696306277d)" executed="True" result="Success" success="True" time="0.000">
      </test-case>
      <test-case name="Accord.Tests.Math.GammaTest.FunctionTest(1.4d,0.887263817503075d)" executed="True" result="Success" success="True" time="0.000">
      </test-case>
      <test-case name="Accord.Tests.Math.GammaTest.FunctionTest(1.5d,0.886226925452758d)" executed="True" result="Success" success="True" time="0.000">
      </test-case>
      <test-case name="Accord.Tests.Math.GammaTest.FunctionTest(1.6d,0.89351534928769d)" executed="True" result="Success" success="True" time="0.000">
      </test-case>
      <test-case name="Accord.Tests.Math.GammaTest.FunctionTest(1.7d,0.90863873285329d)" executed="True" result="Success" success="True" time="0.000">
      </test-case>
      <test-case name="Accord.Tests.Math.GammaTest.FunctionTest(1.8d,0.931383770980243d)" executed="True" result="Success" success="True" time="0.000">
      </test-case>
      <test-case name="Accord.Tests.Math.GammaTest.FunctionTest(1.9d,0.961765831907387d)" executed="True" result="Success" success="True" time="0.000">
      </test-case>
      <test-case name="Accord.Tests.Math.GammaTest.FunctionTest(2.0d,1.0d)" executed="True" result="Success" success="True" time="0.000">
      </test-case>
      <test-case name="Accord.Tests.Math.GammaTest.FunctionTest(3.1d,2.19762027839248d)" executed="True" result="Success" success="True" time="0.000">
      </test-case>
      <test-case name="Accord.Tests.Math.GammaTest.FunctionTest(5.7d,72.5276345202229d)" executed="True" result="Success" success="True" time="0.000">
      </test-case>
      <test-case name="Accord.Tests.Math.GammaTest.FunctionTest(56.2d,2.83593840035996E+73d)" executed="True" result="Success" success="True" time="0.001">
      </test-case>
      <test-case name="Accord.Tests.Math.GammaTest.FunctionTest(53.8d,1.92936676016153E+69d)" executed="True" result="Success" success="True" time="0.000">
      </test-case>
      <test-case name="Accord.Tests.Math.GammaTest.FunctionTest(5.1d,27.9317537383684d)" executed="True" result="Success" success="True" time="0.000">
      </test-case>
      <test-case name="Accord.Tests.Math.GammaTest.FunctionTest(6.5d,287.885277815044d)" executed="True" result="Success" success="True" time="0.000">
      </test-case>
      <test-case name="Accord.Tests.Math.GammaTest.FunctionTest(8.8d,26339.9863545086d)" executed="True" result="Success" success="True" time="0.000">
      </test-case>
      <test-case name="Accord.Tests.Math.GammaTest.FunctionTest(114.2d,5.74927424463409E+184d)" executed="True" result="Success" success="True" time="0.000">
      </test-case>
      <test-case name="Accord.Tests.Math.GammaTest.FunctionTest(1024.6271d,double.PositiveInfinity)" executed="True" result="Success" success="True" time="0.000">
      </test-case>
      <test-case name="Accord.Tests.Math.GammaTest.FunctionTest(-2,double.NaN)" executed="True" result="Success" success="True" time="0.000">
      </test-case>
      <test-case name="Accord.Tests.Math.GammaTest.FunctionTest(-52.1252d,-6.18833873752623E-68d)" executed="True" result="Success" success="True" time="0.000">
      </test-case>
      <test-case name="Accord.Tests.Math.GammaTest.FunctionTest(-0.10817480950786d,-9.94051579540304d)" executed="True" result="Success" success="True" time="0.000">
      </test-case>
      <test-case name="Accord.Tests.Math.GammaTest.FunctionTest(-0.119612914172371d,-9.07071305375415d)" executed="True" result="Success" success="True" time="0.000">
      </test-case>
      <test-case name="Accord.Tests.Math.GammaTest.FunctionTest(-0.120782237635245d,-8.99124562385378d)" executed="True" result="Success" success="True" time="0.000">
      </test-case>
      <test-case name="Accord.Tests.Math.GammaTest.FunctionTest(0,double.NaN)" executed="True" result="Success" success="True" time="0.000">
      </test-case>
      <test-case name="Accord.Tests.Math.GammaTest.FunctionTest(281982742.129859d,double.PositiveInfinity)" executed="True" result="Success" success="True" time="0.000">
      </test-case>
      <test-case name="Accord.Tests.Math.GammaTest.FunctionTest(0.5212392d,1.70190555909403d)" executed="True" result="Success" success="True" time="0.000">
      </test-case>
      <test-case name="Accord.Tests.Math.GammaTest.FunctionTest(1.1d,0.951350769866873d)" executed="True" result="Success" success="True" time="0.000">
      </test-case>
      <test-case name="Accord.Tests.Math.GammaTest.GammaFunctionsTest" executed="True" result="Success" success="True" time="0.003">
      </test-case>
      <test-case name="Accord.Tests.Math.GammaTest.GammaTest2" executed="True" result="Success" success="True" time="0.000">
      </test-case>
      <test-case name="Accord.Tests.Math.GammaTest.GammaUpperRTest" executed="True" result="Success" success="True" time="0.001">
      </test-case>
      <test-case name="Accord.Tests.Math.GammaTest.LgammaTest" executed="True" result="Success" success="True" time="0.000">
      </test-case>
      <test-case name="Accord.Tests.Math.GammaTest.LogTest" executed="True" result="Success" success="True" time="0.001">
      </test-case>
      <test-case name="Accord.Tests.Math.GammaTest.MultivariateGammaTest" executed="True" result="Success" success="True" time="0.000">
      </test-case>
      <test-case name="Accord.Tests.Math.GeneralComparerTest.GeneralComparerConstructorTest" executed="True" result="Success" success="True" time="0.002">
      </test-case>
      <test-case name="Accord.Tests.Math.GeneralizedEigenvalueDecompositionTest.GeneralizedEigenvalueDecompositionConstructorTest" executed="True" result="Success" success="True" time="0.043">
      </test-case>
      <test-case name="Accord.Tests.Math.GeneralizedEigenvalueDecompositionTest.GeneralizedEigenvalueDecompositionConstructorTest2" executed="True" result="Success" success="True" time="0.038">
      </test-case>
      <test-case name="Accord.Tests.Math.GeneralizedEigenvalueDecompositionTest.GeneralizedEigenvalueDecompositionConstructorTest3" executed="True" result="Success" success="True" time="9.646">
      </test-case>
      <test-case name="Accord.Tests.Math.GeneralizedEigenvalueDecompositionTest.GeneralizedEigenvalueDecompositionConstructorTest4" executed="True" result="Success" success="True" time="0.002">
      </test-case>
      <test-case name="Accord.Tests.Math.GoldfarbIdnaniTest.GoldfarbIdnaniConstructorTest1" executed="True" result="Success" success="True" time="0.058">
      </test-case>
      <test-case name="Accord.Tests.Math.GoldfarbIdnaniTest.GoldfarbIdnaniConstructorTest10" executed="True" result="Success" success="True" time="0.051">
      </test-case>
      <test-case name="Accord.Tests.Math.GoldfarbIdnaniTest.GoldfarbIdnaniConstructorTest11" executed="True" result="Success" success="True" time="0.027">
      </test-case>
      <test-case name="Accord.Tests.Math.GoldfarbIdnaniTest.GoldfarbIdnaniConstructorTest2" executed="True" result="Success" success="True" time="0.004">
      </test-case>
      <test-case name="Accord.Tests.Math.GoldfarbIdnaniTest.GoldfarbIdnaniConstructorTest3" executed="True" result="Success" success="True" time="0.004">
      </test-case>
      <test-case name="Accord.Tests.Math.GoldfarbIdnaniTest.GoldfarbIdnaniConstructorTest4" executed="True" result="Success" success="True" time="0.019">
      </test-case>
      <test-case name="Accord.Tests.Math.GoldfarbIdnaniTest.GoldfarbIdnaniConstructorTest5" executed="True" result="Success" success="True" time="0.015">
      </test-case>
      <test-case name="Accord.Tests.Math.GoldfarbIdnaniTest.GoldfarbIdnaniConstructorTest6" executed="True" result="Success" success="True" time="0.002">
      </test-case>
      <test-case name="Accord.Tests.Math.GoldfarbIdnaniTest.GoldfarbIdnaniConstructorTest7" executed="True" result="Success" success="True" time="0.004">
      </test-case>
      <test-case name="Accord.Tests.Math.GoldfarbIdnaniTest.GoldfarbIdnaniConstructorTest8" executed="True" result="Success" success="True" time="0.014">
      </test-case>
      <test-case name="Accord.Tests.Math.GoldfarbIdnaniTest.GoldfarbIdnaniConstructorTest9" executed="True" result="Success" success="True" time="0.005">
      </test-case>
      <test-case name="Accord.Tests.Math.GoldfarbIdnaniTest.GoldfarbIdnaniMaximizeTest1" executed="True" result="Success" success="True" time="0.002">
      </test-case>
      <test-case name="Accord.Tests.Math.GoldfarbIdnaniTest.GoldfarbIdnaniMinimizeTest1" executed="False" result="Ignored">
        <reason>
          <message>
          </message>
        </reason>
      </test-case>
      <test-case name="Accord.Tests.Math.GoldfarbIdnaniTest.RunTest" executed="True" result="Success" success="True" time="0.003">
      </test-case>
      <test-case name="Accord.Tests.Math.GoldfarbIdnaniTest.RunTest1" executed="True" result="Success" success="True" time="0.005">
      </test-case>
      <test-case name="Accord.Tests.Math.GoldfarbIdnaniTest.RunTest2" executed="True" result="Success" success="True" time="0.002">
      </test-case>
      <test-case name="Accord.Tests.Math.GoldfarbIdnaniTest.RunTest3" executed="True" result="Success" success="True" time="0.002">
      </test-case>
      <test-case name="Accord.Tests.Math.GoldfarbIdnaniTest.RunTest4" executed="True" result="Success" success="True" time="0.002">
      </test-case>
      <test-case name="Accord.Tests.Math.GoldfarbIdnaniTest.RunTest5" executed="True" result="Success" success="True" time="0.003">
      </test-case>
      <test-case name="Accord.Tests.Math.GramSchmidtTest.ConstructorTest1" executed="True" result="Success" success="True" time="0.001">
      </test-case>
      <test-case name="Accord.Tests.Math.HilbertTransformTest.FHTTest" executed="True" result="Success" success="True" time="0.006">
      </test-case>
      <test-case name="Accord.Tests.Math.HilbertTransformTest.FHTTest2" executed="True" result="Success" success="True" time="0.001">
      </test-case>
      <test-case name="Accord.Tests.Math.JaggedCholeskyDecompositionFTest.CholeskyDecompositionConstructorTest3" executed="True" result="Success" success="True" time="0.010">
      </test-case>
      <test-case name="Accord.Tests.Math.JaggedCholeskyDecompositionFTest.CholeskyDecompositionConstructorTest4" executed="True" result="Success" success="True" time="0.002">
      </test-case>
      <test-case name="Accord.Tests.Math.JaggedCholeskyDecompositionFTest.CholeskyDecompositionFConstructorTest2" executed="True" result="Success" success="True" time="0.001">
      </test-case>
      <test-case name="Accord.Tests.Math.JaggedCholeskyDecompositionFTest.InPlaceTest" executed="True" result="Success" success="True" time="0.007">
      </test-case>
      <test-case name="Accord.Tests.Math.JaggedCholeskyDecompositionFTest.InverseDiagonalTest1" executed="True" result="Success" success="True" time="0.010">
      </test-case>
      <test-case name="Accord.Tests.Math.JaggedCholeskyDecompositionFTest.InverseDiagonalTest2" executed="True" result="Success" success="True" time="0.001">
      </test-case>
      <test-case name="Accord.Tests.Math.JaggedCholeskyDecompositionFTest.InverseDiagonalTest3" executed="True" result="Success" success="True" time="0.001">
      </test-case>
      <test-case name="Accord.Tests.Math.JaggedCholeskyDecompositionFTest.InverseTest" executed="True" result="Success" success="True" time="0.002">
      </test-case>
      <test-case name="Accord.Tests.Math.JaggedCholeskyDecompositionFTest.InverseTest1" executed="True" result="Success" success="True" time="0.001">
      </test-case>
      <test-case name="Accord.Tests.Math.JaggedCholeskyDecompositionFTest.JaggedCholeskyDecompositionFConstructorTest" executed="True" result="Success" success="True" time="0.001">
      </test-case>
      <test-case name="Accord.Tests.Math.JaggedCholeskyDecompositionFTest.SolveTest" executed="True" result="Success" success="True" time="0.003">
      </test-case>
      <test-case name="Accord.Tests.Math.JaggedCholeskyDecompositionFTest.SolveTest2" executed="True" result="Success" success="True" time="0.001">
      </test-case>
      <test-case name="Accord.Tests.Math.JaggedCholeskyDecompositionFTest.SolveTest3" executed="True" result="Success" success="True" time="0.003">
      </test-case>
      <test-case name="Accord.Tests.Math.JaggedCholeskyDecompositionFTest.SolveTest4" executed="True" result="Success" success="True" time="0.001">
      </test-case>
      <test-case name="Accord.Tests.Math.JaggedLuDecompositionTest.DeterminantTest" executed="True" result="Success" success="True" time="0.001">
      </test-case>
      <test-case name="Accord.Tests.Math.JaggedLuDecompositionTest.InverseTest" executed="True" result="Success" success="True" time="0.002">
      </test-case>
      <test-case name="Accord.Tests.Math.JaggedLuDecompositionTest.LogDeterminantTest" executed="True" result="Success" success="True" time="0.002">
      </test-case>
      <test-case name="Accord.Tests.Math.JaggedLuDecompositionTest.LogDeterminantTest2" executed="True" result="Success" success="True" time="0.001">
      </test-case>
      <test-case name="Accord.Tests.Math.JaggedLuDecompositionTest.LuDecompositionConstructorTest" executed="True" result="Success" success="True" time="0.002">
      </test-case>
      <test-case name="Accord.Tests.Math.JaggedLuDecompositionTest.SolveTest" executed="True" result="Success" success="True" time="0.004">
      </test-case>
      <test-case name="Accord.Tests.Math.JaggedLuDecompositionTest.SolveTest1" executed="True" result="Success" success="True" time="0.001">
      </test-case>
      <test-case name="Accord.Tests.Math.JaggedLuDecompositionTest.SolveTest3" executed="True" result="Success" success="True" time="0.001">
      </test-case>
      <test-case name="Accord.Tests.Math.JaggedLuDecompositionTest.SolveTest4" executed="True" result="Success" success="True" time="0.001">
      </test-case>
      <test-case name="Accord.Tests.Math.JaggedLuDecompositionTest.SolveTest5" executed="True" result="Success" success="True" time="0.001">
      </test-case>
      <test-case name="Accord.Tests.Math.JaggedLuDecompositionTest.SolveTransposeTest" executed="True" result="Success" success="True" time="0.002">
      </test-case>
      <test-case name="Accord.Tests.Math.KDTreeTest.FromDataTest" executed="True" result="Success" success="True" time="0.015">
      </test-case>
      <test-case name="Accord.Tests.Math.KDTreeTest.FromDataTest2" executed="True" result="Success" success="True" time="0.002">
      </test-case>
      <test-case name="Accord.Tests.Math.KDTreeTest.NearestTest" executed="True" result="Success" success="True" time="0.008">
      </test-case>
      <test-case name="Accord.Tests.Math.KDTreeTest.NearestTest2" executed="True" result="Success" success="True" time="0.004">
      </test-case>
      <test-case name="Accord.Tests.Math.KDTreeTest.NearestTest3" executed="True" result="Success" success="True" time="0.006">
      </test-case>
      <test-case name="Accord.Tests.Math.KDTreeTest.TraverseTest0" executed="True" result="Success" success="True" time="0.007">
      </test-case>
      <test-case name="Accord.Tests.Math.KDTreeTest.TraverseTest1" executed="True" result="Success" success="True" time="0.022">
      </test-case>
      <test-case name="Accord.Tests.Math.LuDecompositionTest.DeterminantTest" executed="True" result="Success" success="True" time="0.001">
      </test-case>
      <test-case name="Accord.Tests.Math.LuDecompositionTest.InverseTest" executed="True" result="Success" success="True" time="0.000">
      </test-case>
      <test-case name="Accord.Tests.Math.LuDecompositionTest.LogDeterminantTest" executed="True" result="Success" success="True" time="0.002">
      </test-case>
      <test-case name="Accord.Tests.Math.LuDecompositionTest.LogDeterminantTest2" executed="True" result="Success" success="True" time="0.001">
      </test-case>
      <test-case name="Accord.Tests.Math.LuDecompositionTest.LuDecompositionConstructorTest" executed="True" result="Success" success="True" time="0.002">
      </test-case>
      <test-case name="Accord.Tests.Math.LuDecompositionTest.SolveTest" executed="True" result="Success" success="True" time="0.004">
      </test-case>
      <test-case name="Accord.Tests.Math.LuDecompositionTest.SolveTest1" executed="True" result="Success" success="True" time="0.001">
      </test-case>
      <test-case name="Accord.Tests.Math.LuDecompositionTest.SolveTest3" executed="True" result="Success" success="True" time="0.001">
      </test-case>
      <test-case name="Accord.Tests.Math.LuDecompositionTest.SolveTest4" executed="True" result="Success" success="True" time="0.001">
      </test-case>
      <test-case name="Accord.Tests.Math.LuDecompositionTest.SolveTest5" executed="True" result="Success" success="True" time="0.001">
      </test-case>
      <test-case name="Accord.Tests.Math.LuDecompositionTest.SolveTransposeTest" executed="True" result="Success" success="True" time="0.002">
      </test-case>
      <test-case name="Accord.Tests.Math.MatrixFormatTest.ParseJaggedTest" executed="True" result="Success" success="True" time="0.015">
      </test-case>
      <test-case name="Accord.Tests.Math.MatrixFormatTest.ParseTest" executed="True" result="Success" success="True" time="0.003">
      </test-case>
      <test-case name="Accord.Tests.Math.MatrixFormatTest.ParseTest1" executed="True" result="Success" success="True" time="0.001">
      </test-case>
      <test-case name="Accord.Tests.Math.MatrixFormatTest.StringFormat" executed="True" result="Success" success="True" time="0.076">
      </test-case>
      <test-case name="Accord.Tests.Math.MatrixFormatTest.StringFormat2" executed="True" result="Success" success="True" time="0.001">
      </test-case>
      <test-case name="Accord.Tests.Math.MatrixFormatTest.ToStringTest" executed="True" result="Success" success="True" time="0.001">
      </test-case>
      <test-case name="Accord.Tests.Math.MatrixFormatTest.ToStringTest2" executed="True" result="Success" success="True" time="0.001">
      </test-case>
      <test-case name="Accord.Tests.Math.MatrixFormatTest.ToStringTest3" executed="True" result="Success" success="True" time="0.004">
      </test-case>
      <test-case name="Accord.Tests.Math.MatrixTest.AbsTest" executed="True" result="Success" success="True" time="0.003">
      </test-case>
      <test-case name="Accord.Tests.Math.MatrixTest.AddMatrixAndVectorTest" executed="True" result="Success" success="True" time="0.002">
      </test-case>
      <test-case name="Accord.Tests.Math.MatrixTest.AddTest" executed="True" result="Success" success="True" time="0.001">
      </test-case>
      <test-case name="Accord.Tests.Math.MatrixTest.AddTest1" executed="True" result="Success" success="True" time="0.001">
      </test-case>
      <test-case name="Accord.Tests.Math.MatrixTest.AddToDiagTest1" executed="True" result="Success" success="True" time="0.001">
      </test-case>
      <test-case name="Accord.Tests.Math.MatrixTest.AddToDiagTest2" executed="True" result="Success" success="True" time="0.001">
      </test-case>
      <test-case name="Accord.Tests.Math.MatrixTest.ApplyInPlaceTest" executed="True" result="Success" success="True" time="0.003">
      </test-case>
      <test-case name="Accord.Tests.Math.MatrixTest.ApplyTest" executed="True" result="Success" success="True" time="0.001">
      </test-case>
      <test-case name="Accord.Tests.Math.MatrixTest.ApplyTest1" executed="True" result="Success" success="True" time="0.003">
      </test-case>
      <test-case name="Accord.Tests.Math.MatrixTest.ApplyTest2" executed="True" result="Success" success="True" time="0.002">
      </test-case>
      <test-case name="Accord.Tests.Math.MatrixTest.ApplyTest3" executed="True" result="Success" success="True" time="0.001">
      </test-case>
      <test-case name="Accord.Tests.Math.MatrixTest.ApplyTest4" executed="True" result="Success" success="True" time="0.001">
      </test-case>
      <test-case name="Accord.Tests.Math.MatrixTest.ApplyTest5" executed="True" result="Success" success="True" time="0.003">
      </test-case>
      <test-case name="Accord.Tests.Math.MatrixTest.CartesianProductTest" executed="True" result="Success" success="True" time="0.010">
      </test-case>
      <test-case name="Accord.Tests.Math.MatrixTest.CartesianProductTest2" executed="True" result="Success" success="True" time="0.001">
      </test-case>
      <test-case name="Accord.Tests.Math.MatrixTest.CartesianProductTest3" executed="True" result="Success" success="True" time="0.002">
      </test-case>
      <test-case name="Accord.Tests.Math.MatrixTest.CeilingTest" executed="True" result="Success" success="True" time="0.001">
      </test-case>
      <test-case name="Accord.Tests.Math.MatrixTest.CeilingTest1" executed="True" result="Success" success="True" time="0.001">
      </test-case>
      <test-case name="Accord.Tests.Math.MatrixTest.CenteringTest" executed="True" result="Success" success="True" time="0.003">
      </test-case>
      <test-case name="Accord.Tests.Math.MatrixTest.ColumnVectorTest" executed="True" result="Success" success="True" time="0.001">
      </test-case>
      <test-case name="Accord.Tests.Math.MatrixTest.CombineTest1" executed="True" result="Success" success="True" time="0.001">
      </test-case>
      <test-case name="Accord.Tests.Math.MatrixTest.CombineTest3" executed="True" result="Success" success="True" time="0.001">
      </test-case>
      <test-case name="Accord.Tests.Math.MatrixTest.CombineTest4" executed="True" result="Success" success="True" time="0.001">
      </test-case>
      <test-case name="Accord.Tests.Math.MatrixTest.CombineTest5" executed="True" result="Success" success="True" time="0.001">
      </test-case>
      <test-case name="Accord.Tests.Math.MatrixTest.ConcatenateTest" executed="True" result="Success" success="True" time="0.005">
      </test-case>
      <test-case name="Accord.Tests.Math.MatrixTest.ConcatenateTest2" executed="True" result="Success" success="True" time="0.003">
      </test-case>
      <test-case name="Accord.Tests.Math.MatrixTest.ConvolveTest" executed="True" result="Success" success="True" time="0.002">
      </test-case>
      <test-case name="Accord.Tests.Math.MatrixTest.ConvolveTest2" executed="True" result="Success" success="True" time="0.001">
      </test-case>
      <test-case name="Accord.Tests.Math.MatrixTest.CumulativeSumTest" executed="True" result="Success" success="True" time="0.002">
      </test-case>
      <test-case name="Accord.Tests.Math.MatrixTest.DeterminantTest" executed="True" result="Success" success="True" time="0.000">
      </test-case>
      <test-case name="Accord.Tests.Math.MatrixTest.DeterminantTest2" executed="True" result="Success" success="True" time="0.002">
      </test-case>
      <test-case name="Accord.Tests.Math.MatrixTest.DeterminantTest3" executed="True" result="Success" success="True" time="0.001">
      </test-case>
      <test-case name="Accord.Tests.Math.MatrixTest.DiagonalTest" executed="True" result="Success" success="True" time="0.001">
      </test-case>
      <test-case name="Accord.Tests.Math.MatrixTest.DiagonalTest2" executed="True" result="Success" success="True" time="0.000">
      </test-case>
      <test-case name="Accord.Tests.Math.MatrixTest.DivideByDiagonalTest" executed="True" result="Success" success="True" time="0.006">
      </test-case>
      <test-case name="Accord.Tests.Math.MatrixTest.DivideTest" executed="True" result="Success" success="True" time="0.001">
      </test-case>
      <test-case name="Accord.Tests.Math.MatrixTest.DivideTest1" executed="True" result="Success" success="True" time="0.001">
      </test-case>
      <test-case name="Accord.Tests.Math.MatrixTest.DivideTest2" executed="True" result="Success" success="True" time="0.001">
      </test-case>
      <test-case name="Accord.Tests.Math.MatrixTest.DivideTest3" executed="True" result="Success" success="True" time="0.001">
      </test-case>
      <test-case name="Accord.Tests.Math.MatrixTest.DivideTest4" executed="True" result="Success" success="True" time="0.001">
      </test-case>
      <test-case name="Accord.Tests.Math.MatrixTest.ElementwiseDivideTest" executed="True" result="Success" success="True" time="0.002">
      </test-case>
      <test-case name="Accord.Tests.Math.MatrixTest.ElementwiseDivideTest1" executed="True" result="Success" success="True" time="0.001">
      </test-case>
      <test-case name="Accord.Tests.Math.MatrixTest.ElementwiseDivideTest2" executed="True" result="Success" success="True" time="0.001">
      </test-case>
      <test-case name="Accord.Tests.Math.MatrixTest.ElementwiseMultiplyTest" executed="True" result="Success" success="True" time="0.001">
      </test-case>
      <test-case name="Accord.Tests.Math.MatrixTest.ElementwiseMultiplyTest1" executed="True" result="Success" success="True" time="0.001">
      </test-case>
      <test-case name="Accord.Tests.Math.MatrixTest.ElementwiseMultiplyTest2" executed="True" result="Success" success="True" time="0.002">
      </test-case>
      <test-case name="Accord.Tests.Math.MatrixTest.ElementwiseMultiplyTest3" executed="True" result="Success" success="True" time="0.000">
      </test-case>
      <test-case name="Accord.Tests.Math.MatrixTest.ElementwiseMultiplyTest4" executed="True" result="Success" success="True" time="0.002">
      </test-case>
      <test-case name="Accord.Tests.Math.MatrixTest.ElementwiseMultiplyTest5" executed="True" result="Success" success="True" time="0.001">
      </test-case>
      <test-case name="Accord.Tests.Math.MatrixTest.ElementwisePowerTest" executed="True" result="Success" success="True" time="0.001">
      </test-case>
      <test-case name="Accord.Tests.Math.MatrixTest.ExpandTest" executed="True" result="Success" success="True" time="0.002">
      </test-case>
      <test-case name="Accord.Tests.Math.MatrixTest.FindTest" executed="True" result="Success" success="True" time="0.002">
      </test-case>
      <test-case name="Accord.Tests.Math.MatrixTest.FloorTest" executed="True" result="Success" success="True" time="0.001">
      </test-case>
      <test-case name="Accord.Tests.Math.MatrixTest.FloorTest1" executed="True" result="Success" success="True" time="0.001">
      </test-case>
      <test-case name="Accord.Tests.Math.MatrixTest.FromTableToArrayTest" executed="True" result="Success" success="True" time="0.004">
      </test-case>
      <test-case name="Accord.Tests.Math.MatrixTest.IndexesTest" executed="True" result="Success" success="True" time="0.000">
      </test-case>
      <test-case name="Accord.Tests.Math.MatrixTest.InsertColumnTest" executed="True" result="Success" success="True" time="0.001">
      </test-case>
      <test-case name="Accord.Tests.Math.MatrixTest.InsertRowTest" executed="True" result="Success" success="True" time="0.003">
      </test-case>
      <test-case name="Accord.Tests.Math.MatrixTest.InsertRowTest2" executed="True" result="Success" success="True" time="0.004">
      </test-case>
      <test-case name="Accord.Tests.Math.MatrixTest.InsertRowTest3" executed="True" result="Success" success="True" time="0.002">
      </test-case>
      <test-case name="Accord.Tests.Math.MatrixTest.InsertRowTest4" executed="True" result="Success" success="True" time="0.004">
      </test-case>
      <test-case name="Accord.Tests.Math.MatrixTest.InsertRowTest5" executed="True" result="Success" success="True" time="0.005">
      </test-case>
      <test-case name="Accord.Tests.Math.MatrixTest.IntervalTest" executed="True" result="Success" success="True" time="0.002">
      </test-case>
      <test-case name="Accord.Tests.Math.MatrixTest.IntervalTest1" executed="True" result="Success" success="True" time="0.001">
      </test-case>
      <test-case name="Accord.Tests.Math.MatrixTest.IntervalTest2" executed="True" result="Success" success="True" time="0.001">
      </test-case>
      <test-case name="Accord.Tests.Math.MatrixTest.InverseTest2x2" executed="True" result="Success" success="True" time="0.000">
      </test-case>
      <test-case name="Accord.Tests.Math.MatrixTest.InverseTest3x3" executed="True" result="Success" success="True" time="0.001">
      </test-case>
      <test-case name="Accord.Tests.Math.MatrixTest.IsEqualTest" executed="True" result="Success" success="True" time="0.001">
      </test-case>
      <test-case name="Accord.Tests.Math.MatrixTest.IsEqualTest1" executed="True" result="Success" success="True" time="0.001">
      </test-case>
      <test-case name="Accord.Tests.Math.MatrixTest.IsEqualTest2" executed="True" result="Success" success="True" time="0.001">
      </test-case>
      <test-case name="Accord.Tests.Math.MatrixTest.IsEqualTest3" executed="True" result="Success" success="True" time="0.001">
      </test-case>
      <test-case name="Accord.Tests.Math.MatrixTest.IsSymmetricTest" executed="True" result="Success" success="True" time="0.001">
      </test-case>
      <test-case name="Accord.Tests.Math.MatrixTest.MagicTest" executed="True" result="Success" success="True" time="0.003">
      </test-case>
      <test-case name="Accord.Tests.Math.MatrixTest.MatrixSubmatrix" executed="True" result="Success" success="True" time="0.001">
      </test-case>
      <test-case name="Accord.Tests.Math.MatrixTest.MatrixSubmatrix2" executed="True" result="Success" success="True" time="0.001">
      </test-case>
      <test-case name="Accord.Tests.Math.MatrixTest.MaxMinTest" executed="True" result="Success" success="True" time="0.005">
      </test-case>
      <test-case name="Accord.Tests.Math.MatrixTest.MaxMinTest1" executed="True" result="Success" success="True" time="0.001">
      </test-case>
      <test-case name="Accord.Tests.Math.MatrixTest.MeshTest" executed="True" result="Success" success="True" time="0.016">
      </test-case>
      <test-case name="Accord.Tests.Math.MatrixTest.MultiplyByDiagonalTest" executed="True" result="Success" success="True" time="0.002">
      </test-case>
      <test-case name="Accord.Tests.Math.MatrixTest.MultiplyByTransposeTest" executed="True" result="Success" success="True" time="0.001">
      </test-case>
      <test-case name="Accord.Tests.Math.MatrixTest.MultiplyByTransposeTest2" executed="True" result="Success" success="True" time="0.000">
      </test-case>
      <test-case name="Accord.Tests.Math.MatrixTest.MultiplyByTransposeTestFloat" executed="True" result="Success" success="True" time="0.002">
      </test-case>
      <test-case name="Accord.Tests.Math.MatrixTest.MultiplyMatrixVectorTest" executed="True" result="Success" success="True" time="0.001">
      </test-case>
      <test-case name="Accord.Tests.Math.MatrixTest.MultiplyTwoMatrices" executed="True" result="Success" success="True" time="0.001">
      </test-case>
      <test-case name="Accord.Tests.Math.MatrixTest.MultiplyTwoMatrices2" executed="True" result="Success" success="True" time="0.002">
      </test-case>
      <test-case name="Accord.Tests.Math.MatrixTest.MultiplyTwoMatrices3" executed="True" result="Success" success="True" time="0.002">
      </test-case>
      <test-case name="Accord.Tests.Math.MatrixTest.MultiplyVectorMatrixTest" executed="True" result="Success" success="True" time="0.001">
      </test-case>
      <test-case name="Accord.Tests.Math.MatrixTest.OuterProductTest" executed="True" result="Success" success="True" time="0.001">
      </test-case>
      <test-case name="Accord.Tests.Math.MatrixTest.PositiveDefiniteJaggedTest" executed="True" result="Success" success="True" time="0.002">
      </test-case>
      <test-case name="Accord.Tests.Math.MatrixTest.PositiveDefiniteJaggedTest2" executed="True" result="Success" success="True" time="0.001">
      </test-case>
      <test-case name="Accord.Tests.Math.MatrixTest.PositiveDefiniteTest" executed="True" result="Success" success="True" time="0.000">
      </test-case>
      <test-case name="Accord.Tests.Math.MatrixTest.PositiveDefiniteTest2" executed="True" result="Success" success="True" time="0.000">
      </test-case>
      <test-case name="Accord.Tests.Math.MatrixTest.PowerTest" executed="True" result="Success" success="True" time="0.001">
      </test-case>
      <test-case name="Accord.Tests.Math.MatrixTest.PowerTest1" executed="True" result="Success" success="True" time="0.002">
      </test-case>
      <test-case name="Accord.Tests.Math.MatrixTest.PowerTest2" executed="True" result="Success" success="True" time="0.001">
      </test-case>
      <test-case name="Accord.Tests.Math.MatrixTest.ProductsTest1" executed="True" result="Success" success="True" time="0.016">
      </test-case>
      <test-case name="Accord.Tests.Math.MatrixTest.ProductTest" executed="True" result="Success" success="True" time="0.001">
      </test-case>
      <test-case name="Accord.Tests.Math.MatrixTest.ProductTest1" executed="True" result="Success" success="True" time="0.001">
      </test-case>
      <test-case name="Accord.Tests.Math.MatrixTest.PseudoInverse" executed="True" result="Success" success="True" time="0.001">
      </test-case>
      <test-case name="Accord.Tests.Math.MatrixTest.PseudoInverse1" executed="True" result="Success" success="True" time="0.001">
      </test-case>
      <test-case name="Accord.Tests.Math.MatrixTest.PseudoInverse2" executed="True" result="Success" success="True" time="0.001">
      </test-case>
      <test-case name="Accord.Tests.Math.MatrixTest.PseudoInverse3" executed="True" result="Success" success="True" time="0.001">
      </test-case>
      <test-case name="Accord.Tests.Math.MatrixTest.RemoveColumnTest" executed="True" result="Success" success="True" time="0.002">
      </test-case>
      <test-case name="Accord.Tests.Math.MatrixTest.RemoveRowTest" executed="True" result="Success" success="True" time="0.002">
      </test-case>
      <test-case name="Accord.Tests.Math.MatrixTest.ReshapeTest" executed="True" result="Success" success="True" time="0.003">
      </test-case>
      <test-case name="Accord.Tests.Math.MatrixTest.ReshapeTest1" executed="True" result="Success" success="True" time="0.002">
      </test-case>
      <test-case name="Accord.Tests.Math.MatrixTest.ReshapeTest2" executed="True" result="Success" success="True" time="0.004">
      </test-case>
      <test-case name="Accord.Tests.Math.MatrixTest.ReshapeTest3" executed="True" result="Success" success="True" time="0.001">
      </test-case>
      <test-case name="Accord.Tests.Math.MatrixTest.RowVectorTest" executed="True" result="Success" success="True" time="0.002">
      </test-case>
      <test-case name="Accord.Tests.Math.MatrixTest.SolveTest" executed="True" result="Success" success="True" time="0.001">
      </test-case>
      <test-case name="Accord.Tests.Math.MatrixTest.SolveTest1" executed="True" result="Success" success="True" time="0.004">
      </test-case>
      <test-case name="Accord.Tests.Math.MatrixTest.SolveTest2" executed="True" result="Success" success="True" time="0.001">
      </test-case>
      <test-case name="Accord.Tests.Math.MatrixTest.SolveTest3" executed="True" result="Success" success="True" time="0.003">
      </test-case>
      <test-case name="Accord.Tests.Math.MatrixTest.SolveTest4" executed="True" result="Success" success="True" time="0.001">
      </test-case>
      <test-case name="Accord.Tests.Math.MatrixTest.SolveTest5" executed="True" result="Success" success="True" time="0.001">
      </test-case>
      <test-case name="Accord.Tests.Math.MatrixTest.SqrtTest" executed="True" result="Success" success="True" time="0.001">
      </test-case>
      <test-case name="Accord.Tests.Math.MatrixTest.SubgroupTest1" executed="True" result="Success" success="True" time="0.004">
      </test-case>
      <test-case name="Accord.Tests.Math.MatrixTest.SubgroupTest2" executed="True" result="Success" success="True" time="0.001">
      </test-case>
      <test-case name="Accord.Tests.Math.MatrixTest.SubgroupTest3" executed="True" result="Success" success="True" time="0.004">
      </test-case>
      <test-case name="Accord.Tests.Math.MatrixTest.SubmatrixTest" executed="True" result="Success" success="True" time="0.001">
      </test-case>
      <test-case name="Accord.Tests.Math.MatrixTest.SubmatrixTest1" executed="True" result="Success" success="True" time="0.001">
      </test-case>
      <test-case name="Accord.Tests.Math.MatrixTest.SubtractTest" executed="True" result="Success" success="True" time="0.001">
      </test-case>
      <test-case name="Accord.Tests.Math.MatrixTest.SubtractTest1" executed="True" result="Success" success="True" time="0.001">
      </test-case>
      <test-case name="Accord.Tests.Math.MatrixTest.SumTest" executed="True" result="Success" success="True" time="0.002">
      </test-case>
      <test-case name="Accord.Tests.Math.MatrixTest.SumTest1" executed="True" result="Success" success="True" time="0.000">
      </test-case>
      <test-case name="Accord.Tests.Math.MatrixTest.SumTest2" executed="True" result="Success" success="True" time="0.002">
      </test-case>
      <test-case name="Accord.Tests.Math.MatrixTest.SumTest4" executed="True" result="Success" success="True" time="0.001">
      </test-case>
      <test-case name="Accord.Tests.Math.MatrixTest.SumTest5" executed="True" result="Success" success="True" time="0.001">
      </test-case>
      <test-case name="Accord.Tests.Math.MatrixTest.SumTest6" executed="True" result="Success" success="True" time="0.001">
      </test-case>
      <test-case name="Accord.Tests.Math.MatrixTest.TensorProductTest" executed="True" result="Success" success="True" time="0.001">
      </test-case>
      <test-case name="Accord.Tests.Math.MatrixTest.TensorProductTest2" executed="True" result="Success" success="True" time="0.000">
      </test-case>
      <test-case name="Accord.Tests.Math.MatrixTest.ToArrayTest" executed="True" result="Success" success="True" time="0.015">
      </test-case>
      <test-case name="Accord.Tests.Math.MatrixTest.ToArrayTest1" executed="True" result="Success" success="True" time="0.003">
      </test-case>
      <test-case name="Accord.Tests.Math.MatrixTest.ToDoubleTest" executed="True" result="Success" success="True" time="0.000">
      </test-case>
      <test-case name="Accord.Tests.Math.MatrixTest.ToMatrixTest" executed="True" result="Success" success="True" time="0.002">
      </test-case>
      <test-case name="Accord.Tests.Math.MatrixTest.ToMatrixTest2" executed="True" result="Success" success="True" time="0.002">
      </test-case>
      <test-case name="Accord.Tests.Math.MatrixTest.TopBottomTest" executed="True" result="Success" success="True" time="0.003">
      </test-case>
      <test-case name="Accord.Tests.Math.MatrixTest.TopBottomTest2" executed="True" result="Success" success="True" time="0.010">
      </test-case>
      <test-case name="Accord.Tests.Math.MatrixTest.ToTableTest" executed="True" result="Success" success="True" time="0.005">
      </test-case>
      <test-case name="Accord.Tests.Math.MatrixTest.TraceTest" executed="True" result="Success" success="True" time="0.001">
      </test-case>
      <test-case name="Accord.Tests.Math.MatrixTest.TransposeAndMultiplyByDiagonalTest" executed="True" result="Success" success="True" time="0.001">
      </test-case>
      <test-case name="Accord.Tests.Math.MatrixTest.TransposeAndMultiplyTest" executed="True" result="Success" success="True" time="0.001">
      </test-case>
      <test-case name="Accord.Tests.Math.MatrixTest.TransposeTest" executed="True" result="Success" success="True" time="0.002">
      </test-case>
      <test-case name="Accord.Tests.Math.MatrixTest.TransposeTest2" executed="True" result="Success" success="True" time="0.001">
      </test-case>
      <test-case name="Accord.Tests.Math.MatrixTest.TransposeTest3" executed="True" result="Success" success="True" time="0.001">
      </test-case>
      <test-case name="Accord.Tests.Math.MatrixTest.UpperTriangularTest" executed="True" result="Success" success="True" time="0.003">
      </test-case>
      <test-case name="Accord.Tests.Math.MatrixTest.UpperTriangularTest2" executed="True" result="Success" success="True" time="0.011">
      </test-case>
      <test-case name="Accord.Tests.Math.NonlinearConstraintTest.ConstructorTest6" executed="True" result="Success" success="True" time="0.004">
      </test-case>
      <test-case name="Accord.Tests.Math.NonlinearConstraintTest.GetViolationTest1" executed="True" result="Success" success="True" time="0.002">
      </test-case>
      <test-case name="Accord.Tests.Math.NonnegativeMatrixFactorizationTest.NonNegativeMatrixFactorizationConstructorTest" executed="True" result="Success" success="True" time="0.004">
      </test-case>
      <test-case name="Accord.Tests.Math.NonnegativeMatrixFactorizationTest.NonNegativeMatrixFactorizationConstructorTest2" executed="True" result="Success" success="True" time="0.004">
      </test-case>
      <test-case name="Accord.Tests.Math.NormalTest.BatchTest" executed="True" result="Success" success="True" time="0.003">
      </test-case>
      <test-case name="Accord.Tests.Math.NormalTest.BatchTest2" executed="True" result="Success" success="True" time="0.001">
      </test-case>
      <test-case name="Accord.Tests.Math.NormalTest.BivariateFunctionTest" executed="True" result="Success" success="True" time="0.004">
      </test-case>
      <test-case name="Accord.Tests.Math.NormalTest.FunctionTest" executed="True" result="Success" success="True" time="0.000">
      </test-case>
      <test-case name="Accord.Tests.Math.NormalTest.InverseTest" executed="True" result="Success" success="True" time="0.000">
      </test-case>
      <test-case name="Accord.Tests.Math.NormTest.EuclideanTest" executed="True" result="Success" success="True" time="0.002">
      </test-case>
      <test-case name="Accord.Tests.Math.NormTest.EuclideanTest1" executed="True" result="Success" success="True" time="0.002">
      </test-case>
      <test-case name="Accord.Tests.Math.NormTest.FrobeniusTest" executed="True" result="Success" success="True" time="0.001">
      </test-case>
      <test-case name="Accord.Tests.Math.NormTest.Norm1Test" executed="True" result="Success" success="True" time="0.001">
      </test-case>
      <test-case name="Accord.Tests.Math.NormTest.Norm2Test" executed="True" result="Success" success="True" time="0.001">
      </test-case>
      <test-case name="Accord.Tests.Math.OctaveEnvironmentTest.eyeTest" executed="True" result="Success" success="True" time="0.003">
      </test-case>
      <test-case name="Accord.Tests.Math.OctaveEnvironmentTest.svdTest" executed="True" result="Success" success="True" time="0.003">
      </test-case>
      <test-case name="Accord.Tests.Math.PlaneTest.FromPointsTest" executed="True" result="Success" success="True" time="0.001">
      </test-case>
      <test-case name="Accord.Tests.Math.PlaneTest.FromPointsTest2" executed="True" result="Success" success="True" time="0.001">
      </test-case>
      <test-case name="Accord.Tests.Math.PlaneTest.ToStringTest" executed="True" result="Success" success="True" time="0.002">
      </test-case>
      <test-case name="Accord.Tests.Math.Point3Test.CollinearTest" executed="True" result="Success" success="True" time="0.001">
      </test-case>
      <test-case name="Accord.Tests.Math.QrDecompositionTest.InverseTest" executed="True" result="Success" success="True" time="0.002">
      </test-case>
      <test-case name="Accord.Tests.Math.QrDecompositionTest.QrDecompositionConstructorTest" executed="True" result="Success" success="True" time="0.002">
      </test-case>
      <test-case name="Accord.Tests.Math.QrDecompositionTest.SolveTest" executed="True" result="Success" success="True" time="0.001">
      </test-case>
      <test-case name="Accord.Tests.Math.QrDecompositionTest.SolveTest2" executed="True" result="Success" success="True" time="0.001">
      </test-case>
      <test-case name="Accord.Tests.Math.QrDecompositionTest.SolveTransposeTest" executed="True" result="Success" success="True" time="0.001">
      </test-case>
      <test-case name="Accord.Tests.Math.QuadraticObjectiveFunctionTest.FunctionTest" executed="True" result="Success" success="True" time="0.002">
      </test-case>
      <test-case name="Accord.Tests.Math.QuadraticObjectiveFunctionTest.HomogeneousTest" executed="True" result="Success" success="True" time="0.002">
      </test-case>
      <test-case name="Accord.Tests.Math.QuadraticObjectiveFunctionTest.HomogeneousTest2" executed="True" result="Success" success="True" time="0.001">
      </test-case>
      <test-case name="Accord.Tests.Math.QuadraticObjectiveFunctionTest.LinearTest" executed="True" result="Success" success="True" time="0.002">
      </test-case>
      <test-case name="Accord.Tests.Math.QuadraticObjectiveFunctionTest.QuadraticConstructorTest" executed="True" result="Success" success="True" time="0.002">
      </test-case>
      <test-case name="Accord.Tests.Math.ReducedRowEchelonFormTest.ReducedRowEchelonFormConstructorTest" executed="True" result="Success" success="True" time="0.001">
      </test-case>
      <test-case name="Accord.Tests.Math.ReducedRowEchelonFormTest.ReducedRowEchelonFormConstructorTest2" executed="True" result="Success" success="True" time="0.001">
      </test-case>
      <test-case name="Accord.Tests.Math.RelativeConvergenceTest.RelativeConvergenceConstructorTest" executed="True" result="Success" success="True" time="0.001">
      </test-case>
      <test-case name="Accord.Tests.Math.RelativeParameterConvergenceTest.RelativeParameterConstructorTest" executed="True" result="Success" success="True" time="0.002">
      </test-case>
      <test-case name="Accord.Tests.Math.REnvironmentTest.eyeTest" executed="True" result="Success" success="True" time="0.002">
      </test-case>
      <test-case name="Accord.Tests.Math.SingularValueDecompositionTest.InverseTest" executed="True" result="Success" success="True" time="0.001">
      </test-case>
      <test-case name="Accord.Tests.Math.SingularValueDecompositionTest.SingularValueDecompositionConstructorTest1" executed="True" result="Success" success="True" time="0.002">
      </test-case>
      <test-case name="Accord.Tests.Math.SingularValueDecompositionTest.SingularValueDecompositionConstructorTest2" executed="True" result="Success" success="True" time="0.001">
      </test-case>
      <test-case name="Accord.Tests.Math.SingularValueDecompositionTest.SingularValueDecompositionConstructorTest3" executed="True" result="Success" success="True" time="0.001">
      </test-case>
      <test-case name="Accord.Tests.Math.SingularValueDecompositionTest.SingularValueDecompositionConstructorTest4" executed="True" result="Success" success="True" time="0.001">
      </test-case>
      <test-case name="Accord.Tests.Math.SingularValueDecompositionTest.SingularValueDecompositionConstructorTest5" executed="True" result="Success" success="True" time="0.001">
      </test-case>
      <test-case name="Accord.Tests.Math.SingularValueDecompositionTest.SingularValueDecompositionConstructorTest6" executed="True" result="Success" success="True" time="0.001">
      </test-case>
      <test-case name="Accord.Tests.Math.SingularValueDecompositionTest.SingularValueDecompositionConstructorTest7" executed="True" result="Success" success="True" time="0.002">
      </test-case>
      <test-case name="Accord.Tests.Math.SpecialTest.BinomialTest" executed="True" result="Success" success="True" time="0.001">
      </test-case>
      <test-case name="Accord.Tests.Math.SpecialTest.BinomialTest2" executed="True" result="Success" success="True" time="0.000">
      </test-case>
      <test-case name="Accord.Tests.Math.SpecialTest.EpsilonTest" executed="True" result="Success" success="True" time="0.001">
      </test-case>
      <test-case name="Accord.Tests.Math.SpecialTest.FactorialTest" executed="True" result="Success" success="True" time="0.000">
      </test-case>
      <test-case name="Accord.Tests.Math.SpecialTest.LnFactorialTest" executed="True" result="Success" success="True" time="0.000">
      </test-case>
      <test-case name="Accord.Tests.Math.SpecialTest.Log1pTest" executed="True" result="Success" success="True" time="0.001">
      </test-case>
      <test-case name="Accord.Tests.Math.ToolsTest.AcoshTest" executed="True" result="Success" success="True" time="0.000">
      </test-case>
      <test-case name="Accord.Tests.Math.ToolsTest.AsinhTest" executed="True" result="Success" success="True" time="0.000">
      </test-case>
      <test-case name="Accord.Tests.Math.ToolsTest.AtanhTest" executed="True" result="Success" success="True" time="0.000">
      </test-case>
      <test-case name="Accord.Tests.Math.ToolsTest.DirectionTest" executed="True" result="Success" success="True" time="0.002">
      </test-case>
      <test-case name="Accord.Tests.Math.ToolsTest.InvSqrtTest" executed="True" result="Success" success="True" time="0.002">
      </test-case>
      <test-case name="Accord.Tests.Math.ToolsTest.ScaleTest" executed="True" result="Success" success="True" time="0.002">
      </test-case>
      <test-case name="Accord.Tests.Math.ToolsTest.ScaleTest1" executed="True" result="Success" success="True" time="0.001">
      </test-case>
      <test-case name="Accord.Tests.Math.ToolsTest.ScaleTest2" executed="True" result="Success" success="True" time="0.001">
      </test-case>
      <test-case name="Accord.Tests.Math.ToolsTest.ScaleTest3" executed="True" result="Success" success="True" time="0.012">
      </test-case>
      <test-case name="Accord.Tests.Math.ToolsTest.ScaleTest4" executed="True" result="Success" success="True" time="0.001">
      </test-case>
      <test-case name="Accord.Tests.Neuro.BernoulliFunctionTest.ConstructorTest" executed="True" result="Success" success="True" time="0.001">
      </test-case>
      <test-case name="Accord.Tests.Neuro.ContrastiveDivergenceLearningTest.RunTest" executed="False" result="Ignored">
        <reason>
          <message>
          </message>
        </reason>
      </test-case>
      <test-case name="Accord.Tests.Neuro.ContrastiveDivergenceLearningTest.RunTest2" executed="True" result="Success" success="True" time="0.146">
      </test-case>
      <test-case name="Accord.Tests.Neuro.DeepBeliefNetworkTest.ConstructorTest" executed="True" result="Success" success="True" time="0.004">
      </test-case>
      <test-case name="Accord.Tests.Neuro.DeepBeliefNetworkTest.CreateActivationNetworkTest" executed="False" result="Ignored">
        <reason>
          <message>
          </message>
        </reason>
      </test-case>
      <test-case name="Accord.Tests.Neuro.DeepBeliefNetworkTest.ExampleTest1" executed="True" result="Success" success="True" time="0.237">
      </test-case>
      <test-case name="Accord.Tests.Neuro.DeepBeliefNetworkTest.PushPopTest" executed="True" result="Success" success="True" time="0.004">
      </test-case>
      <test-case name="Accord.Tests.Neuro.GaussianFunctionTest.ConstructorTest" executed="True" result="Success" success="True" time="0.001">
      </test-case>
      <test-case name="Accord.Tests.Neuro.LevenbergMarquardtLearningTest.BlockHessianTest1" executed="True" result="Failure" success="False" time="0.015">
        <failure>
          <message>
<![CDATA[  Expected: 0.10289648175239563d +/- 1.0000000000000001E-05d
  But was:  0.10290993005037308d
]]>
          </message>
          <stack-trace>
<![CDATA[at Accord.Tests.Neuro.LevenbergMarquardtLearningTest.BlockHessianTest1 () [0x00229] in /Users/davidgutierrezpalma/Desarrollo/Personal/Proyectos/Unity3D/ai4unity/src/Assets/Accord.NET/Editor/Tests/Accord.Tests.Neuro/LevenbergMarquardtLearningTest.cs:589
]]>
          </stack-trace>
        </failure>
      </test-case>
      <test-case name="Accord.Tests.Neuro.LevenbergMarquardtLearningTest.ConstructorTest" executed="True" result="Success" success="True" time="0.245">
      </test-case>
      <test-case name="Accord.Tests.Neuro.LevenbergMarquardtLearningTest.RunEpochTest1" executed="True" result="Success" success="True" time="0.004">
      </test-case>
      <test-case name="Accord.Tests.Neuro.LevenbergMarquardtLearningTest.RunEpochTest2" executed="True" result="Success" success="True" time="0.002">
      </test-case>
      <test-case name="Accord.Tests.Neuro.LevenbergMarquardtLearningTest.RunEpochTest3" executed="True" result="Success" success="True" time="0.439">
      </test-case>
      <test-case name="Accord.Tests.Neuro.LevenbergMarquardtLearningTest.RunEpochTest4" executed="True" result="Success" success="True" time="0.011">
      </test-case>
      <test-case name="Accord.Tests.Neuro.RestrictedBoltzmannNetworkTest.CreateActivationNetworkTest" executed="False" result="Ignored">
        <reason>
          <message>
          </message>
        </reason>
      </test-case>
      <test-case name="Accord.Tests.Neuro.RestrictedBoltzmannNetworkTest.NetworkTest2" executed="True" result="Success" success="True" time="0.205">
      </test-case>
      <test-case name="Accord.Tests.Statistics.AnovaTest.FunctionTest" executed="True" result="Success" success="True" time="0.003">
      </test-case>
      <test-case name="Accord.Tests.Statistics.AnovaTest.FunctionTest2" executed="True" result="Success" success="True" time="0.001">
      </test-case>
      <test-case name="Accord.Tests.Statistics.AnovaTest.FunctionTest3" executed="True" result="Success" success="True" time="0.001">
      </test-case>
      <test-case name="Accord.Tests.Statistics.BartlettTestTest.BartlettTestConstructorTest" executed="True" result="Success" success="True" time="0.005">
      </test-case>
      <test-case name="Accord.Tests.Statistics.BernoulliDistributionTest.ComplementaryDistributionFunctionTest" executed="True" result="Success" success="True" time="0.001">
      </test-case>
      <test-case name="Accord.Tests.Statistics.BernoulliDistributionTest.ConstructorTest" executed="True" result="Success" success="True" time="0.003">
      </test-case>
      <test-case name="Accord.Tests.Statistics.BernoulliDistributionTest.DistributionFunctionTest" executed="True" result="Success" success="True" time="0.001">
      </test-case>
      <test-case name="Accord.Tests.Statistics.BernoulliDistributionTest.LogProbabilityMassFunctionTest" executed="True" result="Success" success="True" time="0.000">
      </test-case>
      <test-case name="Accord.Tests.Statistics.BernoulliDistributionTest.MedianTest" executed="True" result="Success" success="True" time="0.001">
      </test-case>
      <test-case name="Accord.Tests.Statistics.BernoulliDistributionTest.ProbabilityMassFunctionTest" executed="True" result="Success" success="True" time="0.000">
      </test-case>
      <test-case name="Accord.Tests.Statistics.BetaDistributionTest.BetaDistributionConstructorTest" executed="True" result="Success" success="True" time="0.001">
      </test-case>
      <test-case name="Accord.Tests.Statistics.BetaDistributionTest.BetaMeanTest" executed="True" result="Success" success="True" time="0.003">
      </test-case>
      <test-case name="Accord.Tests.Statistics.BetaDistributionTest.BetaMeanTest2" executed="True" result="Success" success="True" time="0.001">
      </test-case>
      <test-case name="Accord.Tests.Statistics.BetaDistributionTest.BetaMeanTest3" executed="True" result="Success" success="True" time="0.001">
      </test-case>
      <test-case name="Accord.Tests.Statistics.BetaDistributionTest.MedianTest" executed="True" result="Success" success="True" time="0.001">
      </test-case>
      <test-case name="Accord.Tests.Statistics.BhapkarTestTest.BhapkarTestConstructorTest" executed="True" result="Success" success="True" time="0.003">
      </test-case>
      <test-case name="Accord.Tests.Statistics.BinomialDistributionTest.BinomialDistributionConstructorTest" executed="True" result="Success" success="True" time="0.001">
      </test-case>
      <test-case name="Accord.Tests.Statistics.BinomialDistributionTest.CloneTest" executed="True" result="Success" success="True" time="0.001">
      </test-case>
      <test-case name="Accord.Tests.Statistics.BinomialDistributionTest.ConstructorTest" executed="True" result="Success" success="True" time="0.003">
      </test-case>
      <test-case name="Accord.Tests.Statistics.BinomialDistributionTest.DistributionFunctionTest" executed="True" result="Success" success="True" time="0.002">
      </test-case>
      <test-case name="Accord.Tests.Statistics.BinomialDistributionTest.DistributionFunctionTest2" executed="True" result="Success" success="True" time="0.001">
      </test-case>
      <test-case name="Accord.Tests.Statistics.BinomialDistributionTest.DistributionFunctionTest3" executed="True" result="Success" success="True" time="0.000">
      </test-case>
      <test-case name="Accord.Tests.Statistics.BinomialDistributionTest.FitTest" executed="True" result="Success" success="True" time="0.001">
      </test-case>
      <test-case name="Accord.Tests.Statistics.BinomialDistributionTest.InverseDistributionFunctionTest" executed="True" result="Success" success="True" time="0.001">
      </test-case>
      <test-case name="Accord.Tests.Statistics.BinomialDistributionTest.MedianTest" executed="True" result="Success" success="True" time="0.001">
      </test-case>
      <test-case name="Accord.Tests.Statistics.BinomialDistributionTest.OverflowTest" executed="True" result="Success" success="True" time="0.000">
      </test-case>
      <test-case name="Accord.Tests.Statistics.BinomialDistributionTest.ProbabilityMassFunctionTest" executed="True" result="Success" success="True" time="0.001">
      </test-case>
      <test-case name="Accord.Tests.Statistics.BinomialTestTest.BinomialTestConstructorTest1" executed="True" result="Success" success="True" time="0.003">
      </test-case>
      <test-case name="Accord.Tests.Statistics.BinomialTestTest.BinomialTestConstructorTest2" executed="True" result="Success" success="True" time="0.001">
      </test-case>
      <test-case name="Accord.Tests.Statistics.BinomialTestTest.BinomialTestConstructorTest3" executed="True" result="Success" success="True" time="0.010">
      </test-case>
      <test-case name="Accord.Tests.Statistics.BinomialTestTest.BinomialTestConstructorTest4" executed="True" result="Success" success="True" time="0.001">
      </test-case>
      <test-case name="Accord.Tests.Statistics.BinomialTestTest.BinomialTestConstructorTest6(2,1.539975E-07d)" executed="True" result="Success" success="True" time="0.002">
      </test-case>
      <test-case name="Accord.Tests.Statistics.BinomialTestTest.BinomialTestConstructorTest6(1,0.0d)" executed="True" result="Success" success="True" time="0.001">
      </test-case>
      <test-case name="Accord.Tests.Statistics.BinomialTestTest.BinomialTestConstructorTest6(0,0.0d)" executed="True" result="Success" success="True" time="0.000">
      </test-case>
      <test-case name="Accord.Tests.Statistics.BinomialTestTest.BinomialTestConstructorTest6(4,0.514242625443d)" executed="True" result="Success" success="True" time="0.001">
      </test-case>
      <test-case name="Accord.Tests.Statistics.BinomialTestTest.BinomialTestConstructorTest6(5,0.25905439494d)" executed="True" result="Success" success="True" time="0.001">
      </test-case>
      <test-case name="Accord.Tests.Statistics.BinomialTestTest.BinomialTestConstructorTest6(10,0.0d)" executed="True" result="Success" success="True" time="0.003">
      </test-case>
      <test-case name="Accord.Tests.Statistics.BinomialTestTest.BinomialTestConstructorTest6(9,0.0d)" executed="True" result="Success" success="True" time="0.002">
      </test-case>
      <test-case name="Accord.Tests.Statistics.BinomialTestTest.BinomialTestConstructorTest6(8,3.115E-09d)" executed="True" result="Success" success="True" time="0.001">
      </test-case>
      <test-case name="Accord.Tests.Statistics.BinomialTestTest.BinomialTestConstructorTest6(7,1.078919E-05d)" executed="True" result="Success" success="True" time="0.001">
      </test-case>
      <test-case name="Accord.Tests.Statistics.BinomialTestTest.BinomialTestConstructorTest6(6,0.0053806543164d)" executed="True" result="Success" success="True" time="0.015">
      </test-case>
      <test-case name="Accord.Tests.Statistics.BinomialTestTest.BinomialTestConstructorTest6(3,0.00592949743d)" executed="True" result="Success" success="True" time="0.001">
      </test-case>
      <test-case name="Accord.Tests.Statistics.BinomialTestTest.BinomialTestConstructorTest7(5,0.063564300537d)" executed="True" result="Success" success="True" time="0.001">
      </test-case>
      <test-case name="Accord.Tests.Statistics.BinomialTestTest.BinomialTestConstructorTest7(4,0.34347252004d)" executed="True" result="Success" success="True" time="0.000">
      </test-case>
      <test-case name="Accord.Tests.Statistics.BinomialTestTest.BinomialTestConstructorTest7(3,1.0d)" executed="True" result="Success" success="True" time="0.000">
      </test-case>
      <test-case name="Accord.Tests.Statistics.BinomialTestTest.BinomialTestConstructorTest7(0,0.0d)" executed="True" result="Success" success="True" time="0.000">
      </test-case>
      <test-case name="Accord.Tests.Statistics.BinomialTestTest.BinomialTestConstructorTest7(10,0.0d)" executed="True" result="Success" success="True" time="0.000">
      </test-case>
      <test-case name="Accord.Tests.Statistics.BinomialTestTest.BinomialTestConstructorTest7(9,5.2E-10d)" executed="True" result="Success" success="True" time="0.000">
      </test-case>
      <test-case name="Accord.Tests.Statistics.BinomialTestTest.BinomialTestConstructorTest7(8,2.519659E-06d)" executed="True" result="Success" success="True" time="0.000">
      </test-case>
      <test-case name="Accord.Tests.Statistics.BinomialTestTest.BinomialTestConstructorTest7(1,0.02819385651d)" executed="True" result="Success" success="True" time="0.000">
      </test-case>
      <test-case name="Accord.Tests.Statistics.BinomialTestTest.BinomialTestConstructorTest7(2,0.382725376073d)" executed="True" result="Success" success="True" time="0.000">
      </test-case>
      <test-case name="Accord.Tests.Statistics.BinomialTestTest.BinomialTestConstructorTest7(6,0.00707077678d)" executed="True" result="Success" success="True" time="0.000">
      </test-case>
      <test-case name="Accord.Tests.Statistics.BinomialTestTest.BinomialTestConstructorTest7(7,0.00026908252d)" executed="True" result="Success" success="True" time="0.000">
      </test-case>
      <test-case name="Accord.Tests.Statistics.BinomialTestTest.BinomialTestConstructorTest8" executed="True" result="Success" success="True" time="0.001">
      </test-case>
      <test-case name="Accord.Tests.Statistics.BowkerTestTest.BowkerTestConstructorTest" executed="True" result="Success" success="True" time="0.001">
      </test-case>
      <test-case name="Accord.Tests.Statistics.BranchingFilterTest.ApplyTest" executed="True" result="Success" success="True" time="0.066">
      </test-case>
      <test-case name="Accord.Tests.Statistics.CauchitLinkFunctionTest.CauchitLinkFunctionConstructorTest" executed="True" result="Success" success="True" time="0.001">
      </test-case>
      <test-case name="Accord.Tests.Statistics.CauchitLinkFunctionTest.DerivativeTest" executed="True" result="Success" success="True" time="0.001">
      </test-case>
      <test-case name="Accord.Tests.Statistics.CauchyDistributionTest.CauchyDistributionConstructorTest" executed="True" result="Success" success="True" time="0.002">
      </test-case>
      <test-case name="Accord.Tests.Statistics.CauchyDistributionTest.CauchyDistributionConstructorTest1" executed="True" result="Success" success="True" time="0.000">
      </test-case>
      <test-case name="Accord.Tests.Statistics.CauchyDistributionTest.CauchyDistributionConstructorTest2" executed="True" result="Success" success="True" time="0.007">
      </test-case>
      <test-case name="Accord.Tests.Statistics.CauchyDistributionTest.DistributionFunctionTest" executed="True" result="Success" success="True" time="0.001">
      </test-case>
      <test-case name="Accord.Tests.Statistics.CauchyDistributionTest.FitTest" executed="True" result="Success" success="True" time="0.004">
      </test-case>
      <test-case name="Accord.Tests.Statistics.CauchyDistributionTest.FitTest2" executed="True" result="Success" success="True" time="0.002">
      </test-case>
      <test-case name="Accord.Tests.Statistics.CauchyDistributionTest.LogProbabilityDensityFunctionTest" executed="True" result="Success" success="True" time="0.001">
      </test-case>
      <test-case name="Accord.Tests.Statistics.CauchyDistributionTest.MedianTest" executed="True" result="Success" success="True" time="0.000">
      </test-case>
      <test-case name="Accord.Tests.Statistics.CauchyDistributionTest.ProbabilityDensityFunctionTest" executed="True" result="Success" success="True" time="0.001">
      </test-case>
      <test-case name="Accord.Tests.Statistics.ChiSquareDistributionTest.ConstructorTest" executed="True" result="Success" success="True" time="0.003">
      </test-case>
      <test-case name="Accord.Tests.Statistics.ChiSquareDistributionTest.DistributionFunctionTest" executed="True" result="Success" success="True" time="0.001">
      </test-case>
      <test-case name="Accord.Tests.Statistics.ChiSquareDistributionTest.LogProbabilityDensityFunctionTest" executed="True" result="Success" success="True" time="0.023">
      </test-case>
      <test-case name="Accord.Tests.Statistics.ChiSquareDistributionTest.MedianTest" executed="True" result="Success" success="True" time="0.001">
      </test-case>
      <test-case name="Accord.Tests.Statistics.ChiSquareDistributionTest.ProbabilityDensityFunctionTest" executed="True" result="Success" success="True" time="0.001">
      </test-case>
      <test-case name="Accord.Tests.Statistics.ChiSquareTestTest.ConstructorTest" executed="True" result="Success" success="True" time="0.001">
      </test-case>
      <test-case name="Accord.Tests.Statistics.ChiSquareTestTest.ConstructorTest2" executed="True" result="Success" success="True" time="0.001">
      </test-case>
      <test-case name="Accord.Tests.Statistics.ChiSquareTestTest.ConstructorTest3" executed="True" result="Success" success="True" time="0.001">
      </test-case>
      <test-case name="Accord.Tests.Statistics.CircularTest.KappaTest" executed="True" result="Success" success="True" time="0.001">
      </test-case>
      <test-case name="Accord.Tests.Statistics.CircularTest.KappaTest1" executed="True" result="Success" success="True" time="0.000">
      </test-case>
      <test-case name="Accord.Tests.Statistics.CircularTest.MeanTest" executed="True" result="Success" success="True" time="0.000">
      </test-case>
      <test-case name="Accord.Tests.Statistics.CircularTest.VarianceTest" executed="True" result="Success" success="True" time="0.001">
      </test-case>
      <test-case name="Accord.Tests.Statistics.CircularTest.WeightedKappaTest" executed="True" result="Success" success="True" time="0.001">
      </test-case>
      <test-case name="Accord.Tests.Statistics.CodificationFilterTest.ApplyTest" executed="True" result="Success" success="True" time="0.003">
      </test-case>
      <test-case name="Accord.Tests.Statistics.CodificationFilterTest.ApplyTest1" executed="True" result="Success" success="True" time="0.003">
      </test-case>
      <test-case name="Accord.Tests.Statistics.CodificationFilterTest.ApplyTest2" executed="True" result="Success" success="True" time="0.004">
      </test-case>
      <test-case name="Accord.Tests.Statistics.CodificationFilterTest.ApplyTest3" executed="True" result="Success" success="True" time="0.004">
      </test-case>
      <test-case name="Accord.Tests.Statistics.ConfusionMatrixTest.ChiSquareTest" executed="True" result="Success" success="True" time="0.004">
      </test-case>
      <test-case name="Accord.Tests.Statistics.ConfusionMatrixTest.ConfusionMatrixConstructorTest" executed="True" result="Success" success="True" time="0.003">
      </test-case>
      <test-case name="Accord.Tests.Statistics.ConfusionMatrixTest.ConfusionMatrixConstructorTest2" executed="True" result="Success" success="True" time="0.001">
      </test-case>
      <test-case name="Accord.Tests.Statistics.ConfusionMatrixTest.ConfusionMatrixConstructorTest3" executed="True" result="Success" success="True" time="0.001">
      </test-case>
      <test-case name="Accord.Tests.Statistics.ConfusionMatrixTest.ConfusionMatrixConstructorTest4" executed="True" result="Success" success="True" time="0.002">
      </test-case>
      <test-case name="Accord.Tests.Statistics.ConfusionMatrixTest.ConfusionMatrixConstructorTest5" executed="True" result="Success" success="True" time="0.001">
      </test-case>
      <test-case name="Accord.Tests.Statistics.ConfusionMatrixTest.ConfusionMatrixConstructorTest6" executed="True" result="Success" success="True" time="0.001">
      </test-case>
      <test-case name="Accord.Tests.Statistics.ConfusionMatrixTest.MatthewsCorrelationCoefficientTest" executed="True" result="Success" success="True" time="0.000">
      </test-case>
      <test-case name="Accord.Tests.Statistics.ConfusionMatrixTest.MatthewsCorrelationCoefficientTest2" executed="True" result="Success" success="True" time="0.000">
      </test-case>
      <test-case name="Accord.Tests.Statistics.ConfusionMatrixTest.ToGeneralMatrixTest1" executed="True" result="Success" success="True" time="0.008">
      </test-case>
      <test-case name="Accord.Tests.Statistics.CoxProportionalHazardsTest.PredictTest1" executed="True" result="Success" success="True" time="0.003">
      </test-case>
      <test-case name="Accord.Tests.Statistics.CoxProportionalHazardsTest.RunTest" executed="True" result="Success" success="True" time="0.007">
      </test-case>
      <test-case name="Accord.Tests.Statistics.DescriptiveAnalysisTest.DescriptiveAnalysisConstructorTest" executed="True" result="Success" success="True" time="0.025">
      </test-case>
      <test-case name="Accord.Tests.Statistics.DescriptiveAnalysisTest.DescriptiveAnalysisConstructorTest1" executed="True" result="Success" success="True" time="0.005">
      </test-case>
      <test-case name="Accord.Tests.Statistics.DescriptiveAnalysisTest.DescriptiveAnalysisConstructorTest3" executed="True" result="Success" success="True" time="0.004">
      </test-case>
      <test-case name="Accord.Tests.Statistics.DescriptiveAnalysisTest.DescriptiveAnalysisConstructorTest4" executed="True" result="Success" success="True" time="0.009">
      </test-case>
      <test-case name="Accord.Tests.Statistics.DirichletDistributionTest.ConstructorTest4" executed="True" result="Success" success="True" time="0.004">
      </test-case>
      <test-case name="Accord.Tests.Statistics.DiscreteDistributionTest.ConstructorTest" executed="True" result="Success" success="True" time="0.005">
      </test-case>
      <test-case name="Accord.Tests.Statistics.DiscreteDistributionTest.ConstructorTest2" executed="True" result="Success" success="True" time="0.001">
      </test-case>
      <test-case name="Accord.Tests.Statistics.DiscreteDistributionTest.DistributionFunctionTest" executed="True" result="Success" success="True" time="0.001">
      </test-case>
      <test-case name="Accord.Tests.Statistics.DiscreteDistributionTest.EntropyTest" executed="True" result="Success" success="True" time="0.001">
      </test-case>
      <test-case name="Accord.Tests.Statistics.DiscreteDistributionTest.FitTest" executed="True" result="Success" success="True" time="0.001">
      </test-case>
      <test-case name="Accord.Tests.Statistics.DiscreteDistributionTest.FitTest2" executed="True" result="Success" success="True" time="0.001">
      </test-case>
      <test-case name="Accord.Tests.Statistics.DiscreteDistributionTest.FitTest3" executed="True" result="Success" success="True" time="0.001">
      </test-case>
      <test-case name="Accord.Tests.Statistics.DiscreteDistributionTest.FitTest4" executed="True" result="Success" success="True" time="0.001">
      </test-case>
      <test-case name="Accord.Tests.Statistics.DiscreteDistributionTest.LogProbabilityMassFunctionTest" executed="True" result="Success" success="True" time="0.001">
      </test-case>
      <test-case name="Accord.Tests.Statistics.DiscreteDistributionTest.MeanTest" executed="True" result="Success" success="True" time="0.000">
      </test-case>
      <test-case name="Accord.Tests.Statistics.DiscreteDistributionTest.MeanTest2" executed="True" result="Success" success="True" time="0.000">
      </test-case>
      <test-case name="Accord.Tests.Statistics.DiscreteDistributionTest.MeanTest3" executed="True" result="Success" success="True" time="0.000">
      </test-case>
      <test-case name="Accord.Tests.Statistics.DiscreteDistributionTest.MedianTest" executed="True" result="Success" success="True" time="0.001">
      </test-case>
      <test-case name="Accord.Tests.Statistics.DiscreteDistributionTest.ProbabilityMassFunctionTest" executed="True" result="Success" success="True" time="0.001">
      </test-case>
      <test-case name="Accord.Tests.Statistics.DiscreteDistributionTest.UniformTest" executed="True" result="Success" success="True" time="0.001">
      </test-case>
      <test-case name="Accord.Tests.Statistics.DiscreteDistributionTest.VarianceTest" executed="True" result="Success" success="True" time="0.000">
      </test-case>
      <test-case name="Accord.Tests.Statistics.DiscretizationFilterTest.ApplyTest" executed="True" result="Success" success="True" time="0.009">
      </test-case>
      <test-case name="Accord.Tests.Statistics.DiscretizationFilterTest.ApplyTest1" executed="True" result="Success" success="True" time="0.002">
      </test-case>
      <test-case name="Accord.Tests.Statistics.DynamicTimeWarpingTest.FunctionTest" executed="True" result="Success" success="True" time="0.002">
      </test-case>
      <test-case name="Accord.Tests.Statistics.DynamicTimeWarpingTest.FunctionTest2" executed="True" result="Success" success="True" time="0.000">
      </test-case>
      <test-case name="Accord.Tests.Statistics.EmpiricalDistributionTest.CloneTest" executed="True" result="Success" success="True" time="0.004">
      </test-case>
      <test-case name="Accord.Tests.Statistics.EmpiricalDistributionTest.DistributionFunctionTest" executed="True" result="Success" success="True" time="0.001">
      </test-case>
      <test-case name="Accord.Tests.Statistics.EmpiricalDistributionTest.EmpiricalDistributionConstructorTest1" executed="True" result="Success" success="True" time="0.001">
      </test-case>
      <test-case name="Accord.Tests.Statistics.EmpiricalDistributionTest.EmpiricalDistributionConstructorTest2" executed="True" result="Success" success="True" time="0.000">
      </test-case>
      <test-case name="Accord.Tests.Statistics.EmpiricalDistributionTest.EmpiricalDistributionConstructorTest3" executed="True" result="Success" success="True" time="0.002">
      </test-case>
      <test-case name="Accord.Tests.Statistics.EmpiricalDistributionTest.FitTest" executed="True" result="Success" success="True" time="0.001">
      </test-case>
      <test-case name="Accord.Tests.Statistics.EmpiricalDistributionTest.LogProbabilityDensityFunctionTest" executed="True" result="Success" success="True" time="0.001">
      </test-case>
      <test-case name="Accord.Tests.Statistics.EmpiricalDistributionTest.MedianTest" executed="True" result="Success" success="True" time="0.000">
      </test-case>
      <test-case name="Accord.Tests.Statistics.EmpiricalDistributionTest.ProbabilityDensityFunctionTest" executed="True" result="Success" success="True" time="0.001">
      </test-case>
      <test-case name="Accord.Tests.Statistics.EmpiricalHazardDistributionTest.DistributionFunctionTest" executed="True" result="Success" success="True" time="0.001">
      </test-case>
      <test-case name="Accord.Tests.Statistics.EmpiricalHazardDistributionTest.DistributionFunctionTest2" executed="True" result="Success" success="True" time="0.001">
      </test-case>
      <test-case name="Accord.Tests.Statistics.EmpiricalHazardDistributionTest.EmpiricalHazardConstructorTest3" executed="True" result="Success" success="True" time="0.003">
      </test-case>
      <test-case name="Accord.Tests.Statistics.EmpiricalHazardDistributionTest.MedianTest" executed="True" result="Success" success="True" time="0.000">
      </test-case>
      <test-case name="Accord.Tests.Statistics.ExponentialDistributionTest.ConstructorTest" executed="True" result="Success" success="True" time="0.001">
      </test-case>
      <test-case name="Accord.Tests.Statistics.ExponentialDistributionTest.ConstructorTest2" executed="True" result="Success" success="True" time="0.002">
      </test-case>
      <test-case name="Accord.Tests.Statistics.ExponentialDistributionTest.CumulativeDistributionTest" executed="True" result="Success" success="True" time="0.001">
      </test-case>
      <test-case name="Accord.Tests.Statistics.ExponentialDistributionTest.GenerateTest" executed="True" result="Success" success="True" time="0.339">
      </test-case>
      <test-case name="Accord.Tests.Statistics.ExponentialDistributionTest.GenerateTest2" executed="True" result="Success" success="True" time="0.418">
      </test-case>
      <test-case name="Accord.Tests.Statistics.ExponentialDistributionTest.MedianTest" executed="True" result="Success" success="True" time="0.000">
      </test-case>
      <test-case name="Accord.Tests.Statistics.ExponentialDistributionTest.ProbabilityDistributionTest" executed="True" result="Success" success="True" time="0.001">
      </test-case>
      <test-case name="Accord.Tests.Statistics.ExponentialDistributionTest.ProbabilityDistributionTest2" executed="True" result="Success" success="True" time="0.001">
      </test-case>
      <test-case name="Accord.Tests.Statistics.FDistributionTest.ComplementaryDistributionFunctionTest" executed="True" result="Success" success="True" time="0.002">
      </test-case>
      <test-case name="Accord.Tests.Statistics.FDistributionTest.ConstructorTest" executed="True" result="Success" success="True" time="0.004">
      </test-case>
      <test-case name="Accord.Tests.Statistics.FDistributionTest.DistributionFunctionTest" executed="True" result="Success" success="True" time="0.001">
      </test-case>
      <test-case name="Accord.Tests.Statistics.FDistributionTest.DistributionFunctionTest2" executed="True" result="Success" success="True" time="0.001">
      </test-case>
      <test-case name="Accord.Tests.Statistics.FDistributionTest.DistributionFunctionTest3" executed="True" result="Success" success="True" time="0.001">
      </test-case>
      <test-case name="Accord.Tests.Statistics.FDistributionTest.InverseDistributionFunctionTest" executed="True" result="Success" success="True" time="0.002">
      </test-case>
      <test-case name="Accord.Tests.Statistics.FDistributionTest.LogProbabilityDistributionFunctionTest" executed="True" result="Success" success="True" time="0.000">
      </test-case>
      <test-case name="Accord.Tests.Statistics.FDistributionTest.LogProbabilityDistributionFunctionTest2" executed="True" result="Success" success="True" time="0.001">
      </test-case>
      <test-case name="Accord.Tests.Statistics.FDistributionTest.MeanVarianceTest" executed="True" result="Success" success="True" time="0.001">
      </test-case>
      <test-case name="Accord.Tests.Statistics.FDistributionTest.MedianTest" executed="True" result="Success" success="True" time="0.015">
      </test-case>
      <test-case name="Accord.Tests.Statistics.FDistributionTest.ProbabilityDistributionFunctionTest" executed="True" result="Success" success="True" time="0.000">
      </test-case>
      <test-case name="Accord.Tests.Statistics.FDistributionTest.ProbabilityDistributionFunctionTest2" executed="True" result="Success" success="True" time="0.001">
      </test-case>
      <test-case name="Accord.Tests.Statistics.FisherExactTestTest.FisherExactTestConstructorTest1" executed="True" result="Success" success="True" time="0.003">
      </test-case>
      <test-case name="Accord.Tests.Statistics.FTestTest.FTestConstructorTest" executed="True" result="Success" success="True" time="0.002">
      </test-case>
      <test-case name="Accord.Tests.Statistics.FTestTest.FTestConstructorTest2" executed="True" result="Success" success="True" time="0.001">
      </test-case>
      <test-case name="Accord.Tests.Statistics.GammaDistributionTest.CumulativeFunctionTest" executed="True" result="Success" success="True" time="0.001">
      </test-case>
      <test-case name="Accord.Tests.Statistics.GammaDistributionTest.DensityFunctionTest" executed="True" result="Success" success="True" time="0.001">
      </test-case>
      <test-case name="Accord.Tests.Statistics.GammaDistributionTest.GammaDistributionConstructorTest" executed="True" result="Success" success="True" time="0.002">
      </test-case>
      <test-case name="Accord.Tests.Statistics.GammaDistributionTest.GammaDistributionConstructorTest2" executed="True" result="Success" success="True" time="0.002">
      </test-case>
      <test-case name="Accord.Tests.Statistics.GammaDistributionTest.GenerateTest2" executed="True" result="Success" success="True" time="13.610">
      </test-case>
      <test-case name="Accord.Tests.Statistics.GammaDistributionTest.GenerateTest3" executed="True" result="Failure" success="False" time="13.878">
        <failure>
          <message>
<![CDATA[  Expected: 4.0d +/- 0.01d
  But was:  4.0114796097725618d
]]>
          </message>
          <stack-trace>
<![CDATA[at Accord.Tests.Statistics.GammaDistributionTest.GenerateTest3 () [0x00054] in /Users/davidgutierrezpalma/Desarrollo/Personal/Proyectos/Unity3D/ai4unity/src/Assets/Accord.NET/Editor/Tests/Accord.Tests.Statistics/Distributions/Univariate/Continuous/GammaDistributionTest.cs:205
]]>
          </stack-trace>
        </failure>
      </test-case>
      <test-case name="Accord.Tests.Statistics.GammaDistributionTest.MedianTest" executed="True" result="Success" success="True" time="0.001">
      </test-case>
      <test-case name="Accord.Tests.Statistics.GaussianTest.FunctionTest" executed="True" result="Success" success="True" time="0.001">
      </test-case>
      <test-case name="Accord.Tests.Statistics.GaussianTest.FunctionTest2" executed="True" result="Success" success="True" time="0.002">
      </test-case>
      <test-case name="Accord.Tests.Statistics.GaussianTest.GammaSigmaSquaredTest" executed="True" result="Success" success="True" time="0.001">
      </test-case>
      <test-case name="Accord.Tests.Statistics.GaussianTest.GammaSigmaTest" executed="True" result="Success" success="True" time="0.001">
      </test-case>
      <test-case name="Accord.Tests.Statistics.GaussianTest.GaussianDistanceTest" executed="True" result="Success" success="True" time="0.001">
      </test-case>
      <test-case name="Accord.Tests.Statistics.GaussianTest.GaussianFunctionTest" executed="True" result="Success" success="True" time="0.001">
      </test-case>
      <test-case name="Accord.Tests.Statistics.GaussianTest.GaussianReverseDistanceTest" executed="True" result="Success" success="True" time="0.001">
      </test-case>
      <test-case name="Accord.Tests.Statistics.GeneralConfusionMatrixTest.ChiSquareTest" executed="True" result="Success" success="True" time="0.001">
      </test-case>
      <test-case name="Accord.Tests.Statistics.GeneralConfusionMatrixTest.ChiSquareTest2" executed="True" result="Success" success="True" time="0.002">
      </test-case>
      <test-case name="Accord.Tests.Statistics.GeneralConfusionMatrixTest.GeneralConfusionMatrixConstructorTest" executed="True" result="Success" success="True" time="0.001">
      </test-case>
      <test-case name="Accord.Tests.Statistics.GeneralConfusionMatrixTest.GeneralConfusionMatrixConstructorTest2" executed="True" result="Success" success="True" time="0.001">
      </test-case>
      <test-case name="Accord.Tests.Statistics.GeneralConfusionMatrixTest.GeometricAgreementTest" executed="True" result="Success" success="True" time="0.000">
      </test-case>
      <test-case name="Accord.Tests.Statistics.GeneralConfusionMatrixTest.KappaTest" executed="True" result="Success" success="True" time="0.001">
      </test-case>
      <test-case name="Accord.Tests.Statistics.GeneralConfusionMatrixTest.KappaTest2" executed="True" result="Success" success="True" time="0.001">
      </test-case>
      <test-case name="Accord.Tests.Statistics.GeneralConfusionMatrixTest.KappaTest4" executed="True" result="Success" success="True" time="0.004">
      </test-case>
      <test-case name="Accord.Tests.Statistics.GeneralConfusionMatrixTest.KappaTest5" executed="True" result="Success" success="True" time="0.001">
      </test-case>
      <test-case name="Accord.Tests.Statistics.GeneralConfusionMatrixTest.KappaVarianceTest1" executed="True" result="Success" success="True" time="0.003">
      </test-case>
      <test-case name="Accord.Tests.Statistics.GeneralConfusionMatrixTest.KappaVarianceTest2" executed="True" result="Success" success="True" time="0.001">
      </test-case>
      <test-case name="Accord.Tests.Statistics.GeneralConfusionMatrixTest.KappaVarianceTest3" executed="True" result="Success" success="True" time="0.003">
      </test-case>
      <test-case name="Accord.Tests.Statistics.GeneralConfusionMatrixTest.TotalTest" executed="True" result="Success" success="True" time="0.001">
      </test-case>
      <test-case name="Accord.Tests.Statistics.GenericHiddenMarkovModelTest.BigSampleLearnTest13" executed="False" result="Ignored">
        <reason>
          <message>
          </message>
        </reason>
      </test-case>
      <test-case name="Accord.Tests.Statistics.GenericHiddenMarkovModelTest.ConstructorTest" executed="True" result="Success" success="True" time="0.011">
      </test-case>
      <test-case name="Accord.Tests.Statistics.GenericHiddenMarkovModelTest.ConstructorTest2" executed="True" result="Failure" success="False" time="0.006">
        <failure>
          <message>
<![CDATA[  Expected: not < < 1.0d, 0.0d, 0.0d >, < 0.0d, 1.0d, 0.0d >, < 0.0d, 0.0d, 1.0d > >
  But was:  < < 1.0d, 0.0d, 0.0d >, < 0.0d, 1.0d, 0.0d >, < 0.0d, 0.0d, 1.0d > >
]]>
          </message>
          <stack-trace>
<![CDATA[at Accord.Tests.Statistics.GenericHiddenMarkovModelTest.ConstructorTest2 () [0x0007a] in /Users/davidgutierrezpalma/Desarrollo/Personal/Proyectos/Unity3D/ai4unity/src/Assets/Accord.NET/Editor/Tests/Accord.Tests.Statistics/Models/Markov/HiddenMarkovModel`1Test.cs:161
]]>
          </stack-trace>
        </failure>
      </test-case>
      <test-case name="Accord.Tests.Statistics.GenericHiddenMarkovModelTest.ConstructorTest3" executed="True" result="Success" success="True" time="0.002">
      </test-case>
      <test-case name="Accord.Tests.Statistics.GenericHiddenMarkovModelTest.DecodeIntegersTest" executed="True" result="Success" success="True" time="0.009">
      </test-case>
      <test-case name="Accord.Tests.Statistics.GenericHiddenMarkovModelTest.DecodeTest" executed="True" result="Success" success="True" time="0.001">
      </test-case>
      <test-case name="Accord.Tests.Statistics.GenericHiddenMarkovModelTest.DecodeTest2" executed="True" result="Success" success="True" time="0.001">
      </test-case>
      <test-case name="Accord.Tests.Statistics.GenericHiddenMarkovModelTest.DecodeTest3" executed="True" result="Success" success="True" time="0.001">
      </test-case>
      <test-case name="Accord.Tests.Statistics.GenericHiddenMarkovModelTest.DecodeTest4" executed="True" result="Success" success="True" time="0.001">
      </test-case>
      <test-case name="Accord.Tests.Statistics.GenericHiddenMarkovModelTest.DecodeTest5" executed="True" result="Success" success="True" time="0.002">
      </test-case>
      <test-case name="Accord.Tests.Statistics.GenericHiddenMarkovModelTest.FittingOptionsTest" executed="True" result="Success" success="True" time="0.037">
      </test-case>
      <test-case name="Accord.Tests.Statistics.GenericHiddenMarkovModelTest.GenerateTest" executed="True" result="Success" success="True" time="0.005">
      </test-case>
      <test-case name="Accord.Tests.Statistics.GenericHiddenMarkovModelTest.LearnIntegersTest5" executed="True" result="Success" success="True" time="0.064">
      </test-case>
      <test-case name="Accord.Tests.Statistics.GenericHiddenMarkovModelTest.LearnTest10" executed="True" result="Success" success="True" time="0.005">
      </test-case>
      <test-case name="Accord.Tests.Statistics.GenericHiddenMarkovModelTest.LearnTest11" executed="True" result="Success" success="True" time="0.030">
      </test-case>
      <test-case name="Accord.Tests.Statistics.GenericHiddenMarkovModelTest.LearnTest12" executed="True" result="Success" success="True" time="0.038">
      </test-case>
      <test-case name="Accord.Tests.Statistics.GenericHiddenMarkovModelTest.LearnTest13" executed="True" result="Success" success="True" time="0.083">
      </test-case>
      <test-case name="Accord.Tests.Statistics.GenericHiddenMarkovModelTest.LearnTest3" executed="True" result="Success" success="True" time="0.018">
      </test-case>
      <test-case name="Accord.Tests.Statistics.GenericHiddenMarkovModelTest.LearnTest5" executed="True" result="Success" success="True" time="0.064">
      </test-case>
      <test-case name="Accord.Tests.Statistics.GenericHiddenMarkovModelTest.LearnTest6" executed="True" result="Success" success="True" time="0.030">
      </test-case>
      <test-case name="Accord.Tests.Statistics.GenericHiddenMarkovModelTest.LearnTest7" executed="True" result="Success" success="True" time="0.005">
      </test-case>
      <test-case name="Accord.Tests.Statistics.GenericHiddenMarkovModelTest.LearnTest8" executed="True" result="Success" success="True" time="0.004">
      </test-case>
      <test-case name="Accord.Tests.Statistics.GenericHiddenMarkovModelTest.LearnTest9" executed="True" result="Success" success="True" time="0.399">
      </test-case>
      <test-case name="Accord.Tests.Statistics.GenericHiddenMarkovModelTest.PredictTest" executed="True" result="Success" success="True" time="0.019">
      </test-case>
      <test-case name="Accord.Tests.Statistics.GenericHiddenMarkovModelTest.PredictTest2" executed="True" result="Success" success="True" time="0.005">
      </test-case>
      <test-case name="Accord.Tests.Statistics.GenericHiddenMarkovModelTest.PredictTest3" executed="True" result="Success" success="True" time="0.013">
      </test-case>
      <test-case name="Accord.Tests.Statistics.GenericMaximumLikelihoodLearningTest.RunTest" executed="True" result="Success" success="True" time="0.009">
      </test-case>
      <test-case name="Accord.Tests.Statistics.GenericRunningMarkovClassifierTest.PushTest" executed="True" result="Success" success="True" time="0.036">
      </test-case>
      <test-case name="Accord.Tests.Statistics.GenericRunningMarkovClassifierTest.PushTest2" executed="True" result="Success" success="True" time="0.008">
      </test-case>
      <test-case name="Accord.Tests.Statistics.GenericSequenceClassifierTest.LearnTest1" executed="True" result="Success" success="True" time="0.007">
      </test-case>
      <test-case name="Accord.Tests.Statistics.GenericSequenceClassifierTest.LearnTest2" executed="True" result="Success" success="True" time="0.002">
      </test-case>
      <test-case name="Accord.Tests.Statistics.GenericSequenceClassifierTest.LearnTest3" executed="True" result="Success" success="True" time="0.006">
      </test-case>
      <test-case name="Accord.Tests.Statistics.GenericSequenceClassifierTest.LearnTest4" executed="True" result="Success" success="True" time="0.024">
      </test-case>
      <test-case name="Accord.Tests.Statistics.GenericSequenceClassifierTest.LearnTest5" executed="True" result="Success" success="True" time="0.013">
      </test-case>
      <test-case name="Accord.Tests.Statistics.GenericSequenceClassifierTest.LearnTest6" executed="True" result="Success" success="True" time="0.003">
      </test-case>
      <test-case name="Accord.Tests.Statistics.GenericSequenceClassifierTest.LearnTest7" executed="True" result="Success" success="True" time="0.005">
      </test-case>
      <test-case name="Accord.Tests.Statistics.GenericSequenceClassifierTest.LearnTest8" executed="True" result="Success" success="True" time="0.015">
      </test-case>
      <test-case name="Accord.Tests.Statistics.GenericSequenceClassifierTest.LearnTest9" executed="True" result="Success" success="True" time="3.218">
      </test-case>
      <test-case name="Accord.Tests.Statistics.GenericViterbiLearningTest.LearnTest3" executed="True" result="Success" success="True" time="0.008">
      </test-case>
      <test-case name="Accord.Tests.Statistics.GenericViterbiLearningTest.LearnTest5" executed="True" result="Success" success="True" time="0.037">
      </test-case>
      <test-case name="Accord.Tests.Statistics.GenericViterbiLearningTest.LearnTest6" executed="True" result="Success" success="True" time="0.003">
      </test-case>
      <test-case name="Accord.Tests.Statistics.GenericViterbiLearningTest.LearnTest7" executed="True" result="Success" success="True" time="0.003">
      </test-case>
      <test-case name="Accord.Tests.Statistics.GenericViterbiLearningTest.LearnTest8" executed="True" result="Success" success="True" time="0.002">
      </test-case>
      <test-case name="Accord.Tests.Statistics.GenericViterbiLearningTest.LearnTest9" executed="True" result="Success" success="True" time="0.019">
      </test-case>
      <test-case name="Accord.Tests.Statistics.GeometricDistributionTest.CloneTest" executed="True" result="Success" success="True" time="0.001">
      </test-case>
      <test-case name="Accord.Tests.Statistics.GeometricDistributionTest.ConstructorTest" executed="True" result="Success" success="True" time="0.011">
      </test-case>
      <test-case name="Accord.Tests.Statistics.GeometricDistributionTest.DistributionFunctionTest" executed="True" result="Success" success="True" time="0.001">
      </test-case>
      <test-case name="Accord.Tests.Statistics.GeometricDistributionTest.FitTest" executed="True" result="Success" success="True" time="0.001">
      </test-case>
      <test-case name="Accord.Tests.Statistics.GeometricDistributionTest.FitTest2" executed="True" result="Success" success="True" time="0.018">
      </test-case>
      <test-case name="Accord.Tests.Statistics.GeometricDistributionTest.GeometricDistributionConstructorTest" executed="True" result="Success" success="True" time="0.001">
      </test-case>
      <test-case name="Accord.Tests.Statistics.GeometricDistributionTest.MedianTest" executed="True" result="Success" success="True" time="0.001">
      </test-case>
      <test-case name="Accord.Tests.Statistics.GeometricDistributionTest.ProbabilityMassFunctionTest" executed="True" result="Success" success="True" time="0.002">
      </test-case>
      <test-case name="Accord.Tests.Statistics.GompertzDistributionTest.ConstructorTest" executed="True" result="Success" success="True" time="0.003">
      </test-case>
      <test-case name="Accord.Tests.Statistics.GompertzDistributionTest.MedianTest" executed="True" result="Success" success="True" time="0.000">
      </test-case>
      <test-case name="Accord.Tests.Statistics.GroupingFilterTest.ApplyTest" executed="True" result="Success" success="True" time="0.021">
      </test-case>
      <test-case name="Accord.Tests.Statistics.GroupingFilterTest.ApplyTest2" executed="True" result="Success" success="True" time="0.019">
      </test-case>
      <test-case name="Accord.Tests.Statistics.HiddenMarkovClassifierTest.LearnTest" executed="True" result="Success" success="True" time="0.004">
      </test-case>
      <test-case name="Accord.Tests.Statistics.HiddenMarkovClassifierTest.LearnTest2" executed="True" result="Success" success="True" time="0.010">
      </test-case>
      <test-case name="Accord.Tests.Statistics.HiddenMarkovModelTest.ConstructorTest" executed="True" result="Success" success="True" time="0.002">
      </test-case>
      <test-case name="Accord.Tests.Statistics.HiddenMarkovModelTest.DecodeTest" executed="True" result="Success" success="True" time="0.001">
      </test-case>
      <test-case name="Accord.Tests.Statistics.HiddenMarkovModelTest.GenerateTest" executed="True" result="Success" success="True" time="0.002">
      </test-case>
      <test-case name="Accord.Tests.Statistics.HiddenMarkovModelTest.GenerateTest2" executed="True" result="Failure" success="False" time="0.061">
        <failure>
          <message>
<![CDATA[  Expected string length 5 but was 3. Strings differ at index 0.
  Expected: "words"
  But was:  "are"
  -----------^
]]>
          </message>
          <stack-trace>
<![CDATA[at Accord.Tests.Statistics.HiddenMarkovModelTest.GenerateTest2 () [0x001c1] in /Users/davidgutierrezpalma/Desarrollo/Personal/Proyectos/Unity3D/ai4unity/src/Assets/Accord.NET/Editor/Tests/Accord.Tests.Statistics/Models/Markov/HiddenMarkovModelTest.cs:654
]]>
          </stack-trace>
        </failure>
      </test-case>
      <test-case name="Accord.Tests.Statistics.HiddenMarkovModelTest.LearnTest" executed="True" result="Success" success="True" time="0.468">
      </test-case>
      <test-case name="Accord.Tests.Statistics.HiddenMarkovModelTest.LearnTest3" executed="True" result="Success" success="True" time="0.011">
      </test-case>
      <test-case name="Accord.Tests.Statistics.HiddenMarkovModelTest.LearnTest4" executed="True" result="Success" success="True" time="0.031">
      </test-case>
      <test-case name="Accord.Tests.Statistics.HiddenMarkovModelTest.LearnTest6" executed="True" result="Success" success="True" time="0.010">
      </test-case>
      <test-case name="Accord.Tests.Statistics.HiddenMarkovModelTest.PredictTest" executed="True" result="Success" success="True" time="0.004">
      </test-case>
      <test-case name="Accord.Tests.Statistics.HiddenMarkovModelTest.PredictTest2" executed="True" result="Success" success="True" time="0.007">
      </test-case>
      <test-case name="Accord.Tests.Statistics.HiddenMarkovModelTest.PredictTest3" executed="True" result="Success" success="True" time="0.012">
      </test-case>
      <test-case name="Accord.Tests.Statistics.HistogramTest.ComputeTest1" executed="True" result="Success" success="True" time="0.006">
      </test-case>
      <test-case name="Accord.Tests.Statistics.HistogramTest.ComputeTest2" executed="True" result="Success" success="True" time="0.001">
      </test-case>
      <test-case name="Accord.Tests.Statistics.HistogramTest.ComputeTest3" executed="True" result="Success" success="True" time="0.005">
      </test-case>
      <test-case name="Accord.Tests.Statistics.HistogramTest.ComputeTest4" executed="True" result="Success" success="True" time="0.004">
      </test-case>
      <test-case name="Accord.Tests.Statistics.HistogramTest.ComputeTest5" executed="True" result="Success" success="True" time="0.005">
      </test-case>
      <test-case name="Accord.Tests.Statistics.HistogramTest.ComputeTest6" executed="True" result="Success" success="True" time="0.001">
      </test-case>
      <test-case name="Accord.Tests.Statistics.HistogramTest.HistogramConstructorTest" executed="True" result="Success" success="True" time="0.000">
      </test-case>
      <test-case name="Accord.Tests.Statistics.HypergeometricDistributionTest.CloneTest" executed="True" result="Success" success="True" time="0.001">
      </test-case>
      <test-case name="Accord.Tests.Statistics.HypergeometricDistributionTest.ConstructorTest" executed="True" result="Success" success="True" time="0.002">
      </test-case>
      <test-case name="Accord.Tests.Statistics.HypergeometricDistributionTest.DistributionFunctionTest" executed="True" result="Success" success="True" time="0.000">
      </test-case>
      <test-case name="Accord.Tests.Statistics.HypergeometricDistributionTest.DistributionFunctionTest2" executed="True" result="Success" success="True" time="0.001">
      </test-case>
      <test-case name="Accord.Tests.Statistics.HypergeometricDistributionTest.HypergeometricDistributionConstructorTest" executed="True" result="Success" success="True" time="0.001">
      </test-case>
      <test-case name="Accord.Tests.Statistics.HypergeometricDistributionTest.LogProbabilityMassFunctionTest" executed="True" result="Success" success="True" time="0.000">
      </test-case>
      <test-case name="Accord.Tests.Statistics.HypergeometricDistributionTest.MedianTest" executed="True" result="Success" success="True" time="0.000">
      </test-case>
      <test-case name="Accord.Tests.Statistics.HypergeometricDistributionTest.ProbabilityMassFunctionTest" executed="True" result="Success" success="True" time="0.000">
      </test-case>
      <test-case name="Accord.Tests.Statistics.HypergeometricDistributionTest.ProbabilityMassFunctionTest2" executed="True" result="Success" success="True" time="0.000">
      </test-case>
      <test-case name="Accord.Tests.Statistics.IdentityLinkFunctionTest.IdentityLinkFunctionConstructorTest" executed="True" result="Success" success="True" time="0.002">
      </test-case>
      <test-case name="Accord.Tests.Statistics.IdentityLinkFunctionTest.IdentityLinkFunctionConstructorTest1" executed="True" result="Success" success="True" time="0.001">
      </test-case>
      <test-case name="Accord.Tests.Statistics.IndependentComponentAnalysisTest.CombineTest" executed="True" result="Success" success="True" time="0.283">
      </test-case>
      <test-case name="Accord.Tests.Statistics.IndependentComponentAnalysisTest.CombineTest2" executed="True" result="Success" success="True" time="0.400">
      </test-case>
      <test-case name="Accord.Tests.Statistics.IndependentComponentAnalysisTest.ComputeTest" executed="True" result="Failure" success="False" time="0.265">
        <failure>
          <message>
<![CDATA[  Expected: True
  But was:  False
]]>
          </message>
          <stack-trace>
<![CDATA[at Accord.Tests.Statistics.IndependentComponentAnalysisTest.ComputeTest () [0x0007e] in /Users/davidgutierrezpalma/Desarrollo/Personal/Proyectos/Unity3D/ai4unity/src/Assets/Accord.NET/Editor/Tests/Accord.Tests.Statistics/Analysis/IndependentComponentAnalysisTest.cs:97
]]>
          </stack-trace>
        </failure>
      </test-case>
      <test-case name="Accord.Tests.Statistics.IndependentComponentAnalysisTest.ComputeTest2" executed="True" result="Failure" success="False" time="0.096">
        <failure>
          <message>
<![CDATA[  Expected: True
  But was:  False
]]>
          </message>
          <stack-trace>
<![CDATA[at Accord.Tests.Statistics.IndependentComponentAnalysisTest.ComputeTest2 () [0x00089] in /Users/davidgutierrezpalma/Desarrollo/Personal/Proyectos/Unity3D/ai4unity/src/Assets/Accord.NET/Editor/Tests/Accord.Tests.Statistics/Analysis/IndependentComponentAnalysisTest.cs:140
]]>
          </stack-trace>
        </failure>
      </test-case>
      <test-case name="Accord.Tests.Statistics.IndependentComponentAnalysisTest.SeparateTest" executed="True" result="Success" success="True" time="0.280">
      </test-case>
      <test-case name="Accord.Tests.Statistics.IndependentComponentAnalysisTest.SeparateTest2" executed="True" result="Success" success="True" time="0.424">
      </test-case>
      <test-case name="Accord.Tests.Statistics.IndependentTest.ConstructorTest" executed="True" result="Success" success="True" time="0.005">
      </test-case>
      <test-case name="Accord.Tests.Statistics.IndependentTest.CumulativeFunctionTest" executed="True" result="Success" success="True" time="0.002">
      </test-case>
      <test-case name="Accord.Tests.Statistics.IndependentTest.FitTest" executed="True" result="Success" success="True" time="0.004">
      </test-case>
      <test-case name="Accord.Tests.Statistics.IndependentTest.FittingNoOptionsTest" executed="True" result="Success" success="True" time="0.001">
      </test-case>
      <test-case name="Accord.Tests.Statistics.IndependentTest.FittingOptionsTest" executed="True" result="Success" success="True" time="0.002">
      </test-case>
      <test-case name="Accord.Tests.Statistics.IndependentTest.ProbabilityFunctionTest" executed="True" result="Success" success="True" time="0.002">
      </test-case>
      <test-case name="Accord.Tests.Statistics.InverseGammaDistributionTest.InverseGammaDistributionConstructorTest" executed="True" result="Success" success="True" time="0.001">
      </test-case>
      <test-case name="Accord.Tests.Statistics.InverseGammaDistributionTest.InverseGammaDistributionConstructorTest2" executed="True" result="Success" success="True" time="0.002">
      </test-case>
      <test-case name="Accord.Tests.Statistics.InverseGammaDistributionTest.MedianTest" executed="True" result="Success" success="True" time="0.000">
      </test-case>
      <test-case name="Accord.Tests.Statistics.InverseGaussianTest.ConstructorTest" executed="True" result="Success" success="True" time="0.001">
      </test-case>
      <test-case name="Accord.Tests.Statistics.InverseGaussianTest.ConstructorTest2" executed="True" result="Success" success="True" time="0.002">
      </test-case>
      <test-case name="Accord.Tests.Statistics.InverseGaussianTest.CumulativeFunctionTest" executed="True" result="Success" success="True" time="0.000">
      </test-case>
      <test-case name="Accord.Tests.Statistics.InverseGaussianTest.CumulativeFunctionTest2" executed="True" result="Success" success="True" time="0.001">
      </test-case>
      <test-case name="Accord.Tests.Statistics.InverseGaussianTest.GenerateTest" executed="True" result="Success" success="True" time="0.674">
      </test-case>
      <test-case name="Accord.Tests.Statistics.InverseGaussianTest.GenerateTest2" executed="True" result="Success" success="True" time="0.766">
      </test-case>
      <test-case name="Accord.Tests.Statistics.InverseGaussianTest.GenerateTest3" executed="True" result="Success" success="True" time="12.922">
      </test-case>
      <test-case name="Accord.Tests.Statistics.InverseGaussianTest.MedianTest" executed="True" result="Success" success="True" time="0.001">
      </test-case>
      <test-case name="Accord.Tests.Statistics.InverseGaussianTest.ProbabilityFunctionTest" executed="True" result="Success" success="True" time="0.000">
      </test-case>
      <test-case name="Accord.Tests.Statistics.InverseGaussianTest.ProbabilityFunctionTest2" executed="True" result="Success" success="True" time="0.001">
      </test-case>
      <test-case name="Accord.Tests.Statistics.InverseLinkFunctionTest.DerivativeTest" executed="True" result="Success" success="True" time="0.002">
      </test-case>
      <test-case name="Accord.Tests.Statistics.InverseLinkFunctionTest.InverseLinkFunctionConstructorTest" executed="True" result="Success" success="True" time="0.001">
      </test-case>
      <test-case name="Accord.Tests.Statistics.InverseLinkFunctionTest.InverseLinkFunctionConstructorTest1" executed="True" result="Success" success="True" time="0.001">
      </test-case>
      <test-case name="Accord.Tests.Statistics.InverseSquaredLinkFunctionTest.DerivativeTest" executed="True" result="Success" success="True" time="0.002">
      </test-case>
      <test-case name="Accord.Tests.Statistics.InverseSquaredLinkFunctionTest.InverseSquaredLinkFunctionConstructorTest" executed="True" result="Success" success="True" time="0.001">
      </test-case>
      <test-case name="Accord.Tests.Statistics.InverseSquaredLinkFunctionTest.InverseSquaredLinkFunctionConstructorTest1" executed="True" result="Success" success="True" time="0.001">
      </test-case>
      <test-case name="Accord.Tests.Statistics.InverseWishartDistributionTest.ConstructorTest4" executed="True" result="Success" success="True" time="0.005">
      </test-case>
      <test-case name="Accord.Tests.Statistics.JointDistributionTest.FitTest" executed="True" result="Success" success="True" time="0.003">
      </test-case>
      <test-case name="Accord.Tests.Statistics.JointDistributionTest.FitTest2" executed="True" result="Success" success="True" time="0.001">
      </test-case>
      <test-case name="Accord.Tests.Statistics.JointDistributionTest.JointDistributionConstructorTest" executed="True" result="Success" success="True" time="0.001">
      </test-case>
      <test-case name="Accord.Tests.Statistics.JointDistributionTest.JointDistributionConstructorTest2" executed="True" result="Success" success="True" time="0.001">
      </test-case>
      <test-case name="Accord.Tests.Statistics.KappaTestTest.KappaTestConstructorTest" executed="True" result="Success" success="True" time="0.002">
      </test-case>
      <test-case name="Accord.Tests.Statistics.KappaTestTest.KappaTestConstructorTest2" executed="True" result="Success" success="True" time="0.001">
      </test-case>
      <test-case name="Accord.Tests.Statistics.KappaTestTest.KappaTestConstructorTest4" executed="True" result="Success" success="True" time="0.002">
      </test-case>
      <test-case name="Accord.Tests.Statistics.KappaTestTest.KappaTestConstructorTest5" executed="True" result="Success" success="True" time="0.001">
      </test-case>
      <test-case name="Accord.Tests.Statistics.KernelDiscriminantAnalysisTest.ClassifyTest" executed="True" result="Success" success="True" time="0.019">
      </test-case>
      <test-case name="Accord.Tests.Statistics.KernelDiscriminantAnalysisTest.ClassifyTest1" executed="True" result="Success" success="True" time="0.002">
      </test-case>
      <test-case name="Accord.Tests.Statistics.KernelDiscriminantAnalysisTest.ComputeTest" executed="True" result="Success" success="True" time="0.001">
      </test-case>
      <test-case name="Accord.Tests.Statistics.KernelDiscriminantAnalysisTest.ComputeTest2" executed="True" result="Success" success="True" time="0.141">
      </test-case>
      <test-case name="Accord.Tests.Statistics.KernelDiscriminantAnalysisTest.ComputeTest3" executed="True" result="Success" success="True" time="0.224">
      </test-case>
      <test-case name="Accord.Tests.Statistics.KernelDiscriminantAnalysisTest.ConstructorTest1" executed="True" result="Success" success="True" time="0.004">
      </test-case>
      <test-case name="Accord.Tests.Statistics.KernelDiscriminantAnalysisTest.ThresholdTest" executed="True" result="Success" success="True" time="0.003">
      </test-case>
      <test-case name="Accord.Tests.Statistics.KernelFunctionCacheTest.KernelFunctionCacheConstructorTest" executed="True" result="Success" success="True" time="0.002">
      </test-case>
      <test-case name="Accord.Tests.Statistics.KernelFunctionCacheTest.KernelFunctionCacheConstructorTest2" executed="True" result="Success" success="True" time="0.003">
      </test-case>
      <test-case name="Accord.Tests.Statistics.KernelFunctionCacheTest.KernelFunctionCacheConstructorTest3" executed="True" result="Success" success="True" time="0.012">
      </test-case>
      <test-case name="Accord.Tests.Statistics.KernelFunctionCacheTest.KernelFunctionCacheConstructorTest4" executed="True" result="Success" success="True" time="0.000">
      </test-case>
      <test-case name="Accord.Tests.Statistics.KernelFunctionCacheTest.KernelFunctionCacheConstructorTest5" executed="True" result="Success" success="True" time="0.002">
      </test-case>
      <test-case name="Accord.Tests.Statistics.KernelFunctionCacheTest.KernelFunctionCacheConstructorTest6" executed="True" result="Success" success="True" time="0.002">
      </test-case>
      <test-case name="Accord.Tests.Statistics.KernelFunctionCacheTest.KernelFunctionCacheConstructorTest7" executed="True" result="Success" success="True" time="0.010">
      </test-case>
      <test-case name="Accord.Tests.Statistics.KernelPrincipalComponentAnalysisTest.RevertTest" executed="True" result="Success" success="True" time="0.017">
      </test-case>
      <test-case name="Accord.Tests.Statistics.KernelPrincipalComponentAnalysisTest.TransformTest" executed="True" result="Success" success="True" time="0.001">
      </test-case>
      <test-case name="Accord.Tests.Statistics.KernelPrincipalComponentAnalysisTest.TransformTest2" executed="True" result="Success" success="True" time="0.001">
      </test-case>
      <test-case name="Accord.Tests.Statistics.KernelPrincipalComponentAnalysisTest.TransformTest3" executed="True" result="Success" success="True" time="0.001">
      </test-case>
      <test-case name="Accord.Tests.Statistics.KernelPrincipalComponentAnalysisTest.TransformTest4" executed="True" result="Success" success="True" time="0.169">
      </test-case>
      <test-case name="Accord.Tests.Statistics.KernelPrincipalComponentAnalysisTest.TransformTest5" executed="True" result="Success" success="True" time="0.002">
      </test-case>
      <test-case name="Accord.Tests.Statistics.KolmogorovSmirnovDistributionTest.ConstructorTest" executed="True" result="Success" success="True" time="0.015">
      </test-case>
      <test-case name="Accord.Tests.Statistics.KolmogorovSmirnovDistributionTest.CumulativeFunctionTest" executed="True" result="Success" success="True" time="0.073">
      </test-case>
      <test-case name="Accord.Tests.Statistics.KolmogorovSmirnovDistributionTest.CumulativeFunctionTest2" executed="True" result="Success" success="True" time="0.000">
      </test-case>
      <test-case name="Accord.Tests.Statistics.KolmogorovSmirnovDistributionTest.DurbinTest" executed="True" result="Success" success="True" time="0.826">
      </test-case>
      <test-case name="Accord.Tests.Statistics.KolmogorovSmirnovDistributionTest.DurbinTest2" executed="True" result="Success" success="True" time="53.283">
      </test-case>
      <test-case name="Accord.Tests.Statistics.KolmogorovSmirnovDistributionTest.MedianTest" executed="True" result="Success" success="True" time="0.001">
      </test-case>
      <test-case name="Accord.Tests.Statistics.KolmogorovSmirnovDistributionTest.PelzGoodTest" executed="True" result="Success" success="True" time="0.001">
      </test-case>
      <test-case name="Accord.Tests.Statistics.KolmogorovSmirnovDistributionTest.SurvivalFunctionTest" executed="True" result="Success" success="True" time="0.365">
      </test-case>
      <test-case name="Accord.Tests.Statistics.KolmogorovSmirnovTestTest.EmpiricalDistributionTest" executed="True" result="Success" success="True" time="0.004">
      </test-case>
      <test-case name="Accord.Tests.Statistics.KolmogorovSmirnovTestTest.KolmogorovSmirnovTestConstructorTest" executed="True" result="Success" success="True" time="0.002">
      </test-case>
      <test-case name="Accord.Tests.Statistics.KolmogorovSmirnovTestTest.KolmogorovSmirnovTestConstructorTest2" executed="True" result="Success" success="True" time="0.001">
      </test-case>
      <test-case name="Accord.Tests.Statistics.KolmogorovSmirnovTestTest.KolmogorovSmirnovTestConstructorTest3" executed="True" result="Success" success="True" time="0.008">
      </test-case>
      <test-case name="Accord.Tests.Statistics.KolmogorovSmirnovTestTest.KolmogorovSmirnovTestConstructorTest4" executed="True" result="Success" success="True" time="0.001">
      </test-case>
      <test-case name="Accord.Tests.Statistics.KolmogorovSmirnovTestTest.TheoreticalDistributionTest" executed="True" result="Success" success="True" time="0.001">
      </test-case>
      <test-case name="Accord.Tests.Statistics.LaplaceDistributionTest.ConstructorTest2" executed="True" result="Success" success="True" time="0.003">
      </test-case>
      <test-case name="Accord.Tests.Statistics.LaplaceDistributionTest.LaplaceDistributionConstructorTest" executed="True" result="Success" success="True" time="0.001">
      </test-case>
      <test-case name="Accord.Tests.Statistics.LaplaceDistributionTest.MedianTest" executed="True" result="Success" success="True" time="0.000">
      </test-case>
      <test-case name="Accord.Tests.Statistics.LaplacianTest.FunctionTest" executed="True" result="Success" success="True" time="0.002">
      </test-case>
      <test-case name="Accord.Tests.Statistics.LaplacianTest.LaplacianReverseDistanceTest" executed="True" result="Success" success="True" time="0.005">
      </test-case>
      <test-case name="Accord.Tests.Statistics.LeveneTestTest.LeveneTestConstructorTest" executed="True" result="Success" success="True" time="0.003">
      </test-case>
      <test-case name="Accord.Tests.Statistics.LeveneTestTest.LeveneTestConstructorTest2" executed="True" result="Success" success="True" time="0.001">
      </test-case>
      <test-case name="Accord.Tests.Statistics.LeveneTestTest.LeveneTestConstructorTest3" executed="True" result="Success" success="True" time="0.021">
      </test-case>
      <test-case name="Accord.Tests.Statistics.LinearDiscriminantAnalysisTest.ClassifyTest" executed="True" result="Success" success="True" time="0.011">
      </test-case>
      <test-case name="Accord.Tests.Statistics.LinearDiscriminantAnalysisTest.ClassifyTest1" executed="True" result="Success" success="True" time="0.003">
      </test-case>
      <test-case name="Accord.Tests.Statistics.LinearDiscriminantAnalysisTest.ComputeTest" executed="True" result="Success" success="True" time="0.001">
      </test-case>
      <test-case name="Accord.Tests.Statistics.LinearDiscriminantAnalysisTest.ComputeTest2" executed="True" result="Success" success="True" time="0.003">
      </test-case>
      <test-case name="Accord.Tests.Statistics.LinearDiscriminantAnalysisTest.ProjectionTest" executed="True" result="Success" success="True" time="0.005">
      </test-case>
      <test-case name="Accord.Tests.Statistics.LinearScalingFilterTest.ApplyTest" executed="True" result="Success" success="True" time="0.016">
      </test-case>
      <test-case name="Accord.Tests.Statistics.LinearTest.DistanceTest" executed="True" result="Success" success="True" time="0.001">
      </test-case>
      <test-case name="Accord.Tests.Statistics.LinearTest.ExpandDistanceTest" executed="True" result="Success" success="True" time="0.001">
      </test-case>
      <test-case name="Accord.Tests.Statistics.LinearTest.ExpandReverseDistanceTest" executed="True" result="Success" success="True" time="0.001">
      </test-case>
      <test-case name="Accord.Tests.Statistics.LinearTest.FunctionTest" executed="True" result="Success" success="True" time="0.001">
      </test-case>
      <test-case name="Accord.Tests.Statistics.LinearTest.FunctionTest2" executed="True" result="Success" success="True" time="0.001">
      </test-case>
      <test-case name="Accord.Tests.Statistics.LinearTest.ReverseDistanceTest" executed="True" result="Success" success="True" time="0.001">
      </test-case>
      <test-case name="Accord.Tests.Statistics.LogisticGradientDescentTest.GradientTest" executed="True" result="Success" success="True" time="0.005">
      </test-case>
      <test-case name="Accord.Tests.Statistics.LogisticGradientDescentTest.RunTest" executed="True" result="Success" success="True" time="2.550">
      </test-case>
      <test-case name="Accord.Tests.Statistics.LogisticGradientDescentTest.RunTest1" executed="True" result="Success" success="True" time="104.042">
      </test-case>
      <test-case name="Accord.Tests.Statistics.LogisticGradientDescentTest.StochasticGradientTest" executed="True" result="Success" success="True" time="0.002">
      </test-case>
      <test-case name="Accord.Tests.Statistics.LogisticRegressionAnalysisTest.ComputeTest1" executed="True" result="Success" success="True" time="0.014">
      </test-case>
      <test-case name="Accord.Tests.Statistics.LogisticRegressionAnalysisTest.ComputeTest2" executed="True" result="Success" success="True" time="0.030">
      </test-case>
      <test-case name="Accord.Tests.Statistics.LogisticRegressionAnalysisTest.ComputeTest3" executed="True" result="Success" success="True" time="0.002">
      </test-case>
      <test-case name="Accord.Tests.Statistics.LogisticRegressionAnalysisTest.ComputeTest4" executed="True" result="Success" success="True" time="0.003">
      </test-case>
      <test-case name="Accord.Tests.Statistics.LogisticRegressionTest.ComputeTest" executed="True" result="Success" success="True" time="0.004">
      </test-case>
      <test-case name="Accord.Tests.Statistics.LogisticRegressionTest.ComputeTest3" executed="True" result="Success" success="True" time="0.002">
      </test-case>
      <test-case name="Accord.Tests.Statistics.LogisticRegressionTest.RegressTest" executed="True" result="Success" success="True" time="0.006">
      </test-case>
      <test-case name="Accord.Tests.Statistics.LogitLinkFunctionTest.DerivativeTest" executed="True" result="Success" success="True" time="0.006">
      </test-case>
      <test-case name="Accord.Tests.Statistics.LogitLinkFunctionTest.DerivativeTest2" executed="True" result="Success" success="True" time="0.001">
      </test-case>
      <test-case name="Accord.Tests.Statistics.LogitLinkFunctionTest.LogitLinkFunctionConstructorTest" executed="True" result="Success" success="True" time="0.001">
      </test-case>
      <test-case name="Accord.Tests.Statistics.LogitLinkFunctionTest.LogitLinkFunctionConstructorTest1" executed="True" result="Success" success="True" time="0.001">
      </test-case>
      <test-case name="Accord.Tests.Statistics.LogLinkFunctionTest.DerivativeTest" executed="True" result="Success" success="True" time="0.002">
      </test-case>
      <test-case name="Accord.Tests.Statistics.LogLinkFunctionTest.LogLinkFunctionConstructorTest" executed="True" result="Success" success="True" time="0.001">
      </test-case>
      <test-case name="Accord.Tests.Statistics.LogLinkFunctionTest.LogLinkFunctionConstructorTest2" executed="True" result="Success" success="True" time="0.001">
      </test-case>
      <test-case name="Accord.Tests.Statistics.LogLogLinkFunctionTest.DerivativeTest" executed="True" result="Success" success="True" time="0.002">
      </test-case>
      <test-case name="Accord.Tests.Statistics.LogLogLinkFunctionTest.DerivativeTest2" executed="True" result="Success" success="True" time="0.001">
      </test-case>
      <test-case name="Accord.Tests.Statistics.LogLogLinkFunctionTest.LogLogLinkFunctionConstructorTest" executed="True" result="Success" success="True" time="0.001">
      </test-case>
      <test-case name="Accord.Tests.Statistics.LogLogLinkFunctionTest.LogLogLinkFunctionConstructorTest2" executed="True" result="Success" success="True" time="0.001">
      </test-case>
      <test-case name="Accord.Tests.Statistics.LogNormalDistributionTest.CloneTest" executed="True" result="Success" success="True" time="0.003">
      </test-case>
      <test-case name="Accord.Tests.Statistics.LogNormalDistributionTest.ConstructorTest" executed="True" result="Success" success="True" time="0.003">
      </test-case>
      <test-case name="Accord.Tests.Statistics.LogNormalDistributionTest.DistributionFunctionTest" executed="True" result="Success" success="True" time="0.000">
      </test-case>
      <test-case name="Accord.Tests.Statistics.LogNormalDistributionTest.EstimateTest" executed="True" result="Success" success="True" time="0.001">
      </test-case>
      <test-case name="Accord.Tests.Statistics.LogNormalDistributionTest.EstimateTest1" executed="True" result="Success" success="True" time="0.001">
      </test-case>
      <test-case name="Accord.Tests.Statistics.LogNormalDistributionTest.EstimateTest2" executed="True" result="Success" success="True" time="0.001">
      </test-case>
      <test-case name="Accord.Tests.Statistics.LogNormalDistributionTest.GenerateTest" executed="True" result="Success" success="True" time="0.811">
      </test-case>
      <test-case name="Accord.Tests.Statistics.LogNormalDistributionTest.GenerateTest2" executed="True" result="Success" success="True" time="12.883">
      </test-case>
      <test-case name="Accord.Tests.Statistics.LogNormalDistributionTest.LogNormalDistributionConstructorTest" executed="True" result="Success" success="True" time="0.001">
      </test-case>
      <test-case name="Accord.Tests.Statistics.LogNormalDistributionTest.LogNormalDistributionConstructorTest1" executed="True" result="Success" success="True" time="0.001">
      </test-case>
      <test-case name="Accord.Tests.Statistics.LogNormalDistributionTest.LogNormalDistributionConstructorTest2" executed="True" result="Success" success="True" time="0.000">
      </test-case>
      <test-case name="Accord.Tests.Statistics.LogNormalDistributionTest.LogProbabilityDensityFunctionTest" executed="True" result="Success" success="True" time="0.000">
      </test-case>
      <test-case name="Accord.Tests.Statistics.LogNormalDistributionTest.MeanTest" executed="True" result="Success" success="True" time="0.000">
      </test-case>
      <test-case name="Accord.Tests.Statistics.LogNormalDistributionTest.MedianTest" executed="True" result="Success" success="True" time="0.000">
      </test-case>
      <test-case name="Accord.Tests.Statistics.LogNormalDistributionTest.ProbabilityDensityFunctionTest" executed="True" result="Success" success="True" time="0.000">
      </test-case>
      <test-case name="Accord.Tests.Statistics.LogNormalDistributionTest.StandardTest" executed="True" result="Success" success="True" time="0.001">
      </test-case>
      <test-case name="Accord.Tests.Statistics.LogNormalDistributionTest.VarianceTest" executed="True" result="Success" success="True" time="0.000">
      </test-case>
      <test-case name="Accord.Tests.Statistics.MannWhitneyDistributionTest.ConstructorTest" executed="True" result="Success" success="True" time="0.006">
      </test-case>
      <test-case name="Accord.Tests.Statistics.MannWhitneyDistributionTest.DistributionFunctionTest" executed="True" result="Success" success="True" time="0.001">
      </test-case>
      <test-case name="Accord.Tests.Statistics.MannWhitneyDistributionTest.MedianTest" executed="True" result="Success" success="True" time="0.001">
      </test-case>
      <test-case name="Accord.Tests.Statistics.MannWhitneyDistributionTest.ProbabilityDensityFunctionTest" executed="True" result="Success" success="True" time="0.001">
      </test-case>
      <test-case name="Accord.Tests.Statistics.MannWhitneyWilcoxonTestTest.MannWhitneyWilcoxonTestConstructorTest" executed="True" result="Success" success="True" time="1.189">
      </test-case>
      <test-case name="Accord.Tests.Statistics.MannWhitneyWilcoxonTestTest.MannWhitneyWilcoxonTestConstructorTest1" executed="True" result="Success" success="True" time="0.001">
      </test-case>
      <test-case name="Accord.Tests.Statistics.MaximumLikelihoodLearningTest.RunTest" executed="True" result="Success" success="True" time="0.005">
      </test-case>
      <test-case name="Accord.Tests.Statistics.McNemarTestTest.McNemarTestConstructorTest" executed="True" result="Success" success="True" time="0.001">
      </test-case>
      <test-case name="Accord.Tests.Statistics.MixtureDistributionTest.ConstructorTest" executed="True" result="Success" success="True" time="0.017">
      </test-case>
      <test-case name="Accord.Tests.Statistics.MixtureDistributionTest.ConstructorTest1" executed="True" result="Success" success="True" time="0.001">
      </test-case>
      <test-case name="Accord.Tests.Statistics.MixtureDistributionTest.ConstructorTest2" executed="True" result="Success" success="True" time="0.001">
      </test-case>
      <test-case name="Accord.Tests.Statistics.MixtureDistributionTest.FitTest" executed="True" result="Success" success="True" time="0.002">
      </test-case>
      <test-case name="Accord.Tests.Statistics.MixtureDistributionTest.FitTest2" executed="True" result="Success" success="True" time="0.001">
      </test-case>
      <test-case name="Accord.Tests.Statistics.MixtureDistributionTest.LogProbabilityDensityFunction" executed="True" result="Success" success="True" time="0.001">
      </test-case>
      <test-case name="Accord.Tests.Statistics.MixtureDistributionTest.MixtureWeightsFitTest" executed="True" result="Success" success="True" time="0.003">
      </test-case>
      <test-case name="Accord.Tests.Statistics.MixtureDistributionTest.ProbabilityDensityFunction" executed="True" result="Success" success="True" time="0.001">
      </test-case>
      <test-case name="Accord.Tests.Statistics.Models.Fields.ConditionalRandomFieldTest.ComputeTest" executed="True" result="Success" success="True" time="0.088">
      </test-case>
      <test-case name="Accord.Tests.Statistics.Models.Fields.ConditionalRandomFieldTest.ConditionalRandomFieldConstructorTest" executed="True" result="Success" success="True" time="0.002">
      </test-case>
      <test-case name="Accord.Tests.Statistics.Models.Fields.ConditionalRandomFieldTest.LikelihoodTest" executed="True" result="Failure" success="False" time="0.080">
        <failure>
          <message>
<![CDATA[  Expected: NaN
  But was:  -0.72864912337948695d
]]>
          </message>
          <stack-trace>
<![CDATA[at Accord.Tests.Statistics.Models.Fields.ConditionalRandomFieldTest.LikelihoodTest () [0x000b9] in /Users/davidgutierrezpalma/Desarrollo/Personal/Proyectos/Unity3D/ai4unity/src/Assets/Accord.NET/Editor/Tests/Accord.Tests.Statistics/Models/Fields/ConditionalRandomFieldTest.cs:156
]]>
          </stack-trace>
        </failure>
      </test-case>
      <test-case name="Accord.Tests.Statistics.Models.Fields.ConjugateGradientHiddenLearningTest.RunTest" executed="True" result="Success" success="True" time="0.080">
      </test-case>
      <test-case name="Accord.Tests.Statistics.Models.Fields.ConjugateGradientHiddenLearningTest.RunTest2" executed="True" result="Success" success="True" time="0.025">
      </test-case>
      <test-case name="Accord.Tests.Statistics.Models.Fields.ForwardBackwardAlgorithmTest.BackwardTest" executed="True" result="Success" success="True" time="0.009">
      </test-case>
      <test-case name="Accord.Tests.Statistics.Models.Fields.ForwardBackwardAlgorithmTest.BackwardTest2" executed="True" result="Success" success="True" time="0.002">
      </test-case>
      <test-case name="Accord.Tests.Statistics.Models.Fields.ForwardBackwardAlgorithmTest.ForwardBackwardTest" executed="True" result="Success" success="True" time="0.006">
      </test-case>
      <test-case name="Accord.Tests.Statistics.Models.Fields.ForwardBackwardAlgorithmTest.ForwardScalingTest" executed="True" result="Success" success="True" time="0.006">
      </test-case>
      <test-case name="Accord.Tests.Statistics.Models.Fields.ForwardBackwardAlgorithmTest.ForwardScalingTest2" executed="True" result="Success" success="True" time="0.001">
      </test-case>
      <test-case name="Accord.Tests.Statistics.Models.Fields.ForwardBackwardAlgorithmTest.ForwardTest" executed="True" result="Success" success="True" time="0.122">
      </test-case>
      <test-case name="Accord.Tests.Statistics.Models.Fields.ForwardBackwardAlgorithmTest.ForwardTest2" executed="True" result="Success" success="True" time="0.005">
      </test-case>
      <test-case name="Accord.Tests.Statistics.Models.Fields.ForwardBackwardAlgorithmTest.ForwardTest3" executed="True" result="Success" success="True" time="0.002">
      </test-case>
      <test-case name="Accord.Tests.Statistics.Models.Fields.ForwardBackwardAlgorithmTest.ForwardTest4" executed="True" result="Success" success="True" time="3.647">
      </test-case>
      <test-case name="Accord.Tests.Statistics.Models.Fields.ForwardBackwardAlgorithmTest.LogBackwardTest" executed="True" result="Success" success="True" time="0.003">
      </test-case>
      <test-case name="Accord.Tests.Statistics.Models.Fields.ForwardBackwardAlgorithmTest.LogBackwardTest2" executed="True" result="Success" success="True" time="0.001">
      </test-case>
      <test-case name="Accord.Tests.Statistics.Models.Fields.ForwardBackwardAlgorithmTest.LogForwardBackwardTest" executed="True" result="Success" success="True" time="0.001">
      </test-case>
      <test-case name="Accord.Tests.Statistics.Models.Fields.ForwardBackwardAlgorithmTest.LogForwardTest" executed="True" result="Success" success="True" time="0.001">
      </test-case>
      <test-case name="Accord.Tests.Statistics.Models.Fields.ForwardBackwardAlgorithmTest.LogForwardTest2" executed="True" result="Success" success="True" time="0.001">
      </test-case>
      <test-case name="Accord.Tests.Statistics.Models.Fields.ForwardBackwardAlgorithmTest.LogForwardTest3" executed="True" result="Success" success="True" time="0.010">
      </test-case>
      <test-case name="Accord.Tests.Statistics.Models.Fields.ForwardBackwardAlgorithmTest.LogForwardTest4" executed="True" result="Success" success="True" time="3.677">
      </test-case>
      <test-case name="Accord.Tests.Statistics.Models.Fields.GradientDescentHiddenLearningTest.RunTest" executed="True" result="Success" success="True" time="0.074">
      </test-case>
      <test-case name="Accord.Tests.Statistics.Models.Fields.GradientDescentHiddenLearningTest.RunTest2" executed="True" result="Success" success="True" time="0.041">
      </test-case>
      <test-case name="Accord.Tests.Statistics.Models.Fields.HiddenConditionalRandomFieldTest.ComputeTest" executed="True" result="Success" success="True" time="0.005">
      </test-case>
      <test-case name="Accord.Tests.Statistics.Models.Fields.HiddenConditionalRandomFieldTest.HiddenConditionalRandomFieldConstructorTest" executed="True" result="Success" success="True" time="0.003">
      </test-case>
      <test-case name="Accord.Tests.Statistics.Models.Fields.HiddenConditionalRandomFieldTest.NumberOfFeaturesTest" executed="True" result="Success" success="True" time="0.012">
      </test-case>
      <test-case name="Accord.Tests.Statistics.Models.Fields.HiddenConditionalRandomFieldTest.SimpleGestureRecognitionTest" executed="True" result="Success" success="True" time="0.019">
      </test-case>
      <test-case name="Accord.Tests.Statistics.Models.Fields.HiddenMarkovClassifierPotentialFunctionTest.ComputeTest" executed="True" result="Success" success="True" time="0.004">
      </test-case>
      <test-case name="Accord.Tests.Statistics.Models.Fields.HiddenMarkovClassifierPotentialFunctionTest.HiddenMarkovHiddenPotentialFunctionConstructorTest" executed="True" result="Success" success="True" time="0.004">
      </test-case>
      <test-case name="Accord.Tests.Statistics.Models.Fields.HiddenMarkovModelFunctionTest.ComputeTest" executed="True" result="Success" success="True" time="0.002">
      </test-case>
      <test-case name="Accord.Tests.Statistics.Models.Fields.HiddenMarkovModelFunctionTest.HiddenMarkovModelFunctionConstructorTest" executed="True" result="Success" success="True" time="0.001">
      </test-case>
      <test-case name="Accord.Tests.Statistics.Models.Fields.IndependentForwardBackwardAlgorithmTest.ForwardTest" executed="True" result="Success" success="True" time="0.010">
      </test-case>
      <test-case name="Accord.Tests.Statistics.Models.Fields.IndependentForwardBackwardAlgorithmTest.ForwardTest2" executed="True" result="Success" success="True" time="0.025">
      </test-case>
      <test-case name="Accord.Tests.Statistics.Models.Fields.IndependentForwardBackwardAlgorithmTest.LogBackwardTest" executed="True" result="Success" success="True" time="0.003">
      </test-case>
      <test-case name="Accord.Tests.Statistics.Models.Fields.IndependentForwardBackwardAlgorithmTest.LogBackwardTest2" executed="True" result="Success" success="True" time="0.025">
      </test-case>
      <test-case name="Accord.Tests.Statistics.Models.Fields.IndependentForwardBackwardAlgorithmTest.LogForwardTest" executed="True" result="Success" success="True" time="0.002">
      </test-case>
      <test-case name="Accord.Tests.Statistics.Models.Fields.IndependentForwardBackwardAlgorithmTest.LogForwardTest2" executed="True" result="Success" success="True" time="0.023">
      </test-case>
      <test-case name="Accord.Tests.Statistics.Models.Fields.IndependentMarkovClassifierPotentialFunctionTest.ComputeTest" executed="True" result="Success" success="True" time="0.008">
      </test-case>
      <test-case name="Accord.Tests.Statistics.Models.Fields.IndependentMarkovClassifierPotentialFunctionTest.ComputeTest2" executed="True" result="Success" success="True" time="0.003">
      </test-case>
      <test-case name="Accord.Tests.Statistics.Models.Fields.IndependentMarkovClassifierPotentialFunctionTest.ComputeTest3" executed="True" result="Success" success="True" time="0.128">
      </test-case>
      <test-case name="Accord.Tests.Statistics.Models.Fields.IndependentMarkovClassifierPotentialFunctionTest.GradientTest2" executed="True" result="Success" success="True" time="0.545">
      </test-case>
      <test-case name="Accord.Tests.Statistics.Models.Fields.IndependentMarkovClassifierPotentialFunctionTest.GradientTest3" executed="True" result="Success" success="True" time="0.496">
      </test-case>
      <test-case name="Accord.Tests.Statistics.Models.Fields.InitialFeatureTest.ComputeTest" executed="True" result="Success" success="True" time="0.014">
      </test-case>
      <test-case name="Accord.Tests.Statistics.Models.Fields.InitialFeatureTest.ComputeTest2" executed="True" result="Success" success="True" time="0.029">
      </test-case>
      <test-case name="Accord.Tests.Statistics.Models.Fields.InitialFeatureTest.ComputeTest3" executed="True" result="Success" success="True" time="0.013">
      </test-case>
      <test-case name="Accord.Tests.Statistics.Models.Fields.MultivariateNormalHiddenMarkovClassifierPotentialFunctionTest.ComputeTest" executed="True" result="Success" success="True" time="0.005">
      </test-case>
      <test-case name="Accord.Tests.Statistics.Models.Fields.MultivariateNormalHiddenMarkovClassifierPotentialFunctionTest.ComputeTest2" executed="True" result="Success" success="True" time="0.006">
      </test-case>
      <test-case name="Accord.Tests.Statistics.Models.Fields.MultivariateNormalHiddenMarkovClassifierPotentialFunctionTest.ComputeTest3" executed="True" result="Success" success="True" time="3.721">
      </test-case>
      <test-case name="Accord.Tests.Statistics.Models.Fields.MultivariateNormalHiddenMarkovClassifierPotentialFunctionTest.ComputeTest4" executed="True" result="Success" success="True" time="3.667">
      </test-case>
      <test-case name="Accord.Tests.Statistics.Models.Fields.MultivariateNormalHiddenMarkovClassifierPotentialFunctionTest.ComputeTest5" executed="True" result="Success" success="True" time="10.514">
      </test-case>
      <test-case name="Accord.Tests.Statistics.Models.Fields.MultivariateNormalHiddenMarkovClassifierPotentialFunctionTest.HiddenMarkovHiddenPotentialFunctionConstructorTest" executed="True" result="Success" success="True" time="0.006">
      </test-case>
      <test-case name="Accord.Tests.Statistics.Models.Fields.MultivariateNormalHiddenMarkovClassifierPotentialFunctionTest.HiddenMarkovHiddenPotentialFunctionConstructorTest2" executed="True" result="Success" success="True" time="0.005">
      </test-case>
      <test-case name="Accord.Tests.Statistics.Models.Fields.NormalHiddenMarkovClassifierPotentialFunctionTest.ComputeTest" executed="True" result="Success" success="True" time="0.003">
      </test-case>
      <test-case name="Accord.Tests.Statistics.Models.Fields.NormalHiddenMarkovClassifierPotentialFunctionTest.HiddenMarkovHiddenPotentialFunctionConstructorTest" executed="True" result="Success" success="True" time="0.003">
      </test-case>
      <test-case name="Accord.Tests.Statistics.Models.Fields.NormalQuasiNewtonHiddenLearningTest.GradientTest2" executed="True" result="Success" success="True" time="0.012">
      </test-case>
      <test-case name="Accord.Tests.Statistics.Models.Fields.NormalQuasiNewtonHiddenLearningTest.GradientTest3" executed="True" result="Success" success="True" time="0.006">
      </test-case>
      <test-case name="Accord.Tests.Statistics.Models.Fields.NormalQuasiNewtonHiddenLearningTest.RunTest" executed="True" result="Success" success="True" time="0.033">
      </test-case>
      <test-case name="Accord.Tests.Statistics.Models.Fields.QuasiNewtonHiddenLearningTest.GradientTest" executed="True" result="Success" success="True" time="0.008">
      </test-case>
      <test-case name="Accord.Tests.Statistics.Models.Fields.QuasiNewtonHiddenLearningTest.GradientTest2" executed="True" result="Success" success="True" time="0.011">
      </test-case>
      <test-case name="Accord.Tests.Statistics.Models.Fields.QuasiNewtonHiddenLearningTest.GradientTest3" executed="True" result="Success" success="True" time="0.010">
      </test-case>
      <test-case name="Accord.Tests.Statistics.Models.Fields.QuasiNewtonHiddenLearningTest.GradientTest4" executed="True" result="Success" success="True" time="0.008">
      </test-case>
      <test-case name="Accord.Tests.Statistics.Models.Fields.QuasiNewtonHiddenLearningTest.RunTest" executed="True" result="Success" success="True" time="0.181">
      </test-case>
      <test-case name="Accord.Tests.Statistics.Models.Fields.QuasiNewtonHiddenLearningTest.RunTest2" executed="True" result="Success" success="True" time="0.051">
      </test-case>
      <test-case name="Accord.Tests.Statistics.Models.Fields.ResilientGradientHiddenLearningTest.ComputeTest2" executed="True" result="Success" success="True" time="0.286">
      </test-case>
      <test-case name="Accord.Tests.Statistics.Models.Fields.ResilientGradientHiddenLearningTest.RunTest" executed="True" result="Success" success="True" time="0.044">
      </test-case>
      <test-case name="Accord.Tests.Statistics.Models.Fields.ResilientGradientHiddenLearningTest.RunTest2" executed="True" result="Success" success="True" time="0.043">
      </test-case>
      <test-case name="Accord.Tests.Statistics.Models.Fields.ResilientGradientHiddenLearningTest.RunTest3" executed="True" result="Success" success="True" time="0.068">
      </test-case>
      <test-case name="Accord.Tests.Statistics.Models.Markov.ForwardBackwardAlgorithmTest.BackwardTest" executed="True" result="Success" success="True" time="0.005">
      </test-case>
      <test-case name="Accord.Tests.Statistics.Models.Markov.ForwardBackwardAlgorithmTest.BackwardTest2" executed="True" result="Success" success="True" time="0.001">
      </test-case>
      <test-case name="Accord.Tests.Statistics.Models.Markov.ForwardBackwardAlgorithmTest.ForwardBackwardGenericTest" executed="True" result="Success" success="True" time="0.008">
      </test-case>
      <test-case name="Accord.Tests.Statistics.Models.Markov.ForwardBackwardAlgorithmTest.ForwardBackwardTest" executed="True" result="Success" success="True" time="0.001">
      </test-case>
      <test-case name="Accord.Tests.Statistics.Models.Markov.ForwardBackwardAlgorithmTest.ForwardScalingTest" executed="True" result="Success" success="True" time="0.003">
      </test-case>
      <test-case name="Accord.Tests.Statistics.Models.Markov.ForwardBackwardAlgorithmTest.ForwardScalingTest2" executed="True" result="Success" success="True" time="0.001">
      </test-case>
      <test-case name="Accord.Tests.Statistics.Models.Markov.ForwardBackwardAlgorithmTest.ForwardTest" executed="True" result="Success" success="True" time="0.003">
      </test-case>
      <test-case name="Accord.Tests.Statistics.Models.Markov.ForwardBackwardAlgorithmTest.ForwardTest2" executed="True" result="Success" success="True" time="0.002">
      </test-case>
      <test-case name="Accord.Tests.Statistics.Models.Markov.ForwardBackwardAlgorithmTest.ForwardTest3" executed="True" result="Success" success="True" time="0.001">
      </test-case>
      <test-case name="Accord.Tests.Statistics.Models.Markov.ForwardBackwardAlgorithmTest.LogBackwardTest" executed="True" result="Success" success="True" time="0.001">
      </test-case>
      <test-case name="Accord.Tests.Statistics.Models.Markov.ForwardBackwardAlgorithmTest.LogBackwardTest2" executed="True" result="Success" success="True" time="0.001">
      </test-case>
      <test-case name="Accord.Tests.Statistics.Models.Markov.ForwardBackwardAlgorithmTest.LogForwardBackwardGenericTest" executed="True" result="Success" success="True" time="0.003">
      </test-case>
      <test-case name="Accord.Tests.Statistics.Models.Markov.ForwardBackwardAlgorithmTest.LogForwardTest" executed="True" result="Success" success="True" time="0.001">
      </test-case>
      <test-case name="Accord.Tests.Statistics.Models.Markov.ForwardBackwardAlgorithmTest.LogForwardTest2" executed="True" result="Success" success="True" time="0.001">
      </test-case>
      <test-case name="Accord.Tests.Statistics.MovingNormalStatisticsTest.PushTest" executed="True" result="Success" success="True" time="0.003">
      </test-case>
      <test-case name="Accord.Tests.Statistics.MovingNormalStatisticsTest.PushTest2" executed="True" result="Success" success="True" time="0.001">
      </test-case>
      <test-case name="Accord.Tests.Statistics.MultinomialDistributionTest.ConstructorTest" executed="True" result="Success" success="True" time="0.003">
      </test-case>
      <test-case name="Accord.Tests.Statistics.MultinomialDistributionTest.FitTest" executed="True" result="Success" success="True" time="0.004">
      </test-case>
      <test-case name="Accord.Tests.Statistics.MultinomialDistributionTest.LogProbabilityMassFunctionTest" executed="True" result="Success" success="True" time="0.002">
      </test-case>
      <test-case name="Accord.Tests.Statistics.MultinomialDistributionTest.ProbabilityMassFunctionTest" executed="True" result="Success" success="True" time="0.001">
      </test-case>
      <test-case name="Accord.Tests.Statistics.MultinomialDistributionTest.ProbabilityMassFunctionTest2" executed="True" result="Success" success="True" time="0.001">
      </test-case>
      <test-case name="Accord.Tests.Statistics.MultinomialLogisticRegressionTest.ChiSquareMethodTest" executed="True" result="Success" success="True" time="0.009">
      </test-case>
      <test-case name="Accord.Tests.Statistics.MultinomialLogisticRegressionTest.CloneTest" executed="True" result="Success" success="True" time="0.001">
      </test-case>
      <test-case name="Accord.Tests.Statistics.MultinomialLogisticRegressionTest.ComputeTest2" executed="True" result="Success" success="True" time="0.002">
      </test-case>
      <test-case name="Accord.Tests.Statistics.MultinomialLogisticRegressionTest.GetLogLikelihoodTest" executed="True" result="Success" success="True" time="0.002">
      </test-case>
      <test-case name="Accord.Tests.Statistics.MultinomialLogisticRegressionTest.GetOddsRatioTest" executed="True" result="Success" success="True" time="0.001">
      </test-case>
      <test-case name="Accord.Tests.Statistics.MultinomialLogisticRegressionTest.GetWaldTestTest" executed="True" result="Success" success="True" time="0.002">
      </test-case>
      <test-case name="Accord.Tests.Statistics.MultinomialLogisticRegressionTest.MultinomialLogisticRegressionConstructorTest" executed="True" result="Success" success="True" time="0.001">
      </test-case>
      <test-case name="Accord.Tests.Statistics.MultinomialLogisticRegressionTest.RegressTest2" executed="True" result="Failure" success="False" time="0.019">
        <failure>
          <message>
<![CDATA[  Expected: False
  But was:  True
]]>
          </message>
          <stack-trace>
<![CDATA[at Accord.Tests.Statistics.MultinomialLogisticRegressionTest.RegressTest2 () [0x00044] in /Users/davidgutierrezpalma/Desarrollo/Personal/Proyectos/Unity3D/ai4unity/src/Assets/Accord.NET/Editor/Tests/Accord.Tests.Statistics/Models/Regression/MultinomialLogisticRegressionTest.cs:83
]]>
          </stack-trace>
        </failure>
      </test-case>
      <test-case name="Accord.Tests.Statistics.MultinomialTestTest.MultinomialTestConstructorTest" executed="True" result="Success" success="True" time="0.002">
      </test-case>
      <test-case name="Accord.Tests.Statistics.MultinomialTestTest.MultinomialTestConstructorTest2" executed="True" result="Success" success="True" time="0.001">
      </test-case>
      <test-case name="Accord.Tests.Statistics.MultipleLinearRegressionAnalysisTest.ComputeTest" executed="True" result="Failure" success="False" time="0.036">
        <failure>
          <message>
<![CDATA[  Expected: 3.1392646720388844d +/- 1E-10.0d
  But was:  11.746052849172766d
]]>
          </message>
          <stack-trace>
<![CDATA[at Accord.Tests.Statistics.MultipleLinearRegressionAnalysisTest.ComputeTest () [0x00642] in /Users/davidgutierrezpalma/Desarrollo/Personal/Proyectos/Unity3D/ai4unity/src/Assets/Accord.NET/Editor/Tests/Accord.Tests.Statistics/Analysis/MultipleLinearRegressionAnalysisTest.cs:152
]]>
          </stack-trace>
        </failure>
      </test-case>
      <test-case name="Accord.Tests.Statistics.MultipleLinearRegressionAnalysisTest.ComputeTest2" executed="True" result="Failure" success="False" time="0.017">
        <failure>
          <message>
<![CDATA[  Expected: 0.0062299844256985537d
  But was:  1.6455839238593839E-05d
]]>
          </message>
          <stack-trace>
<![CDATA[at Accord.Tests.Statistics.MultipleLinearRegressionAnalysisTest.ComputeTest2 () [0x0039e] in /Users/davidgutierrezpalma/Desarrollo/Personal/Proyectos/Unity3D/ai4unity/src/Assets/Accord.NET/Editor/Tests/Accord.Tests.Statistics/Analysis/MultipleLinearRegressionAnalysisTest.cs:255
]]>
          </stack-trace>
        </failure>
      </test-case>
      <test-case name="Accord.Tests.Statistics.MultipleLinearRegressionTest.RegressTest" executed="True" result="Success" success="True" time="0.004">
      </test-case>
      <test-case name="Accord.Tests.Statistics.MultipleLinearRegressionTest.RegressTest2" executed="True" result="Success" success="True" time="0.001">
      </test-case>
      <test-case name="Accord.Tests.Statistics.MultipleLinearRegressionTest.RegressTest3" executed="True" result="Success" success="True" time="0.001">
      </test-case>
      <test-case name="Accord.Tests.Statistics.MultipleLinearRegressionTest.RegressTest4" executed="True" result="Success" success="True" time="0.003">
      </test-case>
      <test-case name="Accord.Tests.Statistics.MultipleLinearRegressionTest.RegressTest5" executed="True" result="Success" success="True" time="0.003">
      </test-case>
      <test-case name="Accord.Tests.Statistics.MultipleLinearRegressionTest.RegressTest6" executed="True" result="Success" success="True" time="0.001">
      </test-case>
      <test-case name="Accord.Tests.Statistics.MultivariateContinuousDistributionTest.CovarianceTest" executed="True" result="Success" success="True" time="0.001">
      </test-case>
      <test-case name="Accord.Tests.Statistics.MultivariateContinuousDistributionTest.DimensionTest" executed="True" result="Success" success="True" time="0.000">
      </test-case>
      <test-case name="Accord.Tests.Statistics.MultivariateContinuousDistributionTest.FitTest" executed="True" result="Success" success="True" time="0.001">
      </test-case>
      <test-case name="Accord.Tests.Statistics.MultivariateContinuousDistributionTest.FitTest1" executed="True" result="Success" success="True" time="0.001">
      </test-case>
      <test-case name="Accord.Tests.Statistics.MultivariateContinuousDistributionTest.FitTest2" executed="True" result="Success" success="True" time="0.001">
      </test-case>
      <test-case name="Accord.Tests.Statistics.MultivariateContinuousDistributionTest.FitTest3" executed="True" result="Success" success="True" time="0.001">
      </test-case>
      <test-case name="Accord.Tests.Statistics.MultivariateContinuousDistributionTest.FitTest4" executed="True" result="Success" success="True" time="0.002">
      </test-case>
      <test-case name="Accord.Tests.Statistics.MultivariateContinuousDistributionTest.FitTest5" executed="True" result="Success" success="True" time="0.001">
      </test-case>
      <test-case name="Accord.Tests.Statistics.MultivariateContinuousDistributionTest.FitTest6" executed="True" result="Success" success="True" time="0.001">
      </test-case>
      <test-case name="Accord.Tests.Statistics.MultivariateContinuousDistributionTest.FitTest7" executed="True" result="Success" success="True" time="0.001">
      </test-case>
      <test-case name="Accord.Tests.Statistics.MultivariateContinuousDistributionTest.LogProbabilityDensityFunctionTest" executed="True" result="Success" success="True" time="0.001">
      </test-case>
      <test-case name="Accord.Tests.Statistics.MultivariateContinuousDistributionTest.LogProbabilityFunctionTest" executed="True" result="Success" success="True" time="0.001">
      </test-case>
      <test-case name="Accord.Tests.Statistics.MultivariateContinuousDistributionTest.MeanTest" executed="True" result="Success" success="True" time="0.000">
      </test-case>
      <test-case name="Accord.Tests.Statistics.MultivariateContinuousDistributionTest.ProbabilityDensityFunctionTest" executed="True" result="Success" success="True" time="0.000">
      </test-case>
      <test-case name="Accord.Tests.Statistics.MultivariateContinuousDistributionTest.ProbabilityFunctionTest" executed="True" result="Success" success="True" time="0.001">
      </test-case>
      <test-case name="Accord.Tests.Statistics.MultivariateContinuousDistributionTest.VarianceTest" executed="True" result="Success" success="True" time="0.000">
      </test-case>
      <test-case name="Accord.Tests.Statistics.MultivariateDiscreteDistributionTest.LogProbabilityMassFunctionTest" executed="True" result="Success" success="True" time="0.000">
      </test-case>
      <test-case name="Accord.Tests.Statistics.MultivariateDiscreteDistributionTest.ProbabilityMassFunctionTest" executed="True" result="Success" success="True" time="0.000">
      </test-case>
      <test-case name="Accord.Tests.Statistics.MultivariateEmpiricalDistributionTest.ConstructorTest" executed="True" result="Success" success="True" time="0.001">
      </test-case>
      <test-case name="Accord.Tests.Statistics.MultivariateEmpiricalDistributionTest.ConstructorTest2" executed="True" result="Success" success="True" time="0.000">
      </test-case>
      <test-case name="Accord.Tests.Statistics.MultivariateEmpiricalDistributionTest.ConstructorTest3" executed="True" result="Success" success="True" time="0.001">
      </test-case>
      <test-case name="Accord.Tests.Statistics.MultivariateEmpiricalDistributionTest.ConstructorTest4" executed="True" result="Success" success="True" time="0.005">
      </test-case>
      <test-case name="Accord.Tests.Statistics.MultivariateEmpiricalDistributionTest.EpanechnikovKernelTest" executed="True" result="Success" success="True" time="0.001">
      </test-case>
      <test-case name="Accord.Tests.Statistics.MultivariateEmpiricalDistributionTest.FitTest" executed="True" result="Success" success="True" time="0.001">
      </test-case>
      <test-case name="Accord.Tests.Statistics.MultivariateEmpiricalDistributionTest.FitTest2" executed="True" result="Success" success="True" time="0.001">
      </test-case>
      <test-case name="Accord.Tests.Statistics.MultivariateEmpiricalDistributionTest.GenerateTest" executed="True" result="Success" success="True" time="2.912">
      </test-case>
      <test-case name="Accord.Tests.Statistics.MultivariateEmpiricalDistributionTest.GenerateTest2" executed="True" result="Success" success="True" time="14.933">
      </test-case>
      <test-case name="Accord.Tests.Statistics.MultivariateEmpiricalDistributionTest.LogProbabilityDensityFunctionTest" executed="True" result="Success" success="True" time="0.001">
      </test-case>
      <test-case name="Accord.Tests.Statistics.MultivariateEmpiricalDistributionTest.ProbabilityDensityFunctionTest" executed="True" result="Success" success="True" time="0.001">
      </test-case>
      <test-case name="Accord.Tests.Statistics.MultivariateEmpiricalDistributionTest.ProbabilityDensityFunctionTest2" executed="True" result="Success" success="True" time="0.002">
      </test-case>
      <test-case name="Accord.Tests.Statistics.MultivariateEmpiricalDistributionTest.ProbabilityDensityFunctionTest3" executed="True" result="Success" success="True" time="0.001">
      </test-case>
      <test-case name="Accord.Tests.Statistics.MultivariateLinearRegressionTest.RegressTest" executed="True" result="Success" success="True" time="0.004">
      </test-case>
      <test-case name="Accord.Tests.Statistics.MultivariateLinearRegressionTest.RegressTest2" executed="True" result="Success" success="True" time="0.004">
      </test-case>
      <test-case name="Accord.Tests.Statistics.MultivariateMixtureDistributionTest.ConstructorTest1" executed="True" result="Success" success="True" time="0.001">
      </test-case>
      <test-case name="Accord.Tests.Statistics.MultivariateMixtureDistributionTest.FitTest" executed="True" result="Success" success="True" time="0.006">
      </test-case>
      <test-case name="Accord.Tests.Statistics.MultivariateMixtureDistributionTest.FitTest2" executed="True" result="Success" success="True" time="0.003">
      </test-case>
      <test-case name="Accord.Tests.Statistics.MultivariateMixtureDistributionTest.LogProbabilityDensityFunctionTest" executed="True" result="Success" success="True" time="0.001">
      </test-case>
      <test-case name="Accord.Tests.Statistics.MultivariateMixtureDistributionTest.MixtureWeightsFitTest" executed="True" result="Success" success="True" time="0.003">
      </test-case>
      <test-case name="Accord.Tests.Statistics.MultivariateMixtureDistributionTest.ProbabilityDensityFunctionTest" executed="True" result="Success" success="True" time="0.001">
      </test-case>
      <test-case name="Accord.Tests.Statistics.MultivariateNormalDistributionTest.ConstructorTest" executed="True" result="Success" success="True" time="0.001">
      </test-case>
      <test-case name="Accord.Tests.Statistics.MultivariateNormalDistributionTest.ConstructorTest1" executed="True" result="Success" success="True" time="0.004">
      </test-case>
      <test-case name="Accord.Tests.Statistics.MultivariateNormalDistributionTest.ConstructorTest2" executed="True" result="Success" success="True" time="0.000">
      </test-case>
      <test-case name="Accord.Tests.Statistics.MultivariateNormalDistributionTest.ConstructorTest3" executed="True" result="Success" success="True" time="0.001">
      </test-case>
      <test-case name="Accord.Tests.Statistics.MultivariateNormalDistributionTest.ConstructorTest4" executed="True" result="Success" success="True" time="0.002">
      </test-case>
      <test-case name="Accord.Tests.Statistics.MultivariateNormalDistributionTest.CumulativeFunctionTest1" executed="True" result="Success" success="True" time="0.001">
      </test-case>
      <test-case name="Accord.Tests.Statistics.MultivariateNormalDistributionTest.CumulativeFunctionTest2" executed="True" result="Success" success="True" time="0.001">
      </test-case>
      <test-case name="Accord.Tests.Statistics.MultivariateNormalDistributionTest.FitTest" executed="True" result="Success" success="True" time="0.001">
      </test-case>
      <test-case name="Accord.Tests.Statistics.MultivariateNormalDistributionTest.FitTest2" executed="True" result="Success" success="True" time="0.001">
      </test-case>
      <test-case name="Accord.Tests.Statistics.MultivariateNormalDistributionTest.FitTest3" executed="True" result="Success" success="True" time="0.001">
      </test-case>
      <test-case name="Accord.Tests.Statistics.MultivariateNormalDistributionTest.FitTest4" executed="True" result="Success" success="True" time="0.004">
      </test-case>
      <test-case name="Accord.Tests.Statistics.MultivariateNormalDistributionTest.FitTest5" executed="True" result="Success" success="True" time="0.001">
      </test-case>
      <test-case name="Accord.Tests.Statistics.MultivariateNormalDistributionTest.GenerateTest" executed="True" result="Success" success="True" time="2.751">
      </test-case>
      <test-case name="Accord.Tests.Statistics.MultivariateNormalDistributionTest.GenerateTest2" executed="True" result="Success" success="True" time="14.224">
      </test-case>
      <test-case name="Accord.Tests.Statistics.MultivariateNormalDistributionTest.LogProbabilityDensityFunctionTest" executed="True" result="Success" success="True" time="0.001">
      </test-case>
      <test-case name="Accord.Tests.Statistics.MultivariateNormalDistributionTest.ProbabilityDensityFunctionTest" executed="True" result="Success" success="True" time="0.001">
      </test-case>
      <test-case name="Accord.Tests.Statistics.MultivariateNormalDistributionTest.ProbabilityDensityFunctionTest2" executed="True" result="Success" success="True" time="0.002">
      </test-case>
      <test-case name="Accord.Tests.Statistics.MultivariateNormalDistributionTest.ProbabilityDensityFunctionTest3" executed="True" result="Success" success="True" time="0.001">
      </test-case>
      <test-case name="Accord.Tests.Statistics.MultivariateNormalQuasiNewtonHiddenLearningTest.GradientTest" executed="True" result="Success" success="True" time="0.018">
      </test-case>
      <test-case name="Accord.Tests.Statistics.MultivariateNormalQuasiNewtonHiddenLearningTest.GradientTest2" executed="True" result="Success" success="True" time="0.017">
      </test-case>
      <test-case name="Accord.Tests.Statistics.MultivariateNormalQuasiNewtonHiddenLearningTest.GradientTest3" executed="True" result="Success" success="True" time="0.009">
      </test-case>
      <test-case name="Accord.Tests.Statistics.MultivariateNormalQuasiNewtonHiddenLearningTest.RunTest" executed="True" result="Success" success="True" time="0.031">
      </test-case>
      <test-case name="Accord.Tests.Statistics.NakagamiDistributionTest.ConstructorTest" executed="True" result="Success" success="True" time="0.002">
      </test-case>
      <test-case name="Accord.Tests.Statistics.NakagamiDistributionTest.ConstructorTest2" executed="True" result="Success" success="True" time="0.003">
      </test-case>
      <test-case name="Accord.Tests.Statistics.NakagamiDistributionTest.CumulativeDistributionTest" executed="True" result="Success" success="True" time="0.001">
      </test-case>
      <test-case name="Accord.Tests.Statistics.NakagamiDistributionTest.GenerateTest" executed="True" result="Success" success="True" time="13.141">
      </test-case>
      <test-case name="Accord.Tests.Statistics.NakagamiDistributionTest.GenerateTest2" executed="True" result="Success" success="True" time="12.822">
      </test-case>
      <test-case name="Accord.Tests.Statistics.NakagamiDistributionTest.MedianTest" executed="True" result="Success" success="True" time="0.001">
      </test-case>
      <test-case name="Accord.Tests.Statistics.NakagamiDistributionTest.ProbabilityDistributionTest" executed="True" result="Success" success="True" time="0.001">
      </test-case>
      <test-case name="Accord.Tests.Statistics.NegativeBinomialTest.ConstructorTest" executed="True" result="Success" success="True" time="0.003">
      </test-case>
      <test-case name="Accord.Tests.Statistics.NegativeBinomialTest.MedianTest" executed="True" result="Success" success="True" time="0.003">
      </test-case>
      <test-case name="Accord.Tests.Statistics.NegativeBinomialTest.NegativeBinomialConstructorTest" executed="True" result="Success" success="True" time="0.001">
      </test-case>
      <test-case name="Accord.Tests.Statistics.NewtonRaphsonCoxLearningTest.BaselineHazardTest" executed="True" result="Success" success="True" time="0.012">
      </test-case>
      <test-case name="Accord.Tests.Statistics.NewtonRaphsonCoxLearningTest.PredictTest1" executed="True" result="Success" success="True" time="0.003">
      </test-case>
      <test-case name="Accord.Tests.Statistics.NewtonRaphsonCoxLearningTest.RunTest" executed="True" result="Success" success="True" time="0.002">
      </test-case>
      <test-case name="Accord.Tests.Statistics.NewtonRaphsonCoxLearningTest.RunTest2" executed="True" result="Success" success="True" time="0.001">
      </test-case>
      <test-case name="Accord.Tests.Statistics.NewtonRaphsonCoxLearningTest.RunTest3" executed="True" result="Success" success="True" time="0.001">
      </test-case>
      <test-case name="Accord.Tests.Statistics.NewtonRaphsonCoxLearningTest.RunTest4" executed="True" result="Success" success="True" time="0.001">
      </test-case>
      <test-case name="Accord.Tests.Statistics.NewtonRaphsonCoxLearningTest.RunTest5" executed="True" result="Success" success="True" time="0.262">
      </test-case>
      <test-case name="Accord.Tests.Statistics.NoncentralTDistributionTest.ConstructorTest2" executed="True" result="Success" success="True" time="0.004">
      </test-case>
      <test-case name="Accord.Tests.Statistics.NoncentralTDistributionTest.DistributionFunctionTest" executed="True" result="Success" success="True" time="0.002">
      </test-case>
      <test-case name="Accord.Tests.Statistics.NoncentralTDistributionTest.MeanTest" executed="True" result="Success" success="True" time="0.001">
      </test-case>
      <test-case name="Accord.Tests.Statistics.NoncentralTDistributionTest.MedianTest" executed="True" result="Success" success="True" time="0.001">
      </test-case>
      <test-case name="Accord.Tests.Statistics.NoncentralTDistributionTest.ProbabilityFunctionTest" executed="True" result="Success" success="True" time="0.001">
      </test-case>
      <test-case name="Accord.Tests.Statistics.NonLinearLeastSquaresTest.RunTest1" executed="True" result="Success" success="True" time="0.007">
      </test-case>
      <test-case name="Accord.Tests.Statistics.NonlinearLestSquaresTest.RunTest" executed="True" result="Success" success="True" time="0.020">
      </test-case>
      <test-case name="Accord.Tests.Statistics.NonlinearLestSquaresTest.RunTest2" executed="True" result="Success" success="True" time="0.003">
      </test-case>
      <test-case name="Accord.Tests.Statistics.NormalDistributionTest.CloneTest" executed="True" result="Success" success="True" time="0.001">
      </test-case>
      <test-case name="Accord.Tests.Statistics.NormalDistributionTest.ConstructorTest" executed="True" result="Success" success="True" time="0.001">
      </test-case>
      <test-case name="Accord.Tests.Statistics.NormalDistributionTest.ConstructorTest2" executed="True" result="Success" success="True" time="0.000">
      </test-case>
      <test-case name="Accord.Tests.Statistics.NormalDistributionTest.ConstructorTest3" executed="True" result="Failure" success="False" time="0.001">
        <failure>
          <message>
<![CDATA[  Expected: 1.9245000000000001d +/- 0.0001d
  But was:  1.9692290323541966d
]]>
          </message>
          <stack-trace>
<![CDATA[at Accord.Tests.Statistics.NormalDistributionTest.ConstructorTest3 () [0x000c0] in /Users/davidgutierrezpalma/Desarrollo/Personal/Proyectos/Unity3D/ai4unity/src/Assets/Accord.NET/Editor/Tests/Accord.Tests.Statistics/Distributions/Univariate/Continuous/NormalDistributionTest.cs:197
]]>
          </stack-trace>
        </failure>
      </test-case>
      <test-case name="Accord.Tests.Statistics.NormalDistributionTest.ConstructorTest5" executed="True" result="Success" success="True" time="0.001">
      </test-case>
      <test-case name="Accord.Tests.Statistics.NormalDistributionTest.DistributionFunctionTest" executed="True" result="Success" success="True" time="0.000">
      </test-case>
      <test-case name="Accord.Tests.Statistics.NormalDistributionTest.DistributionFunctionTest3" executed="True" result="Success" success="True" time="0.001">
      </test-case>
      <test-case name="Accord.Tests.Statistics.NormalDistributionTest.FitTest" executed="True" result="Success" success="True" time="0.001">
      </test-case>
      <test-case name="Accord.Tests.Statistics.NormalDistributionTest.FitTest2" executed="True" result="Success" success="True" time="0.000">
      </test-case>
      <test-case name="Accord.Tests.Statistics.NormalDistributionTest.GenerateTest" executed="True" result="Success" success="True" time="0.412">
      </test-case>
      <test-case name="Accord.Tests.Statistics.NormalDistributionTest.GenerateTest2" executed="True" result="Success" success="True" time="12.095">
      </test-case>
      <test-case name="Accord.Tests.Statistics.NormalDistributionTest.InverseDistributionFunctionTest" executed="True" result="Success" success="True" time="0.001">
      </test-case>
      <test-case name="Accord.Tests.Statistics.NormalDistributionTest.LogProbabilityDensityFunctionTest" executed="True" result="Success" success="True" time="0.000">
      </test-case>
      <test-case name="Accord.Tests.Statistics.NormalDistributionTest.MedianTest" executed="True" result="Success" success="True" time="0.000">
      </test-case>
      <test-case name="Accord.Tests.Statistics.NormalDistributionTest.ProbabilityDensityFunctionTest" executed="True" result="Success" success="True" time="0.000">
      </test-case>
      <test-case name="Accord.Tests.Statistics.NormalDistributionTest.ProbabilityDensityFunctionTest2" executed="True" result="Success" success="True" time="0.000">
      </test-case>
      <test-case name="Accord.Tests.Statistics.NormalDistributionTest.ToMultivariateTest" executed="True" result="Success" success="True" time="0.001">
      </test-case>
      <test-case name="Accord.Tests.Statistics.NormalDistributionTest.ZScoreTest" executed="True" result="Success" success="True" time="0.000">
      </test-case>
      <test-case name="Accord.Tests.Statistics.NormalizationFilterTest.ApplyTest" executed="True" result="Success" success="True" time="0.010">
      </test-case>
      <test-case name="Accord.Tests.Statistics.NormalizationFilterTest.ApplyTest2" executed="True" result="Success" success="True" time="0.002">
      </test-case>
      <test-case name="Accord.Tests.Statistics.NormalizationFilterTest.ApplyTest3" executed="True" result="Success" success="True" time="0.002">
      </test-case>
      <test-case name="Accord.Tests.Statistics.OneWayAnovaTest.OneWayAnovaConstructorTest" executed="True" result="Success" success="True" time="0.005">
      </test-case>
      <test-case name="Accord.Tests.Statistics.OneWayAnovaTest.OneWayAnovaConstructorTest2" executed="True" result="Success" success="True" time="0.003">
      </test-case>
      <test-case name="Accord.Tests.Statistics.PairedTTestTest.TTestConstructorTest" executed="True" result="Success" success="True" time="0.003">
      </test-case>
      <test-case name="Accord.Tests.Statistics.ParetoDistributionTest.ConstructorTest" executed="True" result="Success" success="True" time="0.005">
      </test-case>
      <test-case name="Accord.Tests.Statistics.ParetoDistributionTest.MedianTest" executed="True" result="Success" success="True" time="0.000">
      </test-case>
      <test-case name="Accord.Tests.Statistics.ParetoDistributionTest.ParetoDistributionConstructorTest" executed="True" result="Success" success="True" time="0.001">
      </test-case>
      <test-case name="Accord.Tests.Statistics.PartialLeastSquaresAnalysisTest.ExceptionTest" executed="True" result="Success" success="True" time="0.004">
      </test-case>
      <test-case name="Accord.Tests.Statistics.PartialLeastSquaresAnalysisTest.NipalsComputeTest2" executed="True" result="Success" success="True" time="0.024">
      </test-case>
      <test-case name="Accord.Tests.Statistics.PartialLeastSquaresAnalysisTest.NipalsComputeTest3" executed="True" result="Success" success="True" time="0.003">
      </test-case>
      <test-case name="Accord.Tests.Statistics.PartialLeastSquaresAnalysisTest.SimplsComputeTest" executed="True" result="Success" success="True" time="0.002">
      </test-case>
      <test-case name="Accord.Tests.Statistics.PartialLeastSquaresAnalysisTest.SimplsRegressionTest" executed="True" result="Success" success="True" time="0.001">
      </test-case>
      <test-case name="Accord.Tests.Statistics.PartialLeastSquaresAnalysisTest.VariableImportanceTest" executed="True" result="Success" success="True" time="0.002">
      </test-case>
      <test-case name="Accord.Tests.Statistics.PoissonDistributionTest.ConstructorTest" executed="True" result="Success" success="True" time="0.004">
      </test-case>
      <test-case name="Accord.Tests.Statistics.PoissonDistributionTest.FitTest" executed="True" result="Success" success="True" time="0.001">
      </test-case>
      <test-case name="Accord.Tests.Statistics.PoissonDistributionTest.LogProbabilityDensityFunctionTest" executed="True" result="Success" success="True" time="0.000">
      </test-case>
      <test-case name="Accord.Tests.Statistics.PoissonDistributionTest.MedianTest" executed="True" result="Success" success="True" time="0.002">
      </test-case>
      <test-case name="Accord.Tests.Statistics.PoissonDistributionTest.ProbabilityDensityFunctionTest" executed="True" result="Success" success="True" time="0.000">
      </test-case>
      <test-case name="Accord.Tests.Statistics.PolynomialRegressionTest.PolynomialRegressionRegressTest" executed="True" result="Success" success="True" time="0.002">
      </test-case>
      <test-case name="Accord.Tests.Statistics.PolynomialRegressionTest.ToStringTest" executed="True" result="Success" success="True" time="0.002">
      </test-case>
      <test-case name="Accord.Tests.Statistics.PolynomialTest.DistanceTest" executed="True" result="Success" success="True" time="0.001">
      </test-case>
      <test-case name="Accord.Tests.Statistics.PolynomialTest.ExpandDistanceTest" executed="True" result="Success" success="True" time="0.002">
      </test-case>
      <test-case name="Accord.Tests.Statistics.PolynomialTest.ExpandReverseDistanceTest" executed="True" result="Success" success="True" time="0.001">
      </test-case>
      <test-case name="Accord.Tests.Statistics.PolynomialTest.FunctionTest" executed="True" result="Success" success="True" time="0.001">
      </test-case>
      <test-case name="Accord.Tests.Statistics.PolynomialTest.FunctionTest2" executed="True" result="Success" success="True" time="0.001">
      </test-case>
      <test-case name="Accord.Tests.Statistics.PrincipalComponentAnalysisTest.ConstructorTest" executed="True" result="Success" success="True" time="0.003">
      </test-case>
      <test-case name="Accord.Tests.Statistics.PrincipalComponentAnalysisTest.ConstructorTest2" executed="True" result="Success" success="True" time="0.002">
      </test-case>
      <test-case name="Accord.Tests.Statistics.PrincipalComponentAnalysisTest.ExceptionTest" executed="True" result="Success" success="True" time="0.002">
      </test-case>
      <test-case name="Accord.Tests.Statistics.PrincipalComponentAnalysisTest.FromCorrelationConstructorTest" executed="True" result="Success" success="True" time="0.003">
      </test-case>
      <test-case name="Accord.Tests.Statistics.PrincipalComponentAnalysisTest.FromCovarianceConstructorTest" executed="True" result="Success" success="True" time="0.005">
      </test-case>
      <test-case name="Accord.Tests.Statistics.PrincipalComponentAnalysisTest.Revert" executed="True" result="Success" success="True" time="0.001">
      </test-case>
      <test-case name="Accord.Tests.Statistics.PrincipalComponentAnalysisTest.TransformTest" executed="True" result="Success" success="True" time="0.001">
      </test-case>
      <test-case name="Accord.Tests.Statistics.PrincipalComponentAnalysisTest.TransformTest1" executed="True" result="Success" success="True" time="0.003">
      </test-case>
      <test-case name="Accord.Tests.Statistics.PrincipalComponentAnalysisTest.TransformTest2" executed="True" result="Success" success="True" time="0.001">
      </test-case>
      <test-case name="Accord.Tests.Statistics.PrincipalComponentAnalysisTest.TransformTest3" executed="True" result="Success" success="True" time="0.001">
      </test-case>
      <test-case name="Accord.Tests.Statistics.ProbitLinkFunctionTest.DerivativeTest" executed="True" result="Success" success="True" time="0.001">
      </test-case>
      <test-case name="Accord.Tests.Statistics.ProbitLinkFunctionTest.ProbitLinkFunctionConstructorTest" executed="True" result="Success" success="True" time="0.001">
      </test-case>
      <test-case name="Accord.Tests.Statistics.ProbitRegressionTest.ComputeTest" executed="True" result="Success" success="True" time="0.004">
      </test-case>
      <test-case name="Accord.Tests.Statistics.ProbitRegressionTest.ComputeTest2" executed="True" result="Success" success="True" time="0.002">
      </test-case>
      <test-case name="Accord.Tests.Statistics.ProjectionFilterTest.ApplyTest" executed="True" result="Success" success="True" time="0.022">
      </test-case>
      <test-case name="Accord.Tests.Statistics.ProportionalHazardsAnalysisTest.ComputeTest1" executed="True" result="Success" success="True" time="0.009">
      </test-case>
      <test-case name="Accord.Tests.Statistics.QuadraticTest.DistanceTest" executed="True" result="Success" success="True" time="0.001">
      </test-case>
      <test-case name="Accord.Tests.Statistics.QuadraticTest.ExpandDistanceTest" executed="True" result="Success" success="True" time="0.001">
      </test-case>
      <test-case name="Accord.Tests.Statistics.QuadraticTest.ExpandDistanceWithConstantTest" executed="True" result="Success" success="True" time="0.002">
      </test-case>
      <test-case name="Accord.Tests.Statistics.QuadraticTest.ExpandReverseDistanceTest" executed="True" result="Success" success="True" time="0.001">
      </test-case>
      <test-case name="Accord.Tests.Statistics.QuadraticTest.ExpandReverseDistanceWithConstantTest" executed="True" result="Success" success="True" time="0.001">
      </test-case>
      <test-case name="Accord.Tests.Statistics.QuadraticTest.FunctionTest" executed="True" result="Success" success="True" time="0.001">
      </test-case>
      <test-case name="Accord.Tests.Statistics.QuasiNewtonLearningTest.RunTest" executed="True" result="Success" success="True" time="0.108">
      </test-case>
      <test-case name="Accord.Tests.Statistics.RayleighDistributionTest.ConstructorTest" executed="True" result="Success" success="True" time="0.001">
      </test-case>
      <test-case name="Accord.Tests.Statistics.RayleighDistributionTest.ConstructorTest2" executed="True" result="Success" success="True" time="0.002">
      </test-case>
      <test-case name="Accord.Tests.Statistics.RayleighDistributionTest.CumulativeDistributionTest" executed="True" result="Success" success="True" time="0.001">
      </test-case>
      <test-case name="Accord.Tests.Statistics.RayleighDistributionTest.GenerateTest" executed="True" result="Failure" success="False" time="0.494">
        <failure>
          <message>
<![CDATA[  Expected: 2.0d +/- 0.01d
  But was:  3.1350479293716216d
]]>
          </message>
          <stack-trace>
<![CDATA[at Accord.Tests.Statistics.RayleighDistributionTest.GenerateTest () [0x00022] in /Users/davidgutierrezpalma/Desarrollo/Personal/Proyectos/Unity3D/ai4unity/src/Assets/Accord.NET/Editor/Tests/Accord.Tests.Statistics/Distributions/Univariate/Continuous/RayleighDistributionTest.cs:139
]]>
          </stack-trace>
        </failure>
      </test-case>
      <test-case name="Accord.Tests.Statistics.RayleighDistributionTest.GenerateTest2" executed="True" result="Failure" success="False" time="0.750">
        <failure>
          <message>
<![CDATA[  Expected: 4.0d +/- 0.01d
  But was:  5.2635929065586478d
]]>
          </message>
          <stack-trace>
<![CDATA[at Accord.Tests.Statistics.RayleighDistributionTest.GenerateTest2 () [0x0003e] in /Users/davidgutierrezpalma/Desarrollo/Personal/Proyectos/Unity3D/ai4unity/src/Assets/Accord.NET/Editor/Tests/Accord.Tests.Statistics/Distributions/Univariate/Continuous/RayleighDistributionTest.cs:155
]]>
          </stack-trace>
        </failure>
      </test-case>
      <test-case name="Accord.Tests.Statistics.RayleighDistributionTest.MedianTest" executed="True" result="Success" success="True" time="0.001">
      </test-case>
      <test-case name="Accord.Tests.Statistics.RayleighDistributionTest.ProbabilityDistributionTest" executed="True" result="Success" success="True" time="0.001">
      </test-case>
      <test-case name="Accord.Tests.Statistics.ReceiverOperatingCharacteristicTest.ComputeTest" executed="True" result="Success" success="True" time="0.010">
      </test-case>
      <test-case name="Accord.Tests.Statistics.ReceiverOperatingCharacteristicTest.DeLongComparisonTest" executed="True" result="Success" success="True" time="0.006">
      </test-case>
      <test-case name="Accord.Tests.Statistics.ReceiverOperatingCharacteristicTest.DeLongVarianceTest" executed="True" result="Success" success="True" time="0.003">
      </test-case>
      <test-case name="Accord.Tests.Statistics.ReceiverOperatingCharacteristicTest.ReceiverOperatingCharacteristicConstructorTest2" executed="True" result="Success" success="True" time="0.004">
      </test-case>
      <test-case name="Accord.Tests.Statistics.ReceiverOperatingCharacteristicTest.ReceiverOperatingCharacteristicConstructorTest3" executed="True" result="Success" success="True" time="0.004">
      </test-case>
      <test-case name="Accord.Tests.Statistics.RunningMarkovClassifierTest.PushTest" executed="True" result="Success" success="True" time="0.020">
      </test-case>
      <test-case name="Accord.Tests.Statistics.RunningMarkovClassifierTest.PushTest2" executed="True" result="Success" success="True" time="0.003">
      </test-case>
      <test-case name="Accord.Tests.Statistics.RunningMarkovModelTest.PeekTest" executed="True" result="Success" success="True" time="0.007">
      </test-case>
      <test-case name="Accord.Tests.Statistics.RunningMarkovModelTest.PushTest" executed="True" result="Success" success="True" time="0.003">
      </test-case>
      <test-case name="Accord.Tests.Statistics.RunningNormalStatisticsTest.ClearTest" executed="True" result="Success" success="True" time="0.002">
      </test-case>
      <test-case name="Accord.Tests.Statistics.RunningNormalStatisticsTest.MeanTest" executed="True" result="Success" success="True" time="0.000">
      </test-case>
      <test-case name="Accord.Tests.Statistics.RunningNormalStatisticsTest.RunningNormalStatisticsConstructorTest" executed="True" result="Success" success="True" time="0.000">
      </test-case>
      <test-case name="Accord.Tests.Statistics.RunningNormalStatisticsTest.StandardDeviationTest" executed="True" result="Success" success="True" time="0.000">
      </test-case>
      <test-case name="Accord.Tests.Statistics.RunningNormalStatisticsTest.VarianceTest" executed="True" result="Success" success="True" time="0.001">
      </test-case>
      <test-case name="Accord.Tests.Statistics.SelectionFilterTest.ApplyTest" executed="True" result="Success" success="True" time="0.003">
      </test-case>
      <test-case name="Accord.Tests.Statistics.SignTestTest.SignTestConstructorTest" executed="True" result="Failure" success="False" time="0.002">
        <failure>
          <message>
<![CDATA[  Expected: 0.02896d +/- 0.0001d
  But was:  0.043285220861434895d
]]>
          </message>
          <stack-trace>
<![CDATA[at Accord.Tests.Statistics.SignTestTest.SignTestConstructorTest () [0x0003a] in /Users/davidgutierrezpalma/Desarrollo/Personal/Proyectos/Unity3D/ai4unity/src/Assets/Accord.NET/Editor/Tests/Accord.Tests.Statistics/Testing/SignTestTest.cs:47
]]>
          </stack-trace>
        </failure>
      </test-case>
      <test-case name="Accord.Tests.Statistics.SimpleLinearRegressionTest.RegressTest" executed="True" result="Success" success="True" time="0.001">
      </test-case>
      <test-case name="Accord.Tests.Statistics.SimpleLinearRegressionTest.ToStringTest" executed="True" result="Success" success="True" time="0.001">
      </test-case>
      <test-case name="Accord.Tests.Statistics.SinLinkFunctionTest.DerivativeTest" executed="True" result="Success" success="True" time="0.002">
      </test-case>
      <test-case name="Accord.Tests.Statistics.SinLinkFunctionTest.SinLinkFunctionConstructorTest" executed="True" result="Success" success="True" time="0.001">
      </test-case>
      <test-case name="Accord.Tests.Statistics.SparseCauchyTest.FunctionTest" executed="True" result="Success" success="True" time="0.002">
      </test-case>
      <test-case name="Accord.Tests.Statistics.SparseGaussianTest.DistanceTest" executed="True" result="Success" success="True" time="0.001">
      </test-case>
      <test-case name="Accord.Tests.Statistics.SparseGaussianTest.FunctionTest" executed="True" result="Success" success="True" time="0.001">
      </test-case>
      <test-case name="Accord.Tests.Statistics.SparseLaplacianTest.DistanceTest" executed="True" result="Success" success="True" time="0.002">
      </test-case>
      <test-case name="Accord.Tests.Statistics.SparseLaplacianTest.FunctionTest" executed="True" result="Success" success="True" time="0.002">
      </test-case>
      <test-case name="Accord.Tests.Statistics.SparseLinearTest.DistanceTest" executed="True" result="Success" success="True" time="0.002">
      </test-case>
      <test-case name="Accord.Tests.Statistics.SparseLinearTest.FunctionTest" executed="True" result="Success" success="True" time="0.002">
      </test-case>
      <test-case name="Accord.Tests.Statistics.SparsePolynomialTest.DistanceTest" executed="True" result="Success" success="True" time="0.002">
      </test-case>
      <test-case name="Accord.Tests.Statistics.SparsePolynomialTest.FunctionTest" executed="True" result="Success" success="True" time="0.001">
      </test-case>
      <test-case name="Accord.Tests.Statistics.SparseSampleReaderTest.ReadAllTest" executed="True" result="Success" success="True" time="0.034">
      </test-case>
      <test-case name="Accord.Tests.Statistics.SparseSampleReaderTest.ReadSampleTest" executed="True" result="Success" success="True" time="0.008">
      </test-case>
      <test-case name="Accord.Tests.Statistics.SparseSigmoidTest.DistanceTest" executed="True" result="Success" success="True" time="0.002">
      </test-case>
      <test-case name="Accord.Tests.Statistics.SparseSigmoidTest.FunctionTest" executed="True" result="Success" success="True" time="0.001">
      </test-case>
      <test-case name="Accord.Tests.Statistics.SplineTest.KernelTest" executed="True" result="Success" success="True" time="0.001">
      </test-case>
      <test-case name="Accord.Tests.Statistics.StepwiseLogisticRegressionAnalysisTest.ComputeTest" executed="True" result="Success" success="True" time="0.023">
      </test-case>
      <test-case name="Accord.Tests.Statistics.StepwiseLogisticRegressionAnalysisTest.DoStepTest" executed="True" result="Success" success="True" time="0.023">
      </test-case>
      <test-case name="Accord.Tests.Statistics.StratificationFilterTest.ApplyTest" executed="True" result="Success" success="True" time="0.008">
      </test-case>
      <test-case name="Accord.Tests.Statistics.StuartMaxwellTestTest.StuartMaxwellTestConstructorTest" executed="True" result="Success" success="True" time="0.002">
      </test-case>
      <test-case name="Accord.Tests.Statistics.TDistributionTest.CloneTest" executed="True" result="Success" success="True" time="0.001">
      </test-case>
      <test-case name="Accord.Tests.Statistics.TDistributionTest.ConstructorTest" executed="True" result="Success" success="True" time="0.002">
      </test-case>
      <test-case name="Accord.Tests.Statistics.TDistributionTest.DistributionFunctionTest" executed="True" result="Success" success="True" time="0.001">
      </test-case>
      <test-case name="Accord.Tests.Statistics.TDistributionTest.FitTest" executed="True" result="Success" success="True" time="0.001">
      </test-case>
      <test-case name="Accord.Tests.Statistics.TDistributionTest.InverseDistributionFunctionLeftTailTest" executed="True" result="Success" success="True" time="0.101">
      </test-case>
      <test-case name="Accord.Tests.Statistics.TDistributionTest.InverseDistributionFunctionTest" executed="True" result="Success" success="True" time="0.006">
      </test-case>
      <test-case name="Accord.Tests.Statistics.TDistributionTest.InverseDistributionFunctionTest2" executed="True" result="Success" success="True" time="0.001">
      </test-case>
      <test-case name="Accord.Tests.Statistics.TDistributionTest.LogProbabilityDensityFunctionTest" executed="True" result="Success" success="True" time="0.001">
      </test-case>
      <test-case name="Accord.Tests.Statistics.TDistributionTest.MeanTest" executed="True" result="Success" success="True" time="0.001">
      </test-case>
      <test-case name="Accord.Tests.Statistics.TDistributionTest.MedianTest" executed="True" result="Success" success="True" time="0.000">
      </test-case>
      <test-case name="Accord.Tests.Statistics.TDistributionTest.ProbabilityDensityFunctionTest" executed="True" result="Success" success="True" time="0.001">
      </test-case>
      <test-case name="Accord.Tests.Statistics.TDistributionTest.TDistributionConstructorTest" executed="True" result="Success" success="True" time="0.001">
      </test-case>
      <test-case name="Accord.Tests.Statistics.TDistributionTest.VarianceTest" executed="True" result="Success" success="True" time="0.001">
      </test-case>
      <test-case name="Accord.Tests.Statistics.ToolsTest.CorrelationTest" executed="True" result="Success" success="True" time="0.000">
      </test-case>
      <test-case name="Accord.Tests.Statistics.ToolsTest.CovarianceTest" executed="True" result="Success" success="True" time="0.001">
      </test-case>
      <test-case name="Accord.Tests.Statistics.ToolsTest.CovarianceTest2" executed="True" result="Success" success="True" time="0.001">
      </test-case>
      <test-case name="Accord.Tests.Statistics.ToolsTest.CovarianceTest3" executed="True" result="Success" success="True" time="0.001">
      </test-case>
      <test-case name="Accord.Tests.Statistics.ToolsTest.CovarianceTest4" executed="True" result="Success" success="True" time="0.001">
      </test-case>
      <test-case name="Accord.Tests.Statistics.ToolsTest.CovarianceTest5" executed="True" result="Success" success="True" time="0.001">
      </test-case>
      <test-case name="Accord.Tests.Statistics.ToolsTest.CovarianceTest6" executed="True" result="Success" success="True" time="0.001">
      </test-case>
      <test-case name="Accord.Tests.Statistics.ToolsTest.EntropyTest" executed="True" result="Success" success="True" time="0.001">
      </test-case>
      <test-case name="Accord.Tests.Statistics.ToolsTest.ExtendTest" executed="True" result="Success" success="True" time="0.002">
      </test-case>
      <test-case name="Accord.Tests.Statistics.ToolsTest.ExtendTest2" executed="True" result="Success" success="True" time="0.001">
      </test-case>
      <test-case name="Accord.Tests.Statistics.ToolsTest.GroupTest" executed="True" result="Success" success="True" time="0.002">
      </test-case>
      <test-case name="Accord.Tests.Statistics.ToolsTest.KurtosisTest" executed="True" result="Success" success="True" time="0.001">
      </test-case>
      <test-case name="Accord.Tests.Statistics.ToolsTest.KurtosisTest1" executed="True" result="Success" success="True" time="0.001">
      </test-case>
      <test-case name="Accord.Tests.Statistics.ToolsTest.KurtosisTest2" executed="True" result="Success" success="True" time="0.001">
      </test-case>
      <test-case name="Accord.Tests.Statistics.ToolsTest.MeanTest" executed="True" result="Success" success="True" time="0.001">
      </test-case>
      <test-case name="Accord.Tests.Statistics.ToolsTest.MeanTest3" executed="True" result="Success" success="True" time="0.000">
      </test-case>
      <test-case name="Accord.Tests.Statistics.ToolsTest.MeanTest4" executed="True" result="Success" success="True" time="0.001">
      </test-case>
      <test-case name="Accord.Tests.Statistics.ToolsTest.MedianTest" executed="True" result="Success" success="True" time="0.001">
      </test-case>
      <test-case name="Accord.Tests.Statistics.ToolsTest.MedianTest1" executed="True" result="Success" success="True" time="0.000">
      </test-case>
      <test-case name="Accord.Tests.Statistics.ToolsTest.MedianTest2" executed="True" result="Success" success="True" time="0.001">
      </test-case>
      <test-case name="Accord.Tests.Statistics.ToolsTest.ModeTest" executed="True" result="Success" success="True" time="0.001">
      </test-case>
      <test-case name="Accord.Tests.Statistics.ToolsTest.ModeTest1" executed="True" result="Success" success="True" time="0.001">
      </test-case>
      <test-case name="Accord.Tests.Statistics.ToolsTest.ModeTest2" executed="True" result="Success" success="True" time="0.004">
      </test-case>
      <test-case name="Accord.Tests.Statistics.ToolsTest.ModeTest3" executed="True" result="Success" success="True" time="0.001">
      </test-case>
      <test-case name="Accord.Tests.Statistics.ToolsTest.ModeTest4" executed="True" result="Success" success="True" time="0.001">
      </test-case>
      <test-case name="Accord.Tests.Statistics.ToolsTest.PooledStandardDeviationTest" executed="True" result="Success" success="True" time="0.001">
      </test-case>
      <test-case name="Accord.Tests.Statistics.ToolsTest.PooledVarianceTest" executed="True" result="Success" success="True" time="0.001">
      </test-case>
      <test-case name="Accord.Tests.Statistics.ToolsTest.ProportionsTest" executed="True" result="Success" success="True" time="0.001">
      </test-case>
      <test-case name="Accord.Tests.Statistics.ToolsTest.RankTest1" executed="True" result="Success" success="True" time="0.000">
      </test-case>
      <test-case name="Accord.Tests.Statistics.ToolsTest.RankTest2" executed="True" result="Success" success="True" time="0.001">
      </test-case>
      <test-case name="Accord.Tests.Statistics.ToolsTest.ShuffleTest" executed="True" result="Success" success="True" time="0.000">
      </test-case>
      <test-case name="Accord.Tests.Statistics.ToolsTest.SkewnessTest" executed="True" result="Success" success="True" time="0.001">
      </test-case>
      <test-case name="Accord.Tests.Statistics.ToolsTest.SkewnessTest1" executed="True" result="Success" success="True" time="0.001">
      </test-case>
      <test-case name="Accord.Tests.Statistics.ToolsTest.SkewnessTest2" executed="True" result="Success" success="True" time="0.001">
      </test-case>
      <test-case name="Accord.Tests.Statistics.ToolsTest.StandardDeviationTest2" executed="True" result="Success" success="True" time="0.000">
      </test-case>
      <test-case name="Accord.Tests.Statistics.ToolsTest.StandardDeviationTest3" executed="True" result="Success" success="True" time="0.001">
      </test-case>
      <test-case name="Accord.Tests.Statistics.ToolsTest.StandardDeviationTest4" executed="True" result="Success" success="True" time="0.001">
      </test-case>
      <test-case name="Accord.Tests.Statistics.ToolsTest.VarianceTest7" executed="True" result="Success" success="True" time="0.001">
      </test-case>
      <test-case name="Accord.Tests.Statistics.ToolsTest.VarianceTest8" executed="True" result="Success" success="True" time="0.002">
      </test-case>
      <test-case name="Accord.Tests.Statistics.ToolsTest.WhiteningTest" executed="True" result="Success" success="True" time="0.001">
      </test-case>
      <test-case name="Accord.Tests.Statistics.TopologyTest.ForwardTest" executed="True" result="Success" success="True" time="0.001">
      </test-case>
      <test-case name="Accord.Tests.Statistics.TopologyTest.ForwardTest2" executed="True" result="Success" success="True" time="0.001">
      </test-case>
      <test-case name="Accord.Tests.Statistics.TopologyTest.ForwardTest3" executed="True" result="Success" success="True" time="0.001">
      </test-case>
      <test-case name="Accord.Tests.Statistics.TopologyTest.UniformTest" executed="True" result="Success" success="True" time="0.001">
      </test-case>
      <test-case name="Accord.Tests.Statistics.TTestPowerAnalysisTest.TTestPowerAnalysisConstructorTest" executed="True" result="Success" success="True" time="0.039">
      </test-case>
      <test-case name="Accord.Tests.Statistics.TTestPowerAnalysisTest.TTestPowerAnalysisConstructorTest2" executed="True" result="Success" success="True" time="0.002">
      </test-case>
      <test-case name="Accord.Tests.Statistics.TTestPowerAnalysisTest.TTestPowerAnalysisConstructorTest3" executed="True" result="Success" success="True" time="0.008">
      </test-case>
      <test-case name="Accord.Tests.Statistics.TTestPowerAnalysisTest.TTestPowerAnalysisConstructorTest4" executed="True" result="Success" success="True" time="0.018">
      </test-case>
      <test-case name="Accord.Tests.Statistics.TTestPowerAnalysisTest.TTestPowerAnalysisConstructorTest5" executed="True" result="Success" success="True" time="0.003">
      </test-case>
      <test-case name="Accord.Tests.Statistics.TTestTest.PowerTest" executed="True" result="Success" success="True" time="0.026">
      </test-case>
      <test-case name="Accord.Tests.Statistics.TTestTest.PValueToStatisticTest" executed="True" result="Success" success="True" time="0.005">
      </test-case>
      <test-case name="Accord.Tests.Statistics.TTestTest.StatisticToPValueTest" executed="True" result="Success" success="True" time="0.003">
      </test-case>
      <test-case name="Accord.Tests.Statistics.TTestTest.TTestConstructorTest" executed="True" result="Success" success="True" time="0.003">
      </test-case>
      <test-case name="Accord.Tests.Statistics.TTestTest.TTestConstructorTest2" executed="True" result="Success" success="True" time="0.002">
      </test-case>
      <test-case name="Accord.Tests.Statistics.TwoMatrixKappaTestTest.KappaTestConstructorTest1" executed="True" result="Success" success="True" time="0.003">
      </test-case>
      <test-case name="Accord.Tests.Statistics.TwoMatrixKappaTestTest.KappaTestConstructorTest2" executed="True" result="Success" success="True" time="0.002">
      </test-case>
      <test-case name="Accord.Tests.Statistics.TwoMatrixKappaTestTest.KappaTestConstructorTest3" executed="True" result="Success" success="True" time="0.001">
      </test-case>
      <test-case name="Accord.Tests.Statistics.TwoMatrixKappaTestTest.KappaTestConstructorTest4" executed="True" result="Success" success="True" time="0.001">
      </test-case>
      <test-case name="Accord.Tests.Statistics.TwoProportionZTestTest.TwoProportionZTestConstructorTest" executed="True" result="Success" success="True" time="0.001">
      </test-case>
      <test-case name="Accord.Tests.Statistics.TwoSampleKolmogorovSmirnovTestTest.TwoSampleKolmogorovSmirnovTestConstructorTest" executed="True" result="Failure" success="False" time="0.004">
        <failure>
          <message>
<![CDATA[  Expected: 0.44d +/- 1.0000000000000001E-15d
  But was:  0.40000000000000002d
]]>
          </message>
          <stack-trace>
<![CDATA[at Accord.Tests.Statistics.TwoSampleKolmogorovSmirnovTestTest.TwoSampleKolmogorovSmirnovTestConstructorTest () [0x0005f] in /Users/davidgutierrezpalma/Desarrollo/Personal/Proyectos/Unity3D/ai4unity/src/Assets/Accord.NET/Editor/Tests/Accord.Tests.Statistics/Testing/TwoSamples/TwoSampleKolmogorovSmirnovTestTest.cs:76
]]>
          </stack-trace>
        </failure>
      </test-case>
      <test-case name="Accord.Tests.Statistics.TwoSampleKolmogorovSmirnovTestTest.TwoSampleKolmogorovSmirnovTestConstructorTest2" executed="True" result="Success" success="True" time="0.003">
      </test-case>
      <test-case name="Accord.Tests.Statistics.TwoSampleKolmogorovSmirnovTestTest.TwoSampleKolmogorovSmirnovTestConstructorTest3" executed="True" result="Success" success="True" time="0.001">
      </test-case>
      <test-case name="Accord.Tests.Statistics.TwoSampleSignTestTest.SignTestConstructorTest" executed="True" result="Success" success="True" time="0.002">
      </test-case>
      <test-case name="Accord.Tests.Statistics.TwoSampleSignTestTest.SignTestConstructorTest2" executed="True" result="Success" success="True" time="0.001">
      </test-case>
      <test-case name="Accord.Tests.Statistics.TwoSampleTTestTest.SampleSizeTest1" executed="True" result="Success" success="True" time="0.010">
      </test-case>
      <test-case name="Accord.Tests.Statistics.TwoSampleTTestTest.TTestConstructorTest" executed="True" result="Success" success="True" time="0.004">
      </test-case>
      <test-case name="Accord.Tests.Statistics.TwoSampleTTestTest.TTestConstructorTest2" executed="True" result="Success" success="True" time="0.003">
      </test-case>
      <test-case name="Accord.Tests.Statistics.TwoSampleWilcoxonSignedRankTestTest.WilcoxonSignedRankTestConstructorTest" executed="True" result="Success" success="True" time="0.005">
      </test-case>
      <test-case name="Accord.Tests.Statistics.TwoSampleWilcoxonSignedRankTestTest.WilcoxonSignedRankTestConstructorTest2" executed="True" result="Success" success="True" time="0.001">
      </test-case>
      <test-case name="Accord.Tests.Statistics.TwoSampleWilcoxonSignedRankTestTest.WilcoxonSignedRankTestConstructorTest3" executed="True" result="Success" success="True" time="0.001">
      </test-case>
      <test-case name="Accord.Tests.Statistics.TwoSampleWilcoxonSignedRankTestTest.WilcoxonSignedRankTestConstructorTest4" executed="True" result="Success" success="True" time="0.001">
      </test-case>
      <test-case name="Accord.Tests.Statistics.TwoSampleZTestTest.PowerTest1" executed="True" result="Success" success="True" time="0.002">
      </test-case>
      <test-case name="Accord.Tests.Statistics.TwoSampleZTestTest.SampleSizeTest1" executed="True" result="Success" success="True" time="0.001">
      </test-case>
      <test-case name="Accord.Tests.Statistics.TwoSampleZTestTest.TwoSampleZTestConstructorTest" executed="True" result="Success" success="True" time="0.002">
      </test-case>
      <test-case name="Accord.Tests.Statistics.TwoSampleZTestTest.TwoSampleZTestConstructorTest1" executed="True" result="Success" success="True" time="0.001">
      </test-case>
      <test-case name="Accord.Tests.Statistics.TwoSampleZTestTest.TwoSampleZTestConstructorTest2" executed="True" result="Success" success="True" time="0.001">
      </test-case>
      <test-case name="Accord.Tests.Statistics.TwoSampleZTestTest.TwoSampleZTestConstructorTest3" executed="True" result="Success" success="True" time="0.001">
      </test-case>
      <test-case name="Accord.Tests.Statistics.TwoWayAnovaTest.TwoWayAnovaConstructorTest" executed="True" result="Success" success="True" time="0.011">
      </test-case>
      <test-case name="Accord.Tests.Statistics.TwoWayAnovaTest.TwoWayAnovaConstructorTest2" executed="True" result="Success" success="True" time="0.009">
      </test-case>
      <test-case name="Accord.Tests.Statistics.UniformDistributionTest.CloneTest" executed="True" result="Success" success="True" time="0.001">
      </test-case>
      <test-case name="Accord.Tests.Statistics.UniformDistributionTest.ConstructorTest" executed="True" result="Success" success="True" time="0.003">
      </test-case>
      <test-case name="Accord.Tests.Statistics.UniformDistributionTest.DistributionFunctionTest" executed="True" result="Success" success="True" time="0.001">
      </test-case>
      <test-case name="Accord.Tests.Statistics.UniformDistributionTest.EntropyTest" executed="True" result="Success" success="True" time="0.000">
      </test-case>
      <test-case name="Accord.Tests.Statistics.UniformDistributionTest.FitTest" executed="True" result="Success" success="True" time="0.001">
      </test-case>
      <test-case name="Accord.Tests.Statistics.UniformDistributionTest.GenerateTest" executed="True" result="Success" success="True" time="3.532">
      </test-case>
      <test-case name="Accord.Tests.Statistics.UniformDistributionTest.GenerateTest2" executed="True" result="Success" success="True" time="3.478">
      </test-case>
      <test-case name="Accord.Tests.Statistics.UniformDistributionTest.LogProbabilityDensityFunctionTest" executed="True" result="Success" success="True" time="0.001">
      </test-case>
      <test-case name="Accord.Tests.Statistics.UniformDistributionTest.MeanTest" executed="True" result="Success" success="True" time="0.000">
      </test-case>
      <test-case name="Accord.Tests.Statistics.UniformDistributionTest.MedianTest" executed="True" result="Success" success="True" time="0.000">
      </test-case>
      <test-case name="Accord.Tests.Statistics.UniformDistributionTest.ProbabilityDensityFunctionTest" executed="True" result="Success" success="True" time="0.001">
      </test-case>
      <test-case name="Accord.Tests.Statistics.UniformDistributionTest.UniformDistributionConstructorTest" executed="True" result="Success" success="True" time="0.001">
      </test-case>
      <test-case name="Accord.Tests.Statistics.UniformDistributionTest.UniformDistributionConstructorTest1" executed="True" result="Success" success="True" time="0.001">
      </test-case>
      <test-case name="Accord.Tests.Statistics.UniformDistributionTest.VarianceTest" executed="True" result="Success" success="True" time="0.001">
      </test-case>
      <test-case name="Accord.Tests.Statistics.UnivariateContinuousDistributionTest.DistributionFunctionTest" executed="True" result="Success" success="True" time="0.001">
      </test-case>
      <test-case name="Accord.Tests.Statistics.UnivariateContinuousDistributionTest.DistributionFunctionTest1" executed="True" result="Success" success="True" time="0.000">
      </test-case>
      <test-case name="Accord.Tests.Statistics.UnivariateContinuousDistributionTest.EntropyTest" executed="True" result="Success" success="True" time="0.000">
      </test-case>
      <test-case name="Accord.Tests.Statistics.UnivariateContinuousDistributionTest.FitTest" executed="True" result="Success" success="True" time="0.001">
      </test-case>
      <test-case name="Accord.Tests.Statistics.UnivariateContinuousDistributionTest.FitTest1" executed="True" result="Success" success="True" time="0.001">
      </test-case>
      <test-case name="Accord.Tests.Statistics.UnivariateContinuousDistributionTest.FitTest2" executed="True" result="Success" success="True" time="0.001">
      </test-case>
      <test-case name="Accord.Tests.Statistics.UnivariateContinuousDistributionTest.FitTest3" executed="True" result="Success" success="True" time="0.001">
      </test-case>
      <test-case name="Accord.Tests.Statistics.UnivariateContinuousDistributionTest.FitTest4" executed="True" result="Success" success="True" time="0.001">
      </test-case>
      <test-case name="Accord.Tests.Statistics.UnivariateContinuousDistributionTest.FitTest5" executed="True" result="Success" success="True" time="0.001">
      </test-case>
      <test-case name="Accord.Tests.Statistics.UnivariateContinuousDistributionTest.FitTest6" executed="True" result="Success" success="True" time="0.001">
      </test-case>
      <test-case name="Accord.Tests.Statistics.UnivariateContinuousDistributionTest.FitTest7" executed="True" result="Success" success="True" time="0.001">
      </test-case>
      <test-case name="Accord.Tests.Statistics.UnivariateContinuousDistributionTest.GenerateTest" executed="True" result="Success" success="True" time="1.849">
      </test-case>
      <test-case name="Accord.Tests.Statistics.UnivariateContinuousDistributionTest.GenerateTest2" executed="True" result="Success" success="True" time="1.904">
      </test-case>
      <test-case name="Accord.Tests.Statistics.UnivariateContinuousDistributionTest.LogProbabilityDensityFunctionTest" executed="True" result="Success" success="True" time="0.001">
      </test-case>
      <test-case name="Accord.Tests.Statistics.UnivariateContinuousDistributionTest.MeanTest" executed="True" result="Success" success="True" time="0.001">
      </test-case>
      <test-case name="Accord.Tests.Statistics.UnivariateContinuousDistributionTest.ProbabilityDensityFunctionTest" executed="True" result="Success" success="True" time="0.000">
      </test-case>
      <test-case name="Accord.Tests.Statistics.UnivariateContinuousDistributionTest.ProbabilityFunctionTest" executed="True" result="Success" success="True" time="0.001">
      </test-case>
      <test-case name="Accord.Tests.Statistics.UnivariateContinuousDistributionTest.StandardDeviationTest" executed="True" result="Success" success="True" time="0.000">
      </test-case>
      <test-case name="Accord.Tests.Statistics.UnivariateContinuousDistributionTest.VarianceTest" executed="True" result="Success" success="True" time="0.000">
      </test-case>
      <test-case name="Accord.Tests.Statistics.UnivariateDiscreteDistributionTest.ConstructorTest" executed="True" result="Success" success="True" time="0.002">
      </test-case>
      <test-case name="Accord.Tests.Statistics.UnivariateDiscreteDistributionTest.DistributionFunctionTest" executed="True" result="Success" success="True" time="0.001">
      </test-case>
      <test-case name="Accord.Tests.Statistics.UnivariateDiscreteDistributionTest.DistributionFunctionTest1" executed="True" result="Success" success="True" time="0.001">
      </test-case>
      <test-case name="Accord.Tests.Statistics.UnivariateDiscreteDistributionTest.EntropyTest" executed="True" result="Success" success="True" time="0.001">
      </test-case>
      <test-case name="Accord.Tests.Statistics.UnivariateDiscreteDistributionTest.FitTest" executed="True" result="Success" success="True" time="0.001">
      </test-case>
      <test-case name="Accord.Tests.Statistics.UnivariateDiscreteDistributionTest.FitTest1" executed="True" result="Success" success="True" time="0.001">
      </test-case>
      <test-case name="Accord.Tests.Statistics.UnivariateDiscreteDistributionTest.FitTest2" executed="True" result="Success" success="True" time="0.001">
      </test-case>
      <test-case name="Accord.Tests.Statistics.UnivariateDiscreteDistributionTest.FitTest3" executed="True" result="Success" success="True" time="0.001">
      </test-case>
      <test-case name="Accord.Tests.Statistics.UnivariateDiscreteDistributionTest.FitTest4" executed="True" result="Success" success="True" time="0.001">
      </test-case>
      <test-case name="Accord.Tests.Statistics.UnivariateDiscreteDistributionTest.FitTest5" executed="True" result="Success" success="True" time="0.001">
      </test-case>
      <test-case name="Accord.Tests.Statistics.UnivariateDiscreteDistributionTest.FitTest6" executed="True" result="Success" success="True" time="0.001">
      </test-case>
      <test-case name="Accord.Tests.Statistics.UnivariateDiscreteDistributionTest.FitTest7" executed="True" result="Success" success="True" time="0.001">
      </test-case>
      <test-case name="Accord.Tests.Statistics.UnivariateDiscreteDistributionTest.LogProbabilityMassFunctionTest" executed="True" result="Success" success="True" time="0.001">
      </test-case>
      <test-case name="Accord.Tests.Statistics.UnivariateDiscreteDistributionTest.MeanTest" executed="True" result="Success" success="True" time="0.002">
      </test-case>
      <test-case name="Accord.Tests.Statistics.UnivariateDiscreteDistributionTest.ProbabilityFunctionTest" executed="True" result="Success" success="True" time="0.001">
      </test-case>
      <test-case name="Accord.Tests.Statistics.UnivariateDiscreteDistributionTest.ProbabilityMassFunctionTest" executed="True" result="Success" success="True" time="0.001">
      </test-case>
      <test-case name="Accord.Tests.Statistics.UnivariateDiscreteDistributionTest.StandardDeviationTest" executed="True" result="Success" success="True" time="0.001">
      </test-case>
      <test-case name="Accord.Tests.Statistics.UnivariateDiscreteDistributionTest.VarianceTest" executed="True" result="Success" success="True" time="0.000">
      </test-case>
      <test-case name="Accord.Tests.Statistics.ViterbiLearningTest.LearnTest" executed="True" result="Success" success="True" time="0.002">
      </test-case>
      <test-case name="Accord.Tests.Statistics.ViterbiLearningTest.LearnTest3" executed="True" result="Success" success="True" time="0.002">
      </test-case>
      <test-case name="Accord.Tests.Statistics.ViterbiLearningTest.LearnTest4" executed="True" result="Success" success="True" time="0.002">
      </test-case>
      <test-case name="Accord.Tests.Statistics.ViterbiLearningTest.LearnTest6" executed="True" result="Success" success="True" time="0.002">
      </test-case>
      <test-case name="Accord.Tests.Statistics.VonMisesDistributionTest.ConstructorTest" executed="True" result="Success" success="True" time="0.006">
      </test-case>
      <test-case name="Accord.Tests.Statistics.VonMisesDistributionTest.FitTest" executed="True" result="Success" success="True" time="0.002">
      </test-case>
      <test-case name="Accord.Tests.Statistics.VonMisesDistributionTest.LogProbabilityDensityFunctionTest" executed="True" result="Success" success="True" time="0.001">
      </test-case>
      <test-case name="Accord.Tests.Statistics.VonMisesDistributionTest.MedianTest" executed="True" result="Success" success="True" time="0.000">
      </test-case>
      <test-case name="Accord.Tests.Statistics.VonMisesDistributionTest.ProbabilityDensityFunctionTest" executed="True" result="Success" success="True" time="0.000">
      </test-case>
      <test-case name="Accord.Tests.Statistics.WeibullDistributionTest.ConstructorTest" executed="True" result="Success" success="True" time="0.001">
      </test-case>
      <test-case name="Accord.Tests.Statistics.WeibullDistributionTest.ConstructorTest2" executed="True" result="Success" success="True" time="0.003">
      </test-case>
      <test-case name="Accord.Tests.Statistics.WeibullDistributionTest.CumulativeDistributionTest" executed="True" result="Success" success="True" time="0.001">
      </test-case>
      <test-case name="Accord.Tests.Statistics.WeibullDistributionTest.MedianTest" executed="True" result="Success" success="True" time="0.000">
      </test-case>
      <test-case name="Accord.Tests.Statistics.WeibullDistributionTest.ProbabilityDistributionTest" executed="True" result="Success" success="True" time="0.001">
      </test-case>
      <test-case name="Accord.Tests.Statistics.WeightedConfusionMatrixTest.WeightedConfusionMatrixConstructorTest" executed="True" result="Failure" success="False" time="0.003">
        <failure>
          <message>
<![CDATA[  Expected: 0.00324823d +/- 1.0000000000000001E-05d
  But was:  0.0028848720440557197d
]]>
          </message>
          <stack-trace>
<![CDATA[at Accord.Tests.Statistics.WeightedConfusionMatrixTest.WeightedConfusionMatrixConstructorTest () [0x0008a] in /Users/davidgutierrezpalma/Desarrollo/Personal/Proyectos/Unity3D/ai4unity/src/Assets/Accord.NET/Editor/Tests/Accord.Tests.Statistics/Analysis/WeightedConfusionMatrixTest.cs:78
]]>
          </stack-trace>
        </failure>
      </test-case>
      <test-case name="Accord.Tests.Statistics.WeightedConfusionMatrixTest.WeightedConfusionMatrixConstructorTest2" executed="True" result="Failure" success="False" time="0.001">
        <failure>
          <message>
<![CDATA[  Expected: 0.0055356329999999999d +/- 1.0000000000000001E-05d
  But was:  0.0028848720440557197d
]]>
          </message>
          <stack-trace>
<![CDATA[at Accord.Tests.Statistics.WeightedConfusionMatrixTest.WeightedConfusionMatrixConstructorTest2 () [0x00050] in /Users/davidgutierrezpalma/Desarrollo/Personal/Proyectos/Unity3D/ai4unity/src/Assets/Accord.NET/Editor/Tests/Accord.Tests.Statistics/Analysis/WeightedConfusionMatrixTest.cs:103
]]>
          </stack-trace>
        </failure>
      </test-case>
      <test-case name="Accord.Tests.Statistics.WilcoxonDistributionTest.ConstructorTest" executed="True" result="Success" success="True" time="0.002">
      </test-case>
      <test-case name="Accord.Tests.Statistics.WilcoxonDistributionTest.ConstructorTest2" executed="True" result="Success" success="True" time="0.007">
      </test-case>
      <test-case name="Accord.Tests.Statistics.WilcoxonDistributionTest.CumulativeExactTest" executed="True" result="Success" success="True" time="0.001">
      </test-case>
      <test-case name="Accord.Tests.Statistics.WilcoxonDistributionTest.CumulativeTest" executed="True" result="Success" success="True" time="0.001">
      </test-case>
      <test-case name="Accord.Tests.Statistics.WilcoxonDistributionTest.MedianTest" executed="True" result="Success" success="True" time="0.000">
      </test-case>
      <test-case name="Accord.Tests.Statistics.WilcoxonDistributionTest.ProbabilityTest" executed="True" result="Success" success="True" time="0.001">
      </test-case>
      <test-case name="Accord.Tests.Statistics.WilcoxonDistributionTest.WScore" executed="True" result="Success" success="True" time="0.001">
      </test-case>
      <test-case name="Accord.Tests.Statistics.WilcoxonSignedRankTestTest.WilcoxonSignedRankTestConstructorTest" executed="True" result="Success" success="True" time="0.001">
      </test-case>
      <test-case name="Accord.Tests.Statistics.WilcoxonSignedRankTestTest.WilcoxonSignedRankTestConstructorTest2" executed="True" result="Success" success="True" time="0.002">
      </test-case>
      <test-case name="Accord.Tests.Statistics.WilcoxonSignedRankTestTest.WilcoxonSignedRankTestConstructorTest3" executed="True" result="Success" success="True" time="0.001">
      </test-case>
      <test-case name="Accord.Tests.Statistics.WishartDistributionTest.ConstructorTest4" executed="True" result="Success" success="True" time="0.004">
      </test-case>
      <test-case name="Accord.Tests.Statistics.WrappedCauchyDistributionTest.ConstructorTest" executed="True" result="Success" success="True" time="0.002">
      </test-case>
      <test-case name="Accord.Tests.Statistics.ZTestPowerAnalysisTest.ZTestPowerAnalysisConstructorTest1" executed="True" result="Success" success="True" time="0.001">
      </test-case>
      <test-case name="Accord.Tests.Statistics.ZTestTest.EffectSizeTest1" executed="True" result="Success" success="True" time="0.001">
      </test-case>
      <test-case name="Accord.Tests.Statistics.ZTestTest.EffectSizeTest2" executed="True" result="Success" success="True" time="0.001">
      </test-case>
      <test-case name="Accord.Tests.Statistics.ZTestTest.PowerTest1" executed="True" result="Success" success="True" time="0.001">
      </test-case>
      <test-case name="Accord.Tests.Statistics.ZTestTest.PowerTest2" executed="True" result="Success" success="True" time="0.000">
      </test-case>
      <test-case name="Accord.Tests.Statistics.ZTestTest.PValueToStatisticTest" executed="True" result="Success" success="True" time="0.002">
      </test-case>
      <test-case name="Accord.Tests.Statistics.ZTestTest.SampleSizeTest1" executed="True" result="Success" success="True" time="0.001">
      </test-case>
      <test-case name="Accord.Tests.Statistics.ZTestTest.StatisticToPValueTest" executed="True" result="Success" success="True" time="0.001">
      </test-case>
      <test-case name="Accord.Tests.Statistics.ZTestTest.ZTestConstructorTest" executed="True" result="Success" success="True" time="0.001">
      </test-case>
      <test-case name="Accord.Tests.Statistics.ZTestTest.ZTestConstructorTest2" executed="True" result="Success" success="True" time="0.001">
      </test-case>
      <test-case name="Accord.Tests.Statistics.ZTestTest.ZTestConstructorTest3" executed="True" result="Success" success="True" time="0.001">
      </test-case>
      <test-case name="Accord.Tests.Statistics.ZTestTest.ZTestConstructorTest4" executed="True" result="Success" success="True" time="0.001">
      </test-case>
      <test-case name="Accord.Tests.Wavelets.CDF97Test.FWT2DTest" executed="True" result="Success" success="True" time="0.005">
      </test-case>
      <test-case name="Accord.Tests.Wavelets.CDF97Test.FWT97Test" executed="True" result="Success" success="True" time="0.003">
      </test-case>
      <test-case name="Accord.Tests.Wavelets.HaarTest.FWT2DTest" executed="True" result="Success" success="True" time="0.005">
      </test-case>
      <test-case name="Accord.Tests.Wavelets.HaarTest.IWTTest" executed="True" result="Success" success="True" time="0.001">
      </test-case>
      <test-case name="AForge.Math.Geometry.Tests.ClosePointsMergingOptimizerTest.OptimizationTest(System.Int32[],System.Int32[])" executed="True" result="Success" success="True" time="0.009">
      </test-case>
      <test-case name="AForge.Math.Geometry.Tests.ClosePointsMergingOptimizerTest.OptimizationTest(System.Int32[],System.Int32[])" executed="True" result="Success" success="True" time="0.000">
      </test-case>
      <test-case name="AForge.Math.Geometry.Tests.ClosePointsMergingOptimizerTest.OptimizationTest(System.Int32[],System.Int32[])" executed="True" result="Success" success="True" time="0.000">
      </test-case>
      <test-case name="AForge.Math.Geometry.Tests.ClosePointsMergingOptimizerTest.OptimizationTest(System.Int32[],System.Int32[])" executed="True" result="Success" success="True" time="0.001">
      </test-case>
      <test-case name="AForge.Math.Geometry.Tests.ClosePointsMergingOptimizerTest.OptimizationTest(System.Int32[],System.Int32[])" executed="True" result="Success" success="True" time="0.000">
      </test-case>
      <test-case name="AForge.Math.Geometry.Tests.ClosePointsMergingOptimizerTest.OptimizationTest(System.Int32[],System.Int32[])" executed="True" result="Success" success="True" time="0.000">
      </test-case>
      <test-case name="AForge.Math.Geometry.Tests.FlatAnglesOptimizerTest.OptimizationTest(System.Int32[],System.Int32[])" executed="True" result="Success" success="True" time="0.002">
      </test-case>
      <test-case name="AForge.Math.Geometry.Tests.FlatAnglesOptimizerTest.OptimizationTest(System.Int32[],System.Int32[])" executed="True" result="Success" success="True" time="0.000">
      </test-case>
      <test-case name="AForge.Math.Geometry.Tests.FlatAnglesOptimizerTest.OptimizationTest(System.Int32[],System.Int32[])" executed="True" result="Success" success="True" time="0.002">
      </test-case>
      <test-case name="AForge.Math.Geometry.Tests.FlatAnglesOptimizerTest.OptimizationTest(System.Int32[],System.Int32[])" executed="True" result="Success" success="True" time="0.000">
      </test-case>
      <test-case name="AForge.Math.Geometry.Tests.FlatAnglesOptimizerTest.OptimizationTest(System.Int32[],System.Int32[])" executed="True" result="Success" success="True" time="0.000">
      </test-case>
      <test-case name="AForge.Math.Geometry.Tests.FlatAnglesOptimizerTest.OptimizationTest(System.Int32[],System.Int32[])" executed="True" result="Success" success="True" time="0.000">
      </test-case>
      <test-case name="AForge.Math.Geometry.Tests.FlatAnglesOptimizerTest.OptimizationTest(System.Int32[],System.Int32[])" executed="True" result="Success" success="True" time="0.000">
      </test-case>
      <test-case name="AForge.Math.Geometry.Tests.FlatAnglesOptimizerTest.OptimizationTest(System.Int32[],System.Int32[])" executed="True" result="Success" success="True" time="0.000">
      </test-case>
      <test-case name="AForge.Math.Geometry.Tests.GeometryToolsTest.GetAngleBetweenLinesTest(0,0,10,0,1,1,10,10,45)" executed="True" result="Success" success="True" time="0.002">
      </test-case>
      <test-case name="AForge.Math.Geometry.Tests.GeometryToolsTest.GetAngleBetweenLinesTest(0,0,10,0,0,10,10,10,0)" executed="True" result="Success" success="True" time="0.000">
      </test-case>
      <test-case name="AForge.Math.Geometry.Tests.GeometryToolsTest.GetAngleBetweenLinesTest(0,0,10,10,0,0,-100,100,90)" executed="True" result="Success" success="True" time="0.000">
      </test-case>
      <test-case name="AForge.Math.Geometry.Tests.GeometryToolsTest.GetAngleBetweenLinesTest(0,0,10,0,1,1,-8,10,45)" executed="True" result="Success" success="True" time="0.000">
      </test-case>
      <test-case name="AForge.Math.Geometry.Tests.GeometryToolsTest.GetAngleBetweenLinesTest(0,0,10,0,0,10,0,20,90)" executed="True" result="Success" success="True" time="0.000">
      </test-case>
      <test-case name="AForge.Math.Geometry.Tests.GeometryToolsTest.GetAngleBetweenVectorsTest(0,0,10,0,0,100,90)" executed="True" result="Success" success="True" time="0.001">
      </test-case>
      <test-case name="AForge.Math.Geometry.Tests.GeometryToolsTest.GetAngleBetweenVectorsTest(0,0,10,10,100,100,0)" executed="True" result="Success" success="True" time="0.000">
      </test-case>
      <test-case name="AForge.Math.Geometry.Tests.GeometryToolsTest.GetAngleBetweenVectorsTest(0,0,10,0,-100,-100,135)" executed="True" result="Success" success="True" time="0.000">
      </test-case>
      <test-case name="AForge.Math.Geometry.Tests.GeometryToolsTest.GetAngleBetweenVectorsTest(0,0,10,0,100,0,0)" executed="True" result="Success" success="True" time="0.000">
      </test-case>
      <test-case name="AForge.Math.Geometry.Tests.GeometryToolsTest.GetAngleBetweenVectorsTest(0,0,10,0,-100,100,135)" executed="True" result="Success" success="True" time="0.000">
      </test-case>
      <test-case name="AForge.Math.Geometry.Tests.GeometryToolsTest.GetAngleBetweenVectorsTest(0,0,10,0,100,100,45)" executed="True" result="Success" success="True" time="0.000">
      </test-case>
      <test-case name="AForge.Math.Geometry.Tests.GeometryToolsTest.GetAngleBetweenVectorsTest(0,0,10,10,-100,100,90)" executed="True" result="Success" success="True" time="0.000">
      </test-case>
      <test-case name="AForge.Math.Geometry.Tests.GeometryToolsTest.GetAngleBetweenVectorsTest(0,0,10,0,-100,0,180)" executed="True" result="Success" success="True" time="0.000">
      </test-case>
      <test-case name="AForge.Math.Geometry.Tests.GrahamConvexHullTest.FindHullTest" executed="True" result="Success" success="True" time="0.011">
      </test-case>
      <test-case name="AForge.Math.Geometry.Tests.LineSegmentTest.DistanceToPointTest(9,0,5,0,8,0,1)" executed="True" result="Success" success="True" time="0.002">
      </test-case>
      <test-case name="AForge.Math.Geometry.Tests.LineSegmentTest.DistanceToPointTest(6.0f,2.5f,5.0f,0.0f,8.0f,0.0f,2.5f)" executed="True" result="Success" success="True" time="0.000">
      </test-case>
      <test-case name="AForge.Math.Geometry.Tests.LineSegmentTest.DistanceToPointTest(2.5f,6.0f,0.0f,5.0f,0.0f,8.0f,2.5f)" executed="True" result="Success" success="True" time="0.000">
      </test-case>
      <test-case name="AForge.Math.Geometry.Tests.LineSegmentTest.DistanceToPointTest(3,4,0,0,-10,0,5)" executed="True" result="Success" success="True" time="0.000">
      </test-case>
      <test-case name="AForge.Math.Geometry.Tests.LineSegmentTest.DistanceToPointTest(0,0,5,0,8,0,5)" executed="True" result="Success" success="True" time="0.000">
      </test-case>
      <test-case name="AForge.Math.Geometry.Tests.LineSegmentTest.IntersectionPointTest(-4,-4,0,0,4,0,8,-4,2,2,LinesOnly)" executed="True" result="Success" success="True" time="0.007">
      </test-case>
      <test-case name="AForge.Math.Geometry.Tests.LineSegmentTest.IntersectionPointTest(0,0,6,0,5,1,5,5,5,0,SegmentA)" executed="True" result="Success" success="True" time="0.000">
      </test-case>
      <test-case name="AForge.Math.Geometry.Tests.LineSegmentTest.IntersectionPointTest(0,0,0,0,0,0,0,0,0,0,LinesOnly)" executed="True" result="Success" success="True" time="0.001">
      </test-case>
      <test-case name="AForge.Math.Geometry.Tests.LineSegmentTest.IntersectionPointTest(0,0,0,5,1,0,1,5,0,0,None)" executed="True" result="Success" success="True" time="0.000">
      </test-case>
      <test-case name="AForge.Math.Geometry.Tests.LineSegmentTest.IntersectionPointTest(0,0,4,4,0,4,4,0,2,2,AllFour)" executed="True" result="Success" success="True" time="0.000">
      </test-case>
      <test-case name="AForge.Math.Geometry.Tests.LineSegmentTest.IntersectionPointTest(0,0,4,0,0,0,0,4,0,0,AllFour)" executed="True" result="Success" success="True" time="0.000">
      </test-case>
      <test-case name="AForge.Math.Geometry.Tests.LineSegmentTest.IntersectionPointTest(0,0,4,4,4,8,8,4,6,6,SegmentB)" executed="True" result="Success" success="True" time="0.000">
      </test-case>
      <test-case name="AForge.Math.Geometry.Tests.LineSegmentTest.LengthTest(0,0,10,0,10)" executed="True" result="Success" success="True" time="0.001">
      </test-case>
      <test-case name="AForge.Math.Geometry.Tests.LineSegmentTest.LengthTest(0,0,0,10,10)" executed="True" result="Success" success="True" time="0.000">
      </test-case>
      <test-case name="AForge.Math.Geometry.Tests.LineSegmentTest.LengthTest(0,0,-3,4,5)" executed="True" result="Success" success="True" time="0.000">
      </test-case>
      <test-case name="AForge.Math.Geometry.Tests.LineSegmentTest.LengthTest(0,0,-3,-4,5)" executed="True" result="Success" success="True" time="0.000">
      </test-case>
      <test-case name="AForge.Math.Geometry.Tests.LineSegmentTest.LengthTest(0,0,3,4,5)" executed="True" result="Success" success="True" time="0.000">
      </test-case>
      <test-case name="AForge.Math.Geometry.Tests.LineSegmentTest.ParallelIntersectionPointTest(0,0,0,1,1,1,1,2)" executed="True" result="Success" success="True" time="0.002">
      </test-case>
      <test-case name="AForge.Math.Geometry.Tests.LineSegmentTest.ParallelIntersectionPointTest(0,0,1,0,1,1,2,1)" executed="True" result="Success" success="True" time="0.000">
      </test-case>
      <test-case name="AForge.Math.Geometry.Tests.LineSegmentTest.ParallelIntersectionPointTest(0,0,4,4,3,-1,7,3)" executed="True" result="Success" success="True" time="0.000">
      </test-case>
      <test-case name="AForge.Math.Geometry.Tests.LineStraighteningOptimizerTest.OptimizationTest(System.Int32[],System.Int32[])" executed="True" result="Success" success="True" time="0.004">
      </test-case>
      <test-case name="AForge.Math.Geometry.Tests.LineStraighteningOptimizerTest.OptimizationTest(System.Int32[],System.Int32[])" executed="True" result="Success" success="True" time="0.000">
      </test-case>
      <test-case name="AForge.Math.Geometry.Tests.LineStraighteningOptimizerTest.OptimizationTest(System.Int32[],System.Int32[])" executed="True" result="Success" success="True" time="0.000">
      </test-case>
      <test-case name="AForge.Math.Geometry.Tests.LineStraighteningOptimizerTest.OptimizationTest(System.Int32[],System.Int32[])" executed="True" result="Success" success="True" time="0.000">
      </test-case>
      <test-case name="AForge.Math.Geometry.Tests.LineStraighteningOptimizerTest.OptimizationTest(System.Int32[],System.Int32[])" executed="True" result="Success" success="True" time="0.000">
      </test-case>
      <test-case name="AForge.Math.Geometry.Tests.LineStraighteningOptimizerTest.OptimizationTest(System.Int32[],System.Int32[])" executed="True" result="Success" success="True" time="0.000">
      </test-case>
      <test-case name="AForge.Math.Geometry.Tests.LineStraighteningOptimizerTest.OptimizationTest(System.Int32[],System.Int32[])" executed="True" result="Success" success="True" time="0.000">
      </test-case>
      <test-case name="AForge.Math.Geometry.Tests.LineStraighteningOptimizerTest.OptimizationTest(System.Int32[],System.Int32[])" executed="True" result="Success" success="True" time="0.000">
      </test-case>
      <test-case name="AForge.Math.Geometry.Tests.LineStraighteningOptimizerTest.OptimizationTest(System.Int32[],System.Int32[])" executed="True" result="Success" success="True" time="0.000">
      </test-case>
      <test-case name="AForge.Math.Geometry.Tests.LineTest.DistanceToPointTest(9,0,5,0,8,0,0)" executed="True" result="Success" success="True" time="0.001">
      </test-case>
      <test-case name="AForge.Math.Geometry.Tests.LineTest.DistanceToPointTest(2,6,0,5,0,8,2)" executed="True" result="Success" success="True" time="0.000">
      </test-case>
      <test-case name="AForge.Math.Geometry.Tests.LineTest.DistanceToPointTest(6,2,5,0,8,0,2)" executed="True" result="Success" success="True" time="0.000">
      </test-case>
      <test-case name="AForge.Math.Geometry.Tests.LineTest.DistanceToPointTest(0,0,5,0,8,0,0)" executed="True" result="Success" success="True" time="0.000">
      </test-case>
      <test-case name="AForge.Math.Geometry.Tests.LineTest.DistanceToPointTest(3,0,0,0,3,4,2.4f)" executed="True" result="Success" success="True" time="0.000">
      </test-case>
      <test-case name="AForge.Math.Geometry.Tests.LineTest.GetAngleBetweenLinesTest(0,0,10,0,0,10,10,10,0)" executed="True" result="Success" success="True" time="0.001">
      </test-case>
      <test-case name="AForge.Math.Geometry.Tests.LineTest.GetAngleBetweenLinesTest(0,0,10,0,0,10,0,20,90)" executed="True" result="Success" success="True" time="0.000">
      </test-case>
      <test-case name="AForge.Math.Geometry.Tests.LineTest.GetAngleBetweenLinesTest(0,0,10,0,1,1,-8,10,45)" executed="True" result="Success" success="True" time="0.000">
      </test-case>
      <test-case name="AForge.Math.Geometry.Tests.LineTest.GetAngleBetweenLinesTest(0,0,10,10,0,0,-100,100,90)" executed="True" result="Success" success="True" time="0.000">
      </test-case>
      <test-case name="AForge.Math.Geometry.Tests.LineTest.GetAngleBetweenLinesTest(0,0,10,0,1,1,10,10,45)" executed="True" result="Success" success="True" time="0.000">
      </test-case>
      <test-case name="AForge.Math.Geometry.Tests.LineTest.GetIntersectionPointTest(0,0,0,1,0,1,-1,1,0,1,True)" executed="True" result="Success" success="True" time="0.001">
      </test-case>
      <test-case name="AForge.Math.Geometry.Tests.LineTest.GetIntersectionPointTest(-1,-1,1,1,1,-1,-1,1,0,0,True)" executed="True" result="Success" success="True" time="0.000">
      </test-case>
      <test-case name="AForge.Math.Geometry.Tests.LineTest.GetIntersectionPointTest(0,0,1,0,1,1,1,2,1,0,True)" executed="True" result="Success" success="True" time="0.000">
      </test-case>
      <test-case name="AForge.Math.Geometry.Tests.LineTest.GetIntersectionPointTest(0,0,1,0,0,1,1,2,-1,0,True)" executed="True" result="Success" success="True" time="0.000">
      </test-case>
      <test-case name="AForge.Math.Geometry.Tests.LineTest.GetIntersectionPointTest(0,0,1,0,0,0,1,1,0,0,True)" executed="True" result="Success" success="True" time="0.000">
      </test-case>
      <test-case name="AForge.Math.Geometry.Tests.LineTest.GetIntersectionPointTest(0,0,1,1,0,1,1,2,0,0,False)" executed="True" result="Success" success="True" time="0.000">
      </test-case>
      <test-case name="AForge.Math.Geometry.Tests.LineTest.GetIntersectionPointTest(0,0,1,1,0,0,1,1,0,0,False)" executed="True" result="Success" success="True" time="0.000">
      </test-case>
      <test-case name="AForge.Math.Geometry.Tests.LineTest.GetIntersectionPointTest(0,0,0,1,1,0,1,1,0,0,False)" executed="True" result="Success" success="True" time="0.000">
      </test-case>
      <test-case name="AForge.Math.Geometry.Tests.LineTest.GetIntersectionPointTest(0,0,1,0,0,1,1,1,0,0,False)" executed="True" result="Success" success="True" time="0.000">
      </test-case>
      <test-case name="AForge.Math.Geometry.Tests.LineTest.IsHorizontalTest(0,0,10,0,True,0,0)" executed="True" result="Success" success="True" time="0.001">
      </test-case>
      <test-case name="AForge.Math.Geometry.Tests.LineTest.IsHorizontalTest(0,0,10,10,False,1,0)" executed="True" result="Success" success="True" time="0.000">
      </test-case>
      <test-case name="AForge.Math.Geometry.Tests.LineTest.IsHorizontalTest(0,0,-10,0,True,0,0)" executed="True" result="Success" success="True" time="0.000">
      </test-case>
      <test-case name="AForge.Math.Geometry.Tests.LineTest.IsHorizontalTest(0,0,0,10,False,float.PositiveInfinity,0)" executed="True" result="Success" success="True" time="0.000">
      </test-case>
      <test-case name="AForge.Math.Geometry.Tests.LineTest.IsVerticalTest(0,0,10,0,False,0,0)" executed="True" result="Success" success="True" time="0.001">
      </test-case>
      <test-case name="AForge.Math.Geometry.Tests.LineTest.IsVerticalTest(0,0,10,10,False,1,0)" executed="True" result="Success" success="True" time="0.000">
      </test-case>
      <test-case name="AForge.Math.Geometry.Tests.LineTest.IsVerticalTest(0,0,0,-10,True,float.NegativeInfinity,0)" executed="True" result="Success" success="True" time="0.000">
      </test-case>
      <test-case name="AForge.Math.Geometry.Tests.LineTest.IsVerticalTest(0,0,0,10,True,float.PositiveInfinity,0)" executed="True" result="Success" success="True" time="0.001">
      </test-case>
      <test-case name="AForge.Math.Geometry.Tests.LineTest.RThetaTest(1,0,0,1,float.NegativeInfinity,1)" executed="True" result="Success" success="True" time="0.004">
      </test-case>
      <test-case name="AForge.Math.Geometry.Tests.LineTest.RThetaTest(-0.5f,-0.8660254f,240,1,-0.5773503f,-1.154701f)" executed="True" result="Success" success="True" time="0.000">
      </test-case>
      <test-case name="AForge.Math.Geometry.Tests.LineTest.RThetaTest(-2,2,135,2.828427f,1,4)" executed="True" result="Success" success="True" time="0.000">
      </test-case>
      <test-case name="AForge.Math.Geometry.Tests.LineTest.RThetaTest(1,1,45,1.414214f,-1,2)" executed="True" result="Success" success="True" time="0.000">
      </test-case>
      <test-case name="AForge.Math.Geometry.Tests.LineTest.RThetaTest(0,-1,270,1,0,-1)" executed="True" result="Success" success="True" time="0.000">
      </test-case>
      <test-case name="AForge.Math.Geometry.Tests.SimpleShapeCheckerTest.CheckPolygonSubTypeTest(Unknown,System.Int32[])" executed="True" result="Success" success="True" time="0.004">
      </test-case>
      <test-case name="AForge.Math.Geometry.Tests.SimpleShapeCheckerTest.CheckPolygonSubTypeTest(Rhombus,System.Int32[])" executed="True" result="Success" success="True" time="0.000">
      </test-case>
      <test-case name="AForge.Math.Geometry.Tests.SimpleShapeCheckerTest.CheckPolygonSubTypeTest(Rhombus,System.Int32[])" executed="True" result="Success" success="True" time="0.000">
      </test-case>
      <test-case name="AForge.Math.Geometry.Tests.SimpleShapeCheckerTest.CheckPolygonSubTypeTest(Square,System.Int32[])" executed="True" result="Success" success="True" time="0.000">
      </test-case>
      <test-case name="AForge.Math.Geometry.Tests.SimpleShapeCheckerTest.CheckPolygonSubTypeTest(Square,System.Int32[])" executed="True" result="Success" success="True" time="0.000">
      </test-case>
      <test-case name="AForge.Math.Geometry.Tests.SimpleShapeCheckerTest.CheckPolygonSubTypeTest(Square,System.Int32[])" executed="True" result="Success" success="True" time="0.000">
      </test-case>
      <test-case name="AForge.Math.Geometry.Tests.SimpleShapeCheckerTest.CheckPolygonSubTypeTest(Rectangle,System.Int32[])" executed="True" result="Success" success="True" time="0.000">
      </test-case>
      <test-case name="AForge.Math.Geometry.Tests.SimpleShapeCheckerTest.CheckPolygonSubTypeTest(Rectangle,System.Int32[])" executed="True" result="Success" success="True" time="0.000">
      </test-case>
      <test-case name="AForge.Math.Geometry.Tests.SimpleShapeCheckerTest.CheckPolygonSubTypeTest(Parallelogram,System.Int32[])" executed="True" result="Success" success="True" time="0.000">
      </test-case>
      <test-case name="AForge.Math.Geometry.Tests.SimpleShapeCheckerTest.CheckPolygonSubTypeTest(Trapezoid,System.Int32[])" executed="True" result="Success" success="True" time="0.000">
      </test-case>
      <test-case name="AForge.Math.Geometry.Tests.SimpleShapeCheckerTest.CheckPolygonSubTypeTest(Trapezoid,System.Int32[])" executed="True" result="Success" success="True" time="0.000">
      </test-case>
      <test-case name="AForge.Math.Geometry.Tests.SimpleShapeCheckerTest.CheckPolygonSubTypeTest(Trapezoid,System.Int32[])" executed="True" result="Success" success="True" time="0.000">
      </test-case>
      <test-case name="AForge.Math.Geometry.Tests.SimpleShapeCheckerTest.CheckPolygonSubTypeTest(Unknown,System.Int32[])" executed="True" result="Success" success="True" time="0.000">
      </test-case>
      <test-case name="AForge.Math.Geometry.Tests.SimpleShapeCheckerTest.CheckPolygonSubTypeTest(RectangledTriangle,System.Int32[])" executed="True" result="Success" success="True" time="0.000">
      </test-case>
      <test-case name="AForge.Math.Geometry.Tests.SimpleShapeCheckerTest.CheckPolygonSubTypeTest(RectangledIsoscelesTriangle,System.Int32[])" executed="True" result="Success" success="True" time="0.000">
      </test-case>
      <test-case name="AForge.Math.Geometry.Tests.SimpleShapeCheckerTest.CheckPolygonSubTypeTest(RectangledIsoscelesTriangle,System.Int32[])" executed="True" result="Success" success="True" time="0.000">
      </test-case>
      <test-case name="AForge.Math.Geometry.Tests.SimpleShapeCheckerTest.CheckPolygonSubTypeTest(EquilateralTriangle,System.Int32[])" executed="True" result="Success" success="True" time="0.000">
      </test-case>
      <test-case name="AForge.Math.Geometry.Tests.SimpleShapeCheckerTest.CheckPolygonSubTypeTest(IsoscelesTriangle,System.Int32[])" executed="True" result="Success" success="True" time="0.000">
      </test-case>
      <test-case name="AForge.Math.Geometry.Tests.SimpleShapeCheckerTest.CheckPolygonSubTypeTest(IsoscelesTriangle,System.Int32[])" executed="True" result="Success" success="True" time="0.000">
      </test-case>
      <test-case name="AForge.Math.Geometry.Tests.SimpleShapeCheckerTest.CheckPolygonSubTypeTest(Unknown,System.Int32[])" executed="True" result="Success" success="True" time="0.000">
      </test-case>
      <test-case name="AForge.Math.Geometry.Tests.SimpleShapeCheckerTest.CheckPolygonSubTypeTest(Parallelogram,System.Int32[])" executed="True" result="Success" success="True" time="0.000">
      </test-case>
      <test-case name="AForge.Math.Geometry.Tests.SimpleShapeCheckerTest.CheckQuadrilateralCornersTest" executed="True" result="Success" success="True" time="0.012">
      </test-case>
      <test-case name="AForge.Math.Geometry.Tests.SimpleShapeCheckerTest.CheckShapeTypeTest" executed="True" result="Success" success="True" time="0.003">
      </test-case>
      <test-case name="AForge.Math.Geometry.Tests.SimpleShapeCheckerTest.IsCircleTest" executed="True" result="Success" success="True" time="0.001">
      </test-case>
      <test-case name="AForge.Math.Geometry.Tests.SimpleShapeCheckerTest.IsConvexPolygon" executed="True" result="Success" success="True" time="0.002">
      </test-case>
      <test-case name="AForge.Math.Geometry.Tests.SimpleShapeCheckerTest.IsQuadrilateralTest" executed="True" result="Success" success="True" time="0.002">
      </test-case>
      <test-case name="AForge.Math.Geometry.Tests.SimpleShapeCheckerTest.IsTriangleTest" executed="True" result="Success" success="True" time="0.002">
      </test-case>
      <test-case name="AForge.Math.Metrics.Tests.MetricsTest.CosineDistanceTest" executed="True" result="Success" success="True" time="0.003">
      </test-case>
      <test-case name="AForge.Math.Metrics.Tests.MetricsTest.CosineSimilarityTest" executed="True" result="Success" success="True" time="0.001">
      </test-case>
      <test-case name="AForge.Math.Metrics.Tests.MetricsTest.EuclideanDistanceTest" executed="True" result="Success" success="True" time="0.002">
      </test-case>
      <test-case name="AForge.Math.Metrics.Tests.MetricsTest.EuclideanSimilarityTest" executed="True" result="Success" success="True" time="0.001">
      </test-case>
      <test-case name="AForge.Math.Metrics.Tests.MetricsTest.HammingDistanceTest" executed="True" result="Success" success="True" time="0.001">
      </test-case>
      <test-case name="AForge.Math.Metrics.Tests.MetricsTest.JaccardDistanceTest" executed="True" result="Success" success="True" time="0.002">
      </test-case>
      <test-case name="AForge.Math.Metrics.Tests.MetricsTest.ManhattanDistanceTest" executed="True" result="Success" success="True" time="0.001">
      </test-case>
      <test-case name="AForge.Math.Metrics.Tests.MetricsTest.PearsonCorrelationTest" executed="True" result="Success" success="True" time="0.002">
      </test-case>
      <test-case name="AForge.Math.Tests.Matrix3x3Test.AddMatricesTest" executed="True" result="Success" success="True" time="0.001">
      </test-case>
      <test-case name="AForge.Math.Tests.Matrix3x3Test.CreateDiagonalTest(1,2,3)" executed="True" result="Success" success="True" time="0.002">
      </test-case>
      <test-case name="AForge.Math.Tests.Matrix3x3Test.CreateDiagonalTest(-1,-2,-3)" executed="True" result="Success" success="True" time="0.000">
      </test-case>
      <test-case name="AForge.Math.Tests.Matrix3x3Test.CreateFromColumnsTest" executed="True" result="Success" success="True" time="0.002">
      </test-case>
      <test-case name="AForge.Math.Tests.Matrix3x3Test.CreateFromRowsTest" executed="True" result="Success" success="True" time="0.002">
      </test-case>
      <test-case name="AForge.Math.Tests.Matrix3x3Test.CreateFromYawPitchRollTest(-180,-30,-60)" executed="True" result="Success" success="True" time="0.002">
      </test-case>
      <test-case name="AForge.Math.Tests.Matrix3x3Test.CreateFromYawPitchRollTest(60,30,45)" executed="True" result="Success" success="True" time="0.000">
      </test-case>
      <test-case name="AForge.Math.Tests.Matrix3x3Test.CreateFromYawPitchRollTest(30,45,60)" executed="True" result="Success" success="True" time="0.000">
      </test-case>
      <test-case name="AForge.Math.Tests.Matrix3x3Test.CreateFromYawPitchRollTest(0,0,0)" executed="True" result="Success" success="True" time="0.000">
      </test-case>
      <test-case name="AForge.Math.Tests.Matrix3x3Test.CreateFromYawPitchRollTest(-90,-135,-180)" executed="True" result="Success" success="True" time="0.000">
      </test-case>
      <test-case name="AForge.Math.Tests.Matrix3x3Test.CreateFromYawPitchRollTest(45,60,30)" executed="True" result="Success" success="True" time="0.000">
      </test-case>
      <test-case name="AForge.Math.Tests.Matrix3x3Test.CreateFromYawPitchRollTest(-30,-60,-90)" executed="True" result="Success" success="True" time="0.000">
      </test-case>
      <test-case name="AForge.Math.Tests.Matrix3x3Test.CreateFromYawPitchRollTest(90,90,90)" executed="True" result="Success" success="True" time="0.000">
      </test-case>
      <test-case name="AForge.Math.Tests.Matrix3x3Test.CreateRotationXTest(30)" executed="True" result="Success" success="True" time="0.001">
      </test-case>
      <test-case name="AForge.Math.Tests.Matrix3x3Test.CreateRotationXTest(45)" executed="True" result="Success" success="True" time="0.000">
      </test-case>
      <test-case name="AForge.Math.Tests.Matrix3x3Test.CreateRotationXTest(60)" executed="True" result="Success" success="True" time="0.000">
      </test-case>
      <test-case name="AForge.Math.Tests.Matrix3x3Test.CreateRotationXTest(90)" executed="True" result="Success" success="True" time="0.000">
      </test-case>
      <test-case name="AForge.Math.Tests.Matrix3x3Test.CreateRotationXTest(-30)" executed="True" result="Success" success="True" time="0.000">
      </test-case>
      <test-case name="AForge.Math.Tests.Matrix3x3Test.CreateRotationXTest(0)" executed="True" result="Success" success="True" time="0.000">
      </test-case>
      <test-case name="AForge.Math.Tests.Matrix3x3Test.CreateRotationXTest(-180)" executed="True" result="Success" success="True" time="0.000">
      </test-case>
      <test-case name="AForge.Math.Tests.Matrix3x3Test.CreateRotationXTest(-90)" executed="True" result="Success" success="True" time="0.000">
      </test-case>
      <test-case name="AForge.Math.Tests.Matrix3x3Test.CreateRotationYTest(30)" executed="True" result="Success" success="True" time="0.001">
      </test-case>
      <test-case name="AForge.Math.Tests.Matrix3x3Test.CreateRotationYTest(45)" executed="True" result="Success" success="True" time="0.000">
      </test-case>
      <test-case name="AForge.Math.Tests.Matrix3x3Test.CreateRotationYTest(60)" executed="True" result="Success" success="True" time="0.000">
      </test-case>
      <test-case name="AForge.Math.Tests.Matrix3x3Test.CreateRotationYTest(90)" executed="True" result="Success" success="True" time="0.000">
      </test-case>
      <test-case name="AForge.Math.Tests.Matrix3x3Test.CreateRotationYTest(-30)" executed="True" result="Success" success="True" time="0.000">
      </test-case>
      <test-case name="AForge.Math.Tests.Matrix3x3Test.CreateRotationYTest(-90)" executed="True" result="Success" success="True" time="0.000">
      </test-case>
      <test-case name="AForge.Math.Tests.Matrix3x3Test.CreateRotationYTest(-180)" executed="True" result="Success" success="True" time="0.000">
      </test-case>
      <test-case name="AForge.Math.Tests.Matrix3x3Test.CreateRotationYTest(0)" executed="True" result="Success" success="True" time="0.000">
      </test-case>
      <test-case name="AForge.Math.Tests.Matrix3x3Test.CreateRotationZTest(60)" executed="True" result="Success" success="True" time="0.001">
      </test-case>
      <test-case name="AForge.Math.Tests.Matrix3x3Test.CreateRotationZTest(-30)" executed="True" result="Success" success="True" time="0.001">
      </test-case>
      <test-case name="AForge.Math.Tests.Matrix3x3Test.CreateRotationZTest(-90)" executed="True" result="Success" success="True" time="0.001">
      </test-case>
      <test-case name="AForge.Math.Tests.Matrix3x3Test.CreateRotationZTest(-180)" executed="True" result="Success" success="True" time="0.000">
      </test-case>
      <test-case name="AForge.Math.Tests.Matrix3x3Test.CreateRotationZTest(45)" executed="True" result="Success" success="True" time="0.000">
      </test-case>
      <test-case name="AForge.Math.Tests.Matrix3x3Test.CreateRotationZTest(30)" executed="True" result="Success" success="True" time="0.000">
      </test-case>
      <test-case name="AForge.Math.Tests.Matrix3x3Test.CreateRotationZTest(0)" executed="True" result="Success" success="True" time="0.000">
      </test-case>
      <test-case name="AForge.Math.Tests.Matrix3x3Test.CreateRotationZTest(90)" executed="True" result="Success" success="True" time="0.000">
      </test-case>
      <test-case name="AForge.Math.Tests.Matrix3x3Test.DeterminantTest(1,1,0,0,0,1,0,0,0,1)" executed="True" result="Success" success="True" time="0.001">
      </test-case>
      <test-case name="AForge.Math.Tests.Matrix3x3Test.DeterminantTest(0,1,0,0,0,1,0,1,0,0)" executed="True" result="Success" success="True" time="0.000">
      </test-case>
      <test-case name="AForge.Math.Tests.Matrix3x3Test.DeterminantTest(0,1,1,1,1,1,1,1,1,1)" executed="True" result="Success" success="True" time="0.000">
      </test-case>
      <test-case name="AForge.Math.Tests.Matrix3x3Test.DeterminantTest(-3,1,3,2,2,2,1,2,1,1)" executed="True" result="Success" success="True" time="0.000">
      </test-case>
      <test-case name="AForge.Math.Tests.Matrix3x3Test.ExtractYawPitchRollTest(60,30,45)" executed="True" result="Success" success="True" time="0.001">
      </test-case>
      <test-case name="AForge.Math.Tests.Matrix3x3Test.ExtractYawPitchRollTest(-30,-60,-90)" executed="True" result="Success" success="True" time="0.000">
      </test-case>
      <test-case name="AForge.Math.Tests.Matrix3x3Test.ExtractYawPitchRollTest(0,0,0)" executed="True" result="Success" success="True" time="0.000">
      </test-case>
      <test-case name="AForge.Math.Tests.Matrix3x3Test.ExtractYawPitchRollTest(30,45,60)" executed="True" result="Success" success="True" time="0.001">
      </test-case>
      <test-case name="AForge.Math.Tests.Matrix3x3Test.ExtractYawPitchRollTest(45,60,30)" executed="True" result="Success" success="True" time="0.000">
      </test-case>
      <test-case name="AForge.Math.Tests.Matrix3x3Test.InverseTest(1,0,0,0,1,0,0,0,1)" executed="True" result="Success" success="True" time="0.003">
      </test-case>
      <test-case name="AForge.Math.Tests.Matrix3x3Test.InverseTest(2,0,0,0,4,0,0,0,3)" executed="True" result="Success" success="True" time="0.000">
      </test-case>
      <test-case name="AForge.Math.Tests.Matrix3x3Test.InverseTest(1,0,0,0,1,0,1,0,0)" executed="True" result="Success" success="True" time="0.000">
      </test-case>
      <test-case name="AForge.Math.Tests.Matrix3x3Test.InverseTest(1,4,2,2,2,1,2,1,1)" executed="True" result="Success" success="True" time="0.000">
      </test-case>
      <test-case name="AForge.Math.Tests.Matrix3x3Test.MultiplyMatricesTest" executed="True" result="Success" success="True" time="0.001">
      </test-case>
      <test-case name="AForge.Math.Tests.Matrix3x3Test.SubtractMatricesTest" executed="True" result="Success" success="True" time="0.001">
      </test-case>
      <test-case name="AForge.Math.Tests.Matrix3x3Test.ToArrayTest" executed="True" result="Success" success="True" time="0.001">
      </test-case>
      <test-case name="AForge.Math.Tests.Matrix4x4Test.AddMatricesTest" executed="True" result="Success" success="True" time="0.003">
      </test-case>
      <test-case name="AForge.Math.Tests.Matrix4x4Test.CreateDiagonalTest(1,2,3,4)" executed="True" result="Success" success="True" time="0.002">
      </test-case>
      <test-case name="AForge.Math.Tests.Matrix4x4Test.CreateDiagonalTest(-1,-2,-3,-4)" executed="True" result="Success" success="True" time="0.000">
      </test-case>
      <test-case name="AForge.Math.Tests.Matrix4x4Test.CreateFromColumnsTest" executed="True" result="Success" success="True" time="0.004">
      </test-case>
      <test-case name="AForge.Math.Tests.Matrix4x4Test.CreateFromRowsTest" executed="True" result="Success" success="True" time="0.003">
      </test-case>
      <test-case name="AForge.Math.Tests.Matrix4x4Test.CreateFromYawPitchRollTest(-180,-30,-60)" executed="True" result="Success" success="True" time="0.003">
      </test-case>
      <test-case name="AForge.Math.Tests.Matrix4x4Test.CreateFromYawPitchRollTest(-30,-60,-90)" executed="True" result="Success" success="True" time="0.000">
      </test-case>
      <test-case name="AForge.Math.Tests.Matrix4x4Test.CreateFromYawPitchRollTest(90,90,90)" executed="True" result="Success" success="True" time="0.000">
      </test-case>
      <test-case name="AForge.Math.Tests.Matrix4x4Test.CreateFromYawPitchRollTest(60,30,45)" executed="True" result="Success" success="True" time="0.000">
      </test-case>
      <test-case name="AForge.Math.Tests.Matrix4x4Test.CreateFromYawPitchRollTest(45,60,30)" executed="True" result="Success" success="True" time="0.000">
      </test-case>
      <test-case name="AForge.Math.Tests.Matrix4x4Test.CreateFromYawPitchRollTest(30,45,60)" executed="True" result="Success" success="True" time="0.000">
      </test-case>
      <test-case name="AForge.Math.Tests.Matrix4x4Test.CreateFromYawPitchRollTest(0,0,0)" executed="True" result="Success" success="True" time="0.000">
      </test-case>
      <test-case name="AForge.Math.Tests.Matrix4x4Test.CreateFromYawPitchRollTest(-90,-135,-180)" executed="True" result="Success" success="True" time="0.000">
      </test-case>
      <test-case name="AForge.Math.Tests.Matrix4x4Test.CreateRotationXTest(45)" executed="True" result="Success" success="True" time="0.001">
      </test-case>
      <test-case name="AForge.Math.Tests.Matrix4x4Test.CreateRotationXTest(30)" executed="True" result="Success" success="True" time="0.000">
      </test-case>
      <test-case name="AForge.Math.Tests.Matrix4x4Test.CreateRotationXTest(0)" executed="True" result="Success" success="True" time="0.000">
      </test-case>
      <test-case name="AForge.Math.Tests.Matrix4x4Test.CreateRotationXTest(-30)" executed="True" result="Success" success="True" time="0.000">
      </test-case>
      <test-case name="AForge.Math.Tests.Matrix4x4Test.CreateRotationXTest(-90)" executed="True" result="Success" success="True" time="0.000">
      </test-case>
      <test-case name="AForge.Math.Tests.Matrix4x4Test.CreateRotationXTest(-180)" executed="True" result="Success" success="True" time="0.000">
      </test-case>
      <test-case name="AForge.Math.Tests.Matrix4x4Test.CreateRotationXTest(90)" executed="True" result="Success" success="True" time="0.000">
      </test-case>
      <test-case name="AForge.Math.Tests.Matrix4x4Test.CreateRotationXTest(60)" executed="True" result="Success" success="True" time="0.000">
      </test-case>
      <test-case name="AForge.Math.Tests.Matrix4x4Test.CreateRotationYTest(0)" executed="True" result="Success" success="True" time="0.001">
      </test-case>
      <test-case name="AForge.Math.Tests.Matrix4x4Test.CreateRotationYTest(45)" executed="True" result="Success" success="True" time="0.000">
      </test-case>
      <test-case name="AForge.Math.Tests.Matrix4x4Test.CreateRotationYTest(90)" executed="True" result="Success" success="True" time="0.000">
      </test-case>
      <test-case name="AForge.Math.Tests.Matrix4x4Test.CreateRotationYTest(60)" executed="True" result="Success" success="True" time="0.000">
      </test-case>
      <test-case name="AForge.Math.Tests.Matrix4x4Test.CreateRotationYTest(-180)" executed="True" result="Success" success="True" time="0.000">
      </test-case>
      <test-case name="AForge.Math.Tests.Matrix4x4Test.CreateRotationYTest(-90)" executed="True" result="Success" success="True" time="0.000">
      </test-case>
      <test-case name="AForge.Math.Tests.Matrix4x4Test.CreateRotationYTest(-30)" executed="True" result="Success" success="True" time="0.000">
      </test-case>
      <test-case name="AForge.Math.Tests.Matrix4x4Test.CreateRotationYTest(30)" executed="True" result="Success" success="True" time="0.000">
      </test-case>
      <test-case name="AForge.Math.Tests.Matrix4x4Test.CreateRotationZTest(90)" executed="True" result="Success" success="True" time="0.001">
      </test-case>
      <test-case name="AForge.Math.Tests.Matrix4x4Test.CreateRotationZTest(45)" executed="True" result="Success" success="True" time="0.000">
      </test-case>
      <test-case name="AForge.Math.Tests.Matrix4x4Test.CreateRotationZTest(-30)" executed="True" result="Success" success="True" time="0.000">
      </test-case>
      <test-case name="AForge.Math.Tests.Matrix4x4Test.CreateRotationZTest(0)" executed="True" result="Success" success="True" time="0.000">
      </test-case>
      <test-case name="AForge.Math.Tests.Matrix4x4Test.CreateRotationZTest(-180)" executed="True" result="Success" success="True" time="0.000">
      </test-case>
      <test-case name="AForge.Math.Tests.Matrix4x4Test.CreateRotationZTest(30)" executed="True" result="Success" success="True" time="0.000">
      </test-case>
      <test-case name="AForge.Math.Tests.Matrix4x4Test.CreateRotationZTest(-90)" executed="True" result="Success" success="True" time="0.000">
      </test-case>
      <test-case name="AForge.Math.Tests.Matrix4x4Test.CreateRotationZTest(60)" executed="True" result="Success" success="True" time="0.000">
      </test-case>
      <test-case name="AForge.Math.Tests.Matrix4x4Test.ExtractYawPitchRollTest(30,45,60)" executed="True" result="Success" success="True" time="0.001">
      </test-case>
      <test-case name="AForge.Math.Tests.Matrix4x4Test.ExtractYawPitchRollTest(45,60,30)" executed="True" result="Success" success="True" time="0.000">
      </test-case>
      <test-case name="AForge.Math.Tests.Matrix4x4Test.ExtractYawPitchRollTest(60,30,45)" executed="True" result="Success" success="True" time="0.000">
      </test-case>
      <test-case name="AForge.Math.Tests.Matrix4x4Test.ExtractYawPitchRollTest(-30,-60,-90)" executed="True" result="Success" success="True" time="0.000">
      </test-case>
      <test-case name="AForge.Math.Tests.Matrix4x4Test.ExtractYawPitchRollTest(0,0,0)" executed="True" result="Success" success="True" time="0.000">
      </test-case>
      <test-case name="AForge.Math.Tests.Matrix4x4Test.MultiplyMatricesTest" executed="True" result="Success" success="True" time="0.001">
      </test-case>
      <test-case name="AForge.Math.Tests.Matrix4x4Test.SubtractMatricesTest" executed="True" result="Success" success="True" time="0.001">
      </test-case>
      <test-case name="AForge.Math.Tests.Matrix4x4Test.ToArrayTest" executed="True" result="Success" success="True" time="0.001">
      </test-case>
      <test-case name="AForge.Math.Tests.StatisticsTest.ModeTest" executed="True" result="Success" success="True" time="0.001">
      </test-case>
      <test-case name="AForge.Math.Tests.ToolsTest.IsPowerOf2Test(int.MinValue,False)" executed="True" result="Success" success="True" time="0.001">
      </test-case>
      <test-case name="AForge.Math.Tests.ToolsTest.IsPowerOf2Test(-8,False)" executed="True" result="Success" success="True" time="0.000">
      </test-case>
      <test-case name="AForge.Math.Tests.ToolsTest.IsPowerOf2Test(-1,False)" executed="True" result="Success" success="True" time="0.000">
      </test-case>
      <test-case name="AForge.Math.Tests.ToolsTest.IsPowerOf2Test(1073741823,False)" executed="True" result="Success" success="True" time="0.000">
      </test-case>
      <test-case name="AForge.Math.Tests.ToolsTest.IsPowerOf2Test(32769,False)" executed="True" result="Success" success="True" time="0.000">
      </test-case>
      <test-case name="AForge.Math.Tests.ToolsTest.IsPowerOf2Test(32768,True)" executed="True" result="Success" success="True" time="0.000">
      </test-case>
      <test-case name="AForge.Math.Tests.ToolsTest.IsPowerOf2Test(129,False)" executed="True" result="Success" success="True" time="0.000">
      </test-case>
      <test-case name="AForge.Math.Tests.ToolsTest.IsPowerOf2Test(128,True)" executed="True" result="Success" success="True" time="0.000">
      </test-case>
      <test-case name="AForge.Math.Tests.ToolsTest.IsPowerOf2Test(8,True)" executed="True" result="Success" success="True" time="0.000">
      </test-case>
      <test-case name="AForge.Math.Tests.ToolsTest.IsPowerOf2Test(4,True)" executed="True" result="Success" success="True" time="0.000">
      </test-case>
      <test-case name="AForge.Math.Tests.ToolsTest.IsPowerOf2Test(3,False)" executed="True" result="Success" success="True" time="0.000">
      </test-case>
      <test-case name="AForge.Math.Tests.ToolsTest.IsPowerOf2Test(2,True)" executed="True" result="Success" success="True" time="0.000">
      </test-case>
      <test-case name="AForge.Math.Tests.ToolsTest.IsPowerOf2Test(1,True)" executed="True" result="Success" success="True" time="0.000">
      </test-case>
      <test-case name="AForge.Math.Tests.ToolsTest.IsPowerOf2Test(0,False)" executed="True" result="Success" success="True" time="0.000">
      </test-case>
      <test-case name="AForge.Math.Tests.ToolsTest.IsPowerOf2Test(1073741824,True)" executed="True" result="Success" success="True" time="0.000">
      </test-case>
      <test-case name="AForge.Math.Tests.Vector3Test.AdditionTest(1,2,3,-4,-5,-6,-3,-3,-3)" executed="True" result="Success" success="True" time="0.001">
      </test-case>
      <test-case name="AForge.Math.Tests.Vector3Test.AdditionTest(1,2,3,4,5,6,5,7,9)" executed="True" result="Success" success="True" time="0.000">
      </test-case>
      <test-case name="AForge.Math.Tests.Vector3Test.AdditionWithConstTest(1,2,3,-4,-3,-2,-1)" executed="True" result="Success" success="True" time="0.001">
      </test-case>
      <test-case name="AForge.Math.Tests.Vector3Test.AdditionWithConstTest(1,2,3,4,5,6,7)" executed="True" result="Success" success="True" time="0.000">
      </test-case>
      <test-case name="AForge.Math.Tests.Vector3Test.ConstructorTest" executed="True" result="Success" success="True" time="0.001">
      </test-case>
      <test-case name="AForge.Math.Tests.Vector3Test.CrossTest(1,1,1,1,1,1,0,0,0)" executed="True" result="Success" success="True" time="0.001">
      </test-case>
      <test-case name="AForge.Math.Tests.Vector3Test.CrossTest(1,0,0,0,1,0,0,0,1)" executed="True" result="Success" success="True" time="0.000">
      </test-case>
      <test-case name="AForge.Math.Tests.Vector3Test.CrossTest(1,2,3,4,5,6,-3,6,-3)" executed="True" result="Success" success="True" time="0.000">
      </test-case>
      <test-case name="AForge.Math.Tests.Vector3Test.DivisionTest(1.0f,2.0f,3.0f,1.0f,4.0f,2.0f,1.0f,0.5f,1.5f)" executed="True" result="Success" success="True" time="0.001">
      </test-case>
      <test-case name="AForge.Math.Tests.Vector3Test.DivisionTest(1.0f,2.0f,3.0f,-1.0f,-4.0f,-2.0f,-1.0f,-0.5f,-1.5f)" executed="True" result="Success" success="True" time="0.000">
      </test-case>
      <test-case name="AForge.Math.Tests.Vector3Test.DivisionWithConstTest(1.0f,2.0f,3.0f,2.0f,0.5f,1.0f,1.5f)" executed="True" result="Success" success="True" time="0.001">
      </test-case>
      <test-case name="AForge.Math.Tests.Vector3Test.DivisionWithConstTest(1.0f,2.0f,3.0f,-2.0f,-0.5f,-1.0f,-1.5f)" executed="True" result="Success" success="True" time="0.000">
      </test-case>
      <test-case name="AForge.Math.Tests.Vector3Test.DotTest(1,2,3,1,1,1,6)" executed="True" result="Success" success="True" time="0.001">
      </test-case>
      <test-case name="AForge.Math.Tests.Vector3Test.DotTest(1,2,3,3,2,1,10)" executed="True" result="Success" success="True" time="0.000">
      </test-case>
      <test-case name="AForge.Math.Tests.Vector3Test.DotTest(1,2,3,-3,-2,-1,-10)" executed="True" result="Success" success="True" time="0.000">
      </test-case>
      <test-case name="AForge.Math.Tests.Vector3Test.DotTest(1,2,3,0,0,0,0)" executed="True" result="Success" success="True" time="0.000">
      </test-case>
      <test-case name="AForge.Math.Tests.Vector3Test.EqualityTest(-1,-2,-3,-1,-2,3,False)" executed="True" result="Success" success="True" time="0.001">
      </test-case>
      <test-case name="AForge.Math.Tests.Vector3Test.EqualityTest(-1,-2,-3,-1,-2,-3,True)" executed="True" result="Success" success="True" time="0.000">
      </test-case>
      <test-case name="AForge.Math.Tests.Vector3Test.EqualityTest(1,2,3,1,2,3,True)" executed="True" result="Success" success="True" time="0.000">
      </test-case>
      <test-case name="AForge.Math.Tests.Vector3Test.InverseTest(-2.0f,-4.0f,-8.0f,-0.5f,-0.25f,-0.125f)" executed="True" result="Success" success="True" time="0.001">
      </test-case>
      <test-case name="AForge.Math.Tests.Vector3Test.InverseTest(0.5f,0.25f,0.125f,2.0f,4.0f,8.0f)" executed="True" result="Success" success="True" time="0.000">
      </test-case>
      <test-case name="AForge.Math.Tests.Vector3Test.InverseTest(0,0,0,0,0,0)" executed="True" result="Success" success="True" time="0.000">
      </test-case>
      <test-case name="AForge.Math.Tests.Vector3Test.InverseTest(2.0f,4.0f,8.0f,0.5f,0.25f,0.125f)" executed="True" result="Success" success="True" time="0.000">
      </test-case>
      <test-case name="AForge.Math.Tests.Vector3Test.InverseTest(1,0,0,1,0,0)" executed="True" result="Success" success="True" time="0.000">
      </test-case>
      <test-case name="AForge.Math.Tests.Vector3Test.MinMaxTest(7,9,5,5,9,2,1)" executed="True" result="Success" success="True" time="0.001">
      </test-case>
      <test-case name="AForge.Math.Tests.Vector3Test.MinMaxTest(9,5,7,5,9,1,0)" executed="True" result="Success" success="True" time="0.000">
      </test-case>
      <test-case name="AForge.Math.Tests.Vector3Test.MinMaxTest(5,9,7,5,9,0,1)" executed="True" result="Success" success="True" time="0.000">
      </test-case>
      <test-case name="AForge.Math.Tests.Vector3Test.MinMaxTest(5,7,9,5,9,0,2)" executed="True" result="Success" success="True" time="0.000">
      </test-case>
      <test-case name="AForge.Math.Tests.Vector3Test.MinMaxTest(9,7,5,5,9,2,0)" executed="True" result="Success" success="True" time="0.000">
      </test-case>
      <test-case name="AForge.Math.Tests.Vector3Test.MinMaxTest(7,0,7,0,7,1,0)" executed="True" result="Success" success="True" time="0.000">
      </test-case>
      <test-case name="AForge.Math.Tests.Vector3Test.MinMaxTest(0,7,7,0,7,0,1)" executed="True" result="Success" success="True" time="0.000">
      </test-case>
      <test-case name="AForge.Math.Tests.Vector3Test.MinMaxTest(0,7,0,0,7,0,1)" executed="True" result="Success" success="True" time="0.000">
      </test-case>
      <test-case name="AForge.Math.Tests.Vector3Test.MinMaxTest(0,0,7,0,7,0,2)" executed="True" result="Success" success="True" time="0.000">
      </test-case>
      <test-case name="AForge.Math.Tests.Vector3Test.MinMaxTest(0,0,0,0,0,0,0)" executed="True" result="Success" success="True" time="0.000">
      </test-case>
      <test-case name="AForge.Math.Tests.Vector3Test.MinMaxTest(7,5,9,5,9,1,2)" executed="True" result="Success" success="True" time="0.000">
      </test-case>
      <test-case name="AForge.Math.Tests.Vector3Test.MultiplicationTest(1,2,3,4,5,6,4,10,18)" executed="True" result="Success" success="True" time="0.001">
      </test-case>
      <test-case name="AForge.Math.Tests.Vector3Test.MultiplicationTest(1,2,3,-4,-5,-6,-4,-10,-18)" executed="True" result="Success" success="True" time="0.000">
      </test-case>
      <test-case name="AForge.Math.Tests.Vector3Test.MultiplicationWithConstTest(1,2,3,4,4,8,12)" executed="True" result="Success" success="True" time="0.001">
      </test-case>
      <test-case name="AForge.Math.Tests.Vector3Test.MultiplicationWithConstTest(1,2,3,-4,-4,-8,-12)" executed="True" result="Success" success="True" time="0.000">
      </test-case>
      <test-case name="AForge.Math.Tests.Vector3Test.NormalizeTest(0,1,0,0,1,0)" executed="True" result="Success" success="True" time="0.001">
      </test-case>
      <test-case name="AForge.Math.Tests.Vector3Test.NormalizeTest(0,0,1,0,0,1)" executed="True" result="Success" success="True" time="0.000">
      </test-case>
      <test-case name="AForge.Math.Tests.Vector3Test.NormalizeTest(3.0f,4.0f,0.0f,0.6f,0.8f,0.0f)" executed="True" result="Success" success="True" time="0.000">
      </test-case>
      <test-case name="AForge.Math.Tests.Vector3Test.NormalizeTest(3.0f,0.0f,4.0f,0.6f,0.0f,0.8f)" executed="True" result="Success" success="True" time="0.000">
      </test-case>
      <test-case name="AForge.Math.Tests.Vector3Test.NormalizeTest(1,0,0,1,0,0)" executed="True" result="Success" success="True" time="0.000">
      </test-case>
      <test-case name="AForge.Math.Tests.Vector3Test.NormTest(3,4,0,5)" executed="True" result="Success" success="True" time="0.001">
      </test-case>
      <test-case name="AForge.Math.Tests.Vector3Test.NormTest(0,0,3,3)" executed="True" result="Success" success="True" time="0.000">
      </test-case>
      <test-case name="AForge.Math.Tests.Vector3Test.NormTest(0,0,0,0)" executed="True" result="Success" success="True" time="0.000">
      </test-case>
      <test-case name="AForge.Math.Tests.Vector3Test.NormTest(0,2,0,2)" executed="True" result="Success" success="True" time="0.000">
      </test-case>
      <test-case name="AForge.Math.Tests.Vector3Test.NormTest(-3,-4,0,5)" executed="True" result="Success" success="True" time="0.000">
      </test-case>
      <test-case name="AForge.Math.Tests.Vector3Test.NormTest(1,0,0,1)" executed="True" result="Success" success="True" time="0.000">
      </test-case>
      <test-case name="AForge.Math.Tests.Vector3Test.SubtractionTest(1,2,3,4,5,6,-3,-3,-3)" executed="True" result="Success" success="True" time="0.001">
      </test-case>
      <test-case name="AForge.Math.Tests.Vector3Test.SubtractionTest(1,2,3,-4,-5,-6,5,7,9)" executed="True" result="Success" success="True" time="0.000">
      </test-case>
      <test-case name="AForge.Math.Tests.Vector3Test.SubtractionWithConstTest(1,2,3,-4,5,6,7)" executed="True" result="Success" success="True" time="0.001">
      </test-case>
      <test-case name="AForge.Math.Tests.Vector3Test.SubtractionWithConstTest(1,2,3,4,-3,-2,-1)" executed="True" result="Success" success="True" time="0.000">
      </test-case>
      <test-case name="AForge.Tests.IntPointTest.EqualityOperatorTest(1,2,1,2,True)" executed="True" result="Success" success="True" time="0.002">
      </test-case>
      <test-case name="AForge.Tests.IntPointTest.EqualityOperatorTest(1,2,3,4,False)" executed="True" result="Success" success="True" time="0.000">
      </test-case>
      <test-case name="AForge.Tests.IntPointTest.EqualityOperatorTest(1,2,1,4,False)" executed="True" result="Success" success="True" time="0.000">
      </test-case>
      <test-case name="AForge.Tests.IntPointTest.EqualityOperatorTest(1,2,3,2,False)" executed="True" result="Success" success="True" time="0.000">
      </test-case>
      <test-case name="AForge.Tests.IntPointTest.EuclideanNormTest(10,0,10)" executed="True" result="Success" success="True" time="0.001">
      </test-case>
      <test-case name="AForge.Tests.IntPointTest.EuclideanNormTest(0,0,0)" executed="True" result="Success" success="True" time="0.000">
      </test-case>
      <test-case name="AForge.Tests.IntPointTest.EuclideanNormTest(-3,-4,5)" executed="True" result="Success" success="True" time="0.000">
      </test-case>
      <test-case name="AForge.Tests.IntPointTest.EuclideanNormTest(-3,4,5)" executed="True" result="Success" success="True" time="0.000">
      </test-case>
      <test-case name="AForge.Tests.IntPointTest.EuclideanNormTest(3,-4,5)" executed="True" result="Success" success="True" time="0.000">
      </test-case>
      <test-case name="AForge.Tests.IntPointTest.EuclideanNormTest(0,10,10)" executed="True" result="Success" success="True" time="0.000">
      </test-case>
      <test-case name="AForge.Tests.IntPointTest.EuclideanNormTest(-3,-4,5)" executed="True" result="Success" success="True" time="0.000">
      </test-case>
      <test-case name="AForge.Tests.IntPointTest.EuclideanNormTest(0,1,1)" executed="True" result="Success" success="True" time="0.000">
      </test-case>
      <test-case name="AForge.Tests.IntPointTest.EuclideanNormTest(3,4,5)" executed="True" result="Success" success="True" time="0.000">
      </test-case>
      <test-case name="AForge.Tests.IntPointTest.InequalityOperatorTest(1,2,3,4,True)" executed="True" result="Success" success="True" time="0.001">
      </test-case>
      <test-case name="AForge.Tests.IntPointTest.InequalityOperatorTest(1,2,1,4,True)" executed="True" result="Success" success="True" time="0.000">
      </test-case>
      <test-case name="AForge.Tests.IntPointTest.InequalityOperatorTest(1,2,3,2,True)" executed="True" result="Success" success="True" time="0.000">
      </test-case>
      <test-case name="AForge.Tests.IntPointTest.InequalityOperatorTest(1,2,1,2,False)" executed="True" result="Success" success="True" time="0.000">
      </test-case>
      <test-case name="AForge.Tests.IntRangeTest.EqualityOperatorTest(1,2,3,4,False)" executed="True" result="Success" success="True" time="0.001">
      </test-case>
      <test-case name="AForge.Tests.IntRangeTest.EqualityOperatorTest(1,2,1,4,False)" executed="True" result="Success" success="True" time="0.000">
      </test-case>
      <test-case name="AForge.Tests.IntRangeTest.EqualityOperatorTest(1,2,2,3,False)" executed="True" result="Success" success="True" time="0.000">
      </test-case>
      <test-case name="AForge.Tests.IntRangeTest.EqualityOperatorTest(-2,-1,-2,-1,True)" executed="True" result="Success" success="True" time="0.000">
      </test-case>
      <test-case name="AForge.Tests.IntRangeTest.EqualityOperatorTest(1,2,1,2,True)" executed="True" result="Success" success="True" time="0.000">
      </test-case>
      <test-case name="AForge.Tests.IntRangeTest.IsOverlappingTest(-5,5,0,10,True)" executed="True" result="Success" success="True" time="0.001">
      </test-case>
      <test-case name="AForge.Tests.IntRangeTest.IsOverlappingTest(5,15,0,10,True)" executed="True" result="Success" success="True" time="0.000">
      </test-case>
      <test-case name="AForge.Tests.IntRangeTest.IsOverlappingTest(2,4,0,10,True)" executed="True" result="Success" success="True" time="0.000">
      </test-case>
      <test-case name="AForge.Tests.IntRangeTest.IsOverlappingTest(0,10,-5,5,True)" executed="True" result="Success" success="True" time="0.000">
      </test-case>
      <test-case name="AForge.Tests.IntRangeTest.IsOverlappingTest(0,10,2,4,True)" executed="True" result="Success" success="True" time="0.000">
      </test-case>
      <test-case name="AForge.Tests.IntRangeTest.IsOverlappingTest(0,1,2,3,False)" executed="True" result="Success" success="True" time="0.000">
      </test-case>
      <test-case name="AForge.Tests.IntRangeTest.IsOverlappingTest(0,1,1,2,True)" executed="True" result="Success" success="True" time="0.000">
      </test-case>
      <test-case name="AForge.Tests.IntRangeTest.IsOverlappingTest(0,10,5,15,True)" executed="True" result="Success" success="True" time="0.000">
      </test-case>
      <test-case name="AForge.Tests.IntRangeTest.ToRangeTest(0,1,0,1)" executed="True" result="Success" success="True" time="0.004">
      </test-case>
      <test-case name="AForge.Tests.IntRangeTest.ToRangeTest(-1,0,-1,0)" executed="True" result="Success" success="True" time="0.000">
      </test-case>
      <test-case name="AForge.Tests.PointTest.EqualityOperatorTest(1.1f,2.2f,3.3f,2.2f,False)" executed="True" result="Success" success="True" time="0.001">
      </test-case>
      <test-case name="AForge.Tests.PointTest.EqualityOperatorTest(1.1f,2.2f,1.1f,2.2f,True)" executed="True" result="Success" success="True" time="0.000">
      </test-case>
      <test-case name="AForge.Tests.PointTest.EqualityOperatorTest(1.1f,2.2f,3.3f,4.4f,False)" executed="True" result="Success" success="True" time="0.000">
      </test-case>
      <test-case name="AForge.Tests.PointTest.EqualityOperatorTest(1.1f,2.2f,1.1f,4.4f,False)" executed="True" result="Success" success="True" time="0.000">
      </test-case>
      <test-case name="AForge.Tests.PointTest.EuclideanNormTest(0.3f,0.4f,0.5f)" executed="True" result="Success" success="True" time="0.000">
      </test-case>
      <test-case name="AForge.Tests.PointTest.EuclideanNormTest(-3,-4,5)" executed="True" result="Success" success="True" time="0.000">
      </test-case>
      <test-case name="AForge.Tests.PointTest.EuclideanNormTest(3,-4,5)" executed="True" result="Success" success="True" time="0.000">
      </test-case>
      <test-case name="AForge.Tests.PointTest.EuclideanNormTest(-3,4,5)" executed="True" result="Success" success="True" time="0.000">
      </test-case>
      <test-case name="AForge.Tests.PointTest.EuclideanNormTest(3,4,5)" executed="True" result="Success" success="True" time="0.000">
      </test-case>
      <test-case name="AForge.Tests.PointTest.EuclideanNormTest(10,0,10)" executed="True" result="Success" success="True" time="0.000">
      </test-case>
      <test-case name="AForge.Tests.PointTest.EuclideanNormTest(0,10,10)" executed="True" result="Success" success="True" time="0.000">
      </test-case>
      <test-case name="AForge.Tests.PointTest.EuclideanNormTest(0,1,1)" executed="True" result="Success" success="True" time="0.000">
      </test-case>
      <test-case name="AForge.Tests.PointTest.EuclideanNormTest(0,0,0)" executed="True" result="Success" success="True" time="0.000">
      </test-case>
      <test-case name="AForge.Tests.PointTest.InequalityOperatorTest(1.1f,2.2f,1.1f,4.4f,True)" executed="True" result="Success" success="True" time="0.001">
      </test-case>
      <test-case name="AForge.Tests.PointTest.InequalityOperatorTest(1.1f,2.2f,1.1f,2.2f,False)" executed="True" result="Success" success="True" time="0.000">
      </test-case>
      <test-case name="AForge.Tests.PointTest.InequalityOperatorTest(1.1f,2.2f,3.3f,4.4f,True)" executed="True" result="Success" success="True" time="0.000">
      </test-case>
      <test-case name="AForge.Tests.PointTest.InequalityOperatorTest(1.1f,2.2f,3.3f,2.2f,True)" executed="True" result="Success" success="True" time="0.000">
      </test-case>
      <test-case name="AForge.Tests.PointTest.RoundTest(-1,-2,-1,-2)" executed="True" result="Success" success="True" time="0.001">
      </test-case>
      <test-case name="AForge.Tests.PointTest.RoundTest(1,2,1,2)" executed="True" result="Success" success="True" time="0.000">
      </test-case>
      <test-case name="AForge.Tests.PointTest.RoundTest(0,0,0,0)" executed="True" result="Success" success="True" time="0.000">
      </test-case>
      <test-case name="AForge.Tests.PointTest.RoundTest(-1.6f,-3.3f,-2,-3)" executed="True" result="Success" success="True" time="0.000">
      </test-case>
      <test-case name="AForge.Tests.PointTest.RoundTest(1.6f,3.7f,2,4)" executed="True" result="Success" success="True" time="0.000">
      </test-case>
      <test-case name="AForge.Tests.PointTest.RoundTest(1.4f,3.3f,1,3)" executed="True" result="Success" success="True" time="0.000">
      </test-case>
      <test-case name="AForge.Tests.PointTest.RoundTest(-2.5f,2.5f,-2,2)" executed="True" result="Success" success="True" time="0.000">
      </test-case>
      <test-case name="AForge.Tests.PointTest.RoundTest(-1.5f,1.5f,-2,2)" executed="True" result="Success" success="True" time="0.000">
      </test-case>
      <test-case name="AForge.Tests.RangeTest.EqualityOperatorTest(1.1f,2.2f,3.3f,4.4f,False)" executed="True" result="Success" success="True" time="0.001">
      </test-case>
      <test-case name="AForge.Tests.RangeTest.EqualityOperatorTest(1.1f,2.2f,2.2f,3.3f,False)" executed="True" result="Success" success="True" time="0.000">
      </test-case>
      <test-case name="AForge.Tests.RangeTest.EqualityOperatorTest(-2.2f,-1.1f,-2.2f,-1.1f,True)" executed="True" result="Success" success="True" time="0.000">
      </test-case>
      <test-case name="AForge.Tests.RangeTest.EqualityOperatorTest(1.1f,2.2f,1.1f,2.2f,True)" executed="True" result="Success" success="True" time="0.000">
      </test-case>
      <test-case name="AForge.Tests.RangeTest.EqualityOperatorTest(1.1f,2.2f,1.1f,4.4f,False)" executed="True" result="Success" success="True" time="0.000">
      </test-case>
      <test-case name="AForge.Tests.RangeTest.IsOverlappingTest(5,15,0,10,True)" executed="True" result="Success" success="True" time="0.001">
      </test-case>
      <test-case name="AForge.Tests.RangeTest.IsOverlappingTest(-5,5,0,10,True)" executed="True" result="Success" success="True" time="0.000">
      </test-case>
      <test-case name="AForge.Tests.RangeTest.IsOverlappingTest(0,1,2,3,False)" executed="True" result="Success" success="True" time="0.000">
      </test-case>
      <test-case name="AForge.Tests.RangeTest.IsOverlappingTest(0,10,2,4,True)" executed="True" result="Success" success="True" time="0.000">
      </test-case>
      <test-case name="AForge.Tests.RangeTest.IsOverlappingTest(0,10,5,15,True)" executed="True" result="Success" success="True" time="0.000">
      </test-case>
      <test-case name="AForge.Tests.RangeTest.IsOverlappingTest(0,10,-5,5,True)" executed="True" result="Success" success="True" time="0.000">
      </test-case>
      <test-case name="AForge.Tests.RangeTest.IsOverlappingTest(2,4,0,10,True)" executed="True" result="Success" success="True" time="0.000">
      </test-case>
      <test-case name="AForge.Tests.RangeTest.IsOverlappingTest(0,1,1,2,True)" executed="True" result="Success" success="True" time="0.001">
      </test-case>
      <test-case name="AForge.Tests.RangeTest.ToRangeTest(-6.6f,-0.1f,-7,0,False)" executed="True" result="Success" success="True" time="0.001">
      </test-case>
      <test-case name="AForge.Tests.RangeTest.ToRangeTest(0.4f,7.3f,0,8,False)" executed="True" result="Success" success="True" time="0.000">
      </test-case>
      <test-case name="AForge.Tests.RangeTest.ToRangeTest(-6.6f,-0.1f,-6,-1,True)" executed="True" result="Success" success="True" time="0.000">
      </test-case>
      <test-case name="AForge.Tests.RangeTest.ToRangeTest(0.4f,7.3f,1,7,True)" executed="True" result="Success" success="True" time="0.000">
      </test-case>
      <test-case name="MonoTests.Mono.Data.SqlExpressions.ComparisonTest.TestStringTrailingSpaceHandling" executed="True" result="Success" success="True" time="0.002">
      </test-case>
      <test-case name="MonoTests.Mono.Data.SqlExpressions.DataColumnCharTest.Test1" executed="True" result="Success" success="True" time="0.003">
      </test-case>
      <test-case name="MonoTests.Mono.Data.SqlExpressions.DataColumnCharTest.Test2" executed="True" result="Success" success="True" time="0.001">
      </test-case>
      <test-case name="MonoTests.Mono.Data.SqlExpressions.DataColumnCharTest.Test3" executed="True" result="Success" success="True" time="0.000">
      </test-case>
      <test-case name="MonoTests.Mono.Data.SqlExpressions.DataColumnExprTest.TestConcat" executed="True" result="Success" success="True" time="0.002">
      </test-case>
      <test-case name="MonoTests.Mono.Data.SqlExpressions.DataColumnExprTest.TestDataColumnExpr0Literal" executed="True" result="Success" success="True" time="0.002">
      </test-case>
      <test-case name="MonoTests.Mono.Data.SqlExpressions.DataColumnExprTest.TestDataColumnExpr0SingleColumnValue" executed="True" result="Success" success="True" time="0.002">
      </test-case>
      <test-case name="MonoTests.Mono.Data.SqlExpressions.DataColumnExprTest.TestDataColumnExpr1" executed="True" result="Success" success="True" time="0.002">
      </test-case>
      <test-case name="MonoTests.Mono.Data.SqlExpressions.DataColumnExprTest.TestDataColumnExpr2" executed="True" result="Success" success="True" time="0.001">
      </test-case>
      <test-case name="MonoTests.Mono.Data.SqlExpressions.DataColumnExprTest.TestDataColumnLikeExpr" executed="True" result="Success" success="True" time="0.003">
      </test-case>
      <test-case name="MonoTests.Mono.Data.SqlExpressions.DataColumnExprTest.TestDataColumnSubstring" executed="True" result="Success" success="True" time="0.002">
      </test-case>
      <test-case name="MonoTests.Mono.Data.SqlExpressions.DataColumnExprTest.TestIsNull" executed="True" result="Success" success="True" time="0.001">
      </test-case>
      <test-case name="MonoTests.System.Data.AppDomainsAndFormatInfo.Bug82109" executed="True" result="Success" success="True" time="0.105">
      </test-case>
      <test-case name="MonoTests.System.Data.AppDomainsAndFormatInfo.NFIFromBug55978" executed="False" result="Ignored">
        <reason>
          <message>
          </message>
        </reason>
      </test-case>
      <test-case name="MonoTests.System.Data.ConstraintCollectionTest.Add" executed="True" result="Success" success="True" time="0.014">
      </test-case>
      <test-case name="MonoTests.System.Data.ConstraintCollectionTest.AddExceptions" executed="True" result="Success" success="True" time="0.004">
      </test-case>
      <test-case name="MonoTests.System.Data.ConstraintCollectionTest.AddFkException1" executed="True" result="Success" success="True" time="0.010">
      </test-case>
      <test-case name="MonoTests.System.Data.ConstraintCollectionTest.AddFkException2" executed="True" result="Success" success="True" time="0.007">
      </test-case>
      <test-case name="MonoTests.System.Data.ConstraintCollectionTest.AddRange" executed="True" result="Success" success="True" time="0.003">
      </test-case>
      <test-case name="MonoTests.System.Data.ConstraintCollectionTest.AddRemoveTest" executed="True" result="Success" success="True" time="0.002">
      </test-case>
      <test-case name="MonoTests.System.Data.ConstraintCollectionTest.AddUniqueExceptions" executed="True" result="Success" success="True" time="0.001">
      </test-case>
      <test-case name="MonoTests.System.Data.ConstraintCollectionTest.CanRemove" executed="False" result="Ignored">
        <reason>
          <message>
<![CDATA[This never works on MS.NET (and it should not)]]>
          </message>
        </reason>
      </test-case>
      <test-case name="MonoTests.System.Data.ConstraintCollectionTest.Clear" executed="True" result="Success" success="True" time="0.014">
      </test-case>
      <test-case name="MonoTests.System.Data.ConstraintCollectionTest.CollectionChanged" executed="True" result="Success" success="True" time="0.000">
      </test-case>
      <test-case name="MonoTests.System.Data.ConstraintCollectionTest.Contains" executed="True" result="Success" success="True" time="0.001">
      </test-case>
      <test-case name="MonoTests.System.Data.ConstraintCollectionTest.Indexer" executed="True" result="Success" success="True" time="0.001">
      </test-case>
      <test-case name="MonoTests.System.Data.ConstraintCollectionTest.IndexerFailures" executed="True" result="Success" success="True" time="0.001">
      </test-case>
      <test-case name="MonoTests.System.Data.ConstraintCollectionTest.IndexOf" executed="True" result="Success" success="True" time="0.001">
      </test-case>
      <test-case name="MonoTests.System.Data.ConstraintCollectionTest.RemoveExceptions" executed="True" result="Success" success="True" time="0.001">
      </test-case>
      <test-case name="MonoTests.System.Data.ConstraintCollectionTest.TestAddRange2" executed="True" result="Success" success="True" time="0.005">
      </test-case>
      <test-case name="MonoTests.System.Data.ConstraintCollectionTest2.add_CollectionChanged" executed="True" result="Success" success="True" time="0.005">
      </test-case>
      <test-case name="MonoTests.System.Data.ConstraintCollectionTest2.Add_Constraint" executed="True" result="Success" success="True" time="0.014">
      </test-case>
      <test-case name="MonoTests.System.Data.ConstraintCollectionTest2.Add_Constraint_Column_Column" executed="True" result="Success" success="True" time="0.002">
      </test-case>
      <test-case name="MonoTests.System.Data.ConstraintCollectionTest2.Add_ConstraintFirst_RelationNext" executed="True" result="Success" success="True" time="0.009">
      </test-case>
      <test-case name="MonoTests.System.Data.ConstraintCollectionTest2.Add_RelationFirst_ConstraintNext" executed="True" result="Success" success="True" time="0.001">
      </test-case>
      <test-case name="MonoTests.System.Data.ConstraintCollectionTest2.Add_SDB1" executed="True" result="Success" success="True" time="0.001">
      </test-case>
      <test-case name="MonoTests.System.Data.ConstraintCollectionTest2.Add_SDB2" executed="True" result="Success" success="True" time="0.001">
      </test-case>
      <test-case name="MonoTests.System.Data.ConstraintCollectionTest2.Add_SDB3" executed="True" result="Success" success="True" time="0.001">
      </test-case>
      <test-case name="MonoTests.System.Data.ConstraintCollectionTest2.Add_SDB4" executed="True" result="Success" success="True" time="0.001">
      </test-case>
      <test-case name="MonoTests.System.Data.ConstraintCollectionTest2.AddRange_C1" executed="True" result="Success" success="True" time="0.000">
      </test-case>
      <test-case name="MonoTests.System.Data.ConstraintCollectionTest2.AddRange_C2" executed="True" result="Success" success="True" time="0.002">
      </test-case>
      <test-case name="MonoTests.System.Data.ConstraintCollectionTest2.AddRange_C3" executed="True" result="Success" success="True" time="0.001">
      </test-case>
      <test-case name="MonoTests.System.Data.ConstraintCollectionTest2.AddRange_C4" executed="True" result="Success" success="True" time="0.001">
      </test-case>
      <test-case name="MonoTests.System.Data.ConstraintCollectionTest2.CanRemove_ChildForeign" executed="True" result="Success" success="True" time="0.001">
      </test-case>
      <test-case name="MonoTests.System.Data.ConstraintCollectionTest2.CanRemove_ParentAndChildForeign" executed="True" result="Success" success="True" time="0.001">
      </test-case>
      <test-case name="MonoTests.System.Data.ConstraintCollectionTest2.CanRemove_ParentForeign" executed="True" result="Success" success="True" time="0.001">
      </test-case>
      <test-case name="MonoTests.System.Data.ConstraintCollectionTest2.Clear_Foreign" executed="True" result="Success" success="True" time="0.001">
      </test-case>
      <test-case name="MonoTests.System.Data.ConstraintCollectionTest2.Clear_Unique" executed="True" result="Success" success="True" time="0.001">
      </test-case>
      <test-case name="MonoTests.System.Data.ConstraintCollectionTest2.CollectionChanged" executed="True" result="Success" success="True" time="0.001">
      </test-case>
      <test-case name="MonoTests.System.Data.ConstraintCollectionTest2.Contains_ByName" executed="True" result="Success" success="True" time="0.002">
      </test-case>
      <test-case name="MonoTests.System.Data.ConstraintCollectionTest2.CopyTo" executed="True" result="Success" success="True" time="0.001">
      </test-case>
      <test-case name="MonoTests.System.Data.ConstraintCollectionTest2.Count" executed="True" result="Success" success="True" time="0.001">
      </test-case>
      <test-case name="MonoTests.System.Data.ConstraintCollectionTest2.GetEnumerator" executed="True" result="Success" success="True" time="0.001">
      </test-case>
      <test-case name="MonoTests.System.Data.ConstraintCollectionTest2.IndexOf" executed="True" result="Success" success="True" time="0.001">
      </test-case>
      <test-case name="MonoTests.System.Data.ConstraintCollectionTest2.IndexOf_ByName" executed="True" result="Success" success="True" time="0.001">
      </test-case>
      <test-case name="MonoTests.System.Data.ConstraintCollectionTest2.IndexOf_SameColumns" executed="True" result="Success" success="True" time="0.001">
      </test-case>
      <test-case name="MonoTests.System.Data.ConstraintCollectionTest2.IsReadOnly" executed="True" result="Success" success="True" time="0.001">
      </test-case>
      <test-case name="MonoTests.System.Data.ConstraintCollectionTest2.IsSynchronized" executed="True" result="Success" success="True" time="0.001">
      </test-case>
      <test-case name="MonoTests.System.Data.ConstraintCollectionTest2.Item" executed="True" result="Success" success="True" time="0.001">
      </test-case>
      <test-case name="MonoTests.System.Data.ConstraintCollectionTest2.Remove" executed="True" result="Success" success="True" time="0.001">
      </test-case>
      <test-case name="MonoTests.System.Data.ConstraintCollectionTest2.Remove_ByNameCollectionChangedEvent" executed="True" result="Success" success="True" time="0.001">
      </test-case>
      <test-case name="MonoTests.System.Data.ConstraintCollectionTest2.Remove_ByNameSimple" executed="True" result="Success" success="True" time="0.001">
      </test-case>
      <test-case name="MonoTests.System.Data.ConstraintCollectionTest2.Remove_ByNameWithAdd" executed="True" result="Success" success="True" time="0.001">
      </test-case>
      <test-case name="MonoTests.System.Data.ConstraintCollectionTest2.Remove_CheckUnique" executed="True" result="Success" success="True" time="0.001">
      </test-case>
      <test-case name="MonoTests.System.Data.ConstraintCollectionTest2.Remove_CollectionChangedEvent" executed="True" result="Success" success="True" time="0.001">
      </test-case>
      <test-case name="MonoTests.System.Data.ConstraintCollectionTest2.Remove_Constraint" executed="True" result="Success" success="True" time="0.002">
      </test-case>
      <test-case name="MonoTests.System.Data.ConstraintCollectionTest2.RemoveAt_Integer" executed="True" result="Success" success="True" time="0.002">
      </test-case>
      <test-case name="MonoTests.System.Data.ConstraintCollectionTest2.RemoveTest" executed="True" result="Success" success="True" time="0.001">
      </test-case>
      <test-case name="MonoTests.System.Data.ConstraintExceptionTest.Generate" executed="True" result="Success" success="True" time="0.012">
      </test-case>
      <test-case name="MonoTests.System.Data.ConstraintTest.GetExtendedProperties" executed="True" result="Success" success="True" time="0.001">
      </test-case>
      <test-case name="MonoTests.System.Data.ConstraintTest.SetConstraintNameDuplicateException" executed="True" result="Success" success="True" time="0.001">
      </test-case>
      <test-case name="MonoTests.System.Data.ConstraintTest.SetConstraintNameNullOrEmptyExceptions" executed="True" result="Success" success="True" time="0.001">
      </test-case>
      <test-case name="MonoTests.System.Data.ConstraintTest.ToStringTest" executed="True" result="Success" success="True" time="0.001">
      </test-case>
      <test-case name="MonoTests.System.Data.DataColumnCollectionTest.Add" executed="True" result="Success" success="True" time="0.009">
      </test-case>
      <test-case name="MonoTests.System.Data.DataColumnCollectionTest.Add3_ColumnName_Empty" executed="True" result="Success" success="True" time="0.003">
      </test-case>
      <test-case name="MonoTests.System.Data.DataColumnCollectionTest.Add3_ColumnName_Null" executed="True" result="Success" success="True" time="0.001">
      </test-case>
      <test-case name="MonoTests.System.Data.DataColumnCollectionTest.AddExceptions" executed="True" result="Success" success="True" time="0.002">
      </test-case>
      <test-case name="MonoTests.System.Data.DataColumnCollectionTest.AddRange" executed="True" result="Success" success="True" time="0.003">
      </test-case>
      <test-case name="MonoTests.System.Data.DataColumnCollectionTest.AddValidationExceptions" executed="True" result="Success" success="True" time="0.000">
      </test-case>
      <test-case name="MonoTests.System.Data.DataColumnCollectionTest.CanRemove" executed="True" result="Success" success="True" time="0.002">
      </test-case>
      <test-case name="MonoTests.System.Data.DataColumnCollectionTest.CaseSensitiveIndexOfTest" executed="True" result="Success" success="True" time="0.001">
      </test-case>
      <test-case name="MonoTests.System.Data.DataColumnCollectionTest.Clear" executed="True" result="Success" success="True" time="0.001">
      </test-case>
      <test-case name="MonoTests.System.Data.DataColumnCollectionTest.Clear_ExpressionColumn" executed="True" result="Success" success="True" time="0.002">
      </test-case>
      <test-case name="MonoTests.System.Data.DataColumnCollectionTest.Contains" executed="True" result="Success" success="True" time="0.001">
      </test-case>
      <test-case name="MonoTests.System.Data.DataColumnCollectionTest.CopyTo" executed="True" result="Success" success="True" time="0.001">
      </test-case>
      <test-case name="MonoTests.System.Data.DataColumnCollectionTest.Equals" executed="True" result="Success" success="True" time="0.001">
      </test-case>
      <test-case name="MonoTests.System.Data.DataColumnCollectionTest.IndexOf" executed="True" result="Success" success="True" time="0.001">
      </test-case>
      <test-case name="MonoTests.System.Data.DataColumnCollectionTest.Remove" executed="True" result="Success" success="True" time="0.002">
      </test-case>
      <test-case name="MonoTests.System.Data.DataColumnCollectionTest.Remove_Dep_Rel_Col" executed="True" result="Success" success="True" time="0.001">
      </test-case>
      <test-case name="MonoTests.System.Data.DataColumnCollectionTest.ToStringTest" executed="True" result="Success" success="True" time="0.000">
      </test-case>
      <test-case name="MonoTests.System.Data.DataColumnCollectionTest2.Add" executed="True" result="Success" success="True" time="0.006">
      </test-case>
      <test-case name="MonoTests.System.Data.DataColumnCollectionTest2.Add_DataColumn1" executed="True" result="Success" success="True" time="0.001">
      </test-case>
      <test-case name="MonoTests.System.Data.DataColumnCollectionTest2.Add_DataColumn2" executed="True" result="Success" success="True" time="0.001">
      </test-case>
      <test-case name="MonoTests.System.Data.DataColumnCollectionTest2.Add_DataColumn3" executed="True" result="Success" success="True" time="0.001">
      </test-case>
      <test-case name="MonoTests.System.Data.DataColumnCollectionTest2.Add_String1" executed="True" result="Success" success="True" time="0.000">
      </test-case>
      <test-case name="MonoTests.System.Data.DataColumnCollectionTest2.Add_String2" executed="True" result="Success" success="True" time="0.001">
      </test-case>
      <test-case name="MonoTests.System.Data.DataColumnCollectionTest2.AddRange_DataColumn1" executed="True" result="Success" success="True" time="0.001">
      </test-case>
      <test-case name="MonoTests.System.Data.DataColumnCollectionTest2.AddRange_DataColumn2" executed="True" result="Success" success="True" time="0.001">
      </test-case>
      <test-case name="MonoTests.System.Data.DataColumnCollectionTest2.Clear1" executed="True" result="Success" success="True" time="0.001">
      </test-case>
      <test-case name="MonoTests.System.Data.DataColumnCollectionTest2.Clear2" executed="True" result="Success" success="True" time="0.002">
      </test-case>
      <test-case name="MonoTests.System.Data.DataColumnCollectionTest2.Clear3" executed="True" result="Success" success="True" time="0.001">
      </test-case>
      <test-case name="MonoTests.System.Data.DataColumnCollectionTest2.Count" executed="True" result="Success" success="True" time="0.001">
      </test-case>
      <test-case name="MonoTests.System.Data.DataColumnCollectionTest2.DataColumnCollection_AddRange_DataColumn3" executed="True" result="Success" success="True" time="0.000">
      </test-case>
      <test-case name="MonoTests.System.Data.DataColumnCollectionTest2.GetEnumerator" executed="True" result="Success" success="True" time="0.001">
      </test-case>
      <test-case name="MonoTests.System.Data.DataColumnCollectionTest2.Indexer1" executed="True" result="Success" success="True" time="0.001">
      </test-case>
      <test-case name="MonoTests.System.Data.DataColumnCollectionTest2.Indexer1_Index_Negative" executed="True" result="Success" success="True" time="0.001">
      </test-case>
      <test-case name="MonoTests.System.Data.DataColumnCollectionTest2.Indexer1_Index_Overflow" executed="True" result="Success" success="True" time="0.001">
      </test-case>
      <test-case name="MonoTests.System.Data.DataColumnCollectionTest2.Indexer2" executed="True" result="Success" success="True" time="0.001">
      </test-case>
      <test-case name="MonoTests.System.Data.DataColumnCollectionTest2.Indexer2_Name_Empty" executed="True" result="Success" success="True" time="0.000">
      </test-case>
      <test-case name="MonoTests.System.Data.DataColumnCollectionTest2.Indexer2_Name_Null" executed="True" result="Success" success="True" time="0.001">
      </test-case>
      <test-case name="MonoTests.System.Data.DataColumnCollectionTest2.Remove" executed="True" result="Success" success="True" time="0.004">
      </test-case>
      <test-case name="MonoTests.System.Data.DataColumnCollectionTest2.RemoveAt_Integer" executed="True" result="Success" success="True" time="0.001">
      </test-case>
      <test-case name="MonoTests.System.Data.DataColumnCollectionTest2.Test_Indexes" executed="True" result="Success" success="True" time="0.002">
      </test-case>
      <test-case name="MonoTests.System.Data.DataColumnCollectionTest2.TestAdd_ByTableName" executed="True" result="Success" success="True" time="0.001">
      </test-case>
      <test-case name="MonoTests.System.Data.DataColumnCollectionTest2.TestAdd_CollectionChanged" executed="True" result="Success" success="True" time="0.001">
      </test-case>
      <test-case name="MonoTests.System.Data.DataColumnCollectionTest2.TestCanRemove_ByDataColumn" executed="True" result="Success" success="True" time="0.001">
      </test-case>
      <test-case name="MonoTests.System.Data.DataColumnCollectionTest2.TestCanRemove_Expression" executed="True" result="Success" success="True" time="0.001">
      </test-case>
      <test-case name="MonoTests.System.Data.DataColumnCollectionTest2.TestCanRemove_ForigenConstraint" executed="True" result="Success" success="True" time="0.001">
      </test-case>
      <test-case name="MonoTests.System.Data.DataColumnCollectionTest2.TestCanRemove_ParentRelations" executed="True" result="Success" success="True" time="0.001">
      </test-case>
      <test-case name="MonoTests.System.Data.DataColumnCollectionTest2.TestContains_ByColumnName" executed="True" result="Success" success="True" time="0.002">
      </test-case>
      <test-case name="MonoTests.System.Data.DataColumnCollectionTest2.TestIndexOf_ByColumnName" executed="True" result="Success" success="True" time="0.001">
      </test-case>
      <test-case name="MonoTests.System.Data.DataColumnCollectionTest2.TestIndexOf_ByDataColumn" executed="True" result="Success" success="True" time="0.001">
      </test-case>
      <test-case name="MonoTests.System.Data.DataColumnCollectionTest2.TestRemove_ByDataColumn" executed="True" result="Success" success="True" time="0.003">
      </test-case>
      <test-case name="MonoTests.System.Data.DataColumnCollectionTest2.TestRemove_CollectionChanged" executed="True" result="Success" success="True" time="0.001">
      </test-case>
      <test-case name="MonoTests.System.Data.DataColumnCollectionTest2.TestSetName_CollectionChanged" executed="True" result="Success" success="True" time="0.001">
      </test-case>
      <test-case name="MonoTests.System.Data.DataColumnTest.AdditionToConstraintCollectionTest" executed="True" result="Success" success="True" time="0.001">
      </test-case>
      <test-case name="MonoTests.System.Data.DataColumnTest.Aggregation_CheckIfChangesDynamically" executed="True" result="Success" success="True" time="0.004">
      </test-case>
      <test-case name="MonoTests.System.Data.DataColumnTest.Aggregation_CheckIfChangesDynamically_ChildTable" executed="True" result="Success" success="True" time="0.008">
      </test-case>
      <test-case name="MonoTests.System.Data.DataColumnTest.Aggregation_TestForSyntaxErrors" executed="True" result="Success" success="True" time="0.003">
      </test-case>
      <test-case name="MonoTests.System.Data.DataColumnTest.AllowDBNull" executed="True" result="Success" success="True" time="0.001">
      </test-case>
      <test-case name="MonoTests.System.Data.DataColumnTest.AllowDBNull1" executed="True" result="Success" success="True" time="0.004">
      </test-case>
      <test-case name="MonoTests.System.Data.DataColumnTest.AutoIncrement" executed="True" result="Success" success="True" time="0.001">
      </test-case>
      <test-case name="MonoTests.System.Data.DataColumnTest.AutoIncrementExceptions" executed="True" result="Success" success="True" time="0.000">
      </test-case>
      <test-case name="MonoTests.System.Data.DataColumnTest.B565616_NonIConvertibleTypeTest" executed="True" result="Success" success="True" time="0.002">
      </test-case>
      <test-case name="MonoTests.System.Data.DataColumnTest.B623451_SetOrdinalTest" executed="True" result="Success" success="True" time="0.003">
      </test-case>
      <test-case name="MonoTests.System.Data.DataColumnTest.CalcStatisticalFunction_SingleElement" executed="True" result="Success" success="True" time="0.001">
      </test-case>
      <test-case name="MonoTests.System.Data.DataColumnTest.Caption" executed="True" result="Success" success="True" time="0.001">
      </test-case>
      <test-case name="MonoTests.System.Data.DataColumnTest.ChangeTypeAfterSettingDefaultValue" executed="True" result="Success" success="True" time="0.001">
      </test-case>
      <test-case name="MonoTests.System.Data.DataColumnTest.CheckValuesAfterRemovedFromCollection" executed="True" result="Success" success="True" time="0.001">
      </test-case>
      <test-case name="MonoTests.System.Data.DataColumnTest.Constructor3_DataType_Null" executed="True" result="Success" success="True" time="0.001">
      </test-case>
      <test-case name="MonoTests.System.Data.DataColumnTest.Ctor" executed="True" result="Success" success="True" time="0.001">
      </test-case>
      <test-case name="MonoTests.System.Data.DataColumnTest.DateTime_DataType_Invalid" executed="True" result="Success" success="True" time="0.002">
      </test-case>
      <test-case name="MonoTests.System.Data.DataColumnTest.DateTimeMode_Invalid" executed="True" result="Success" success="True" time="0.002">
      </test-case>
      <test-case name="MonoTests.System.Data.DataColumnTest.DateTimeMode_Valid" executed="True" result="Success" success="True" time="0.001">
      </test-case>
      <test-case name="MonoTests.System.Data.DataColumnTest.Defaults1" executed="True" result="Success" success="True" time="0.001">
      </test-case>
      <test-case name="MonoTests.System.Data.DataColumnTest.Defaults2" executed="True" result="Success" success="True" time="0.001">
      </test-case>
      <test-case name="MonoTests.System.Data.DataColumnTest.Defaults3" executed="True" result="Success" success="True" time="0.001">
      </test-case>
      <test-case name="MonoTests.System.Data.DataColumnTest.DefaultValue" executed="True" result="Success" success="True" time="0.001">
      </test-case>
      <test-case name="MonoTests.System.Data.DataColumnTest.ExpressionAggregates" executed="True" result="Success" success="True" time="0.041">
      </test-case>
      <test-case name="MonoTests.System.Data.DataColumnTest.ExpressionColumns_CheckConversions" executed="False" result="Ignored">
        <reason>
          <message>
<![CDATA[passes in ms.net but looks more like a bug in ms.net]]>
          </message>
        </reason>
      </test-case>
      <test-case name="MonoTests.System.Data.DataColumnTest.ExpressionFunctions" executed="True" result="Success" success="True" time="0.007">
      </test-case>
      <test-case name="MonoTests.System.Data.DataColumnTest.ExpressionOperator" executed="True" result="Success" success="True" time="0.007">
      </test-case>
      <test-case name="MonoTests.System.Data.DataColumnTest.ExpressionSubstringlimits" executed="True" result="Success" success="True" time="0.001">
      </test-case>
      <test-case name="MonoTests.System.Data.DataColumnTest.ForColumnNameException" executed="True" result="Success" success="True" time="0.001">
      </test-case>
      <test-case name="MonoTests.System.Data.DataColumnTest.SetDataType" executed="True" result="Success" success="True" time="0.000">
      </test-case>
      <test-case name="MonoTests.System.Data.DataColumnTest.SetMaxLengthException" executed="True" result="Success" success="True" time="0.001">
      </test-case>
      <test-case name="MonoTests.System.Data.DataColumnTest.SetMaxLengthNegativeValue" executed="True" result="Success" success="True" time="0.001">
      </test-case>
      <test-case name="MonoTests.System.Data.DataColumnTest.Xamarin665" executed="True" result="Success" success="True" time="0.001">
      </test-case>
      <test-case name="MonoTests.System.Data.DataColumnTest2.AllowDBNull" executed="True" result="Success" success="True" time="0.004">
      </test-case>
      <test-case name="MonoTests.System.Data.DataColumnTest2.AutoIncrement" executed="True" result="Success" success="True" time="0.001">
      </test-case>
      <test-case name="MonoTests.System.Data.DataColumnTest2.AutoIncrementSeed" executed="True" result="Success" success="True" time="0.001">
      </test-case>
      <test-case name="MonoTests.System.Data.DataColumnTest2.AutoIncrementStep" executed="True" result="Success" success="True" time="0.001">
      </test-case>
      <test-case name="MonoTests.System.Data.DataColumnTest2.bug672113_MulpleColConstraint" executed="True" result="Success" success="True" time="0.002">
      </test-case>
      <test-case name="MonoTests.System.Data.DataColumnTest2.Caption" executed="True" result="Success" success="True" time="0.000">
      </test-case>
      <test-case name="MonoTests.System.Data.DataColumnTest2.ColumnName" executed="True" result="Success" success="True" time="0.001">
      </test-case>
      <test-case name="MonoTests.System.Data.DataColumnTest2.ctor" executed="True" result="Success" success="True" time="0.000">
      </test-case>
      <test-case name="MonoTests.System.Data.DataColumnTest2.ctor_ByColumnName" executed="True" result="Success" success="True" time="0.000">
      </test-case>
      <test-case name="MonoTests.System.Data.DataColumnTest2.ctor_ByColumnNameType" executed="True" result="Success" success="True" time="0.003">
      </test-case>
      <test-case name="MonoTests.System.Data.DataColumnTest2.ctor_ByColumnNameTypeExpression" executed="True" result="Success" success="True" time="0.001">
      </test-case>
      <test-case name="MonoTests.System.Data.DataColumnTest2.ctor_ByColumnNameTypeExpressionMappingType" executed="True" result="Success" success="True" time="0.001">
      </test-case>
      <test-case name="MonoTests.System.Data.DataColumnTest2.DataType" executed="True" result="Success" success="True" time="0.001">
      </test-case>
      <test-case name="MonoTests.System.Data.DataColumnTest2.DateTimeMode_DataType" executed="True" result="Success" success="True" time="0.001">
      </test-case>
      <test-case name="MonoTests.System.Data.DataColumnTest2.DateTimeMode_InvalidValues" executed="True" result="Success" success="True" time="0.001">
      </test-case>
      <test-case name="MonoTests.System.Data.DataColumnTest2.DateTimeMode_RowsAdded" executed="True" result="Success" success="True" time="0.001">
      </test-case>
      <test-case name="MonoTests.System.Data.DataColumnTest2.Equals" executed="True" result="Success" success="True" time="0.001">
      </test-case>
      <test-case name="MonoTests.System.Data.DataColumnTest2.Expression" executed="True" result="Success" success="True" time="0.005">
      </test-case>
      <test-case name="MonoTests.System.Data.DataColumnTest2.Expression_Aggregate" executed="True" result="Success" success="True" time="0.006">
      </test-case>
      <test-case name="MonoTests.System.Data.DataColumnTest2.Expression_AggregateRelation" executed="True" result="Success" success="True" time="0.006">
      </test-case>
      <test-case name="MonoTests.System.Data.DataColumnTest2.Expression_Exceptions" executed="True" result="Success" success="True" time="0.005">
      </test-case>
      <test-case name="MonoTests.System.Data.DataColumnTest2.Expression_IIF" executed="True" result="Success" success="True" time="0.002">
      </test-case>
      <test-case name="MonoTests.System.Data.DataColumnTest2.Expression_ISNULL" executed="True" result="Success" success="True" time="0.005">
      </test-case>
      <test-case name="MonoTests.System.Data.DataColumnTest2.Expression_Simple" executed="True" result="Success" success="True" time="0.009">
      </test-case>
      <test-case name="MonoTests.System.Data.DataColumnTest2.ExtendedProperties" executed="True" result="Success" success="True" time="0.001">
      </test-case>
      <test-case name="MonoTests.System.Data.DataColumnTest2.MaxLength" executed="True" result="Success" success="True" time="0.001">
      </test-case>
      <test-case name="MonoTests.System.Data.DataColumnTest2.Namespace" executed="True" result="Success" success="True" time="0.001">
      </test-case>
      <test-case name="MonoTests.System.Data.DataColumnTest2.ordinal" executed="True" result="Success" success="True" time="0.001">
      </test-case>
      <test-case name="MonoTests.System.Data.DataColumnTest2.Prefix" executed="True" result="Success" success="True" time="0.001">
      </test-case>
      <test-case name="MonoTests.System.Data.DataColumnTest2.ReadOnly" executed="True" result="Success" success="True" time="0.001">
      </test-case>
      <test-case name="MonoTests.System.Data.DataColumnTest2.SetOrdinalTest" executed="True" result="Success" success="True" time="0.002">
      </test-case>
      <test-case name="MonoTests.System.Data.DataColumnTest2.Table" executed="True" result="Success" success="True" time="0.001">
      </test-case>
      <test-case name="MonoTests.System.Data.DataColumnTest2.TestGetHashCode" executed="True" result="Success" success="True" time="0.001">
      </test-case>
      <test-case name="MonoTests.System.Data.DataColumnTest2.TestGetType" executed="True" result="Success" success="True" time="0.000">
      </test-case>
      <test-case name="MonoTests.System.Data.DataColumnTest2.TestToString" executed="True" result="Success" success="True" time="0.001">
      </test-case>
      <test-case name="MonoTests.System.Data.DataColumnTest2.Unique" executed="True" result="Success" success="True" time="0.001">
      </test-case>
      <test-case name="MonoTests.System.Data.DataColumnTest2.Unique_PrimaryKey" executed="True" result="Success" success="True" time="0.001">
      </test-case>
      <test-case name="MonoTests.System.Data.DataRelationCollectionTest.Add" executed="True" result="Success" success="True" time="0.004">
      </test-case>
      <test-case name="MonoTests.System.Data.DataRelationCollectionTest.AddException1" executed="False" result="Ignored">
        <reason>
          <message>
<![CDATA[It does not pass under MS.NET]]>
          </message>
        </reason>
      </test-case>
      <test-case name="MonoTests.System.Data.DataRelationCollectionTest.AddException2" executed="True" result="Success" success="True" time="0.001">
      </test-case>
      <test-case name="MonoTests.System.Data.DataRelationCollectionTest.AddException3" executed="True" result="Success" success="True" time="0.001">
      </test-case>
      <test-case name="MonoTests.System.Data.DataRelationCollectionTest.AddRange" executed="True" result="Success" success="True" time="0.002">
      </test-case>
      <test-case name="MonoTests.System.Data.DataRelationCollectionTest.CanRemove" executed="True" result="Success" success="True" time="0.002">
      </test-case>
      <test-case name="MonoTests.System.Data.DataRelationCollectionTest.Clear" executed="True" result="Success" success="True" time="0.001">
      </test-case>
      <test-case name="MonoTests.System.Data.DataRelationCollectionTest.Contains" executed="True" result="Success" success="True" time="0.001">
      </test-case>
      <test-case name="MonoTests.System.Data.DataRelationCollectionTest.CopyTo" executed="True" result="Success" success="True" time="0.001">
      </test-case>
      <test-case name="MonoTests.System.Data.DataRelationCollectionTest.Equals" executed="True" result="Success" success="True" time="0.001">
      </test-case>
      <test-case name="MonoTests.System.Data.DataRelationCollectionTest.IndexOf" executed="True" result="Success" success="True" time="0.002">
      </test-case>
      <test-case name="MonoTests.System.Data.DataRelationCollectionTest.Remove" executed="True" result="Success" success="True" time="0.002">
      </test-case>
      <test-case name="MonoTests.System.Data.DataRelationCollectionTest.RemoveAt" executed="True" result="Success" success="True" time="0.002">
      </test-case>
      <test-case name="MonoTests.System.Data.DataRelationCollectionTest2.Add_ByDataColumns" executed="True" result="Success" success="True" time="0.002">
      </test-case>
      <test-case name="MonoTests.System.Data.DataRelationCollectionTest2.Add_ByNameDataColumns" executed="True" result="Success" success="True" time="0.002">
      </test-case>
      <test-case name="MonoTests.System.Data.DataRelationCollectionTest2.Add_ByNameDataColumnsWithConstraint" executed="True" result="Success" success="True" time="0.001">
      </test-case>
      <test-case name="MonoTests.System.Data.DataRelationCollectionTest2.Add_ByNameDataColumnsWithOutConstraint" executed="True" result="Success" success="True" time="0.001">
      </test-case>
      <test-case name="MonoTests.System.Data.DataRelationCollectionTest2.Add_DataColumn1" executed="True" result="Success" success="True" time="0.002">
      </test-case>
      <test-case name="MonoTests.System.Data.DataRelationCollectionTest2.Add_DataColumn2" executed="True" result="Success" success="True" time="0.001">
      </test-case>
      <test-case name="MonoTests.System.Data.DataRelationCollectionTest2.Add_DataColumn3" executed="True" result="Success" success="True" time="0.001">
      </test-case>
      <test-case name="MonoTests.System.Data.DataRelationCollectionTest2.Add_DataColumn4" executed="True" result="Success" success="True" time="0.001">
      </test-case>
      <test-case name="MonoTests.System.Data.DataRelationCollectionTest2.Add_DataColumn5" executed="True" result="Success" success="True" time="0.001">
      </test-case>
      <test-case name="MonoTests.System.Data.DataRelationCollectionTest2.AddRange" executed="True" result="Success" success="True" time="0.001">
      </test-case>
      <test-case name="MonoTests.System.Data.DataRelationCollectionTest2.CanRemove" executed="True" result="Success" success="True" time="0.002">
      </test-case>
      <test-case name="MonoTests.System.Data.DataRelationCollectionTest2.CanRemove_DataRelation" executed="True" result="Success" success="True" time="0.001">
      </test-case>
      <test-case name="MonoTests.System.Data.DataRelationCollectionTest2.Clear" executed="True" result="Success" success="True" time="0.001">
      </test-case>
      <test-case name="MonoTests.System.Data.DataRelationCollectionTest2.CollectionChanged" executed="True" result="Success" success="True" time="0.001">
      </test-case>
      <test-case name="MonoTests.System.Data.DataRelationCollectionTest2.Contains" executed="True" result="Success" success="True" time="0.001">
      </test-case>
      <test-case name="MonoTests.System.Data.DataRelationCollectionTest2.CopyTo" executed="True" result="Success" success="True" time="0.001">
      </test-case>
      <test-case name="MonoTests.System.Data.DataRelationCollectionTest2.Count" executed="True" result="Success" success="True" time="0.001">
      </test-case>
      <test-case name="MonoTests.System.Data.DataRelationCollectionTest2.GetEnumerator" executed="True" result="Success" success="True" time="0.002">
      </test-case>
      <test-case name="MonoTests.System.Data.DataRelationCollectionTest2.IndexOf_ByDataRelation" executed="True" result="Success" success="True" time="0.002">
      </test-case>
      <test-case name="MonoTests.System.Data.DataRelationCollectionTest2.IndexOf_ByDataRelationName" executed="True" result="Success" success="True" time="0.002">
      </test-case>
      <test-case name="MonoTests.System.Data.DataRelationCollectionTest2.Item" executed="True" result="Success" success="True" time="0.001">
      </test-case>
      <test-case name="MonoTests.System.Data.DataRelationCollectionTest2.Remove_DataColumn" executed="True" result="Success" success="True" time="0.003">
      </test-case>
      <test-case name="MonoTests.System.Data.DataRelationCollectionTest2.Remove_String" executed="True" result="Success" success="True" time="0.003">
      </test-case>
      <test-case name="MonoTests.System.Data.DataRelationTest.ChildRows" executed="True" result="Success" success="True" time="0.005">
      </test-case>
      <test-case name="MonoTests.System.Data.DataRelationTest.Constraints" executed="True" result="Success" success="True" time="0.001">
      </test-case>
      <test-case name="MonoTests.System.Data.DataRelationTest.Creation" executed="True" result="Success" success="True" time="0.002">
      </test-case>
      <test-case name="MonoTests.System.Data.DataRelationTest.Creation2" executed="True" result="Success" success="True" time="0.003">
      </test-case>
      <test-case name="MonoTests.System.Data.DataRelationTest.Creation3" executed="True" result="Success" success="True" time="0.002">
      </test-case>
      <test-case name="MonoTests.System.Data.DataRelationTest.Creation4" executed="True" result="Success" success="True" time="0.006">
      </test-case>
      <test-case name="MonoTests.System.Data.DataRelationTest.DataSetRelations" executed="True" result="Success" success="True" time="0.002">
      </test-case>
      <test-case name="MonoTests.System.Data.DataRelationTest.Foreign" executed="True" result="Success" success="True" time="0.005">
      </test-case>
      <test-case name="MonoTests.System.Data.DataRelationTest.InvalidConstraintException" executed="True" result="Success" success="True" time="0.001">
      </test-case>
      <test-case name="MonoTests.System.Data.DataRelationTest.InvalidConstraintException2" executed="True" result="Success" success="True" time="0.001">
      </test-case>
      <test-case name="MonoTests.System.Data.DataRelationTest2.bug79233" executed="True" result="Success" success="True" time="0.001">
      </test-case>
      <test-case name="MonoTests.System.Data.DataRelationTest2.ChildColumns" executed="True" result="Success" success="True" time="0.001">
      </test-case>
      <test-case name="MonoTests.System.Data.DataRelationTest2.ChildKeyConstraint" executed="True" result="Success" success="True" time="0.001">
      </test-case>
      <test-case name="MonoTests.System.Data.DataRelationTest2.ChildTable" executed="True" result="Success" success="True" time="0.001">
      </test-case>
      <test-case name="MonoTests.System.Data.DataRelationTest2.ctor_ByNameDataColumns" executed="True" result="Success" success="True" time="0.002">
      </test-case>
      <test-case name="MonoTests.System.Data.DataRelationTest2.ctor_ByNameDataColumnsArrays" executed="True" result="Success" success="True" time="0.003">
      </test-case>
      <test-case name="MonoTests.System.Data.DataRelationTest2.ctor_ByNameDataColumnsArraysCreateConstraints" executed="True" result="Success" success="True" time="0.003">
      </test-case>
      <test-case name="MonoTests.System.Data.DataRelationTest2.ctor_ByNameDataColumnsCreateConstraints" executed="True" result="Success" success="True" time="0.003">
      </test-case>
      <test-case name="MonoTests.System.Data.DataRelationTest2.DataRelationTest" executed="True" result="Success" success="True" time="0.001">
      </test-case>
      <test-case name="MonoTests.System.Data.DataRelationTest2.DataSet" executed="True" result="Success" success="True" time="0.001">
      </test-case>
      <test-case name="MonoTests.System.Data.DataRelationTest2.extendedProperties" executed="True" result="Success" success="True" time="0.001">
      </test-case>
      <test-case name="MonoTests.System.Data.DataRelationTest2.nested" executed="True" result="Success" success="True" time="0.001">
      </test-case>
      <test-case name="MonoTests.System.Data.DataRelationTest2.ParentColumns" executed="True" result="Success" success="True" time="0.001">
      </test-case>
      <test-case name="MonoTests.System.Data.DataRelationTest2.ParentKeyConstraint" executed="True" result="Success" success="True" time="0.001">
      </test-case>
      <test-case name="MonoTests.System.Data.DataRelationTest2.ParentTable" executed="True" result="Success" success="True" time="0.001">
      </test-case>
      <test-case name="MonoTests.System.Data.DataRelationTest2.relationName" executed="True" result="Success" success="True" time="0.001">
      </test-case>
      <test-case name="MonoTests.System.Data.DataRelationTest2.ToString" executed="True" result="Success" success="True" time="0.001">
      </test-case>
      <test-case name="MonoTests.System.Data.DataRowCollectionTest.Add" executed="True" result="Success" success="True" time="0.005">
      </test-case>
      <test-case name="MonoTests.System.Data.DataRowCollectionTest.Add_ByValuesNullTest" executed="True" result="Success" success="True" time="0.002">
      </test-case>
      <test-case name="MonoTests.System.Data.DataRowCollectionTest.AutoIncrement" executed="True" result="Success" success="True" time="0.004">
      </test-case>
      <test-case name="MonoTests.System.Data.DataRowCollectionTest.Clear" executed="True" result="Success" success="True" time="0.003">
      </test-case>
      <test-case name="MonoTests.System.Data.DataRowCollectionTest.Contains" executed="True" result="Success" success="True" time="0.015">
      </test-case>
      <test-case name="MonoTests.System.Data.DataRowCollectionTest.CopyTo" executed="True" result="Success" success="True" time="0.002">
      </test-case>
      <test-case name="MonoTests.System.Data.DataRowCollectionTest.Equals" executed="True" result="Success" success="True" time="0.003">
      </test-case>
      <test-case name="MonoTests.System.Data.DataRowCollectionTest.Find" executed="True" result="Success" success="True" time="0.004">
      </test-case>
      <test-case name="MonoTests.System.Data.DataRowCollectionTest.Find_DoesntThrowWithNullObject" executed="True" result="Success" success="True" time="0.001">
      </test-case>
      <test-case name="MonoTests.System.Data.DataRowCollectionTest.Find_DoesntThrowWithNullObjectInArray" executed="True" result="Success" success="True" time="0.001">
      </test-case>
      <test-case name="MonoTests.System.Data.DataRowCollectionTest.Find2" executed="True" result="Success" success="True" time="0.001">
      </test-case>
      <test-case name="MonoTests.System.Data.DataRowCollectionTest.IndexOf" executed="True" result="Success" success="True" time="0.001">
      </test-case>
      <test-case name="MonoTests.System.Data.DataRowCollectionTest.IndexOfTest" executed="True" result="Success" success="True" time="0.001">
      </test-case>
      <test-case name="MonoTests.System.Data.DataRowCollectionTest.InsertAt" executed="True" result="Success" success="True" time="0.004">
      </test-case>
      <test-case name="MonoTests.System.Data.DataRowCollectionTest.Remove" executed="True" result="Success" success="True" time="0.002">
      </test-case>
      <test-case name="MonoTests.System.Data.DataRowCollectionTest2.CopyTo" executed="True" result="Success" success="True" time="0.001">
      </test-case>
      <test-case name="MonoTests.System.Data.DataRowCollectionTest2.Count" executed="True" result="Success" success="True" time="0.001">
      </test-case>
      <test-case name="MonoTests.System.Data.DataRowCollectionTest2.DataRowCollection_Add_D1" executed="True" result="Success" success="True" time="0.001">
      </test-case>
      <test-case name="MonoTests.System.Data.DataRowCollectionTest2.DataRowCollection_Add_D2" executed="True" result="Success" success="True" time="0.001">
      </test-case>
      <test-case name="MonoTests.System.Data.DataRowCollectionTest2.DataRowCollection_Add_D3" executed="True" result="Success" success="True" time="0.001">
      </test-case>
      <test-case name="MonoTests.System.Data.DataRowCollectionTest2.DataRowCollection_Add_D4" executed="True" result="Success" success="True" time="0.001">
      </test-case>
      <test-case name="MonoTests.System.Data.DataRowCollectionTest2.DataRowCollection_Add_O1" executed="True" result="Success" success="True" time="0.003">
      </test-case>
      <test-case name="MonoTests.System.Data.DataRowCollectionTest2.DataRowCollection_Add_O2" executed="True" result="Success" success="True" time="0.002">
      </test-case>
      <test-case name="MonoTests.System.Data.DataRowCollectionTest2.DataRowCollection_Add_O4" executed="True" result="Success" success="True" time="0.001">
      </test-case>
      <test-case name="MonoTests.System.Data.DataRowCollectionTest2.DataRowCollection_Clear1" executed="True" result="Success" success="True" time="0.001">
      </test-case>
      <test-case name="MonoTests.System.Data.DataRowCollectionTest2.DataRowCollection_Clear2" executed="True" result="Success" success="True" time="0.001">
      </test-case>
      <test-case name="MonoTests.System.Data.DataRowCollectionTest2.DataRowCollection_Contains_O1" executed="True" result="Success" success="True" time="0.001">
      </test-case>
      <test-case name="MonoTests.System.Data.DataRowCollectionTest2.DataRowCollection_Contains_O2" executed="True" result="Success" success="True" time="0.001">
      </test-case>
      <test-case name="MonoTests.System.Data.DataRowCollectionTest2.DataRowCollection_Contains_O3" executed="True" result="Success" success="True" time="0.001">
      </test-case>
      <test-case name="MonoTests.System.Data.DataRowCollectionTest2.DataRowCollection_Contains_O4" executed="True" result="Success" success="True" time="0.001">
      </test-case>
      <test-case name="MonoTests.System.Data.DataRowCollectionTest2.DataRowCollection_Find_O1" executed="True" result="Success" success="True" time="0.001">
      </test-case>
      <test-case name="MonoTests.System.Data.DataRowCollectionTest2.DataRowCollection_Find_O2" executed="True" result="Success" success="True" time="0.001">
      </test-case>
      <test-case name="MonoTests.System.Data.DataRowCollectionTest2.DataRowCollection_Find_O3" executed="True" result="Success" success="True" time="0.001">
      </test-case>
      <test-case name="MonoTests.System.Data.DataRowCollectionTest2.DataRowCollection_Find_O4" executed="True" result="Success" success="True" time="0.001">
      </test-case>
      <test-case name="MonoTests.System.Data.DataRowCollectionTest2.DataRowCollection_InsertAt_DI1" executed="True" result="Success" success="True" time="0.001">
      </test-case>
      <test-case name="MonoTests.System.Data.DataRowCollectionTest2.DataRowCollection_InsertAt_DI2" executed="True" result="Success" success="True" time="0.001">
      </test-case>
      <test-case name="MonoTests.System.Data.DataRowCollectionTest2.DataRowCollection_InsertAt_DI3" executed="True" result="Success" success="True" time="0.001">
      </test-case>
      <test-case name="MonoTests.System.Data.DataRowCollectionTest2.DataRowCollection_InsertAt_DI4" executed="True" result="Success" success="True" time="0.001">
      </test-case>
      <test-case name="MonoTests.System.Data.DataRowCollectionTest2.DataRowCollection_Item1" executed="True" result="Success" success="True" time="0.001">
      </test-case>
      <test-case name="MonoTests.System.Data.DataRowCollectionTest2.DataRowCollection_Item2" executed="True" result="Success" success="True" time="0.001">
      </test-case>
      <test-case name="MonoTests.System.Data.DataRowCollectionTest2.FindByKey" executed="True" result="Success" success="True" time="0.002">
      </test-case>
      <test-case name="MonoTests.System.Data.DataRowCollectionTest2.FindByKey_DuringDataLoad" executed="True" result="Success" success="True" time="0.002">
      </test-case>
      <test-case name="MonoTests.System.Data.DataRowCollectionTest2.FindByKey_VerifyOrder" executed="True" result="Success" success="True" time="0.001">
      </test-case>
      <test-case name="MonoTests.System.Data.DataRowCollectionTest2.GetEnumerator" executed="True" result="Success" success="True" time="0.001">
      </test-case>
      <test-case name="MonoTests.System.Data.DataRowCollectionTest2.Remove_ByDataRow" executed="True" result="Success" success="True" time="0.001">
      </test-case>
      <test-case name="MonoTests.System.Data.DataRowCollectionTest2.RemoveAt_ByIndex" executed="True" result="Success" success="True" time="0.001">
      </test-case>
      <test-case name="MonoTests.System.Data.DataRowTest2.AcceptChanges" executed="True" result="Success" success="True" time="0.001">
      </test-case>
      <test-case name="MonoTests.System.Data.DataRowTest2.BeginEdit" executed="True" result="Success" success="True" time="0.002">
      </test-case>
      <test-case name="MonoTests.System.Data.DataRowTest2.CancelEdit" executed="True" result="Success" success="True" time="0.002">
      </test-case>
      <test-case name="MonoTests.System.Data.DataRowTest2.ClearErrors" executed="True" result="Success" success="True" time="0.001">
      </test-case>
      <test-case name="MonoTests.System.Data.DataRowTest2.DataRow_RowError" executed="True" result="Success" success="True" time="0.000">
      </test-case>
      <test-case name="MonoTests.System.Data.DataRowTest2.DataRow_RowError2" executed="True" result="Success" success="True" time="0.001">
      </test-case>
      <test-case name="MonoTests.System.Data.DataRowTest2.DataRow_RowError3" executed="True" result="Success" success="True" time="0.001">
      </test-case>
      <test-case name="MonoTests.System.Data.DataRowTest2.DataRowExpressionDefaultValueTest" executed="True" result="Success" success="True" time="0.002">
      </test-case>
      <test-case name="MonoTests.System.Data.DataRowTest2.Delete" executed="True" result="Success" success="True" time="0.001">
      </test-case>
      <test-case name="MonoTests.System.Data.DataRowTest2.EndEdit" executed="True" result="Success" success="True" time="0.001">
      </test-case>
      <test-case name="MonoTests.System.Data.DataRowTest2.Equals" executed="True" result="Success" success="True" time="0.001">
      </test-case>
      <test-case name="MonoTests.System.Data.DataRowTest2.GetChildRows_ByDataRealtion" executed="True" result="Success" success="True" time="0.001">
      </test-case>
      <test-case name="MonoTests.System.Data.DataRowTest2.GetChildRows_ByDataRealtionDataRowVersion" executed="True" result="Success" success="True" time="0.002">
      </test-case>
      <test-case name="MonoTests.System.Data.DataRowTest2.GetChildRows_ByName" executed="True" result="Success" success="True" time="0.001">
      </test-case>
      <test-case name="MonoTests.System.Data.DataRowTest2.GetChildRows_ByNameDataRowVersion" executed="True" result="Success" success="True" time="0.002">
      </test-case>
      <test-case name="MonoTests.System.Data.DataRowTest2.GetChildRows_DataRelation" executed="True" result="Success" success="True" time="0.001">
      </test-case>
      <test-case name="MonoTests.System.Data.DataRowTest2.GetColumnError_ByIndex" executed="True" result="Success" success="True" time="0.001">
      </test-case>
      <test-case name="MonoTests.System.Data.DataRowTest2.GetColumnError_ByName" executed="True" result="Success" success="True" time="0.001">
      </test-case>
      <test-case name="MonoTests.System.Data.DataRowTest2.GetColumnsInError" executed="True" result="Success" success="True" time="0.002">
      </test-case>
      <test-case name="MonoTests.System.Data.DataRowTest2.GetHashCode" executed="True" result="Success" success="True" time="0.000">
      </test-case>
      <test-case name="MonoTests.System.Data.DataRowTest2.GetParentRow_ByDataRelation" executed="True" result="Success" success="True" time="0.001">
      </test-case>
      <test-case name="MonoTests.System.Data.DataRowTest2.GetParentRow_ByDataRelationDataRowVersion" executed="True" result="Success" success="True" time="0.002">
      </test-case>
      <test-case name="MonoTests.System.Data.DataRowTest2.GetParentRow_ByName" executed="True" result="Success" success="True" time="0.001">
      </test-case>
      <test-case name="MonoTests.System.Data.DataRowTest2.GetParentRow_ByNameDataRowVersion" executed="True" result="Success" success="True" time="0.002">
      </test-case>
      <test-case name="MonoTests.System.Data.DataRowTest2.GetParentRows_ByDataRelation" executed="True" result="Success" success="True" time="0.001">
      </test-case>
      <test-case name="MonoTests.System.Data.DataRowTest2.GetParentRows_ByName" executed="True" result="Success" success="True" time="0.001">
      </test-case>
      <test-case name="MonoTests.System.Data.DataRowTest2.GetParentRows_ByNameDataRowVersion" executed="True" result="Success" success="True" time="0.002">
      </test-case>
      <test-case name="MonoTests.System.Data.DataRowTest2.GetParentRows_DataRelation_DataRowVersion" executed="True" result="Success" success="True" time="0.002">
      </test-case>
      <test-case name="MonoTests.System.Data.DataRowTest2.GetType" executed="True" result="Success" success="True" time="0.000">
      </test-case>
      <test-case name="MonoTests.System.Data.DataRowTest2.HasErrors" executed="True" result="Success" success="True" time="0.001">
      </test-case>
      <test-case name="MonoTests.System.Data.DataRowTest2.HasVersion_ByDataRowVersion" executed="True" result="Success" success="True" time="0.005">
      </test-case>
      <test-case name="MonoTests.System.Data.DataRowTest2.Indexer1" executed="True" result="Success" success="True" time="0.007">
      </test-case>
      <test-case name="MonoTests.System.Data.DataRowTest2.Indexer1_Column_NotInTable" executed="True" result="Success" success="True" time="0.003">
      </test-case>
      <test-case name="MonoTests.System.Data.DataRowTest2.Indexer1_Column_Null" executed="True" result="Success" success="True" time="0.001">
      </test-case>
      <test-case name="MonoTests.System.Data.DataRowTest2.Indexer1_Value_Null" executed="True" result="Success" success="True" time="0.011">
      </test-case>
      <test-case name="MonoTests.System.Data.DataRowTest2.Indexer2" executed="True" result="Success" success="True" time="0.002">
      </test-case>
      <test-case name="MonoTests.System.Data.DataRowTest2.Indexer2_Value_Null" executed="True" result="Success" success="True" time="0.003">
      </test-case>
      <test-case name="MonoTests.System.Data.DataRowTest2.Indexer3" executed="True" result="Success" success="True" time="0.002">
      </test-case>
      <test-case name="MonoTests.System.Data.DataRowTest2.Indexer3_ColumnName_Empty" executed="True" result="Success" success="True" time="0.002">
      </test-case>
      <test-case name="MonoTests.System.Data.DataRowTest2.Indexer3_ColumnName_Null" executed="True" result="Success" success="True" time="0.002">
      </test-case>
      <test-case name="MonoTests.System.Data.DataRowTest2.Indexer3_Value_Null" executed="True" result="Success" success="True" time="0.004">
      </test-case>
      <test-case name="MonoTests.System.Data.DataRowTest2.Indexer4" executed="True" result="Success" success="True" time="0.008">
      </test-case>
      <test-case name="MonoTests.System.Data.DataRowTest2.Indexer4_Column_NotInTable" executed="True" result="Success" success="True" time="0.003">
      </test-case>
      <test-case name="MonoTests.System.Data.DataRowTest2.Indexer4_Column_Null" executed="True" result="Success" success="True" time="0.001">
      </test-case>
      <test-case name="MonoTests.System.Data.DataRowTest2.Indexer4_Version_Invalid" executed="True" result="Success" success="True" time="0.002">
      </test-case>
      <test-case name="MonoTests.System.Data.DataRowTest2.Indexer4_Version_NotFound" executed="True" result="Success" success="True" time="0.001">
      </test-case>
      <test-case name="MonoTests.System.Data.DataRowTest2.IsNull_ByDataColumn" executed="True" result="Success" success="True" time="0.001">
      </test-case>
      <test-case name="MonoTests.System.Data.DataRowTest2.IsNull_ByDataColumnDataRowVersion" executed="True" result="Success" success="True" time="0.002">
      </test-case>
      <test-case name="MonoTests.System.Data.DataRowTest2.IsNull_ByIndex" executed="True" result="Success" success="True" time="0.001">
      </test-case>
      <test-case name="MonoTests.System.Data.DataRowTest2.Item" executed="True" result="Success" success="True" time="0.001">
      </test-case>
      <test-case name="MonoTests.System.Data.DataRowTest2.ItemArray" executed="True" result="Success" success="True" time="0.002">
      </test-case>
      <test-case name="MonoTests.System.Data.DataRowTest2.ItemArray_NewTable" executed="True" result="Success" success="True" time="0.001">
      </test-case>
      <test-case name="MonoTests.System.Data.DataRowTest2.RejectChanges" executed="True" result="Success" success="True" time="0.001">
      </test-case>
      <test-case name="MonoTests.System.Data.DataRowTest2.RowError" executed="True" result="Success" success="True" time="0.004">
      </test-case>
      <test-case name="MonoTests.System.Data.DataRowTest2.RowState" executed="True" result="Success" success="True" time="0.001">
      </test-case>
      <test-case name="MonoTests.System.Data.DataRowTest2.SetAdded_test" executed="True" result="Success" success="True" time="0.003">
      </test-case>
      <test-case name="MonoTests.System.Data.DataRowTest2.setAdded_testRollback" executed="True" result="Success" success="True" time="0.001">
      </test-case>
      <test-case name="MonoTests.System.Data.DataRowTest2.SetColumnError_ByColumnNameError" executed="True" result="Success" success="True" time="0.001">
      </test-case>
      <test-case name="MonoTests.System.Data.DataRowTest2.SetColumnError_ByDataColumnError" executed="True" result="Success" success="True" time="0.001">
      </test-case>
      <test-case name="MonoTests.System.Data.DataRowTest2.SetColumnError_ByIndexError" executed="True" result="Success" success="True" time="0.001">
      </test-case>
      <test-case name="MonoTests.System.Data.DataRowTest2.SetModified_test" executed="True" result="Success" success="True" time="0.002">
      </test-case>
      <test-case name="MonoTests.System.Data.DataRowTest2.setModified_testRollback" executed="True" result="Success" success="True" time="0.001">
      </test-case>
      <test-case name="MonoTests.System.Data.DataRowTest2.SetParentRow_ByDataRow" executed="True" result="Success" success="True" time="0.003">
      </test-case>
      <test-case name="MonoTests.System.Data.DataRowTest2.SetParentRow_ByDataRowDataRelation" executed="True" result="Success" success="True" time="0.001">
      </test-case>
      <test-case name="MonoTests.System.Data.DataRowTest2.Table" executed="True" result="Success" success="True" time="0.000">
      </test-case>
      <test-case name="MonoTests.System.Data.DataRowTest2.test" executed="True" result="Success" success="True" time="0.001">
      </test-case>
      <test-case name="MonoTests.System.Data.DataRowTest2.testMore" executed="True" result="Success" success="True" time="0.001">
      </test-case>
      <test-case name="MonoTests.System.Data.DataRowTest2.TestRowErrors" executed="True" result="Success" success="True" time="0.002">
      </test-case>
      <test-case name="MonoTests.System.Data.DataRowTest2.ToString" executed="True" result="Success" success="True" time="0.001">
      </test-case>
      <test-case name="MonoTests.System.Data.DataSetTest.CloneCopy" executed="True" result="Success" success="True" time="0.015">
      </test-case>
      <test-case name="MonoTests.System.Data.DataSetTest.CloneCopy_TestForeignKeyConstraints" executed="True" result="Success" success="True" time="0.003">
      </test-case>
      <test-case name="MonoTests.System.Data.DataSetTest.CloneSubClassTest" executed="True" result="Success" success="True" time="0.001">
      </test-case>
      <test-case name="MonoTests.System.Data.DataSetTest.DataSetClearTest" executed="True" result="Success" success="True" time="0.002">
      </test-case>
      <test-case name="MonoTests.System.Data.DataSetTest.Properties" executed="True" result="Success" success="True" time="0.001">
      </test-case>
      <test-case name="MonoTests.System.Data.DataSetTest.RuleTest" executed="True" result="Success" success="True" time="0.004">
      </test-case>
      <test-case name="MonoTests.System.Data.DataSetTest2.AcceptChanges" executed="True" result="Success" success="True" time="0.004">
      </test-case>
      <test-case name="MonoTests.System.Data.DataSetTest2.BeginInitTest" executed="True" result="Success" success="True" time="0.004">
      </test-case>
      <test-case name="MonoTests.System.Data.DataSetTest2.Bug537229_BinFormatSerializer_Test" executed="False" result="Ignored">
        <reason>
          <message>
          </message>
        </reason>
      </test-case>
      <test-case name="MonoTests.System.Data.DataSetTest2.CaseSensitive" executed="True" result="Success" success="True" time="0.003">
      </test-case>
      <test-case name="MonoTests.System.Data.DataSetTest2.Clear" executed="True" result="Success" success="True" time="0.001">
      </test-case>
      <test-case name="MonoTests.System.Data.DataSetTest2.Clear_WithNoDataWithConstraint" executed="True" result="Success" success="True" time="0.001">
      </test-case>
      <test-case name="MonoTests.System.Data.DataSetTest2.Clone" executed="True" result="Success" success="True" time="0.029">
      </test-case>
      <test-case name="MonoTests.System.Data.DataSetTest2.Copy" executed="True" result="Success" success="True" time="0.003">
      </test-case>
      <test-case name="MonoTests.System.Data.DataSetTest2.CopyClone_RelationWithoutConstraints" executed="True" result="Success" success="True" time="0.002">
      </test-case>
      <test-case name="MonoTests.System.Data.DataSetTest2.ctor" executed="True" result="Success" success="True" time="0.001">
      </test-case>
      <test-case name="MonoTests.System.Data.DataSetTest2.ctor_ByDataSetName" executed="True" result="Success" success="True" time="0.001">
      </test-case>
      <test-case name="MonoTests.System.Data.DataSetTest2.DataSetName" executed="True" result="Success" success="True" time="0.000">
      </test-case>
      <test-case name="MonoTests.System.Data.DataSetTest2.DataSetSpecificCulture" executed="True" result="Success" success="True" time="0.001">
      </test-case>
      <test-case name="MonoTests.System.Data.DataSetTest2.EnforceConstraints" executed="True" result="Success" success="True" time="0.001">
      </test-case>
      <test-case name="MonoTests.System.Data.DataSetTest2.EnforceConstraints_CheckPrimaryConstraint" executed="True" result="Success" success="True" time="0.001">
      </test-case>
      <test-case name="MonoTests.System.Data.DataSetTest2.EnforceConstraints_NonNullCols" executed="True" result="Success" success="True" time="0.001">
      </test-case>
      <test-case name="MonoTests.System.Data.DataSetTest2.extendedProperties" executed="True" result="Success" success="True" time="0.000">
      </test-case>
      <test-case name="MonoTests.System.Data.DataSetTest2.GetChanges" executed="True" result="Success" success="True" time="0.005">
      </test-case>
      <test-case name="MonoTests.System.Data.DataSetTest2.GetChanges_ByDataRowState" executed="True" result="Success" success="True" time="0.003">
      </test-case>
      <test-case name="MonoTests.System.Data.DataSetTest2.HasChanges" executed="True" result="Success" success="True" time="0.001">
      </test-case>
      <test-case name="MonoTests.System.Data.DataSetTest2.HasChanges_ByDataRowState" executed="True" result="Success" success="True" time="0.002">
      </test-case>
      <test-case name="MonoTests.System.Data.DataSetTest2.HasErrors" executed="True" result="Success" success="True" time="0.001">
      </test-case>
      <test-case name="MonoTests.System.Data.DataSetTest2.Locale" executed="True" result="Success" success="True" time="0.001">
      </test-case>
      <test-case name="MonoTests.System.Data.DataSetTest2.Merge_ByComplexDataSet" executed="True" result="Success" success="True" time="0.025">
      </test-case>
      <test-case name="MonoTests.System.Data.DataSetTest2.Merge_ByDataRowsNoPreserveIgnoreMissingSchema" executed="True" result="Success" success="True" time="0.003">
      </test-case>
      <test-case name="MonoTests.System.Data.DataSetTest2.Merge_ByDataRowsPreserveMissingSchema" executed="True" result="Success" success="True" time="0.006">
      </test-case>
      <test-case name="MonoTests.System.Data.DataSetTest2.Merge_ByDataSet" executed="True" result="Success" success="True" time="0.005">
      </test-case>
      <test-case name="MonoTests.System.Data.DataSetTest2.Merge_ByDataSetPreserve" executed="True" result="Success" success="True" time="0.006">
      </test-case>
      <test-case name="MonoTests.System.Data.DataSetTest2.Merge_ByDataSetPreserveMissingSchemaAction" executed="True" result="Success" success="True" time="0.004">
      </test-case>
      <test-case name="MonoTests.System.Data.DataSetTest2.Merge_ByDataTable" executed="True" result="Success" success="True" time="0.004">
      </test-case>
      <test-case name="MonoTests.System.Data.DataSetTest2.Merge_ByDataTablePreserveMissingSchemaAction" executed="True" result="Success" success="True" time="0.007">
      </test-case>
      <test-case name="MonoTests.System.Data.DataSetTest2.Merge_DuplicateConstraints" executed="True" result="Success" success="True" time="0.001">
      </test-case>
      <test-case name="MonoTests.System.Data.DataSetTest2.Merge_DuplicateConstraints_1" executed="True" result="Success" success="True" time="0.001">
      </test-case>
      <test-case name="MonoTests.System.Data.DataSetTest2.Merge_MissingColumn" executed="True" result="Success" success="True" time="0.001">
      </test-case>
      <test-case name="MonoTests.System.Data.DataSetTest2.Merge_MissingConstraint" executed="True" result="Success" success="True" time="0.002">
      </test-case>
      <test-case name="MonoTests.System.Data.DataSetTest2.Merge_MissingEventHandler" executed="True" result="Success" success="True" time="0.002">
      </test-case>
      <test-case name="MonoTests.System.Data.DataSetTest2.Merge_PrimaryKeys_IncorrectOrder" executed="True" result="Success" success="True" time="0.001">
      </test-case>
      <test-case name="MonoTests.System.Data.DataSetTest2.Merge_RelationWithoutConstraints" executed="True" result="Success" success="True" time="0.001">
      </test-case>
      <test-case name="MonoTests.System.Data.DataSetTest2.MergeFailed" executed="True" result="Success" success="True" time="0.002">
      </test-case>
      <test-case name="MonoTests.System.Data.DataSetTest2.MergeTest_ColumnTypeMismatch" executed="True" result="Success" success="True" time="0.001">
      </test-case>
      <test-case name="MonoTests.System.Data.DataSetTest2.MergeTest_SameDataSet_536194" executed="True" result="Success" success="True" time="0.001">
      </test-case>
      <test-case name="MonoTests.System.Data.DataSetTest2.Namespace" executed="True" result="Success" success="True" time="0.000">
      </test-case>
      <test-case name="MonoTests.System.Data.DataSetTest2.Prefix" executed="True" result="Success" success="True" time="0.000">
      </test-case>
      <test-case name="MonoTests.System.Data.DataSetTest2.Relations" executed="True" result="Success" success="True" time="0.002">
      </test-case>
      <test-case name="MonoTests.System.Data.DataSetTest2.Reset" executed="True" result="Success" success="True" time="0.002">
      </test-case>
      <test-case name="MonoTests.System.Data.DataSetTest2.ShouldSerializeRelations" executed="True" result="Success" success="True" time="0.001">
      </test-case>
      <test-case name="MonoTests.System.Data.DataSetTest2.ShouldSerializeTables" executed="True" result="Success" success="True" time="0.001">
      </test-case>
      <test-case name="MonoTests.System.Data.DataSetTest2.Tables" executed="True" result="Success" success="True" time="0.002">
      </test-case>
      <test-case name="MonoTests.System.Data.DataTableCollectionTest2.Add" executed="True" result="Success" success="True" time="0.001">
      </test-case>
      <test-case name="MonoTests.System.Data.DataTableCollectionTest2.AddRange" executed="True" result="Success" success="True" time="0.001">
      </test-case>
      <test-case name="MonoTests.System.Data.DataTableCollectionTest2.AddRange_ArrayWithNull" executed="True" result="Success" success="True" time="0.001">
      </test-case>
      <test-case name="MonoTests.System.Data.DataTableCollectionTest2.AddRange_NullValue" executed="True" result="Success" success="True" time="0.000">
      </test-case>
      <test-case name="MonoTests.System.Data.DataTableCollectionTest2.AddTable_DiffNamespaceTest" executed="True" result="Success" success="True" time="0.001">
      </test-case>
      <test-case name="MonoTests.System.Data.DataTableCollectionTest2.AddTwoTables" executed="True" result="Success" success="True" time="0.001">
      </test-case>
      <test-case name="MonoTests.System.Data.DataTableCollectionTest2.CanRemove" executed="True" result="Success" success="True" time="0.002">
      </test-case>
      <test-case name="MonoTests.System.Data.DataTableCollectionTest2.CanRemove_NullValue" executed="True" result="Success" success="True" time="0.000">
      </test-case>
      <test-case name="MonoTests.System.Data.DataTableCollectionTest2.CanRemove_PartOfConstraint" executed="True" result="Success" success="True" time="0.001">
      </test-case>
      <test-case name="MonoTests.System.Data.DataTableCollectionTest2.CanRemove_PartOfRelation" executed="True" result="Success" success="True" time="0.001">
      </test-case>
      <test-case name="MonoTests.System.Data.DataTableCollectionTest2.CanRemove_TableDoesntBelong" executed="True" result="Success" success="True" time="0.001">
      </test-case>
      <test-case name="MonoTests.System.Data.DataTableCollectionTest2.CollectionChanged" executed="True" result="Success" success="True" time="0.001">
      </test-case>
      <test-case name="MonoTests.System.Data.DataTableCollectionTest2.CollectionChanging" executed="True" result="Success" success="True" time="0.001">
      </test-case>
      <test-case name="MonoTests.System.Data.DataTableCollectionTest2.Contains" executed="True" result="Success" success="True" time="0.001">
      </test-case>
      <test-case name="MonoTests.System.Data.DataTableCollectionTest2.Contains_DiffNamespaceTest" executed="True" result="Success" success="True" time="0.001">
      </test-case>
      <test-case name="MonoTests.System.Data.DataTableCollectionTest2.CopyTo" executed="True" result="Success" success="True" time="0.001">
      </test-case>
      <test-case name="MonoTests.System.Data.DataTableCollectionTest2.Count" executed="True" result="Success" success="True" time="0.001">
      </test-case>
      <test-case name="MonoTests.System.Data.DataTableCollectionTest2.DataTableCollection_Add_D1" executed="True" result="Success" success="True" time="0.000">
      </test-case>
      <test-case name="MonoTests.System.Data.DataTableCollectionTest2.DataTableCollection_Add_D2" executed="True" result="Success" success="True" time="0.000">
      </test-case>
      <test-case name="MonoTests.System.Data.DataTableCollectionTest2.DataTableCollection_Add_D3" executed="True" result="Success" success="True" time="0.000">
      </test-case>
      <test-case name="MonoTests.System.Data.DataTableCollectionTest2.DataTableCollection_Add_D4" executed="True" result="Success" success="True" time="0.000">
      </test-case>
      <test-case name="MonoTests.System.Data.DataTableCollectionTest2.DataTableCollection_Add_S1" executed="True" result="Success" success="True" time="0.001">
      </test-case>
      <test-case name="MonoTests.System.Data.DataTableCollectionTest2.DataTableCollection_Add_S2" executed="True" result="Success" success="True" time="0.000">
      </test-case>
      <test-case name="MonoTests.System.Data.DataTableCollectionTest2.DataTableCollection_Clear1" executed="True" result="Success" success="True" time="0.000">
      </test-case>
      <test-case name="MonoTests.System.Data.DataTableCollectionTest2.DataTableCollection_Clear2" executed="True" result="Success" success="True" time="0.001">
      </test-case>
      <test-case name="MonoTests.System.Data.DataTableCollectionTest2.DataTableCollection_Remove_D1" executed="True" result="Success" success="True" time="0.001">
      </test-case>
      <test-case name="MonoTests.System.Data.DataTableCollectionTest2.DataTableCollection_Remove_D2" executed="True" result="Success" success="True" time="0.000">
      </test-case>
      <test-case name="MonoTests.System.Data.DataTableCollectionTest2.DataTableCollection_Remove_D3" executed="True" result="Success" success="True" time="0.000">
      </test-case>
      <test-case name="MonoTests.System.Data.DataTableCollectionTest2.DataTableCollection_Remove_S1" executed="True" result="Success" success="True" time="0.001">
      </test-case>
      <test-case name="MonoTests.System.Data.DataTableCollectionTest2.DataTableCollection_Remove_S2" executed="True" result="Success" success="True" time="0.000">
      </test-case>
      <test-case name="MonoTests.System.Data.DataTableCollectionTest2.DataTableCollection_Remove_S3" executed="True" result="Success" success="True" time="0.000">
      </test-case>
      <test-case name="MonoTests.System.Data.DataTableCollectionTest2.DataTableCollection_RemoveAt_I1" executed="True" result="Success" success="True" time="0.001">
      </test-case>
      <test-case name="MonoTests.System.Data.DataTableCollectionTest2.DataTableCollection_RemoveAt_I2" executed="True" result="Success" success="True" time="0.000">
      </test-case>
      <test-case name="MonoTests.System.Data.DataTableCollectionTest2.DataTableCollection_RemoveAt_I3" executed="True" result="Success" success="True" time="0.001">
      </test-case>
      <test-case name="MonoTests.System.Data.DataTableCollectionTest2.GetEnumerator" executed="True" result="Success" success="True" time="0.001">
      </test-case>
      <test-case name="MonoTests.System.Data.DataTableCollectionTest2.IndexOf_DiffNamespaceTest" executed="True" result="Success" success="True" time="0.001">
      </test-case>
      <test-case name="MonoTests.System.Data.DataTableCollectionTest2.Item" executed="True" result="Success" success="True" time="0.001">
      </test-case>
      <test-case name="MonoTests.System.Data.DataTableCollectionTest2.Remove_DiffNamespaceTest" executed="True" result="Success" success="True" time="0.001">
      </test-case>
      <test-case name="MonoTests.System.Data.DataTableTest.AcceptChangesTest" executed="True" result="Success" success="True" time="0.002">
      </test-case>
      <test-case name="MonoTests.System.Data.DataTableTest.Changes" executed="True" result="Success" success="True" time="0.002">
      </test-case>
      <test-case name="MonoTests.System.Data.DataTableTest.ClearReset" executed="True" result="Success" success="True" time="0.003">
      </test-case>
      <test-case name="MonoTests.System.Data.DataTableTest.ClearTest" executed="True" result="Success" success="True" time="0.003">
      </test-case>
      <test-case name="MonoTests.System.Data.DataTableTest.CloneCopyTest" executed="True" result="Success" success="True" time="0.005">
      </test-case>
      <test-case name="MonoTests.System.Data.DataTableTest.CloneExtendedProperties" executed="True" result="Success" success="True" time="0.001">
      </test-case>
      <test-case name="MonoTests.System.Data.DataTableTest.CloneExtendedProperties1" executed="True" result="Success" success="True" time="0.001">
      </test-case>
      <test-case name="MonoTests.System.Data.DataTableTest.CloneExtendedProperties2" executed="True" result="Success" success="True" time="0.001">
      </test-case>
      <test-case name="MonoTests.System.Data.DataTableTest.CloneSubClassTest" executed="True" result="Success" success="True" time="0.001">
      </test-case>
      <test-case name="MonoTests.System.Data.DataTableTest.ColumnObjectTypeTest" executed="True" result="Success" success="True" time="0.000">
      </test-case>
      <test-case name="MonoTests.System.Data.DataTableTest.Ctor" executed="True" result="Success" success="True" time="0.001">
      </test-case>
      <test-case name="MonoTests.System.Data.DataTableTest.GetErrors" executed="True" result="Success" success="True" time="0.001">
      </test-case>
      <test-case name="MonoTests.System.Data.DataTableTest.ImportRowDeletedTest" executed="True" result="Success" success="True" time="0.002">
      </test-case>
      <test-case name="MonoTests.System.Data.DataTableTest.ImportRowDetachedTest" executed="True" result="Success" success="True" time="0.001">
      </test-case>
      <test-case name="MonoTests.System.Data.DataTableTest.ImportRowTest" executed="True" result="Success" success="True" time="0.005">
      </test-case>
      <test-case name="MonoTests.System.Data.DataTableTest.LoadDataException" executed="True" result="Success" success="True" time="0.001">
      </test-case>
      <test-case name="MonoTests.System.Data.DataTableTest.LoadDataRow_LoadOptions" executed="True" result="Success" success="True" time="0.006">
      </test-case>
      <test-case name="MonoTests.System.Data.DataTableTest.NewRowAddedTest" executed="True" result="Success" success="True" time="0.001">
      </test-case>
      <test-case name="MonoTests.System.Data.DataTableTest.PrimaryKey" executed="True" result="Success" success="True" time="0.002">
      </test-case>
      <test-case name="MonoTests.System.Data.DataTableTest.PrimaryKey_CheckSetsAllowDBNull" executed="True" result="Success" success="True" time="0.001">
      </test-case>
      <test-case name="MonoTests.System.Data.DataTableTest.PrimaryKeyColumnChecksNonNull" executed="True" result="Success" success="True" time="0.001">
      </test-case>
      <test-case name="MonoTests.System.Data.DataTableTest.PropertyExceptions" executed="True" result="Success" success="True" time="0.002">
      </test-case>
      <test-case name="MonoTests.System.Data.DataTableTest.RowChanging" executed="True" result="Success" success="True" time="0.002">
      </test-case>
      <test-case name="MonoTests.System.Data.DataTableTest.Select" executed="True" result="Success" success="True" time="0.006">
      </test-case>
      <test-case name="MonoTests.System.Data.DataTableTest.Select2" executed="True" result="Success" success="True" time="0.004">
      </test-case>
      <test-case name="MonoTests.System.Data.DataTableTest.SelectAggregates" executed="True" result="Success" success="True" time="0.041">
      </test-case>
      <test-case name="MonoTests.System.Data.DataTableTest.SelectEscaping" executed="True" result="Success" success="True" time="0.001">
      </test-case>
      <test-case name="MonoTests.System.Data.DataTableTest.SelectExceptions" executed="True" result="Success" success="True" time="0.004">
      </test-case>
      <test-case name="MonoTests.System.Data.DataTableTest.SelectFunctions" executed="True" result="Success" success="True" time="0.141">
      </test-case>
      <test-case name="MonoTests.System.Data.DataTableTest.SelectOperators" executed="True" result="Success" success="True" time="0.005">
      </test-case>
      <test-case name="MonoTests.System.Data.DataTableTest.SelectParsing" executed="True" result="Success" success="True" time="0.003">
      </test-case>
      <test-case name="MonoTests.System.Data.DataTableTest.SelectRelations" executed="True" result="Success" success="True" time="0.006">
      </test-case>
      <test-case name="MonoTests.System.Data.DataTableTest.SelectRowState" executed="True" result="Success" success="True" time="0.001">
      </test-case>
      <test-case name="MonoTests.System.Data.DataTableTest.SelectStringOperators" executed="True" result="Success" success="True" time="0.017">
      </test-case>
      <test-case name="MonoTests.System.Data.DataTableTest.SetPrimaryKeyAssertsNonNull" executed="True" result="Success" success="True" time="0.001">
      </test-case>
      <test-case name="MonoTests.System.Data.DataTableTest.TableInitializedEventTest1" executed="True" result="Success" success="True" time="0.001">
      </test-case>
      <test-case name="MonoTests.System.Data.DataTableTest.TableInitializedEventTest2" executed="True" result="Success" success="True" time="0.001">
      </test-case>
      <test-case name="MonoTests.System.Data.DataTableTest.TableInitializedEventTest3" executed="True" result="Success" success="True" time="0.001">
      </test-case>
      <test-case name="MonoTests.System.Data.DataTableTest.TableInitializedEventTest4" executed="True" result="Success" success="True" time="0.001">
      </test-case>
      <test-case name="MonoTests.System.Data.DataTableTest.ToStringTest" executed="True" result="Success" success="True" time="0.000">
      </test-case>
      <test-case name="MonoTests.System.Data.DataTableTest2.AcceptChanges" executed="True" result="Success" success="True" time="0.001">
      </test-case>
      <test-case name="MonoTests.System.Data.DataTableTest2.BeginInit_Cols_Constraints" executed="True" result="Success" success="True" time="0.001">
      </test-case>
      <test-case name="MonoTests.System.Data.DataTableTest2.BeginInit_PrimaryKey_1" executed="True" result="Success" success="True" time="0.001">
      </test-case>
      <test-case name="MonoTests.System.Data.DataTableTest2.BeginInit_PrimaryKey_2" executed="True" result="Success" success="True" time="0.001">
      </test-case>
      <test-case name="MonoTests.System.Data.DataTableTest2.BeginInit_PrimaryKey_3" executed="True" result="Success" success="True" time="0.001">
      </test-case>
      <test-case name="MonoTests.System.Data.DataTableTest2.BeginLoadData" executed="True" result="Success" success="True" time="0.003">
      </test-case>
      <test-case name="MonoTests.System.Data.DataTableTest2.CaseSensitive" executed="True" result="Success" success="True" time="0.000">
      </test-case>
      <test-case name="MonoTests.System.Data.DataTableTest2.ChildRelations" executed="True" result="Success" success="True" time="0.001">
      </test-case>
      <test-case name="MonoTests.System.Data.DataTableTest2.Clear" executed="True" result="Success" success="True" time="0.001">
      </test-case>
      <test-case name="MonoTests.System.Data.DataTableTest2.Clone" executed="True" result="Success" success="True" time="0.001">
      </test-case>
      <test-case name="MonoTests.System.Data.DataTableTest2.ColumnChanged" executed="True" result="Success" success="True" time="0.002">
      </test-case>
      <test-case name="MonoTests.System.Data.DataTableTest2.ColumnChanging" executed="True" result="Success" success="True" time="0.001">
      </test-case>
      <test-case name="MonoTests.System.Data.DataTableTest2.Columns" executed="True" result="Success" success="True" time="0.002">
      </test-case>
      <test-case name="MonoTests.System.Data.DataTableTest2.Compute" executed="True" result="Success" success="True" time="0.002">
      </test-case>
      <test-case name="MonoTests.System.Data.DataTableTest2.Compute_WithoutSchemaData_Test" executed="True" result="Success" success="True" time="0.001">
      </test-case>
      <test-case name="MonoTests.System.Data.DataTableTest2.Constraints" executed="True" result="Success" success="True" time="0.001">
      </test-case>
      <test-case name="MonoTests.System.Data.DataTableTest2.Copy" executed="True" result="Success" success="True" time="0.002">
      </test-case>
      <test-case name="MonoTests.System.Data.DataTableTest2.CreateInstance" executed="True" result="Success" success="True" time="0.001">
      </test-case>
      <test-case name="MonoTests.System.Data.DataTableTest2.ctor" executed="True" result="Success" success="True" time="0.000">
      </test-case>
      <test-case name="MonoTests.System.Data.DataTableTest2.ctor_ByName" executed="True" result="Success" success="True" time="0.001">
      </test-case>
      <test-case name="MonoTests.System.Data.DataTableTest2.DataSet" executed="True" result="Success" success="True" time="0.001">
      </test-case>
      <test-case name="MonoTests.System.Data.DataTableTest2.DataTable_Clone" executed="True" result="Success" success="True" time="0.001">
      </test-case>
      <test-case name="MonoTests.System.Data.DataTableTest2.DisplayExpression" executed="True" result="Success" success="True" time="0.001">
      </test-case>
      <test-case name="MonoTests.System.Data.DataTableTest2.EndLoadData" executed="True" result="Success" success="True" time="0.001">
      </test-case>
      <test-case name="MonoTests.System.Data.DataTableTest2.EndLoadData_MergeDuplcateValues" executed="True" result="Success" success="True" time="0.001">
      </test-case>
      <test-case name="MonoTests.System.Data.DataTableTest2.ExtendedProperties" executed="True" result="Success" success="True" time="0.001">
      </test-case>
      <test-case name="MonoTests.System.Data.DataTableTest2.GetChanges" executed="True" result="Success" success="True" time="0.003">
      </test-case>
      <test-case name="MonoTests.System.Data.DataTableTest2.GetChanges_ByDataRowState" executed="True" result="Success" success="True" time="0.009">
      </test-case>
      <test-case name="MonoTests.System.Data.DataTableTest2.GetErrors" executed="True" result="Success" success="True" time="0.001">
      </test-case>
      <test-case name="MonoTests.System.Data.DataTableTest2.GetHashCode" executed="True" result="Success" success="True" time="0.001">
      </test-case>
      <test-case name="MonoTests.System.Data.DataTableTest2.GetType" executed="True" result="Success" success="True" time="0.000">
      </test-case>
      <test-case name="MonoTests.System.Data.DataTableTest2.HasErrors" executed="True" result="Success" success="True" time="0.001">
      </test-case>
      <test-case name="MonoTests.System.Data.DataTableTest2.ImportRow" executed="True" result="Success" success="True" time="0.001">
      </test-case>
      <test-case name="MonoTests.System.Data.DataTableTest2.LoadDataRow" executed="True" result="Success" success="True" time="0.002">
      </test-case>
      <test-case name="MonoTests.System.Data.DataTableTest2.LoadDataRow_DefaultValueError" executed="True" result="Success" success="True" time="0.001">
      </test-case>
      <test-case name="MonoTests.System.Data.DataTableTest2.LoadDataRow_DuplicateValues" executed="True" result="Success" success="True" time="0.001">
      </test-case>
      <test-case name="MonoTests.System.Data.DataTableTest2.LoadDataRow_ExistingData" executed="True" result="Success" success="True" time="0.003">
      </test-case>
      <test-case name="MonoTests.System.Data.DataTableTest2.LoadDataRow_WithoutBeginLoadData" executed="True" result="Success" success="True" time="0.003">
      </test-case>
      <test-case name="MonoTests.System.Data.DataTableTest2.LoadDataRow1_Column_ReadOnly" executed="True" result="Success" success="True" time="0.002">
      </test-case>
      <test-case name="MonoTests.System.Data.DataTableTest2.Locale" executed="True" result="Success" success="True" time="0.001">
      </test-case>
      <test-case name="MonoTests.System.Data.DataTableTest2.Merge_SchemaTest" executed="True" result="Success" success="True" time="0.003">
      </test-case>
      <test-case name="MonoTests.System.Data.DataTableTest2.Merge_TestData" executed="True" result="Success" success="True" time="0.003">
      </test-case>
      <test-case name="MonoTests.System.Data.DataTableTest2.MinimumCapacity" executed="True" result="Success" success="True" time="0.001">
      </test-case>
      <test-case name="MonoTests.System.Data.DataTableTest2.Namespace" executed="True" result="Success" success="True" time="0.000">
      </test-case>
      <test-case name="MonoTests.System.Data.DataTableTest2.NewRow" executed="True" result="Success" success="True" time="0.001">
      </test-case>
      <test-case name="MonoTests.System.Data.DataTableTest2.OnColumnChanged" executed="True" result="Success" success="True" time="0.002">
      </test-case>
      <test-case name="MonoTests.System.Data.DataTableTest2.OnColumnChanging" executed="True" result="Success" success="True" time="0.001">
      </test-case>
      <test-case name="MonoTests.System.Data.DataTableTest2.OnRemoveColumn" executed="True" result="Success" success="True" time="0.001">
      </test-case>
      <test-case name="MonoTests.System.Data.DataTableTest2.OnRowChanged" executed="True" result="Success" success="True" time="0.002">
      </test-case>
      <test-case name="MonoTests.System.Data.DataTableTest2.OnRowChanging" executed="True" result="Success" success="True" time="0.004">
      </test-case>
      <test-case name="MonoTests.System.Data.DataTableTest2.OnRowDeleted" executed="True" result="Success" success="True" time="0.003">
      </test-case>
      <test-case name="MonoTests.System.Data.DataTableTest2.OnRowDeleting" executed="True" result="Success" success="True" time="0.002">
      </test-case>
      <test-case name="MonoTests.System.Data.DataTableTest2.ParentRelations" executed="True" result="Success" success="True" time="0.001">
      </test-case>
      <test-case name="MonoTests.System.Data.DataTableTest2.Prefix" executed="True" result="Success" success="True" time="0.001">
      </test-case>
      <test-case name="MonoTests.System.Data.DataTableTest2.PrimaryKey" executed="False" result="Ignored">
        <reason>
          <message>
          </message>
        </reason>
      </test-case>
      <test-case name="MonoTests.System.Data.DataTableTest2.PrimaryKey_OnFailing" executed="True" result="Success" success="True" time="0.002">
      </test-case>
      <test-case name="MonoTests.System.Data.DataTableTest2.RejectChanges" executed="True" result="Success" success="True" time="0.009">
      </test-case>
      <test-case name="MonoTests.System.Data.DataTableTest2.RejectChanges_CheckIndex" executed="True" result="Success" success="True" time="0.001">
      </test-case>
      <test-case name="MonoTests.System.Data.DataTableTest2.Reset" executed="True" result="Success" success="True" time="0.002">
      </test-case>
      <test-case name="MonoTests.System.Data.DataTableTest2.RowChanged" executed="True" result="Success" success="True" time="0.002">
      </test-case>
      <test-case name="MonoTests.System.Data.DataTableTest2.RowChanging" executed="True" result="Success" success="True" time="0.002">
      </test-case>
      <test-case name="MonoTests.System.Data.DataTableTest2.RowDeleted" executed="True" result="Success" success="True" time="0.001">
      </test-case>
      <test-case name="MonoTests.System.Data.DataTableTest2.RowDeleting" executed="True" result="Success" success="True" time="0.001">
      </test-case>
      <test-case name="MonoTests.System.Data.DataTableTest2.Rows" executed="True" result="Success" success="True" time="0.001">
      </test-case>
      <test-case name="MonoTests.System.Data.DataTableTest2.Select" executed="True" result="Success" success="True" time="0.001">
      </test-case>
      <test-case name="MonoTests.System.Data.DataTableTest2.Select_BoolColumn" executed="True" result="Success" success="True" time="0.002">
      </test-case>
      <test-case name="MonoTests.System.Data.DataTableTest2.Select_ByFilter" executed="True" result="Success" success="True" time="0.024">
      </test-case>
      <test-case name="MonoTests.System.Data.DataTableTest2.Select_ByFilterDataViewRowState" executed="True" result="Success" success="True" time="0.003">
      </test-case>
      <test-case name="MonoTests.System.Data.DataTableTest2.Select_NonBooleanFilter" executed="True" result="Success" success="True" time="0.001">
      </test-case>
      <test-case name="MonoTests.System.Data.DataTableTest2.Select_OrderOfRows" executed="True" result="Success" success="True" time="0.001">
      </test-case>
      <test-case name="MonoTests.System.Data.DataTableTest2.Select_StringString" executed="True" result="Success" success="True" time="0.006">
      </test-case>
      <test-case name="MonoTests.System.Data.DataTableTest2.Select_StringString_1" executed="True" result="Success" success="True" time="0.005">
      </test-case>
      <test-case name="MonoTests.System.Data.DataTableTest2.Select_StringString_2" executed="False" result="Ignored">
        <reason>
          <message>
          </message>
        </reason>
      </test-case>
      <test-case name="MonoTests.System.Data.DataTableTest2.Select_StringString_3" executed="True" result="Success" success="True" time="0.001">
      </test-case>
      <test-case name="MonoTests.System.Data.DataTableTest2.TableName" executed="True" result="Success" success="True" time="0.000">
      </test-case>
      <test-case name="MonoTests.System.Data.DataTableTest2.ToString" executed="True" result="Success" success="True" time="0.001">
      </test-case>
      <test-case name="MonoTests.System.Data.DeletedRowInaccessibleExceptionTest.Generate" executed="True" result="Success" success="True" time="0.001">
      </test-case>
      <test-case name="MonoTests.System.Data.DuplicateNameExceptionTest.Generate" executed="True" result="Success" success="True" time="0.003">
      </test-case>
      <test-case name="MonoTests.System.Data.EvaluateExceptionTest.Generate" executed="True" result="Success" success="True" time="0.001">
      </test-case>
      <test-case name="MonoTests.System.Data.ForeignKeyConstraintTest2.acceptRejectRule" executed="True" result="Success" success="True" time="0.003">
      </test-case>
      <test-case name="MonoTests.System.Data.ForeignKeyConstraintTest2.Columns" executed="True" result="Success" success="True" time="0.001">
      </test-case>
      <test-case name="MonoTests.System.Data.ForeignKeyConstraintTest2.constraintName" executed="True" result="Success" success="True" time="0.001">
      </test-case>
      <test-case name="MonoTests.System.Data.ForeignKeyConstraintTest2.ctor_DclmDclm" executed="True" result="Success" success="True" time="0.002">
      </test-case>
      <test-case name="MonoTests.System.Data.ForeignKeyConstraintTest2.ctor_DclmDclm1" executed="True" result="Success" success="True" time="0.000">
      </test-case>
      <test-case name="MonoTests.System.Data.ForeignKeyConstraintTest2.ctor_DclmDclm2" executed="True" result="Success" success="True" time="0.001">
      </test-case>
      <test-case name="MonoTests.System.Data.ForeignKeyConstraintTest2.ctor_DclmDclm3" executed="True" result="Success" success="True" time="0.001">
      </test-case>
      <test-case name="MonoTests.System.Data.ForeignKeyConstraintTest2.ctor_NameParentColChildCol" executed="True" result="Success" success="True" time="0.001">
      </test-case>
      <test-case name="MonoTests.System.Data.ForeignKeyConstraintTest2.ctor_NameParentColsChildCols" executed="True" result="Success" success="True" time="0.002">
      </test-case>
      <test-case name="MonoTests.System.Data.ForeignKeyConstraintTest2.ctor_ParentColChildCol" executed="True" result="Success" success="True" time="0.004">
      </test-case>
      <test-case name="MonoTests.System.Data.ForeignKeyConstraintTest2.deleteRule" executed="True" result="Success" success="True" time="0.008">
      </test-case>
      <test-case name="MonoTests.System.Data.ForeignKeyConstraintTest2.Equals" executed="True" result="Success" success="True" time="0.002">
      </test-case>
      <test-case name="MonoTests.System.Data.ForeignKeyConstraintTest2.extendedProperties" executed="True" result="Success" success="True" time="0.001">
      </test-case>
      <test-case name="MonoTests.System.Data.ForeignKeyConstraintTest2.ForeignConstraint_DateTimeModeTest" executed="True" result="Success" success="True" time="0.001">
      </test-case>
      <test-case name="MonoTests.System.Data.ForeignKeyConstraintTest2.ParentChildSameColumn" executed="True" result="Success" success="True" time="0.001">
      </test-case>
      <test-case name="MonoTests.System.Data.ForeignKeyConstraintTest2.RelatedColumns" executed="True" result="Success" success="True" time="0.001">
      </test-case>
      <test-case name="MonoTests.System.Data.ForeignKeyConstraintTest2.RelatedTable" executed="True" result="Success" success="True" time="0.001">
      </test-case>
      <test-case name="MonoTests.System.Data.ForeignKeyConstraintTest2.Table" executed="True" result="Success" success="True" time="0.001">
      </test-case>
      <test-case name="MonoTests.System.Data.ForeignKeyConstraintTest2.ToString" executed="True" result="Success" success="True" time="0.001">
      </test-case>
      <test-case name="MonoTests.System.Data.ForeignKeyConstraintTest2.UpdateRule1" executed="True" result="Success" success="True" time="0.002">
      </test-case>
      <test-case name="MonoTests.System.Data.ForeignKeyConstraintTest2.UpdateRule2" executed="True" result="Success" success="True" time="0.001">
      </test-case>
      <test-case name="MonoTests.System.Data.ForeignKeyConstraintTest2.UpdateRule3" executed="True" result="Success" success="True" time="0.002">
      </test-case>
      <test-case name="MonoTests.System.Data.ForeignKeyConstraintTest2.UpdateRule4" executed="True" result="Success" success="True" time="0.002">
      </test-case>
      <test-case name="MonoTests.System.Data.InRowChangingEventExceptionTest.Generate" executed="True" result="Success" success="True" time="0.001">
      </test-case>
      <test-case name="MonoTests.System.Data.InvalidConstraintExceptionTest.Generate" executed="True" result="Success" success="True" time="0.003">
      </test-case>
      <test-case name="MonoTests.System.Data.MissingPrimaryKeyExceptionTest.Generate1" executed="True" result="Success" success="True" time="0.001">
      </test-case>
      <test-case name="MonoTests.System.Data.MissingPrimaryKeyExceptionTest.Generate2" executed="True" result="Success" success="True" time="0.001">
      </test-case>
      <test-case name="MonoTests.System.Data.NoNullAllowedExceptionTest.Generate" executed="True" result="Success" success="True" time="0.007">
      </test-case>
      <test-case name="MonoTests.System.Data.ReadOnlyExceptionTest.Generate" executed="True" result="Success" success="True" time="0.002">
      </test-case>
      <test-case name="MonoTests.System.Data.RowNotInTableExceptionTest.Generate" executed="True" result="Success" success="True" time="0.003">
      </test-case>
      <test-case name="MonoTests.System.Data.SqlClient.DataTableLoadRowTest.LoadRowAutoIncrementTest" executed="True" result="Success" success="True" time="0.003">
      </test-case>
      <test-case name="MonoTests.System.Data.SqlClient.DataTableLoadRowTest.LoadRowDefaultValueTest" executed="True" result="Success" success="True" time="0.001">
      </test-case>
      <test-case name="MonoTests.System.Data.SqlClient.DataTableLoadRowTest.LoadRowTest" executed="True" result="Success" success="True" time="0.001">
      </test-case>
      <test-case name="MonoTests.System.Data.SqlClient.DataTableLoadRowTest.LoadRowTestOverwriteChanges" executed="True" result="Success" success="True" time="0.009">
      </test-case>
      <test-case name="MonoTests.System.Data.SqlClient.DataTableLoadRowTest.LoadRowTestPreserveChanges" executed="True" result="Success" success="True" time="0.005">
      </test-case>
      <test-case name="MonoTests.System.Data.SqlClient.DataTableLoadRowTest.LoadRowTestUpsert" executed="True" result="Success" success="True" time="0.008">
      </test-case>
      <test-case name="MonoTests.System.Data.SqlTypes.SqlBinaryTest.AdditionOperator" executed="True" result="Success" success="True" time="0.002">
      </test-case>
      <test-case name="MonoTests.System.Data.SqlTypes.SqlBinaryTest.ByteArrayToSqlBinary" executed="True" result="Success" success="True" time="0.001">
      </test-case>
      <test-case name="MonoTests.System.Data.SqlTypes.SqlBinaryTest.CompareTo" executed="True" result="Success" success="True" time="0.003">
      </test-case>
      <test-case name="MonoTests.System.Data.SqlTypes.SqlBinaryTest.ComparisonMethods" executed="True" result="Success" success="True" time="0.005">
      </test-case>
      <test-case name="MonoTests.System.Data.SqlTypes.SqlBinaryTest.ComparisonOperators" executed="True" result="Success" success="True" time="0.001">
      </test-case>
      <test-case name="MonoTests.System.Data.SqlTypes.SqlBinaryTest.Concat" executed="True" result="Success" success="True" time="0.001">
      </test-case>
      <test-case name="MonoTests.System.Data.SqlTypes.SqlBinaryTest.Create" executed="True" result="Success" success="True" time="0.000">
      </test-case>
      <test-case name="MonoTests.System.Data.SqlTypes.SqlBinaryTest.GetHashCodeTest" executed="True" result="Success" success="True" time="0.001">
      </test-case>
      <test-case name="MonoTests.System.Data.SqlTypes.SqlBinaryTest.GetTypeTest" executed="True" result="Success" success="True" time="0.000">
      </test-case>
      <test-case name="MonoTests.System.Data.SqlTypes.SqlBinaryTest.Properties" executed="True" result="Success" success="True" time="0.002">
      </test-case>
      <test-case name="MonoTests.System.Data.SqlTypes.SqlBinaryTest.PublicFields" executed="True" result="Success" success="True" time="0.000">
      </test-case>
      <test-case name="MonoTests.System.Data.SqlTypes.SqlBinaryTest.SqlBinaryToByteArray" executed="True" result="Success" success="True" time="0.001">
      </test-case>
      <test-case name="MonoTests.System.Data.SqlTypes.SqlBinaryTest.SqlGuidToSqlBinary" executed="True" result="Success" success="True" time="0.002">
      </test-case>
      <test-case name="MonoTests.System.Data.SqlTypes.SqlBinaryTest.ToSqlGuid" executed="True" result="Success" success="True" time="0.001">
      </test-case>
      <test-case name="MonoTests.System.Data.SqlTypes.SqlBinaryTest.ToStringTest" executed="True" result="Success" success="True" time="0.000">
      </test-case>
      <test-case name="MonoTests.System.Data.SqlTypes.SqlBooleanTest.And" executed="True" result="Success" success="True" time="0.001">
      </test-case>
      <test-case name="MonoTests.System.Data.SqlTypes.SqlBooleanTest.BitwiseAndOperator" executed="True" result="Success" success="True" time="0.001">
      </test-case>
      <test-case name="MonoTests.System.Data.SqlTypes.SqlBooleanTest.BitwiseOrOperator" executed="True" result="Success" success="True" time="0.001">
      </test-case>
      <test-case name="MonoTests.System.Data.SqlTypes.SqlBooleanTest.BooleanToSqlBoolean" executed="True" result="Success" success="True" time="0.001">
      </test-case>
      <test-case name="MonoTests.System.Data.SqlTypes.SqlBooleanTest.ByteValueProperty" executed="True" result="Success" success="True" time="0.001">
      </test-case>
      <test-case name="MonoTests.System.Data.SqlTypes.SqlBooleanTest.CompareTo" executed="True" result="Success" success="True" time="0.001">
      </test-case>
      <test-case name="MonoTests.System.Data.SqlTypes.SqlBooleanTest.Create" executed="True" result="Success" success="True" time="0.000">
      </test-case>
      <test-case name="MonoTests.System.Data.SqlTypes.SqlBooleanTest.EqualityOperator" executed="True" result="Success" success="True" time="0.001">
      </test-case>
      <test-case name="MonoTests.System.Data.SqlTypes.SqlBooleanTest.Equals" executed="True" result="Success" success="True" time="0.001">
      </test-case>
      <test-case name="MonoTests.System.Data.SqlTypes.SqlBooleanTest.ExlusiveOrOperator" executed="True" result="Success" success="True" time="0.001">
      </test-case>
      <test-case name="MonoTests.System.Data.SqlTypes.SqlBooleanTest.FalseField" executed="True" result="Success" success="True" time="0.000">
      </test-case>
      <test-case name="MonoTests.System.Data.SqlTypes.SqlBooleanTest.FalseOperator" executed="True" result="Success" success="True" time="0.001">
      </test-case>
      <test-case name="MonoTests.System.Data.SqlTypes.SqlBooleanTest.GetHashCodeTest" executed="True" result="Success" success="True" time="0.000">
      </test-case>
      <test-case name="MonoTests.System.Data.SqlTypes.SqlBooleanTest.GetTypeTest" executed="True" result="Success" success="True" time="0.000">
      </test-case>
      <test-case name="MonoTests.System.Data.SqlTypes.SqlBooleanTest.InequalityOperator" executed="True" result="Success" success="True" time="0.002">
      </test-case>
      <test-case name="MonoTests.System.Data.SqlTypes.SqlBooleanTest.IsFalseProperty" executed="True" result="Success" success="True" time="0.001">
      </test-case>
      <test-case name="MonoTests.System.Data.SqlTypes.SqlBooleanTest.IsNullProperty" executed="True" result="Success" success="True" time="0.000">
      </test-case>
      <test-case name="MonoTests.System.Data.SqlTypes.SqlBooleanTest.IsTrueProperty" executed="True" result="Success" success="True" time="0.000">
      </test-case>
      <test-case name="MonoTests.System.Data.SqlTypes.SqlBooleanTest.LogicalNotOperator" executed="True" result="Success" success="True" time="0.001">
      </test-case>
      <test-case name="MonoTests.System.Data.SqlTypes.SqlBooleanTest.NotEquals" executed="True" result="Success" success="True" time="0.001">
      </test-case>
      <test-case name="MonoTests.System.Data.SqlTypes.SqlBooleanTest.NullField" executed="True" result="Success" success="True" time="0.000">
      </test-case>
      <test-case name="MonoTests.System.Data.SqlTypes.SqlBooleanTest.OneField" executed="True" result="Success" success="True" time="0.000">
      </test-case>
      <test-case name="MonoTests.System.Data.SqlTypes.SqlBooleanTest.OnesComplement" executed="True" result="Success" success="True" time="0.001">
      </test-case>
      <test-case name="MonoTests.System.Data.SqlTypes.SqlBooleanTest.OnesComplementOperator" executed="True" result="Success" success="True" time="0.000">
      </test-case>
      <test-case name="MonoTests.System.Data.SqlTypes.SqlBooleanTest.Or" executed="True" result="Success" success="True" time="0.001">
      </test-case>
      <test-case name="MonoTests.System.Data.SqlTypes.SqlBooleanTest.Parse" executed="True" result="Success" success="True" time="0.002">
      </test-case>
      <test-case name="MonoTests.System.Data.SqlTypes.SqlBooleanTest.SqlBooleanToBoolean" executed="True" result="Success" success="True" time="0.000">
      </test-case>
      <test-case name="MonoTests.System.Data.SqlTypes.SqlBooleanTest.SqlByteToSqlBoolean" executed="True" result="Success" success="True" time="0.001">
      </test-case>
      <test-case name="MonoTests.System.Data.SqlTypes.SqlBooleanTest.SqlDecimalToSqlBoolean" executed="True" result="Success" success="True" time="0.003">
      </test-case>
      <test-case name="MonoTests.System.Data.SqlTypes.SqlBooleanTest.SqlDoubleToSqlBoolean" executed="True" result="Success" success="True" time="0.001">
      </test-case>
      <test-case name="MonoTests.System.Data.SqlTypes.SqlBooleanTest.SqlInt16ToSqlBoolean" executed="True" result="Success" success="True" time="0.001">
      </test-case>
      <test-case name="MonoTests.System.Data.SqlTypes.SqlBooleanTest.SqlInt32ToSqlBoolean" executed="True" result="Success" success="True" time="0.001">
      </test-case>
      <test-case name="MonoTests.System.Data.SqlTypes.SqlBooleanTest.SqlInt64ToSqlBoolean" executed="True" result="Success" success="True" time="0.002">
      </test-case>
      <test-case name="MonoTests.System.Data.SqlTypes.SqlBooleanTest.SqlMoneyToSqlBoolean" executed="True" result="Success" success="True" time="0.007">
      </test-case>
      <test-case name="MonoTests.System.Data.SqlTypes.SqlBooleanTest.SqlSingleToSqlBoolean" executed="True" result="Success" success="True" time="0.001">
      </test-case>
      <test-case name="MonoTests.System.Data.SqlTypes.SqlBooleanTest.SqlStringToSqlBoolean" executed="True" result="Success" success="True" time="0.001">
      </test-case>
      <test-case name="MonoTests.System.Data.SqlTypes.SqlBooleanTest.StaticEquals" executed="True" result="Success" success="True" time="0.001">
      </test-case>
      <test-case name="MonoTests.System.Data.SqlTypes.SqlBooleanTest.ToSqlByte" executed="True" result="Success" success="True" time="0.001">
      </test-case>
      <test-case name="MonoTests.System.Data.SqlTypes.SqlBooleanTest.ToSqlDecimal" executed="True" result="Success" success="True" time="0.003">
      </test-case>
      <test-case name="MonoTests.System.Data.SqlTypes.SqlBooleanTest.ToSqlDouble" executed="True" result="Success" success="True" time="0.001">
      </test-case>
      <test-case name="MonoTests.System.Data.SqlTypes.SqlBooleanTest.ToSqlInt16" executed="True" result="Success" success="True" time="0.001">
      </test-case>
      <test-case name="MonoTests.System.Data.SqlTypes.SqlBooleanTest.ToSqlInt32" executed="True" result="Success" success="True" time="0.001">
      </test-case>
      <test-case name="MonoTests.System.Data.SqlTypes.SqlBooleanTest.ToSqlInt64" executed="True" result="Success" success="True" time="0.001">
      </test-case>
      <test-case name="MonoTests.System.Data.SqlTypes.SqlBooleanTest.ToSqlMoney" executed="True" result="Success" success="True" time="0.001">
      </test-case>
      <test-case name="MonoTests.System.Data.SqlTypes.SqlBooleanTest.ToSqlsingle" executed="True" result="Success" success="True" time="0.001">
      </test-case>
      <test-case name="MonoTests.System.Data.SqlTypes.SqlBooleanTest.ToSqlString" executed="True" result="Success" success="True" time="0.001">
      </test-case>
      <test-case name="MonoTests.System.Data.SqlTypes.SqlBooleanTest.ToStringTest" executed="True" result="Success" success="True" time="0.001">
      </test-case>
      <test-case name="MonoTests.System.Data.SqlTypes.SqlBooleanTest.TrueField" executed="True" result="Success" success="True" time="0.000">
      </test-case>
      <test-case name="MonoTests.System.Data.SqlTypes.SqlBooleanTest.TrueOperator" executed="True" result="Success" success="True" time="0.001">
      </test-case>
      <test-case name="MonoTests.System.Data.SqlTypes.SqlBooleanTest.ValueProperty" executed="True" result="Success" success="True" time="0.000">
      </test-case>
      <test-case name="MonoTests.System.Data.SqlTypes.SqlBooleanTest.Xor" executed="True" result="Success" success="True" time="0.001">
      </test-case>
      <test-case name="MonoTests.System.Data.SqlTypes.SqlBooleanTest.ZeroField" executed="True" result="Success" success="True" time="0.000">
      </test-case>
      <test-case name="MonoTests.System.Data.SqlTypes.SqlByteTest.AdditionOperator" executed="True" result="Success" success="True" time="0.002">
      </test-case>
      <test-case name="MonoTests.System.Data.SqlTypes.SqlByteTest.AddMethod" executed="True" result="Success" success="True" time="0.001">
      </test-case>
      <test-case name="MonoTests.System.Data.SqlTypes.SqlByteTest.BitwiseAndMethod" executed="True" result="Success" success="True" time="0.001">
      </test-case>
      <test-case name="MonoTests.System.Data.SqlTypes.SqlByteTest.BitwiseAndOperator" executed="True" result="Success" success="True" time="0.001">
      </test-case>
      <test-case name="MonoTests.System.Data.SqlTypes.SqlByteTest.BitwiseOrMethod" executed="True" result="Success" success="True" time="0.001">
      </test-case>
      <test-case name="MonoTests.System.Data.SqlTypes.SqlByteTest.BitwiseOrOperator" executed="True" result="Success" success="True" time="0.001">
      </test-case>
      <test-case name="MonoTests.System.Data.SqlTypes.SqlByteTest.ByteToSqlByte" executed="True" result="Success" success="True" time="0.001">
      </test-case>
      <test-case name="MonoTests.System.Data.SqlTypes.SqlByteTest.CompareTo" executed="True" result="Success" success="True" time="0.002">
      </test-case>
      <test-case name="MonoTests.System.Data.SqlTypes.SqlByteTest.Create" executed="True" result="Success" success="True" time="0.000">
      </test-case>
      <test-case name="MonoTests.System.Data.SqlTypes.SqlByteTest.DivideMethod" executed="True" result="Success" success="True" time="0.001">
      </test-case>
      <test-case name="MonoTests.System.Data.SqlTypes.SqlByteTest.DivisionOperator" executed="True" result="Success" success="True" time="0.001">
      </test-case>
      <test-case name="MonoTests.System.Data.SqlTypes.SqlByteTest.EqualityOperator" executed="True" result="Success" success="True" time="0.001">
      </test-case>
      <test-case name="MonoTests.System.Data.SqlTypes.SqlByteTest.EqualsMethod" executed="True" result="Success" success="True" time="0.001">
      </test-case>
      <test-case name="MonoTests.System.Data.SqlTypes.SqlByteTest.ExclusiveOrOperator" executed="True" result="Success" success="True" time="0.001">
      </test-case>
      <test-case name="MonoTests.System.Data.SqlTypes.SqlByteTest.GetHashCodeTest" executed="True" result="Success" success="True" time="0.001">
      </test-case>
      <test-case name="MonoTests.System.Data.SqlTypes.SqlByteTest.GetTypeTest" executed="True" result="Success" success="True" time="0.001">
      </test-case>
      <test-case name="MonoTests.System.Data.SqlTypes.SqlByteTest.GreaterThan" executed="True" result="Success" success="True" time="0.001">
      </test-case>
      <test-case name="MonoTests.System.Data.SqlTypes.SqlByteTest.GreaterThanOrEqual" executed="True" result="Success" success="True" time="0.001">
      </test-case>
      <test-case name="MonoTests.System.Data.SqlTypes.SqlByteTest.LessThan" executed="True" result="Success" success="True" time="0.001">
      </test-case>
      <test-case name="MonoTests.System.Data.SqlTypes.SqlByteTest.LessThanOrEqual" executed="True" result="Success" success="True" time="0.002">
      </test-case>
      <test-case name="MonoTests.System.Data.SqlTypes.SqlByteTest.Mod" executed="True" result="Success" success="True" time="0.001">
      </test-case>
      <test-case name="MonoTests.System.Data.SqlTypes.SqlByteTest.MultiplicationOperator" executed="True" result="Success" success="True" time="0.009">
      </test-case>
      <test-case name="MonoTests.System.Data.SqlTypes.SqlByteTest.Multiply" executed="True" result="Success" success="True" time="0.001">
      </test-case>
      <test-case name="MonoTests.System.Data.SqlTypes.SqlByteTest.NotEquals" executed="True" result="Success" success="True" time="0.001">
      </test-case>
      <test-case name="MonoTests.System.Data.SqlTypes.SqlByteTest.OnesComplement" executed="True" result="Success" success="True" time="0.001">
      </test-case>
      <test-case name="MonoTests.System.Data.SqlTypes.SqlByteTest.OnesComplementOperator" executed="True" result="Success" success="True" time="0.001">
      </test-case>
      <test-case name="MonoTests.System.Data.SqlTypes.SqlByteTest.Parse" executed="True" result="Success" success="True" time="0.004">
      </test-case>
      <test-case name="MonoTests.System.Data.SqlTypes.SqlByteTest.Properties" executed="True" result="Success" success="True" time="0.001">
      </test-case>
      <test-case name="MonoTests.System.Data.SqlTypes.SqlByteTest.PublicFields" executed="True" result="Success" success="True" time="0.001">
      </test-case>
      <test-case name="MonoTests.System.Data.SqlTypes.SqlByteTest.SqlBooleanToSqlByte" executed="True" result="Success" success="True" time="0.001">
      </test-case>
      <test-case name="MonoTests.System.Data.SqlTypes.SqlByteTest.SqlByteToByte" executed="True" result="Success" success="True" time="0.001">
      </test-case>
      <test-case name="MonoTests.System.Data.SqlTypes.SqlByteTest.SqlDecimalToSqlByte" executed="True" result="Success" success="True" time="0.002">
      </test-case>
      <test-case name="MonoTests.System.Data.SqlTypes.SqlByteTest.SqlDoubleToSqlByte" executed="True" result="Success" success="True" time="0.001">
      </test-case>
      <test-case name="MonoTests.System.Data.SqlTypes.SqlByteTest.SqlInt16ToSqlByte" executed="True" result="Success" success="True" time="0.001">
      </test-case>
      <test-case name="MonoTests.System.Data.SqlTypes.SqlByteTest.SqlInt32ToSqlByte" executed="True" result="Success" success="True" time="0.001">
      </test-case>
      <test-case name="MonoTests.System.Data.SqlTypes.SqlByteTest.SqlInt64ToSqlByte" executed="True" result="Success" success="True" time="0.001">
      </test-case>
      <test-case name="MonoTests.System.Data.SqlTypes.SqlByteTest.SqlMoneyToSqlByte" executed="True" result="Success" success="True" time="0.001">
      </test-case>
      <test-case name="MonoTests.System.Data.SqlTypes.SqlByteTest.SqlSingleToSqlByte" executed="True" result="Success" success="True" time="0.001">
      </test-case>
      <test-case name="MonoTests.System.Data.SqlTypes.SqlByteTest.SqlStringToSqlByte" executed="True" result="Success" success="True" time="0.001">
      </test-case>
      <test-case name="MonoTests.System.Data.SqlTypes.SqlByteTest.StaticEqualsMethod" executed="True" result="Success" success="True" time="0.001">
      </test-case>
      <test-case name="MonoTests.System.Data.SqlTypes.SqlByteTest.Subtract" executed="True" result="Success" success="True" time="0.001">
      </test-case>
      <test-case name="MonoTests.System.Data.SqlTypes.SqlByteTest.SubtractionOperator" executed="True" result="Success" success="True" time="0.001">
      </test-case>
      <test-case name="MonoTests.System.Data.SqlTypes.SqlByteTest.TestXor" executed="True" result="Success" success="True" time="0.001">
      </test-case>
      <test-case name="MonoTests.System.Data.SqlTypes.SqlByteTest.ThanOrEqualOperators" executed="True" result="Success" success="True" time="0.002">
      </test-case>
      <test-case name="MonoTests.System.Data.SqlTypes.SqlByteTest.ToSqlBoolean" executed="True" result="Success" success="True" time="0.001">
      </test-case>
      <test-case name="MonoTests.System.Data.SqlTypes.SqlByteTest.ToSqlDecimal" executed="True" result="Success" success="True" time="0.001">
      </test-case>
      <test-case name="MonoTests.System.Data.SqlTypes.SqlByteTest.ToSqlDouble" executed="True" result="Success" success="True" time="0.001">
      </test-case>
      <test-case name="MonoTests.System.Data.SqlTypes.SqlByteTest.ToSqlInt16" executed="True" result="Success" success="True" time="0.001">
      </test-case>
      <test-case name="MonoTests.System.Data.SqlTypes.SqlByteTest.ToSqlInt32" executed="True" result="Success" success="True" time="0.001">
      </test-case>
      <test-case name="MonoTests.System.Data.SqlTypes.SqlByteTest.ToSqlInt64" executed="True" result="Success" success="True" time="0.001">
      </test-case>
      <test-case name="MonoTests.System.Data.SqlTypes.SqlByteTest.ToSqlMoney" executed="True" result="Success" success="True" time="0.001">
      </test-case>
      <test-case name="MonoTests.System.Data.SqlTypes.SqlByteTest.ToSqlSingle" executed="True" result="Success" success="True" time="0.001">
      </test-case>
      <test-case name="MonoTests.System.Data.SqlTypes.SqlByteTest.ToSqlString" executed="True" result="Success" success="True" time="0.001">
      </test-case>
      <test-case name="MonoTests.System.Data.SqlTypes.SqlByteTest.ToStringTest" executed="True" result="Success" success="True" time="0.001">
      </test-case>
      <test-case name="MonoTests.System.Data.SqlTypes.SqlDateTimeTest.ArithmeticOperators" executed="True" result="Success" success="True" time="0.006">
      </test-case>
      <test-case name="MonoTests.System.Data.SqlTypes.SqlDateTimeTest.CompareTo" executed="True" result="Success" success="True" time="0.002">
      </test-case>
      <test-case name="MonoTests.System.Data.SqlTypes.SqlDateTimeTest.Create" executed="True" result="Success" success="True" time="0.005">
      </test-case>
      <test-case name="MonoTests.System.Data.SqlTypes.SqlDateTimeTest.DateTimeToSqlDateTime" executed="True" result="Success" success="True" time="0.001">
      </test-case>
      <test-case name="MonoTests.System.Data.SqlTypes.SqlDateTimeTest.EffingBilisecond" executed="True" result="Success" success="True" time="0.001">
      </test-case>
      <test-case name="MonoTests.System.Data.SqlTypes.SqlDateTimeTest.EqualsMethods" executed="True" result="Success" success="True" time="0.002">
      </test-case>
      <test-case name="MonoTests.System.Data.SqlTypes.SqlDateTimeTest.GetHashCodeTest" executed="True" result="Success" success="True" time="0.001">
      </test-case>
      <test-case name="MonoTests.System.Data.SqlTypes.SqlDateTimeTest.GetTypeTest" executed="True" result="Success" success="True" time="0.001">
      </test-case>
      <test-case name="MonoTests.System.Data.SqlTypes.SqlDateTimeTest.Greaters" executed="True" result="Success" success="True" time="0.002">
      </test-case>
      <test-case name="MonoTests.System.Data.SqlTypes.SqlDateTimeTest.Lessers" executed="True" result="Success" success="True" time="0.002">
      </test-case>
      <test-case name="MonoTests.System.Data.SqlTypes.SqlDateTimeTest.NotEquals" executed="True" result="Success" success="True" time="0.001">
      </test-case>
      <test-case name="MonoTests.System.Data.SqlTypes.SqlDateTimeTest.Parse" executed="True" result="Success" success="True" time="0.023">
      </test-case>
      <test-case name="MonoTests.System.Data.SqlTypes.SqlDateTimeTest.Properties" executed="True" result="Success" success="True" time="0.001">
      </test-case>
      <test-case name="MonoTests.System.Data.SqlTypes.SqlDateTimeTest.PublicFields" executed="True" result="Success" success="True" time="0.002">
      </test-case>
      <test-case name="MonoTests.System.Data.SqlTypes.SqlDateTimeTest.SqlDateTimeToDateTime" executed="True" result="Success" success="True" time="0.001">
      </test-case>
      <test-case name="MonoTests.System.Data.SqlTypes.SqlDateTimeTest.SqlStringToSqlDateTime" executed="True" result="Success" success="True" time="0.011">
      </test-case>
      <test-case name="MonoTests.System.Data.SqlTypes.SqlDateTimeTest.ThanOrEqualOperators" executed="True" result="Success" success="True" time="0.002">
      </test-case>
      <test-case name="MonoTests.System.Data.SqlTypes.SqlDateTimeTest.TicksRoundTrip" executed="True" result="Success" success="True" time="0.001">
      </test-case>
      <test-case name="MonoTests.System.Data.SqlTypes.SqlDateTimeTest.ToStringTest" executed="False" result="Ignored">
        <reason>
          <message>
<![CDATA[This test is locale dependent.]]>
          </message>
        </reason>
      </test-case>
      <test-case name="MonoTests.System.Data.SqlTypes.SqlDecimalTest.AdjustScale" executed="True" result="Success" success="True" time="0.009">
      </test-case>
      <test-case name="MonoTests.System.Data.SqlTypes.SqlDecimalTest.ArithmeticMethods" executed="True" result="Success" success="True" time="0.012">
      </test-case>
      <test-case name="MonoTests.System.Data.SqlTypes.SqlDecimalTest.ArithmeticOperators" executed="True" result="Success" success="True" time="0.007">
      </test-case>
      <test-case name="MonoTests.System.Data.SqlTypes.SqlDecimalTest.ByteToSqlDecimal" executed="True" result="Success" success="True" time="0.001">
      </test-case>
      <test-case name="MonoTests.System.Data.SqlTypes.SqlDecimalTest.CompareTo" executed="True" result="Success" success="True" time="0.001">
      </test-case>
      <test-case name="MonoTests.System.Data.SqlTypes.SqlDecimalTest.Conversions" executed="True" result="Success" success="True" time="0.009">
      </test-case>
      <test-case name="MonoTests.System.Data.SqlTypes.SqlDecimalTest.ConvertToPrecScale" executed="True" result="Success" success="True" time="0.003">
      </test-case>
      <test-case name="MonoTests.System.Data.SqlTypes.SqlDecimalTest.Create" executed="True" result="Success" success="True" time="0.003">
      </test-case>
      <test-case name="MonoTests.System.Data.SqlTypes.SqlDecimalTest.DecimalToSqlDecimal" executed="True" result="Success" success="True" time="0.001">
      </test-case>
      <test-case name="MonoTests.System.Data.SqlTypes.SqlDecimalTest.EqualsMethods" executed="True" result="Success" success="True" time="0.002">
      </test-case>
      <test-case name="MonoTests.System.Data.SqlTypes.SqlDecimalTest.GetTypeTest" executed="True" result="Success" success="True" time="0.001">
      </test-case>
      <test-case name="MonoTests.System.Data.SqlTypes.SqlDecimalTest.Greaters" executed="True" result="Success" success="True" time="0.002">
      </test-case>
      <test-case name="MonoTests.System.Data.SqlTypes.SqlDecimalTest.Lessers" executed="True" result="Success" success="True" time="0.003">
      </test-case>
      <test-case name="MonoTests.System.Data.SqlTypes.SqlDecimalTest.Parse" executed="True" result="Error" success="False" time="0.002">
        <failure>
          <message>
<![CDATA[System.OverflowException : Number overflow.]]>
          </message>
          <stack-trace>
<![CDATA[at System.Decimal.PerformParse (System.String s, NumberStyles style, IFormatProvider provider, System.Decimal& res, Boolean throwex) [0x001fb] in /Users/builduser/buildslave/monoAndRuntimeClassLibs/build/mcs/class/corlib/System/Decimal.cs:1116
at System.Decimal.Parse (System.String s, NumberStyles style, IFormatProvider provider) [0x0002d] in /Users/builduser/buildslave/monoAndRuntimeClassLibs/build/mcs/class/corlib/System/Decimal.cs:1006
at System.Decimal.Parse (System.String s) [0x00000] in /Users/builduser/buildslave/monoAndRuntimeClassLibs/build/mcs/class/corlib/System/Decimal.cs:712
at System.Data.SqlTypes.SqlDecimal.Parse (System.String s) [0x00011] in /Users/davidgutierrezpalma/Desarrollo/Personal/Proyectos/Unity3D/ai4unity/src/Assets/Mono/Runtime/System.Data.SqlTypes/SqlDecimal.cs:386
at MonoTests.System.Data.SqlTypes.SqlDecimalTest.Parse () [0x000bd] in /Users/davidgutierrezpalma/Desarrollo/Personal/Proyectos/Unity3D/ai4unity/src/Assets/Mono/Editor/Tests/System.Data.SqlTypes/SqlDecimalTest.cs:399
]]>
          </stack-trace>
        </failure>
      </test-case>
      <test-case name="MonoTests.System.Data.SqlTypes.SqlDecimalTest.Properties" executed="True" result="Success" success="True" time="0.002">
      </test-case>
      <test-case name="MonoTests.System.Data.SqlTypes.SqlDecimalTest.PublicFields" executed="True" result="Success" success="True" time="0.001">
      </test-case>
      <test-case name="MonoTests.System.Data.SqlTypes.SqlDecimalTest.SqlBooleanToSqlDecimal" executed="True" result="Success" success="True" time="0.001">
      </test-case>
      <test-case name="MonoTests.System.Data.SqlTypes.SqlDecimalTest.SqlDecimalToDecimal" executed="True" result="Success" success="True" time="0.001">
      </test-case>
      <test-case name="MonoTests.System.Data.SqlTypes.SqlDecimalTest.SqlDoubleToSqlDecimal" executed="True" result="Success" success="True" time="0.001">
      </test-case>
      <test-case name="MonoTests.System.Data.SqlTypes.SqlDecimalTest.SqlIntToSqlDouble" executed="True" result="Success" success="True" time="0.002">
      </test-case>
      <test-case name="MonoTests.System.Data.SqlTypes.SqlDecimalTest.SqlMoneyToSqlDecimal" executed="True" result="Success" success="True" time="0.001">
      </test-case>
      <test-case name="MonoTests.System.Data.SqlTypes.SqlDecimalTest.SqlSingleToSqlDecimal" executed="True" result="Success" success="True" time="0.001">
      </test-case>
      <test-case name="MonoTests.System.Data.SqlTypes.SqlDecimalTest.SqlStringToSqlDecimal" executed="True" result="Success" success="True" time="0.001">
      </test-case>
      <test-case name="MonoTests.System.Data.SqlTypes.SqlDecimalTest.ThanOrEqualOperators" executed="True" result="Success" success="True" time="0.004">
      </test-case>
      <test-case name="MonoTests.System.Data.SqlTypes.SqlDecimalTest.ToStringTest" executed="True" result="Success" success="True" time="0.001">
      </test-case>
      <test-case name="MonoTests.System.Data.SqlTypes.SqlDecimalTest.Truncate" executed="True" result="Success" success="True" time="0.001">
      </test-case>
      <test-case name="MonoTests.System.Data.SqlTypes.SqlDecimalTest.UnaryNegation" executed="True" result="Success" success="True" time="0.001">
      </test-case>
      <test-case name="MonoTests.System.Data.SqlTypes.SqlDecimalTest.Value" executed="True" result="Success" success="True" time="0.001">
      </test-case>
      <test-case name="MonoTests.System.Data.SqlTypes.SqlDoubleTest.ArithmeticMethods" executed="True" result="Success" success="True" time="0.005">
      </test-case>
      <test-case name="MonoTests.System.Data.SqlTypes.SqlDoubleTest.ArithmeticOperators" executed="True" result="Success" success="True" time="0.002">
      </test-case>
      <test-case name="MonoTests.System.Data.SqlTypes.SqlDoubleTest.ByteToSqlDouble" executed="True" result="Success" success="True" time="0.000">
      </test-case>
      <test-case name="MonoTests.System.Data.SqlTypes.SqlDoubleTest.CompareTo" executed="True" result="Success" success="True" time="0.001">
      </test-case>
      <test-case name="MonoTests.System.Data.SqlTypes.SqlDoubleTest.Conversions" executed="True" result="Success" success="True" time="0.008">
      </test-case>
      <test-case name="MonoTests.System.Data.SqlTypes.SqlDoubleTest.Create" executed="True" result="Success" success="True" time="0.001">
      </test-case>
      <test-case name="MonoTests.System.Data.SqlTypes.SqlDoubleTest.DoubleToSqlDouble" executed="True" result="Success" success="True" time="0.000">
      </test-case>
      <test-case name="MonoTests.System.Data.SqlTypes.SqlDoubleTest.EqualsMethods" executed="True" result="Success" success="True" time="0.001">
      </test-case>
      <test-case name="MonoTests.System.Data.SqlTypes.SqlDoubleTest.GetHashCodeTest" executed="True" result="Success" success="True" time="0.001">
      </test-case>
      <test-case name="MonoTests.System.Data.SqlTypes.SqlDoubleTest.GetTypeTest" executed="True" result="Success" success="True" time="0.001">
      </test-case>
      <test-case name="MonoTests.System.Data.SqlTypes.SqlDoubleTest.Greaters" executed="True" result="Success" success="True" time="0.003">
      </test-case>
      <test-case name="MonoTests.System.Data.SqlTypes.SqlDoubleTest.Lessers" executed="True" result="Success" success="True" time="0.002">
      </test-case>
      <test-case name="MonoTests.System.Data.SqlTypes.SqlDoubleTest.NotEquals" executed="True" result="Success" success="True" time="0.001">
      </test-case>
      <test-case name="MonoTests.System.Data.SqlTypes.SqlDoubleTest.Parse" executed="True" result="Success" success="True" time="0.001">
      </test-case>
      <test-case name="MonoTests.System.Data.SqlTypes.SqlDoubleTest.Properties" executed="True" result="Success" success="True" time="0.001">
      </test-case>
      <test-case name="MonoTests.System.Data.SqlTypes.SqlDoubleTest.PublicFields" executed="True" result="Success" success="True" time="0.001">
      </test-case>
      <test-case name="MonoTests.System.Data.SqlTypes.SqlDoubleTest.SqlBooleanToSqlDouble" executed="True" result="Success" success="True" time="0.001">
      </test-case>
      <test-case name="MonoTests.System.Data.SqlTypes.SqlDoubleTest.SqlDecimalToSqlDouble" executed="True" result="Success" success="True" time="0.001">
      </test-case>
      <test-case name="MonoTests.System.Data.SqlTypes.SqlDoubleTest.SqlDoubleToDouble" executed="True" result="Success" success="True" time="0.001">
      </test-case>
      <test-case name="MonoTests.System.Data.SqlTypes.SqlDoubleTest.SqlIntToSqlDouble" executed="True" result="Success" success="True" time="0.001">
      </test-case>
      <test-case name="MonoTests.System.Data.SqlTypes.SqlDoubleTest.SqlMoneyToSqlDouble" executed="True" result="Success" success="True" time="0.001">
      </test-case>
      <test-case name="MonoTests.System.Data.SqlTypes.SqlDoubleTest.SqlSingleToSqlDouble" executed="True" result="Success" success="True" time="0.001">
      </test-case>
      <test-case name="MonoTests.System.Data.SqlTypes.SqlDoubleTest.SqlStringToSqlDouble" executed="True" result="Success" success="True" time="0.001">
      </test-case>
      <test-case name="MonoTests.System.Data.SqlTypes.SqlDoubleTest.ThanOrEqualOperators" executed="True" result="Success" success="True" time="0.003">
      </test-case>
      <test-case name="MonoTests.System.Data.SqlTypes.SqlDoubleTest.UnaryNegation" executed="True" result="Success" success="True" time="0.001">
      </test-case>
      <test-case name="MonoTests.System.Data.SqlTypes.SqlGuidTest.CompareTo" executed="True" result="Success" success="True" time="0.006">
      </test-case>
      <test-case name="MonoTests.System.Data.SqlTypes.SqlGuidTest.Conversions" executed="True" result="Success" success="True" time="0.002">
      </test-case>
      <test-case name="MonoTests.System.Data.SqlTypes.SqlGuidTest.Create" executed="True" result="Success" success="True" time="0.001">
      </test-case>
      <test-case name="MonoTests.System.Data.SqlTypes.SqlGuidTest.EqualsMethods" executed="True" result="Success" success="True" time="0.002">
      </test-case>
      <test-case name="MonoTests.System.Data.SqlTypes.SqlGuidTest.GetHashCodeTest" executed="True" result="Success" success="True" time="0.001">
      </test-case>
      <test-case name="MonoTests.System.Data.SqlTypes.SqlGuidTest.GetTypeTest" executed="True" result="Success" success="True" time="0.000">
      </test-case>
      <test-case name="MonoTests.System.Data.SqlTypes.SqlGuidTest.Greaters" executed="True" result="Success" success="True" time="0.002">
      </test-case>
      <test-case name="MonoTests.System.Data.SqlTypes.SqlGuidTest.GuidToSqlGuid" executed="True" result="Success" success="True" time="0.001">
      </test-case>
      <test-case name="MonoTests.System.Data.SqlTypes.SqlGuidTest.Lessers" executed="True" result="Success" success="True" time="0.002">
      </test-case>
      <test-case name="MonoTests.System.Data.SqlTypes.SqlGuidTest.NotEquals" executed="True" result="Success" success="True" time="0.001">
      </test-case>
      <test-case name="MonoTests.System.Data.SqlTypes.SqlGuidTest.Parse" executed="True" result="Success" success="True" time="0.002">
      </test-case>
      <test-case name="MonoTests.System.Data.SqlTypes.SqlGuidTest.Properties" executed="True" result="Success" success="True" time="0.001">
      </test-case>
      <test-case name="MonoTests.System.Data.SqlTypes.SqlGuidTest.PublicFields" executed="True" result="Success" success="True" time="0.000">
      </test-case>
      <test-case name="MonoTests.System.Data.SqlTypes.SqlGuidTest.SqlBinaryToSqlGuid" executed="True" result="Success" success="True" time="0.001">
      </test-case>
      <test-case name="MonoTests.System.Data.SqlTypes.SqlGuidTest.SqlGuidToGuid" executed="True" result="Success" success="True" time="0.001">
      </test-case>
      <test-case name="MonoTests.System.Data.SqlTypes.SqlGuidTest.SqlStringToSqlGuid" executed="True" result="Success" success="True" time="0.001">
      </test-case>
      <test-case name="MonoTests.System.Data.SqlTypes.SqlGuidTest.ThanOrEqualOperators" executed="True" result="Success" success="True" time="0.003">
      </test-case>
      <test-case name="MonoTests.System.Data.SqlTypes.SqlInt16Test.ArithmeticMethods" executed="True" result="Success" success="True" time="0.004">
      </test-case>
      <test-case name="MonoTests.System.Data.SqlTypes.SqlInt16Test.ArithmeticOperators" executed="True" result="Success" success="True" time="0.002">
      </test-case>
      <test-case name="MonoTests.System.Data.SqlTypes.SqlInt16Test.BitwiseMethods" executed="True" result="Success" success="True" time="0.001">
      </test-case>
      <test-case name="MonoTests.System.Data.SqlTypes.SqlInt16Test.BitwiseOperators" executed="True" result="Success" success="True" time="0.001">
      </test-case>
      <test-case name="MonoTests.System.Data.SqlTypes.SqlInt16Test.ByteToSqlInt16" executed="True" result="Success" success="True" time="0.000">
      </test-case>
      <test-case name="MonoTests.System.Data.SqlTypes.SqlInt16Test.CompareTo" executed="True" result="Success" success="True" time="0.002">
      </test-case>
      <test-case name="MonoTests.System.Data.SqlTypes.SqlInt16Test.Conversions" executed="True" result="Success" success="True" time="0.006">
      </test-case>
      <test-case name="MonoTests.System.Data.SqlTypes.SqlInt16Test.Create" executed="True" result="Success" success="True" time="0.000">
      </test-case>
      <test-case name="MonoTests.System.Data.SqlTypes.SqlInt16Test.EqualsMethod" executed="True" result="Success" success="True" time="0.001">
      </test-case>
      <test-case name="MonoTests.System.Data.SqlTypes.SqlInt16Test.GetHashCodeTest" executed="True" result="Success" success="True" time="0.000">
      </test-case>
      <test-case name="MonoTests.System.Data.SqlTypes.SqlInt16Test.GetTypeTest" executed="True" result="Success" success="True" time="0.000">
      </test-case>
      <test-case name="MonoTests.System.Data.SqlTypes.SqlInt16Test.Greaters" executed="True" result="Success" success="True" time="0.001">
      </test-case>
      <test-case name="MonoTests.System.Data.SqlTypes.SqlInt16Test.Lessers" executed="True" result="Success" success="True" time="0.001">
      </test-case>
      <test-case name="MonoTests.System.Data.SqlTypes.SqlInt16Test.NotEquals" executed="True" result="Success" success="True" time="0.002">
      </test-case>
      <test-case name="MonoTests.System.Data.SqlTypes.SqlInt16Test.OnesComplement" executed="True" result="Success" success="True" time="0.001">
      </test-case>
      <test-case name="MonoTests.System.Data.SqlTypes.SqlInt16Test.OnesComplementOperator" executed="True" result="Success" success="True" time="0.001">
      </test-case>
      <test-case name="MonoTests.System.Data.SqlTypes.SqlInt16Test.Parse" executed="True" result="Success" success="True" time="0.002">
      </test-case>
      <test-case name="MonoTests.System.Data.SqlTypes.SqlInt16Test.Properties" executed="True" result="Success" success="True" time="0.000">
      </test-case>
      <test-case name="MonoTests.System.Data.SqlTypes.SqlInt16Test.PublicFields" executed="True" result="Success" success="True" time="0.001">
      </test-case>
      <test-case name="MonoTests.System.Data.SqlTypes.SqlInt16Test.SqlBooleanToSqlInt16" executed="True" result="Success" success="True" time="0.000">
      </test-case>
      <test-case name="MonoTests.System.Data.SqlTypes.SqlInt16Test.SqlDecimalToSqlInt16" executed="True" result="Success" success="True" time="0.001">
      </test-case>
      <test-case name="MonoTests.System.Data.SqlTypes.SqlInt16Test.SqlDoubleToSqlInt16" executed="True" result="Success" success="True" time="0.001">
      </test-case>
      <test-case name="MonoTests.System.Data.SqlTypes.SqlInt16Test.SqlInt32ToSqlInt16" executed="True" result="Success" success="True" time="0.001">
      </test-case>
      <test-case name="MonoTests.System.Data.SqlTypes.SqlInt16Test.SqlInt64ToSqlInt16" executed="True" result="Success" success="True" time="0.001">
      </test-case>
      <test-case name="MonoTests.System.Data.SqlTypes.SqlInt16Test.SqlIntToInt16" executed="True" result="Success" success="True" time="0.000">
      </test-case>
      <test-case name="MonoTests.System.Data.SqlTypes.SqlInt16Test.SqlMoneyToSqlInt16" executed="True" result="Success" success="True" time="0.001">
      </test-case>
      <test-case name="MonoTests.System.Data.SqlTypes.SqlInt16Test.SqlSingleToSqlInt16" executed="True" result="Success" success="True" time="0.001">
      </test-case>
      <test-case name="MonoTests.System.Data.SqlTypes.SqlInt16Test.SqlStringToSqlInt16" executed="True" result="Success" success="True" time="0.002">
      </test-case>
      <test-case name="MonoTests.System.Data.SqlTypes.SqlInt16Test.StaticEqualsMethod" executed="True" result="Success" success="True" time="0.001">
      </test-case>
      <test-case name="MonoTests.System.Data.SqlTypes.SqlInt16Test.ThanOrEqualOperators" executed="True" result="Success" success="True" time="0.002">
      </test-case>
      <test-case name="MonoTests.System.Data.SqlTypes.SqlInt16Test.UnaryNegation" executed="True" result="Success" success="True" time="0.001">
      </test-case>
      <test-case name="MonoTests.System.Data.SqlTypes.SqlInt16Test.Xor" executed="True" result="Success" success="True" time="0.002">
      </test-case>
      <test-case name="MonoTests.System.Data.SqlTypes.SqlInt32Test.Add" executed="True" result="Success" success="True" time="0.001">
      </test-case>
      <test-case name="MonoTests.System.Data.SqlTypes.SqlInt32Test.BitwiseAnd" executed="True" result="Success" success="True" time="0.001">
      </test-case>
      <test-case name="MonoTests.System.Data.SqlTypes.SqlInt32Test.BitwiseOr" executed="True" result="Success" success="True" time="0.001">
      </test-case>
      <test-case name="MonoTests.System.Data.SqlTypes.SqlInt32Test.ConversionMethods" executed="True" result="Success" success="True" time="0.006">
      </test-case>
      <test-case name="MonoTests.System.Data.SqlTypes.SqlInt32Test.Create" executed="True" result="Success" success="True" time="0.000">
      </test-case>
      <test-case name="MonoTests.System.Data.SqlTypes.SqlInt32Test.Divide" executed="True" result="Success" success="True" time="0.001">
      </test-case>
      <test-case name="MonoTests.System.Data.SqlTypes.SqlInt32Test.Equals" executed="True" result="Success" success="True" time="0.002">
      </test-case>
      <test-case name="MonoTests.System.Data.SqlTypes.SqlInt32Test.GreaterThan" executed="True" result="Success" success="True" time="0.007">
      </test-case>
      <test-case name="MonoTests.System.Data.SqlTypes.SqlInt32Test.GreaterThanOrEqual" executed="True" result="Success" success="True" time="0.002">
      </test-case>
      <test-case name="MonoTests.System.Data.SqlTypes.SqlInt32Test.IsNullProperty" executed="True" result="Success" success="True" time="0.000">
      </test-case>
      <test-case name="MonoTests.System.Data.SqlTypes.SqlInt32Test.LessThan" executed="True" result="Success" success="True" time="0.002">
      </test-case>
      <test-case name="MonoTests.System.Data.SqlTypes.SqlInt32Test.LessThanOrEqual" executed="True" result="Success" success="True" time="0.003">
      </test-case>
      <test-case name="MonoTests.System.Data.SqlTypes.SqlInt32Test.Mod" executed="True" result="Success" success="True" time="0.001">
      </test-case>
      <test-case name="MonoTests.System.Data.SqlTypes.SqlInt32Test.Multiply" executed="True" result="Success" success="True" time="0.001">
      </test-case>
      <test-case name="MonoTests.System.Data.SqlTypes.SqlInt32Test.NotEquals" executed="True" result="Success" success="True" time="0.002">
      </test-case>
      <test-case name="MonoTests.System.Data.SqlTypes.SqlInt32Test.OnesComplement" executed="True" result="Success" success="True" time="0.001">
      </test-case>
      <test-case name="MonoTests.System.Data.SqlTypes.SqlInt32Test.Subtract" executed="True" result="Success" success="True" time="0.001">
      </test-case>
      <test-case name="MonoTests.System.Data.SqlTypes.SqlInt32Test.Xor" executed="True" result="Success" success="True" time="0.001">
      </test-case>
      <test-case name="MonoTests.System.Data.SqlTypes.SqlInt64Test.ArithmeticMethods" executed="True" result="Success" success="True" time="0.006">
      </test-case>
      <test-case name="MonoTests.System.Data.SqlTypes.SqlInt64Test.ArithmeticOperators" executed="True" result="Success" success="True" time="0.003">
      </test-case>
      <test-case name="MonoTests.System.Data.SqlTypes.SqlInt64Test.BitwiseMethods" executed="True" result="Success" success="True" time="0.002">
      </test-case>
      <test-case name="MonoTests.System.Data.SqlTypes.SqlInt64Test.BitwiseOperators" executed="True" result="Success" success="True" time="0.002">
      </test-case>
      <test-case name="MonoTests.System.Data.SqlTypes.SqlInt64Test.ByteToSqlInt64" executed="True" result="Success" success="True" time="0.000">
      </test-case>
      <test-case name="MonoTests.System.Data.SqlTypes.SqlInt64Test.CompareTo" executed="True" result="Success" success="True" time="0.002">
      </test-case>
      <test-case name="MonoTests.System.Data.SqlTypes.SqlInt64Test.Conversions" executed="True" result="Success" success="True" time="0.006">
      </test-case>
      <test-case name="MonoTests.System.Data.SqlTypes.SqlInt64Test.Create" executed="True" result="Success" success="True" time="0.000">
      </test-case>
      <test-case name="MonoTests.System.Data.SqlTypes.SqlInt64Test.EqualsMethod" executed="True" result="Success" success="True" time="0.001">
      </test-case>
      <test-case name="MonoTests.System.Data.SqlTypes.SqlInt64Test.GetHashCodeTest" executed="True" result="Success" success="True" time="0.000">
      </test-case>
      <test-case name="MonoTests.System.Data.SqlTypes.SqlInt64Test.GetTypeTest" executed="True" result="Success" success="True" time="0.000">
      </test-case>
      <test-case name="MonoTests.System.Data.SqlTypes.SqlInt64Test.Greaters" executed="True" result="Success" success="True" time="0.002">
      </test-case>
      <test-case name="MonoTests.System.Data.SqlTypes.SqlInt64Test.Lessers" executed="True" result="Success" success="True" time="0.002">
      </test-case>
      <test-case name="MonoTests.System.Data.SqlTypes.SqlInt64Test.NotEquals" executed="True" result="Success" success="True" time="0.001">
      </test-case>
      <test-case name="MonoTests.System.Data.SqlTypes.SqlInt64Test.OnesComplement" executed="True" result="Success" success="True" time="0.001">
      </test-case>
      <test-case name="MonoTests.System.Data.SqlTypes.SqlInt64Test.OnesComplementOperator" executed="True" result="Success" success="True" time="0.001">
      </test-case>
      <test-case name="MonoTests.System.Data.SqlTypes.SqlInt64Test.Parse" executed="True" result="Success" success="True" time="0.001">
      </test-case>
      <test-case name="MonoTests.System.Data.SqlTypes.SqlInt64Test.Properties" executed="True" result="Success" success="True" time="0.000">
      </test-case>
      <test-case name="MonoTests.System.Data.SqlTypes.SqlInt64Test.PublicFields" executed="True" result="Success" success="True" time="0.001">
      </test-case>
      <test-case name="MonoTests.System.Data.SqlTypes.SqlInt64Test.Sql64IntToInt64" executed="True" result="Success" success="True" time="0.000">
      </test-case>
      <test-case name="MonoTests.System.Data.SqlTypes.SqlInt64Test.SqlBooleanToSqlInt64" executed="True" result="Success" success="True" time="0.000">
      </test-case>
      <test-case name="MonoTests.System.Data.SqlTypes.SqlInt64Test.SqlDecimalToSqlInt64" executed="True" result="Success" success="True" time="0.001">
      </test-case>
      <test-case name="MonoTests.System.Data.SqlTypes.SqlInt64Test.SqlDoubleToSqlInt64" executed="True" result="Success" success="True" time="0.001">
      </test-case>
      <test-case name="MonoTests.System.Data.SqlTypes.SqlInt64Test.SqlInt16ToSqlInt64" executed="True" result="Success" success="True" time="0.000">
      </test-case>
      <test-case name="MonoTests.System.Data.SqlTypes.SqlInt64Test.SqlInt32ToSqlInt64" executed="True" result="Success" success="True" time="0.000">
      </test-case>
      <test-case name="MonoTests.System.Data.SqlTypes.SqlInt64Test.SqlMoneyToSqlInt64" executed="True" result="Success" success="True" time="0.001">
      </test-case>
      <test-case name="MonoTests.System.Data.SqlTypes.SqlInt64Test.SqlSingleToSqlInt64" executed="True" result="Success" success="True" time="0.001">
      </test-case>
      <test-case name="MonoTests.System.Data.SqlTypes.SqlInt64Test.SqlStringToSqlInt64" executed="True" result="Success" success="True" time="0.001">
      </test-case>
      <test-case name="MonoTests.System.Data.SqlTypes.SqlInt64Test.StaticEqualsMethod" executed="True" result="Success" success="True" time="0.001">
      </test-case>
      <test-case name="MonoTests.System.Data.SqlTypes.SqlInt64Test.ThanOrEqualOperators" executed="True" result="Success" success="True" time="0.003">
      </test-case>
      <test-case name="MonoTests.System.Data.SqlTypes.SqlInt64Test.UnaryNegation" executed="True" result="Success" success="True" time="0.001">
      </test-case>
      <test-case name="MonoTests.System.Data.SqlTypes.SqlInt64Test.Xor" executed="True" result="Success" success="True" time="0.001">
      </test-case>
      <test-case name="MonoTests.System.Data.SqlTypes.SqlMoneyTest.ArithmeticMethods" executed="True" result="Success" success="True" time="0.007">
      </test-case>
      <test-case name="MonoTests.System.Data.SqlTypes.SqlMoneyTest.ArithmeticOperators" executed="True" result="Success" success="True" time="0.003">
      </test-case>
      <test-case name="MonoTests.System.Data.SqlTypes.SqlMoneyTest.CompareTo" executed="True" result="Success" success="True" time="0.001">
      </test-case>
      <test-case name="MonoTests.System.Data.SqlTypes.SqlMoneyTest.Conversions" executed="True" result="Success" success="True" time="0.007">
      </test-case>
      <test-case name="MonoTests.System.Data.SqlTypes.SqlMoneyTest.Create" executed="True" result="Success" success="True" time="0.002">
      </test-case>
      <test-case name="MonoTests.System.Data.SqlTypes.SqlMoneyTest.DecimalToSqlMoney" executed="True" result="Success" success="True" time="0.002">
      </test-case>
      <test-case name="MonoTests.System.Data.SqlTypes.SqlMoneyTest.EqualsMethods" executed="True" result="Success" success="True" time="0.002">
      </test-case>
      <test-case name="MonoTests.System.Data.SqlTypes.SqlMoneyTest.GetHashCodeTest" executed="True" result="Success" success="True" time="0.001">
      </test-case>
      <test-case name="MonoTests.System.Data.SqlTypes.SqlMoneyTest.GetTypeTest" executed="True" result="Success" success="True" time="0.001">
      </test-case>
      <test-case name="MonoTests.System.Data.SqlTypes.SqlMoneyTest.Greaters" executed="True" result="Success" success="True" time="0.003">
      </test-case>
      <test-case name="MonoTests.System.Data.SqlTypes.SqlMoneyTest.IntsToSqlMoney" executed="True" result="Success" success="True" time="0.001">
      </test-case>
      <test-case name="MonoTests.System.Data.SqlTypes.SqlMoneyTest.Lessers" executed="True" result="Success" success="True" time="0.002">
      </test-case>
      <test-case name="MonoTests.System.Data.SqlTypes.SqlMoneyTest.NotEquals" executed="True" result="Success" success="True" time="0.001">
      </test-case>
      <test-case name="MonoTests.System.Data.SqlTypes.SqlMoneyTest.Parse" executed="True" result="Success" success="True" time="0.002">
      </test-case>
      <test-case name="MonoTests.System.Data.SqlTypes.SqlMoneyTest.Properties" executed="True" result="Success" success="True" time="0.001">
      </test-case>
      <test-case name="MonoTests.System.Data.SqlTypes.SqlMoneyTest.PublicFields" executed="True" result="Success" success="True" time="0.001">
      </test-case>
      <test-case name="MonoTests.System.Data.SqlTypes.SqlMoneyTest.SqlBooleanToSqlMoney" executed="True" result="Success" success="True" time="0.001">
      </test-case>
      <test-case name="MonoTests.System.Data.SqlTypes.SqlMoneyTest.SqlByteToSqlMoney" executed="True" result="Success" success="True" time="0.001">
      </test-case>
      <test-case name="MonoTests.System.Data.SqlTypes.SqlMoneyTest.SqlDecimalToSqlMoney" executed="True" result="Success" success="True" time="0.001">
      </test-case>
      <test-case name="MonoTests.System.Data.SqlTypes.SqlMoneyTest.SqlDoubleToSqlMoney" executed="True" result="Success" success="True" time="0.001">
      </test-case>
      <test-case name="MonoTests.System.Data.SqlTypes.SqlMoneyTest.SqlMoneyToDecimal" executed="True" result="Success" success="True" time="0.001">
      </test-case>
      <test-case name="MonoTests.System.Data.SqlTypes.SqlMoneyTest.SqlSingleToSqlMoney" executed="True" result="Success" success="True" time="0.002">
      </test-case>
      <test-case name="MonoTests.System.Data.SqlTypes.SqlMoneyTest.SqlStringToSqlMoney" executed="True" result="Success" success="True" time="0.001">
      </test-case>
      <test-case name="MonoTests.System.Data.SqlTypes.SqlMoneyTest.ThanOrEqualOperators" executed="True" result="Success" success="True" time="0.003">
      </test-case>
      <test-case name="MonoTests.System.Data.SqlTypes.SqlMoneyTest.UnaryNegation" executed="True" result="Success" success="True" time="0.001">
      </test-case>
      <test-case name="MonoTests.System.Data.SqlTypes.SqlSingleTest.ArithmeticMethods" executed="True" result="Success" success="True" time="0.004">
      </test-case>
      <test-case name="MonoTests.System.Data.SqlTypes.SqlSingleTest.ArithmeticOperators" executed="True" result="Success" success="True" time="0.002">
      </test-case>
      <test-case name="MonoTests.System.Data.SqlTypes.SqlSingleTest.ByteToSqlSingle" executed="True" result="Success" success="True" time="0.000">
      </test-case>
      <test-case name="MonoTests.System.Data.SqlTypes.SqlSingleTest.CompareTo" executed="True" result="Success" success="True" time="0.002">
      </test-case>
      <test-case name="MonoTests.System.Data.SqlTypes.SqlSingleTest.Conversions" executed="True" result="Success" success="True" time="0.006">
      </test-case>
      <test-case name="MonoTests.System.Data.SqlTypes.SqlSingleTest.Create" executed="True" result="Success" success="True" time="0.001">
      </test-case>
      <test-case name="MonoTests.System.Data.SqlTypes.SqlSingleTest.EqualsMethods" executed="True" result="Success" success="True" time="0.001">
      </test-case>
      <test-case name="MonoTests.System.Data.SqlTypes.SqlSingleTest.GetHashCodeTest" executed="True" result="Success" success="True" time="0.000">
      </test-case>
      <test-case name="MonoTests.System.Data.SqlTypes.SqlSingleTest.GetTypeTest" executed="True" result="Success" success="True" time="0.000">
      </test-case>
      <test-case name="MonoTests.System.Data.SqlTypes.SqlSingleTest.Greaters" executed="True" result="Success" success="True" time="0.002">
      </test-case>
      <test-case name="MonoTests.System.Data.SqlTypes.SqlSingleTest.Lessers" executed="True" result="Success" success="True" time="0.002">
      </test-case>
      <test-case name="MonoTests.System.Data.SqlTypes.SqlSingleTest.NotEquals" executed="True" result="Success" success="True" time="0.002">
      </test-case>
      <test-case name="MonoTests.System.Data.SqlTypes.SqlSingleTest.Parse" executed="True" result="Success" success="True" time="0.001">
      </test-case>
      <test-case name="MonoTests.System.Data.SqlTypes.SqlSingleTest.Properties" executed="True" result="Success" success="True" time="0.001">
      </test-case>
      <test-case name="MonoTests.System.Data.SqlTypes.SqlSingleTest.PublicFields" executed="True" result="Success" success="True" time="0.001">
      </test-case>
      <test-case name="MonoTests.System.Data.SqlTypes.SqlSingleTest.SingleToSqlSingle" executed="True" result="Success" success="True" time="0.001">
      </test-case>
      <test-case name="MonoTests.System.Data.SqlTypes.SqlSingleTest.SqlBooleanToSqlSingle" executed="True" result="Success" success="True" time="0.001">
      </test-case>
      <test-case name="MonoTests.System.Data.SqlTypes.SqlSingleTest.SqlDecimalToSqlSingle" executed="True" result="Success" success="True" time="0.001">
      </test-case>
      <test-case name="MonoTests.System.Data.SqlTypes.SqlSingleTest.SqlDoubleToSqlSingle" executed="True" result="Success" success="True" time="0.001">
      </test-case>
      <test-case name="MonoTests.System.Data.SqlTypes.SqlSingleTest.SqlIntToSqlSingle" executed="True" result="Success" success="True" time="0.001">
      </test-case>
      <test-case name="MonoTests.System.Data.SqlTypes.SqlSingleTest.SqlMoneyToSqlSingle" executed="True" result="Success" success="True" time="0.001">
      </test-case>
      <test-case name="MonoTests.System.Data.SqlTypes.SqlSingleTest.SqlSingleToSingle" executed="True" result="Success" success="True" time="0.001">
      </test-case>
      <test-case name="MonoTests.System.Data.SqlTypes.SqlSingleTest.SqlStringToSqlSingle" executed="True" result="Success" success="True" time="0.001">
      </test-case>
      <test-case name="MonoTests.System.Data.SqlTypes.SqlSingleTest.ThanOrEqualOperators" executed="True" result="Success" success="True" time="0.003">
      </test-case>
      <test-case name="MonoTests.System.Data.SqlTypes.SqlSingleTest.UnaryNegation" executed="True" result="Success" success="True" time="0.001">
      </test-case>
      <test-case name="MonoTests.System.Data.SqlTypes.SqlStringTest.ArithmeticOperators" executed="True" result="Success" success="True" time="0.001">
      </test-case>
      <test-case name="MonoTests.System.Data.SqlTypes.SqlStringTest.Clone" executed="True" result="Success" success="True" time="0.001">
      </test-case>
      <test-case name="MonoTests.System.Data.SqlTypes.SqlStringTest.CompareOptionsFromSqlCompareOptions" executed="True" result="Success" success="True" time="0.001">
      </test-case>
      <test-case name="MonoTests.System.Data.SqlTypes.SqlStringTest.CompareTo" executed="True" result="Success" success="True" time="0.005">
      </test-case>
      <test-case name="MonoTests.System.Data.SqlTypes.SqlStringTest.CompareToArgumentException" executed="True" result="Success" success="True" time="0.001">
      </test-case>
      <test-case name="MonoTests.System.Data.SqlTypes.SqlStringTest.CompareToSqlTypeException" executed="True" result="Success" success="True" time="0.001">
      </test-case>
      <test-case name="MonoTests.System.Data.SqlTypes.SqlStringTest.Concat" executed="True" result="Success" success="True" time="0.001">
      </test-case>
      <test-case name="MonoTests.System.Data.SqlTypes.SqlStringTest.ConversionBoolFormatException1" executed="True" result="Success" success="True" time="0.001">
      </test-case>
      <test-case name="MonoTests.System.Data.SqlTypes.SqlStringTest.ConversionByteFormatException" executed="True" result="Success" success="True" time="0.001">
      </test-case>
      <test-case name="MonoTests.System.Data.SqlTypes.SqlStringTest.ConversionByteOverflowException" executed="True" result="Success" success="True" time="0.000">
      </test-case>
      <test-case name="MonoTests.System.Data.SqlTypes.SqlStringTest.ConversionDecimalFormatException1" executed="True" result="Success" success="True" time="0.001">
      </test-case>
      <test-case name="MonoTests.System.Data.SqlTypes.SqlStringTest.ConversionDecimalFormatException2" executed="True" result="Success" success="True" time="0.000">
      </test-case>
      <test-case name="MonoTests.System.Data.SqlTypes.SqlStringTest.ConversionDoubleOverflowException" executed="True" result="Success" success="True" time="0.001">
      </test-case>
      <test-case name="MonoTests.System.Data.SqlTypes.SqlStringTest.ConversionGuidFormatException" executed="True" result="Success" success="True" time="0.001">
      </test-case>
      <test-case name="MonoTests.System.Data.SqlTypes.SqlStringTest.ConversionInt16FormatException" executed="True" result="Success" success="True" time="0.001">
      </test-case>
      <test-case name="MonoTests.System.Data.SqlTypes.SqlStringTest.ConversionInt32FormatException1" executed="True" result="Success" success="True" time="0.001">
      </test-case>
      <test-case name="MonoTests.System.Data.SqlTypes.SqlStringTest.ConversionInt32FormatException2" executed="True" result="Success" success="True" time="0.000">
      </test-case>
      <test-case name="MonoTests.System.Data.SqlTypes.SqlStringTest.ConversionInt64FormatException" executed="True" result="Success" success="True" time="0.001">
      </test-case>
      <test-case name="MonoTests.System.Data.SqlTypes.SqlStringTest.ConversionIntMoneyFormatException2" executed="True" result="Success" success="True" time="0.001">
      </test-case>
      <test-case name="MonoTests.System.Data.SqlTypes.SqlStringTest.Conversions" executed="True" result="Success" success="True" time="0.023">
      </test-case>
      <test-case name="MonoTests.System.Data.SqlTypes.SqlStringTest.ConversionSingleOverflowException" executed="True" result="Success" success="True" time="0.001">
      </test-case>
      <test-case name="MonoTests.System.Data.SqlTypes.SqlStringTest.Create" executed="True" result="Success" success="True" time="0.005">
      </test-case>
      <test-case name="MonoTests.System.Data.SqlTypes.SqlStringTest.CtorArgumentOutOfRangeException1" executed="True" result="Success" success="True" time="0.001">
      </test-case>
      <test-case name="MonoTests.System.Data.SqlTypes.SqlStringTest.CtorArgumentOutOfRangeException2" executed="True" result="Success" success="True" time="0.001">
      </test-case>
      <test-case name="MonoTests.System.Data.SqlTypes.SqlStringTest.EqualsMethods" executed="True" result="Success" success="True" time="0.006">
      </test-case>
      <test-case name="MonoTests.System.Data.SqlTypes.SqlStringTest.GetHashCodeTest" executed="True" result="Success" success="True" time="0.001">
      </test-case>
      <test-case name="MonoTests.System.Data.SqlTypes.SqlStringTest.GetTypeTest" executed="True" result="Success" success="True" time="0.001">
      </test-case>
      <test-case name="MonoTests.System.Data.SqlTypes.SqlStringTest.Greaters" executed="True" result="Success" success="True" time="0.002">
      </test-case>
      <test-case name="MonoTests.System.Data.SqlTypes.SqlStringTest.Lessers" executed="True" result="Success" success="True" time="0.002">
      </test-case>
      <test-case name="MonoTests.System.Data.SqlTypes.SqlStringTest.NotEquals" executed="True" result="Success" success="True" time="0.001">
      </test-case>
      <test-case name="MonoTests.System.Data.SqlTypes.SqlStringTest.Properties" executed="True" result="Success" success="True" time="0.001">
      </test-case>
      <test-case name="MonoTests.System.Data.SqlTypes.SqlStringTest.PublicFields" executed="True" result="Success" success="True" time="0.001">
      </test-case>
      <test-case name="MonoTests.System.Data.SqlTypes.SqlStringTest.SqlBooleanToSqlString" executed="True" result="Success" success="True" time="0.001">
      </test-case>
      <test-case name="MonoTests.System.Data.SqlTypes.SqlStringTest.SqlByteToBoolean" executed="True" result="Success" success="True" time="0.001">
      </test-case>
      <test-case name="MonoTests.System.Data.SqlTypes.SqlStringTest.SqlDateTimeToSqlString" executed="True" result="Success" success="True" time="0.001">
      </test-case>
      <test-case name="MonoTests.System.Data.SqlTypes.SqlStringTest.SqlDecimalToSqlString" executed="True" result="Success" success="True" time="0.001">
      </test-case>
      <test-case name="MonoTests.System.Data.SqlTypes.SqlStringTest.SqlDoubleToSqlString" executed="True" result="Success" success="True" time="0.000">
      </test-case>
      <test-case name="MonoTests.System.Data.SqlTypes.SqlStringTest.SqlGuidToSqlString" executed="True" result="Success" success="True" time="0.001">
      </test-case>
      <test-case name="MonoTests.System.Data.SqlTypes.SqlStringTest.SqlInt16ToSqlString" executed="True" result="Success" success="True" time="0.001">
      </test-case>
      <test-case name="MonoTests.System.Data.SqlTypes.SqlStringTest.SqlInt32ToSqlString" executed="True" result="Success" success="True" time="0.001">
      </test-case>
      <test-case name="MonoTests.System.Data.SqlTypes.SqlStringTest.SqlInt64ToSqlString" executed="True" result="Success" success="True" time="0.000">
      </test-case>
      <test-case name="MonoTests.System.Data.SqlTypes.SqlStringTest.SqlMoneyToSqlString" executed="True" result="Success" success="True" time="0.001">
      </test-case>
      <test-case name="MonoTests.System.Data.SqlTypes.SqlStringTest.SqlSingleToSqlString" executed="True" result="Success" success="True" time="0.001">
      </test-case>
      <test-case name="MonoTests.System.Data.SqlTypes.SqlStringTest.SqlStringToString" executed="True" result="Success" success="True" time="0.000">
      </test-case>
      <test-case name="MonoTests.System.Data.SqlTypes.SqlStringTest.StringToSqlString" executed="True" result="Success" success="True" time="0.000">
      </test-case>
      <test-case name="MonoTests.System.Data.SqlTypes.SqlStringTest.ThanOrEqualOperators" executed="True" result="Success" success="True" time="0.003">
      </test-case>
      <test-case name="MonoTests.System.Data.SqlTypes.SqlStringTest.UnicodeBytes" executed="True" result="Success" success="True" time="0.002">
      </test-case>
      <test-case name="MonoTests.System.Data.SyntaxErrorExceptionTest.Generate" executed="True" result="Success" success="True" time="0.001">
      </test-case>
      <test-case name="MonoTests.System.Data.UniqueConstraintTest.Ctor" executed="True" result="Success" success="True" time="0.002">
      </test-case>
      <test-case name="MonoTests.System.Data.UniqueConstraintTest.CtorExceptions" executed="True" result="Success" success="True" time="0.002">
      </test-case>
      <test-case name="MonoTests.System.Data.UniqueConstraintTest.DBNullAllowed" executed="True" result="Success" success="True" time="0.001">
      </test-case>
      <test-case name="MonoTests.System.Data.UniqueConstraintTest.EqualsAndHashCode" executed="True" result="Success" success="True" time="0.001">
      </test-case>
      <test-case name="MonoTests.System.Data.UniqueConstraintTest.Unique" executed="True" result="Success" success="True" time="0.001">
      </test-case>
      <test-case name="MonoTests.System.Data.UniqueConstraintTest2.Columns" executed="True" result="Success" success="True" time="0.001">
      </test-case>
      <test-case name="MonoTests.System.Data.UniqueConstraintTest2.constraintName" executed="True" result="Success" success="True" time="0.001">
      </test-case>
      <test-case name="MonoTests.System.Data.UniqueConstraintTest2.ctor_DataColumn" executed="True" result="Success" success="True" time="0.003">
      </test-case>
      <test-case name="MonoTests.System.Data.UniqueConstraintTest2.ctor_DataColumnNoPrimary" executed="True" result="Success" success="True" time="0.001">
      </test-case>
      <test-case name="MonoTests.System.Data.UniqueConstraintTest2.ctor_DataColumnPrimary" executed="True" result="Success" success="True" time="0.001">
      </test-case>
      <test-case name="MonoTests.System.Data.UniqueConstraintTest2.ctor_DataColumns" executed="True" result="Success" success="True" time="0.003">
      </test-case>
      <test-case name="MonoTests.System.Data.UniqueConstraintTest2.ctor_NameDataColumn" executed="True" result="Success" success="True" time="0.001">
      </test-case>
      <test-case name="MonoTests.System.Data.UniqueConstraintTest2.ctor_NameDataColumnPrimary" executed="True" result="Success" success="True" time="0.001">
      </test-case>
      <test-case name="MonoTests.System.Data.UniqueConstraintTest2.ctor_NameDataColumns" executed="True" result="Success" success="True" time="0.001">
      </test-case>
      <test-case name="MonoTests.System.Data.UniqueConstraintTest2.ctor_NameDataColumnsPrimary" executed="True" result="Success" success="True" time="0.001">
      </test-case>
      <test-case name="MonoTests.System.Data.UniqueConstraintTest2.Equals_O" executed="True" result="Success" success="True" time="0.001">
      </test-case>
      <test-case name="MonoTests.System.Data.UniqueConstraintTest2.extendedProperties" executed="True" result="Success" success="True" time="0.001">
      </test-case>
      <test-case name="MonoTests.System.Data.UniqueConstraintTest2.IsPrimaryKey" executed="True" result="Success" success="True" time="0.001">
      </test-case>
      <test-case name="MonoTests.System.Data.UniqueConstraintTest2.Table" executed="True" result="Success" success="True" time="0.001">
      </test-case>
      <test-case name="MonoTests.System.Data.UniqueConstraintTest2.ToString" executed="True" result="Success" success="True" time="0.001">
      </test-case>
      <test-case name="MonoTests.System.Data.VersionNotFoundExceptionTest.Generate1" executed="True" result="Success" success="True" time="0.001">
      </test-case>
      <test-case name="MonoTests.System.Data.VersionNotFoundExceptionTest.Generate2" executed="True" result="Success" success="True" time="0.001">
      </test-case>
      <test-case name="MonoTests.System.Data.VersionNotFoundExceptionTest.Generate3" executed="True" result="Success" success="True" time="0.001">
      </test-case>
      <test-case name="MonoTests.System.Numerics.Test_Complex_ToString.NullFormat_1" executed="False" result="Ignored">
        <reason>
          <message>
          </message>
        </reason>
      </test-case>
    </results>
  </test-suite>
</test-results>
 </test-case>
      <test-case name="MonoTests.System.Data.UniqueConstraintTest2.ctor_DataColumnNoPrimary" executed="True" result="Success" success="True" time="0.001">
      </test-case>
      <test-case name="MonoTests.System.Data.UniqueConstraintTest2.ctor_DataColumnPrimary" executed="True" result="Success" success="True" time="0.001">
      </test-case>
      <test-case name="MonoTests.System.Data.UniqueConstraintTest2.ctor_DataColumns" executed="True" result="Success" success="True" time="0.003">
      </test-case>
      <test-case name="MonoTests.System.Data.UniqueConstraintTest2.ctor_NameDataColumn" executed="True" result="Success" success="True" time="0.001">
      </test-case>
      <test-case name="MonoTests.System.Data.UniqueConstraintTest2.ctor_NameDataColumnPrimary" executed="True" result="Success" success="True" time="0.001">
      </test-case>
      <test-case name="MonoTests.System.Data.UniqueConstraintTest2.ctor_NameDataColumns" executed="True" result="Success" success="True" time="0.001">
      </test-case>
      <test-case name="MonoTests.System.Data.UniqueConstraintTest2.ctor_NameDataColumnsPrimary" executed="True" result="Success" success="True" time="0.002">
      </test-case>
      <test-case name="MonoTests.System.Data.UniqueConstraintTest2.Equals_O" executed="True" result="Success" success="True" time="0.001">
      </test-case>
      <test-case name="MonoTests.System.Data.UniqueConstraintTest2.extendedProperties" executed="True" result="Success" success="True" time="0.001">
      </test-case>
      <test-case name="MonoTests.System.Data.UniqueConstraintTest2.IsPrimaryKey" executed="True" result="Success" success="True" time="0.001">
      </test-case>
      <test-case name="MonoTests.System.Data.UniqueConstraintTest2.Table" executed="True" result="Success" success="True" time="0.001">
      </test-case>
      <test-case name="MonoTests.System.Data.UniqueConstraintTest2.ToString" executed="True" result="Success" success="True" time="0.001">
      </test-case>
      <test-case name="MonoTests.System.Data.VersionNotFoundExceptionTest.Generate1" executed="True" result="Success" success="True" time="0.001">
      </test-case>
      <test-case name="MonoTests.System.Data.VersionNotFoundExceptionTest.Generate2" executed="True" result="Success" success="True" time="0.001">
      </test-case>
      <test-case name="MonoTests.System.Data.VersionNotFoundExceptionTest.Generate3" executed="True" result="Success" success="True" time="0.001">
      </test-case>
      <test-case name="MonoTests.System.Numerics.Test_Complex_ToString.NullFormat_1" executed="False" result="Ignored">
        <reason>
          <message>
          </message>
        </reason>
      </test-case>
    </results>
  </test-suite>
</test-results>
